CRITICAL - 2022-09-15 01:13:37 --> Trying to access array offset on value of type null
#0 D:\kumo\app\Models\HomeModel.php(110): CodeIgniter\Debug\Exceptions->errorHandler(2, 'Trying to acces...', 'D:\\kumo\\app\\Mod...', 110)
#1 D:\kumo\app\Controllers\Home.php(58): App\Models\HomeModel->get_product_data('9')
#2 D:\kumo\system\CodeIgniter.php(832): App\Controllers\Home->productdetail('9')
#3 D:\kumo\system\CodeIgniter.php(419): CodeIgniter\CodeIgniter->runController(Object(App\Controllers\Home))
#4 D:\kumo\system\CodeIgniter.php(326): CodeIgniter\CodeIgniter->handleRequest(NULL, Object(Config\Cache), false)
#5 D:\kumo\public\index.php(37): CodeIgniter\CodeIgniter->run()
#6 D:\kumo\system\Commands\Server\rewrite.php(43): require_once('D:\\kumo\\public\\...')
#7 {main}
ERROR - 2022-09-15 02:21:39 --> Unknown column 'c.name' in 'field list'
CRITICAL - 2022-09-15 02:21:39 --> Unknown column 'c.name' in 'field list'
#0 D:\kumo\system\Database\MySQLi\Connection.php(292): mysqli->query('SELECT `i`.`id`...', 0)
#1 D:\kumo\system\Database\BaseConnection.php(670): CodeIgniter\Database\MySQLi\Connection->execute('SELECT `i`.`id`...')
#2 D:\kumo\system\Database\BaseConnection.php(598): CodeIgniter\Database\BaseConnection->simpleQuery('SELECT `i`.`id`...')
#3 D:\kumo\system\Database\BaseBuilder.php(1455): CodeIgniter\Database\BaseConnection->query('SELECT `i`.`id`...', Array, false)
#4 D:\kumo\app\Models\HomeModel.php(563): CodeIgniter\Database\BaseBuilder->get()
#5 D:\kumo\app\Controllers\Home.php(60): App\Models\HomeModel->get_related_product_data('8')
#6 D:\kumo\system\CodeIgniter.php(832): App\Controllers\Home->productdetail('6')
#7 D:\kumo\system\CodeIgniter.php(419): CodeIgniter\CodeIgniter->runController(Object(App\Controllers\Home))
#8 D:\kumo\system\CodeIgniter.php(326): CodeIgniter\CodeIgniter->handleRequest(NULL, Object(Config\Cache), false)
#9 D:\kumo\public\index.php(37): CodeIgniter\CodeIgniter->run()
#10 D:\kumo\system\Commands\Server\rewrite.php(43): require_once('D:\\kumo\\public\\...')
#11 {main}
ERROR - 2022-09-15 02:22:17 --> Unknown column 'c.name' in 'field list'
CRITICAL - 2022-09-15 02:22:17 --> Unknown column 'c.name' in 'field list'
#0 D:\kumo\system\Database\MySQLi\Connection.php(292): mysqli->query('SELECT `i`.`id`...', 0)
#1 D:\kumo\system\Database\BaseConnection.php(670): CodeIgniter\Database\MySQLi\Connection->execute('SELECT `i`.`id`...')
#2 D:\kumo\system\Database\BaseConnection.php(598): CodeIgniter\Database\BaseConnection->simpleQuery('SELECT `i`.`id`...')
#3 D:\kumo\system\Database\BaseBuilder.php(1455): CodeIgniter\Database\BaseConnection->query('SELECT `i`.`id`...', Array, false)
#4 D:\kumo\app\Models\HomeModel.php(563): CodeIgniter\Database\BaseBuilder->get()
#5 D:\kumo\app\Controllers\Home.php(60): App\Models\HomeModel->get_related_product_data('8')
#6 D:\kumo\system\CodeIgniter.php(832): App\Controllers\Home->productdetail('6')
#7 D:\kumo\system\CodeIgniter.php(419): CodeIgniter\CodeIgniter->runController(Object(App\Controllers\Home))
#8 D:\kumo\system\CodeIgniter.php(326): CodeIgniter\CodeIgniter->handleRequest(NULL, Object(Config\Cache), false)
#9 D:\kumo\public\index.php(37): CodeIgniter\CodeIgniter->run()
#10 D:\kumo\system\Commands\Server\rewrite.php(43): require_once('D:\\kumo\\public\\...')
#11 {main}
ERROR - 2022-09-15 02:22:21 --> Unknown column 'c.name' in 'field list'
CRITICAL - 2022-09-15 02:22:21 --> Unknown column 'c.name' in 'field list'
#0 D:\kumo\system\Database\MySQLi\Connection.php(292): mysqli->query('SELECT `i`.`id`...', 0)
#1 D:\kumo\system\Database\BaseConnection.php(670): CodeIgniter\Database\MySQLi\Connection->execute('SELECT `i`.`id`...')
#2 D:\kumo\system\Database\BaseConnection.php(598): CodeIgniter\Database\BaseConnection->simpleQuery('SELECT `i`.`id`...')
#3 D:\kumo\system\Database\BaseBuilder.php(1455): CodeIgniter\Database\BaseConnection->query('SELECT `i`.`id`...', Array, false)
#4 D:\kumo\app\Models\HomeModel.php(563): CodeIgniter\Database\BaseBuilder->get()
#5 D:\kumo\app\Controllers\Home.php(60): App\Models\HomeModel->get_related_product_data('7')
#6 D:\kumo\system\CodeIgniter.php(832): App\Controllers\Home->productdetail('1')
#7 D:\kumo\system\CodeIgniter.php(419): CodeIgniter\CodeIgniter->runController(Object(App\Controllers\Home))
#8 D:\kumo\system\CodeIgniter.php(326): CodeIgniter\CodeIgniter->handleRequest(NULL, Object(Config\Cache), false)
#9 D:\kumo\public\index.php(37): CodeIgniter\CodeIgniter->run()
#10 D:\kumo\system\Commands\Server\rewrite.php(43): require_once('D:\\kumo\\public\\...')
#11 {main}
ERROR - 2022-09-15 02:22:22 --> Unknown column 'c.name' in 'field list'
CRITICAL - 2022-09-15 02:22:22 --> Unknown column 'c.name' in 'field list'
#0 D:\kumo\system\Database\MySQLi\Connection.php(292): mysqli->query('SELECT `i`.`id`...', 0)
#1 D:\kumo\system\Database\BaseConnection.php(670): CodeIgniter\Database\MySQLi\Connection->execute('SELECT `i`.`id`...')
#2 D:\kumo\system\Database\BaseConnection.php(598): CodeIgniter\Database\BaseConnection->simpleQuery('SELECT `i`.`id`...')
#3 D:\kumo\system\Database\BaseBuilder.php(1455): CodeIgniter\Database\BaseConnection->query('SELECT `i`.`id`...', Array, false)
#4 D:\kumo\app\Models\HomeModel.php(563): CodeIgniter\Database\BaseBuilder->get()
#5 D:\kumo\app\Controllers\Home.php(60): App\Models\HomeModel->get_related_product_data('7')
#6 D:\kumo\system\CodeIgniter.php(832): App\Controllers\Home->productdetail('1')
#7 D:\kumo\system\CodeIgniter.php(419): CodeIgniter\CodeIgniter->runController(Object(App\Controllers\Home))
#8 D:\kumo\system\CodeIgniter.php(326): CodeIgniter\CodeIgniter->handleRequest(NULL, Object(Config\Cache), false)
#9 D:\kumo\public\index.php(37): CodeIgniter\CodeIgniter->run()
#10 D:\kumo\system\Commands\Server\rewrite.php(43): require_once('D:\\kumo\\public\\...')
#11 {main}
ERROR - 2022-09-15 02:22:34 --> Unknown column 'c.name' in 'field list'
CRITICAL - 2022-09-15 02:22:34 --> Unknown column 'c.name' in 'field list'
#0 D:\kumo\system\Database\MySQLi\Connection.php(292): mysqli->query('SELECT `i`.`id`...', 0)
#1 D:\kumo\system\Database\BaseConnection.php(670): CodeIgniter\Database\MySQLi\Connection->execute('SELECT `i`.`id`...')
#2 D:\kumo\system\Database\BaseConnection.php(598): CodeIgniter\Database\BaseConnection->simpleQuery('SELECT `i`.`id`...')
#3 D:\kumo\system\Database\BaseBuilder.php(1455): CodeIgniter\Database\BaseConnection->query('SELECT `i`.`id`...', Array, false)
#4 D:\kumo\app\Models\HomeModel.php(563): CodeIgniter\Database\BaseBuilder->get()
#5 D:\kumo\app\Controllers\Home.php(60): App\Models\HomeModel->get_related_product_data('7')
#6 D:\kumo\system\CodeIgniter.php(832): App\Controllers\Home->productdetail('1')
#7 D:\kumo\system\CodeIgniter.php(419): CodeIgniter\CodeIgniter->runController(Object(App\Controllers\Home))
#8 D:\kumo\system\CodeIgniter.php(326): CodeIgniter\CodeIgniter->handleRequest(NULL, Object(Config\Cache), false)
#9 D:\kumo\public\index.php(37): CodeIgniter\CodeIgniter->run()
#10 D:\kumo\system\Commands\Server\rewrite.php(43): require_once('D:\\kumo\\public\\...')
#11 {main}
ERROR - 2022-09-15 02:22:35 --> Unknown column 'c.name' in 'field list'
CRITICAL - 2022-09-15 02:22:35 --> Unknown column 'c.name' in 'field list'
#0 D:\kumo\system\Database\MySQLi\Connection.php(292): mysqli->query('SELECT `i`.`id`...', 0)
#1 D:\kumo\system\Database\BaseConnection.php(670): CodeIgniter\Database\MySQLi\Connection->execute('SELECT `i`.`id`...')
#2 D:\kumo\system\Database\BaseConnection.php(598): CodeIgniter\Database\BaseConnection->simpleQuery('SELECT `i`.`id`...')
#3 D:\kumo\system\Database\BaseBuilder.php(1455): CodeIgniter\Database\BaseConnection->query('SELECT `i`.`id`...', Array, false)
#4 D:\kumo\app\Models\HomeModel.php(563): CodeIgniter\Database\BaseBuilder->get()
#5 D:\kumo\app\Controllers\Home.php(60): App\Models\HomeModel->get_related_product_data('7')
#6 D:\kumo\system\CodeIgniter.php(832): App\Controllers\Home->productdetail('1')
#7 D:\kumo\system\CodeIgniter.php(419): CodeIgniter\CodeIgniter->runController(Object(App\Controllers\Home))
#8 D:\kumo\system\CodeIgniter.php(326): CodeIgniter\CodeIgniter->handleRequest(NULL, Object(Config\Cache), false)
#9 D:\kumo\public\index.php(37): CodeIgniter\CodeIgniter->run()
#10 D:\kumo\system\Commands\Server\rewrite.php(43): require_once('D:\\kumo\\public\\...')
#11 {main}
ERROR - 2022-09-15 02:23:04 --> Unknown column 'c.name' in 'field list'
CRITICAL - 2022-09-15 02:23:04 --> Unknown column 'c.name' in 'field list'
#0 D:\kumo\system\Database\MySQLi\Connection.php(292): mysqli->query('SELECT `i`.`id`...', 0)
#1 D:\kumo\system\Database\BaseConnection.php(670): CodeIgniter\Database\MySQLi\Connection->execute('SELECT `i`.`id`...')
#2 D:\kumo\system\Database\BaseConnection.php(598): CodeIgniter\Database\BaseConnection->simpleQuery('SELECT `i`.`id`...')
#3 D:\kumo\system\Database\BaseBuilder.php(1455): CodeIgniter\Database\BaseConnection->query('SELECT `i`.`id`...', Array, false)
#4 D:\kumo\app\Models\HomeModel.php(563): CodeIgniter\Database\BaseBuilder->get()
#5 D:\kumo\app\Controllers\Home.php(60): App\Models\HomeModel->get_related_product_data('8')
#6 D:\kumo\system\CodeIgniter.php(832): App\Controllers\Home->productdetail('14')
#7 D:\kumo\system\CodeIgniter.php(419): CodeIgniter\CodeIgniter->runController(Object(App\Controllers\Home))
#8 D:\kumo\system\CodeIgniter.php(326): CodeIgniter\CodeIgniter->handleRequest(NULL, Object(Config\Cache), false)
#9 D:\kumo\public\index.php(37): CodeIgniter\CodeIgniter->run()
#10 D:\kumo\system\Commands\Server\rewrite.php(43): require_once('D:\\kumo\\public\\...')
#11 {main}
ERROR - 2022-09-15 02:23:05 --> Unknown column 'c.name' in 'field list'
CRITICAL - 2022-09-15 02:23:05 --> Unknown column 'c.name' in 'field list'
#0 D:\kumo\system\Database\MySQLi\Connection.php(292): mysqli->query('SELECT `i`.`id`...', 0)
#1 D:\kumo\system\Database\BaseConnection.php(670): CodeIgniter\Database\MySQLi\Connection->execute('SELECT `i`.`id`...')
#2 D:\kumo\system\Database\BaseConnection.php(598): CodeIgniter\Database\BaseConnection->simpleQuery('SELECT `i`.`id`...')
#3 D:\kumo\system\Database\BaseBuilder.php(1455): CodeIgniter\Database\BaseConnection->query('SELECT `i`.`id`...', Array, false)
#4 D:\kumo\app\Models\HomeModel.php(563): CodeIgniter\Database\BaseBuilder->get()
#5 D:\kumo\app\Controllers\Home.php(60): App\Models\HomeModel->get_related_product_data('8')
#6 D:\kumo\system\CodeIgniter.php(832): App\Controllers\Home->productdetail('14')
#7 D:\kumo\system\CodeIgniter.php(419): CodeIgniter\CodeIgniter->runController(Object(App\Controllers\Home))
#8 D:\kumo\system\CodeIgniter.php(326): CodeIgniter\CodeIgniter->handleRequest(NULL, Object(Config\Cache), false)
#9 D:\kumo\public\index.php(37): CodeIgniter\CodeIgniter->run()
#10 D:\kumo\system\Commands\Server\rewrite.php(43): require_once('D:\\kumo\\public\\...')
#11 {main}
ERROR - 2022-09-15 02:24:02 --> Unknown column 'c.name' in 'field list'
CRITICAL - 2022-09-15 02:24:02 --> Unknown column 'c.name' in 'field list'
#0 D:\kumo\system\Database\MySQLi\Connection.php(292): mysqli->query('SELECT `i`.`id`...', 0)
#1 D:\kumo\system\Database\BaseConnection.php(670): CodeIgniter\Database\MySQLi\Connection->execute('SELECT `i`.`id`...')
#2 D:\kumo\system\Database\BaseConnection.php(598): CodeIgniter\Database\BaseConnection->simpleQuery('SELECT `i`.`id`...')
#3 D:\kumo\system\Database\BaseBuilder.php(1455): CodeIgniter\Database\BaseConnection->query('SELECT `i`.`id`...', Array, false)
#4 D:\kumo\app\Models\HomeModel.php(563): CodeIgniter\Database\BaseBuilder->get()
#5 D:\kumo\app\Controllers\Home.php(60): App\Models\HomeModel->get_related_product_data('8')
#6 D:\kumo\system\CodeIgniter.php(832): App\Controllers\Home->productdetail('14')
#7 D:\kumo\system\CodeIgniter.php(419): CodeIgniter\CodeIgniter->runController(Object(App\Controllers\Home))
#8 D:\kumo\system\CodeIgniter.php(326): CodeIgniter\CodeIgniter->handleRequest(NULL, Object(Config\Cache), false)
#9 D:\kumo\public\index.php(37): CodeIgniter\CodeIgniter->run()
#10 D:\kumo\system\Commands\Server\rewrite.php(43): require_once('D:\\kumo\\public\\...')
#11 {main}
ERROR - 2022-09-15 02:27:03 --> Unknown column 'c.name' in 'field list'
CRITICAL - 2022-09-15 02:27:03 --> Unknown column 'c.name' in 'field list'
#0 D:\kumo\system\Database\MySQLi\Connection.php(292): mysqli->query('SELECT `i`.`id`...', 0)
#1 D:\kumo\system\Database\BaseConnection.php(670): CodeIgniter\Database\MySQLi\Connection->execute('SELECT `i`.`id`...')
#2 D:\kumo\system\Database\BaseConnection.php(598): CodeIgniter\Database\BaseConnection->simpleQuery('SELECT `i`.`id`...')
#3 D:\kumo\system\Database\BaseBuilder.php(1455): CodeIgniter\Database\BaseConnection->query('SELECT `i`.`id`...', Array, false)
#4 D:\kumo\app\Models\HomeModel.php(563): CodeIgniter\Database\BaseBuilder->get()
#5 D:\kumo\app\Controllers\Home.php(60): App\Models\HomeModel->get_related_product_data('8')
#6 D:\kumo\system\CodeIgniter.php(832): App\Controllers\Home->productdetail('14')
#7 D:\kumo\system\CodeIgniter.php(419): CodeIgniter\CodeIgniter->runController(Object(App\Controllers\Home))
#8 D:\kumo\system\CodeIgniter.php(326): CodeIgniter\CodeIgniter->handleRequest(NULL, Object(Config\Cache), false)
#9 D:\kumo\public\index.php(37): CodeIgniter\CodeIgniter->run()
#10 D:\kumo\system\Commands\Server\rewrite.php(43): require_once('D:\\kumo\\public\\...')
#11 {main}
ERROR - 2022-09-15 02:27:08 --> Unknown column 'c.name' in 'field list'
CRITICAL - 2022-09-15 02:27:08 --> Unknown column 'c.name' in 'field list'
#0 D:\kumo\system\Database\MySQLi\Connection.php(292): mysqli->query('SELECT `i`.`id`...', 0)
#1 D:\kumo\system\Database\BaseConnection.php(670): CodeIgniter\Database\MySQLi\Connection->execute('SELECT `i`.`id`...')
#2 D:\kumo\system\Database\BaseConnection.php(598): CodeIgniter\Database\BaseConnection->simpleQuery('SELECT `i`.`id`...')
#3 D:\kumo\system\Database\BaseBuilder.php(1455): CodeIgniter\Database\BaseConnection->query('SELECT `i`.`id`...', Array, false)
#4 D:\kumo\app\Models\HomeModel.php(563): CodeIgniter\Database\BaseBuilder->get()
#5 D:\kumo\app\Controllers\Home.php(60): App\Models\HomeModel->get_related_product_data('7')
#6 D:\kumo\system\CodeIgniter.php(832): App\Controllers\Home->productdetail('1')
#7 D:\kumo\system\CodeIgniter.php(419): CodeIgniter\CodeIgniter->runController(Object(App\Controllers\Home))
#8 D:\kumo\system\CodeIgniter.php(326): CodeIgniter\CodeIgniter->handleRequest(NULL, Object(Config\Cache), false)
#9 D:\kumo\public\index.php(37): CodeIgniter\CodeIgniter->run()
#10 D:\kumo\system\Commands\Server\rewrite.php(43): require_once('D:\\kumo\\public\\...')
#11 {main}
ERROR - 2022-09-15 02:27:16 --> Unknown column 'c.name' in 'field list'
CRITICAL - 2022-09-15 02:27:16 --> Unknown column 'c.name' in 'field list'
#0 D:\kumo\system\Database\MySQLi\Connection.php(292): mysqli->query('SELECT `i`.`id`...', 0)
#1 D:\kumo\system\Database\BaseConnection.php(670): CodeIgniter\Database\MySQLi\Connection->execute('SELECT `i`.`id`...')
#2 D:\kumo\system\Database\BaseConnection.php(598): CodeIgniter\Database\BaseConnection->simpleQuery('SELECT `i`.`id`...')
#3 D:\kumo\system\Database\BaseBuilder.php(1455): CodeIgniter\Database\BaseConnection->query('SELECT `i`.`id`...', Array, false)
#4 D:\kumo\app\Models\HomeModel.php(563): CodeIgniter\Database\BaseBuilder->get()
#5 D:\kumo\app\Controllers\Home.php(60): App\Models\HomeModel->get_related_product_data('7')
#6 D:\kumo\system\CodeIgniter.php(832): App\Controllers\Home->productdetail('1')
#7 D:\kumo\system\CodeIgniter.php(419): CodeIgniter\CodeIgniter->runController(Object(App\Controllers\Home))
#8 D:\kumo\system\CodeIgniter.php(326): CodeIgniter\CodeIgniter->handleRequest(NULL, Object(Config\Cache), false)
#9 D:\kumo\public\index.php(37): CodeIgniter\CodeIgniter->run()
#10 D:\kumo\system\Commands\Server\rewrite.php(43): require_once('D:\\kumo\\public\\...')
#11 {main}
CRITICAL - 2022-09-15 02:27:23 --> foreach() argument must be of type array|object, null given
#0 D:\kumo\app\Views\productdetail.php(274): CodeIgniter\Debug\Exceptions->errorHandler(2, 'foreach() argum...', 'D:\\kumo\\app\\Vie...', 274)
#1 D:\kumo\system\View\View.php(210): include('D:\\kumo\\app\\Vie...')
#2 D:\kumo\system\View\View.php(213): CodeIgniter\View\View->CodeIgniter\View\{closure}()
#3 D:\kumo\system\Common.php(1089): CodeIgniter\View\View->render('productdetail', Array, true)
#4 D:\kumo\app\Controllers\Home.php(62): view('productdetail', Array)
#5 D:\kumo\system\CodeIgniter.php(832): App\Controllers\Home->productdetail('1')
#6 D:\kumo\system\CodeIgniter.php(419): CodeIgniter\CodeIgniter->runController(Object(App\Controllers\Home))
#7 D:\kumo\system\CodeIgniter.php(326): CodeIgniter\CodeIgniter->handleRequest(NULL, Object(Config\Cache), false)
#8 D:\kumo\public\index.php(37): CodeIgniter\CodeIgniter->run()
#9 D:\kumo\system\Commands\Server\rewrite.php(43): require_once('D:\\kumo\\public\\...')
#10 {main}
CRITICAL - 2022-09-15 02:28:02 --> foreach() argument must be of type array|object, null given
#0 D:\kumo\app\Views\productdetail.php(274): CodeIgniter\Debug\Exceptions->errorHandler(2, 'foreach() argum...', 'D:\\kumo\\app\\Vie...', 274)
#1 D:\kumo\system\View\View.php(210): include('D:\\kumo\\app\\Vie...')
#2 D:\kumo\system\View\View.php(213): CodeIgniter\View\View->CodeIgniter\View\{closure}()
#3 D:\kumo\system\Common.php(1089): CodeIgniter\View\View->render('productdetail', Array, true)
#4 D:\kumo\app\Controllers\Home.php(62): view('productdetail', Array)
#5 D:\kumo\system\CodeIgniter.php(832): App\Controllers\Home->productdetail('1')
#6 D:\kumo\system\CodeIgniter.php(419): CodeIgniter\CodeIgniter->runController(Object(App\Controllers\Home))
#7 D:\kumo\system\CodeIgniter.php(326): CodeIgniter\CodeIgniter->handleRequest(NULL, Object(Config\Cache), false)
#8 D:\kumo\public\index.php(37): CodeIgniter\CodeIgniter->run()
#9 D:\kumo\system\Commands\Server\rewrite.php(43): require_once('D:\\kumo\\public\\...')
#10 {main}
CRITICAL - 2022-09-15 02:28:03 --> foreach() argument must be of type array|object, null given
#0 D:\kumo\app\Views\productdetail.php(274): CodeIgniter\Debug\Exceptions->errorHandler(2, 'foreach() argum...', 'D:\\kumo\\app\\Vie...', 274)
#1 D:\kumo\system\View\View.php(210): include('D:\\kumo\\app\\Vie...')
#2 D:\kumo\system\View\View.php(213): CodeIgniter\View\View->CodeIgniter\View\{closure}()
#3 D:\kumo\system\Common.php(1089): CodeIgniter\View\View->render('productdetail', Array, true)
#4 D:\kumo\app\Controllers\Home.php(62): view('productdetail', Array)
#5 D:\kumo\system\CodeIgniter.php(832): App\Controllers\Home->productdetail('1')
#6 D:\kumo\system\CodeIgniter.php(419): CodeIgniter\CodeIgniter->runController(Object(App\Controllers\Home))
#7 D:\kumo\system\CodeIgniter.php(326): CodeIgniter\CodeIgniter->handleRequest(NULL, Object(Config\Cache), false)
#8 D:\kumo\public\index.php(37): CodeIgniter\CodeIgniter->run()
#9 D:\kumo\system\Commands\Server\rewrite.php(43): require_once('D:\\kumo\\public\\...')
#10 {main}
CRITICAL - 2022-09-15 02:28:29 --> Trying to access array offset on value of type null
#0 D:\kumo\app\Models\HomeModel.php(110): CodeIgniter\Debug\Exceptions->errorHandler(2, 'Trying to acces...', 'D:\\kumo\\app\\Mod...', 110)
#1 D:\kumo\app\Controllers\Home.php(58): App\Models\HomeModel->get_product_data('<')
#2 D:\kumo\system\CodeIgniter.php(832): App\Controllers\Home->productdetail('<')
#3 D:\kumo\system\CodeIgniter.php(419): CodeIgniter\CodeIgniter->runController(Object(App\Controllers\Home))
#4 D:\kumo\system\CodeIgniter.php(326): CodeIgniter\CodeIgniter->handleRequest(NULL, Object(Config\Cache), false)
#5 D:\kumo\public\index.php(37): CodeIgniter\CodeIgniter->run()
#6 D:\kumo\system\Commands\Server\rewrite.php(43): require_once('D:\\kumo\\public\\...')
#7 {main}
CRITICAL - 2022-09-15 02:30:02 --> Trying to access array offset on value of type null
#0 D:\kumo\app\Models\HomeModel.php(110): CodeIgniter\Debug\Exceptions->errorHandler(2, 'Trying to acces...', 'D:\\kumo\\app\\Mod...', 110)
#1 D:\kumo\app\Controllers\Home.php(58): App\Models\HomeModel->get_product_data('<')
#2 D:\kumo\system\CodeIgniter.php(832): App\Controllers\Home->productdetail('<')
#3 D:\kumo\system\CodeIgniter.php(419): CodeIgniter\CodeIgniter->runController(Object(App\Controllers\Home))
#4 D:\kumo\system\CodeIgniter.php(326): CodeIgniter\CodeIgniter->handleRequest(NULL, Object(Config\Cache), false)
#5 D:\kumo\public\index.php(37): CodeIgniter\CodeIgniter->run()
#6 D:\kumo\system\Commands\Server\rewrite.php(43): require_once('D:\\kumo\\public\\...')
#7 {main}
CRITICAL - 2022-09-15 02:30:54 --> Trying to access array offset on value of type null
#0 D:\kumo\app\Models\HomeModel.php(110): CodeIgniter\Debug\Exceptions->errorHandler(2, 'Trying to acces...', 'D:\\kumo\\app\\Mod...', 110)
#1 D:\kumo\app\Controllers\Home.php(58): App\Models\HomeModel->get_product_data('<')
#2 D:\kumo\system\CodeIgniter.php(832): App\Controllers\Home->productdetail('<')
#3 D:\kumo\system\CodeIgniter.php(419): CodeIgniter\CodeIgniter->runController(Object(App\Controllers\Home))
#4 D:\kumo\system\CodeIgniter.php(326): CodeIgniter\CodeIgniter->handleRequest(NULL, Object(Config\Cache), false)
#5 D:\kumo\public\index.php(37): CodeIgniter\CodeIgniter->run()
#6 D:\kumo\system\Commands\Server\rewrite.php(43): require_once('D:\\kumo\\public\\...')
#7 {main}
CRITICAL - 2022-09-15 02:32:38 --> Trying to access array offset on value of type null
#0 D:\kumo\app\Models\HomeModel.php(110): CodeIgniter\Debug\Exceptions->errorHandler(2, 'Trying to acces...', 'D:\\kumo\\app\\Mod...', 110)
#1 D:\kumo\app\Controllers\Home.php(58): App\Models\HomeModel->get_product_data('<')
#2 D:\kumo\system\CodeIgniter.php(832): App\Controllers\Home->productdetail('<')
#3 D:\kumo\system\CodeIgniter.php(419): CodeIgniter\CodeIgniter->runController(Object(App\Controllers\Home))
#4 D:\kumo\system\CodeIgniter.php(326): CodeIgniter\CodeIgniter->handleRequest(NULL, Object(Config\Cache), false)
#5 D:\kumo\public\index.php(37): CodeIgniter\CodeIgniter->run()
#6 D:\kumo\system\Commands\Server\rewrite.php(43): require_once('D:\\kumo\\public\\...')
#7 {main}
CRITICAL - 2022-09-15 02:38:12 --> Trying to access array offset on value of type null
#0 D:\kumo\app\Models\HomeModel.php(110): CodeIgniter\Debug\Exceptions->errorHandler(2, 'Trying to acces...', 'D:\\kumo\\app\\Mod...', 110)
#1 D:\kumo\app\Controllers\Home.php(58): App\Models\HomeModel->get_product_data('<')
#2 D:\kumo\system\CodeIgniter.php(832): App\Controllers\Home->productdetail('<')
#3 D:\kumo\system\CodeIgniter.php(419): CodeIgniter\CodeIgniter->runController(Object(App\Controllers\Home))
#4 D:\kumo\system\CodeIgniter.php(326): CodeIgniter\CodeIgniter->handleRequest(NULL, Object(Config\Cache), false)
#5 D:\kumo\public\index.php(37): CodeIgniter\CodeIgniter->run()
#6 D:\kumo\system\Commands\Server\rewrite.php(43): require_once('D:\\kumo\\public\\...')
#7 {main}
CRITICAL - 2022-09-15 02:38:54 --> Trying to access array offset on value of type null
#0 D:\kumo\app\Models\HomeModel.php(110): CodeIgniter\Debug\Exceptions->errorHandler(2, 'Trying to acces...', 'D:\\kumo\\app\\Mod...', 110)
#1 D:\kumo\app\Controllers\Home.php(58): App\Models\HomeModel->get_product_data('<')
#2 D:\kumo\system\CodeIgniter.php(832): App\Controllers\Home->productdetail('<')
#3 D:\kumo\system\CodeIgniter.php(419): CodeIgniter\CodeIgniter->runController(Object(App\Controllers\Home))
#4 D:\kumo\system\CodeIgniter.php(326): CodeIgniter\CodeIgniter->handleRequest(NULL, Object(Config\Cache), false)
#5 D:\kumo\public\index.php(37): CodeIgniter\CodeIgniter->run()
#6 D:\kumo\system\Commands\Server\rewrite.php(43): require_once('D:\\kumo\\public\\...')
#7 {main}
CRITICAL - 2022-09-15 02:39:24 --> Trying to access array offset on value of type null
#0 D:\kumo\app\Models\HomeModel.php(110): CodeIgniter\Debug\Exceptions->errorHandler(2, 'Trying to acces...', 'D:\\kumo\\app\\Mod...', 110)
#1 D:\kumo\app\Controllers\Home.php(58): App\Models\HomeModel->get_product_data('<')
#2 D:\kumo\system\CodeIgniter.php(832): App\Controllers\Home->productdetail('<')
#3 D:\kumo\system\CodeIgniter.php(419): CodeIgniter\CodeIgniter->runController(Object(App\Controllers\Home))
#4 D:\kumo\system\CodeIgniter.php(326): CodeIgniter\CodeIgniter->handleRequest(NULL, Object(Config\Cache), false)
#5 D:\kumo\public\index.php(37): CodeIgniter\CodeIgniter->run()
#6 D:\kumo\system\Commands\Server\rewrite.php(43): require_once('D:\\kumo\\public\\...')
#7 {main}
CRITICAL - 2022-09-15 02:39:37 --> Trying to access array offset on value of type null
#0 D:\kumo\app\Models\HomeModel.php(110): CodeIgniter\Debug\Exceptions->errorHandler(2, 'Trying to acces...', 'D:\\kumo\\app\\Mod...', 110)
#1 D:\kumo\app\Controllers\Home.php(58): App\Models\HomeModel->get_product_data('<')
#2 D:\kumo\system\CodeIgniter.php(832): App\Controllers\Home->productdetail('<')
#3 D:\kumo\system\CodeIgniter.php(419): CodeIgniter\CodeIgniter->runController(Object(App\Controllers\Home))
#4 D:\kumo\system\CodeIgniter.php(326): CodeIgniter\CodeIgniter->handleRequest(NULL, Object(Config\Cache), false)
#5 D:\kumo\public\index.php(37): CodeIgniter\CodeIgniter->run()
#6 D:\kumo\system\Commands\Server\rewrite.php(43): require_once('D:\\kumo\\public\\...')
#7 {main}
CRITICAL - 2022-09-15 02:40:50 --> Trying to access array offset on value of type null
#0 D:\kumo\app\Models\HomeModel.php(110): CodeIgniter\Debug\Exceptions->errorHandler(2, 'Trying to acces...', 'D:\\kumo\\app\\Mod...', 110)
#1 D:\kumo\app\Controllers\Home.php(58): App\Models\HomeModel->get_product_data('<')
#2 D:\kumo\system\CodeIgniter.php(832): App\Controllers\Home->productdetail('<')
#3 D:\kumo\system\CodeIgniter.php(419): CodeIgniter\CodeIgniter->runController(Object(App\Controllers\Home))
#4 D:\kumo\system\CodeIgniter.php(326): CodeIgniter\CodeIgniter->handleRequest(NULL, Object(Config\Cache), false)
#5 D:\kumo\public\index.php(37): CodeIgniter\CodeIgniter->run()
#6 D:\kumo\system\Commands\Server\rewrite.php(43): require_once('D:\\kumo\\public\\...')
#7 {main}
CRITICAL - 2022-09-15 02:41:03 --> Trying to access array offset on value of type null
#0 D:\kumo\app\Models\HomeModel.php(110): CodeIgniter\Debug\Exceptions->errorHandler(2, 'Trying to acces...', 'D:\\kumo\\app\\Mod...', 110)
#1 D:\kumo\app\Controllers\Home.php(58): App\Models\HomeModel->get_product_data('<')
#2 D:\kumo\system\CodeIgniter.php(832): App\Controllers\Home->productdetail('<')
#3 D:\kumo\system\CodeIgniter.php(419): CodeIgniter\CodeIgniter->runController(Object(App\Controllers\Home))
#4 D:\kumo\system\CodeIgniter.php(326): CodeIgniter\CodeIgniter->handleRequest(NULL, Object(Config\Cache), false)
#5 D:\kumo\public\index.php(37): CodeIgniter\CodeIgniter->run()
#6 D:\kumo\system\Commands\Server\rewrite.php(43): require_once('D:\\kumo\\public\\...')
#7 {main}
CRITICAL - 2022-09-15 02:41:23 --> Trying to access array offset on value of type null
#0 D:\kumo\app\Models\HomeModel.php(110): CodeIgniter\Debug\Exceptions->errorHandler(2, 'Trying to acces...', 'D:\\kumo\\app\\Mod...', 110)
#1 D:\kumo\app\Controllers\Home.php(58): App\Models\HomeModel->get_product_data('<')
#2 D:\kumo\system\CodeIgniter.php(832): App\Controllers\Home->productdetail('<')
#3 D:\kumo\system\CodeIgniter.php(419): CodeIgniter\CodeIgniter->runController(Object(App\Controllers\Home))
#4 D:\kumo\system\CodeIgniter.php(326): CodeIgniter\CodeIgniter->handleRequest(NULL, Object(Config\Cache), false)
#5 D:\kumo\public\index.php(37): CodeIgniter\CodeIgniter->run()
#6 D:\kumo\system\Commands\Server\rewrite.php(43): require_once('D:\\kumo\\public\\...')
#7 {main}
CRITICAL - 2022-09-15 02:41:45 --> Trying to access array offset on value of type null
#0 D:\kumo\app\Models\HomeModel.php(110): CodeIgniter\Debug\Exceptions->errorHandler(2, 'Trying to acces...', 'D:\\kumo\\app\\Mod...', 110)
#1 D:\kumo\app\Controllers\Home.php(58): App\Models\HomeModel->get_product_data('assets')
#2 D:\kumo\system\CodeIgniter.php(832): App\Controllers\Home->productdetail('assets', 'img', 'team-2.jpg')
#3 D:\kumo\system\CodeIgniter.php(419): CodeIgniter\CodeIgniter->runController(Object(App\Controllers\Home))
#4 D:\kumo\system\CodeIgniter.php(326): CodeIgniter\CodeIgniter->handleRequest(NULL, Object(Config\Cache), false)
#5 D:\kumo\public\index.php(37): CodeIgniter\CodeIgniter->run()
#6 D:\kumo\system\Commands\Server\rewrite.php(43): require_once('D:\\kumo\\public\\...')
#7 {main}
CRITICAL - 2022-09-15 02:41:45 --> Trying to access array offset on value of type null
#0 D:\kumo\app\Models\HomeModel.php(110): CodeIgniter\Debug\Exceptions->errorHandler(2, 'Trying to acces...', 'D:\\kumo\\app\\Mod...', 110)
#1 D:\kumo\app\Controllers\Home.php(58): App\Models\HomeModel->get_product_data('<')
#2 D:\kumo\system\CodeIgniter.php(832): App\Controllers\Home->productdetail('<')
#3 D:\kumo\system\CodeIgniter.php(419): CodeIgniter\CodeIgniter->runController(Object(App\Controllers\Home))
#4 D:\kumo\system\CodeIgniter.php(326): CodeIgniter\CodeIgniter->handleRequest(NULL, Object(Config\Cache), false)
#5 D:\kumo\public\index.php(37): CodeIgniter\CodeIgniter->run()
#6 D:\kumo\system\Commands\Server\rewrite.php(43): require_once('D:\\kumo\\public\\...')
#7 {main}
CRITICAL - 2022-09-15 02:47:00 --> Trying to access array offset on value of type null
#0 D:\kumo\app\Models\HomeModel.php(110): CodeIgniter\Debug\Exceptions->errorHandler(2, 'Trying to acces...', 'D:\\kumo\\app\\Mod...', 110)
#1 D:\kumo\app\Controllers\Home.php(58): App\Models\HomeModel->get_product_data('assets')
#2 D:\kumo\system\CodeIgniter.php(832): App\Controllers\Home->productdetail('assets', 'img', 'avatar.png')
#3 D:\kumo\system\CodeIgniter.php(419): CodeIgniter\CodeIgniter->runController(Object(App\Controllers\Home))
#4 D:\kumo\system\CodeIgniter.php(326): CodeIgniter\CodeIgniter->handleRequest(NULL, Object(Config\Cache), false)
#5 D:\kumo\public\index.php(37): CodeIgniter\CodeIgniter->run()
#6 D:\kumo\system\Commands\Server\rewrite.php(43): require_once('D:\\kumo\\public\\...')
#7 {main}
CRITICAL - 2022-09-15 02:47:01 --> Trying to access array offset on value of type null
#0 D:\kumo\app\Models\HomeModel.php(110): CodeIgniter\Debug\Exceptions->errorHandler(2, 'Trying to acces...', 'D:\\kumo\\app\\Mod...', 110)
#1 D:\kumo\app\Controllers\Home.php(58): App\Models\HomeModel->get_product_data('<')
#2 D:\kumo\system\CodeIgniter.php(832): App\Controllers\Home->productdetail('<')
#3 D:\kumo\system\CodeIgniter.php(419): CodeIgniter\CodeIgniter->runController(Object(App\Controllers\Home))
#4 D:\kumo\system\CodeIgniter.php(326): CodeIgniter\CodeIgniter->handleRequest(NULL, Object(Config\Cache), false)
#5 D:\kumo\public\index.php(37): CodeIgniter\CodeIgniter->run()
#6 D:\kumo\system\Commands\Server\rewrite.php(43): require_once('D:\\kumo\\public\\...')
#7 {main}
CRITICAL - 2022-09-15 02:47:08 --> Trying to access array offset on value of type null
#0 D:\kumo\app\Models\HomeModel.php(110): CodeIgniter\Debug\Exceptions->errorHandler(2, 'Trying to acces...', 'D:\\kumo\\app\\Mod...', 110)
#1 D:\kumo\app\Controllers\Home.php(58): App\Models\HomeModel->get_product_data('assets')
#2 D:\kumo\system\CodeIgniter.php(832): App\Controllers\Home->productdetail('assets', 'img', 'avatar.png')
#3 D:\kumo\system\CodeIgniter.php(419): CodeIgniter\CodeIgniter->runController(Object(App\Controllers\Home))
#4 D:\kumo\system\CodeIgniter.php(326): CodeIgniter\CodeIgniter->handleRequest(NULL, Object(Config\Cache), false)
#5 D:\kumo\public\index.php(37): CodeIgniter\CodeIgniter->run()
#6 D:\kumo\system\Commands\Server\rewrite.php(43): require_once('D:\\kumo\\public\\...')
#7 {main}
CRITICAL - 2022-09-15 02:47:08 --> Trying to access array offset on value of type null
#0 D:\kumo\app\Models\HomeModel.php(110): CodeIgniter\Debug\Exceptions->errorHandler(2, 'Trying to acces...', 'D:\\kumo\\app\\Mod...', 110)
#1 D:\kumo\app\Controllers\Home.php(58): App\Models\HomeModel->get_product_data('<')
#2 D:\kumo\system\CodeIgniter.php(832): App\Controllers\Home->productdetail('<')
#3 D:\kumo\system\CodeIgniter.php(419): CodeIgniter\CodeIgniter->runController(Object(App\Controllers\Home))
#4 D:\kumo\system\CodeIgniter.php(326): CodeIgniter\CodeIgniter->handleRequest(NULL, Object(Config\Cache), false)
#5 D:\kumo\public\index.php(37): CodeIgniter\CodeIgniter->run()
#6 D:\kumo\system\Commands\Server\rewrite.php(43): require_once('D:\\kumo\\public\\...')
#7 {main}
CRITICAL - 2022-09-15 02:50:16 --> Trying to access array offset on value of type null
#0 D:\kumo\app\Models\HomeModel.php(110): CodeIgniter\Debug\Exceptions->errorHandler(2, 'Trying to acces...', 'D:\\kumo\\app\\Mod...', 110)
#1 D:\kumo\app\Controllers\Home.php(58): App\Models\HomeModel->get_product_data('assets')
#2 D:\kumo\system\CodeIgniter.php(832): App\Controllers\Home->productdetail('assets', 'img', 'avatar.png')
#3 D:\kumo\system\CodeIgniter.php(419): CodeIgniter\CodeIgniter->runController(Object(App\Controllers\Home))
#4 D:\kumo\system\CodeIgniter.php(326): CodeIgniter\CodeIgniter->handleRequest(NULL, Object(Config\Cache), false)
#5 D:\kumo\public\index.php(37): CodeIgniter\CodeIgniter->run()
#6 D:\kumo\system\Commands\Server\rewrite.php(43): require_once('D:\\kumo\\public\\...')
#7 {main}
CRITICAL - 2022-09-15 02:50:16 --> Trying to access array offset on value of type null
#0 D:\kumo\app\Models\HomeModel.php(110): CodeIgniter\Debug\Exceptions->errorHandler(2, 'Trying to acces...', 'D:\\kumo\\app\\Mod...', 110)
#1 D:\kumo\app\Controllers\Home.php(58): App\Models\HomeModel->get_product_data('<')
#2 D:\kumo\system\CodeIgniter.php(832): App\Controllers\Home->productdetail('<')
#3 D:\kumo\system\CodeIgniter.php(419): CodeIgniter\CodeIgniter->runController(Object(App\Controllers\Home))
#4 D:\kumo\system\CodeIgniter.php(326): CodeIgniter\CodeIgniter->handleRequest(NULL, Object(Config\Cache), false)
#5 D:\kumo\public\index.php(37): CodeIgniter\CodeIgniter->run()
#6 D:\kumo\system\Commands\Server\rewrite.php(43): require_once('D:\\kumo\\public\\...')
#7 {main}
CRITICAL - 2022-09-15 02:51:02 --> Trying to access array offset on value of type null
#0 D:\kumo\app\Models\HomeModel.php(110): CodeIgniter\Debug\Exceptions->errorHandler(2, 'Trying to acces...', 'D:\\kumo\\app\\Mod...', 110)
#1 D:\kumo\app\Controllers\Home.php(58): App\Models\HomeModel->get_product_data('<')
#2 D:\kumo\system\CodeIgniter.php(832): App\Controllers\Home->productdetail('<')
#3 D:\kumo\system\CodeIgniter.php(419): CodeIgniter\CodeIgniter->runController(Object(App\Controllers\Home))
#4 D:\kumo\system\CodeIgniter.php(326): CodeIgniter\CodeIgniter->handleRequest(NULL, Object(Config\Cache), false)
#5 D:\kumo\public\index.php(37): CodeIgniter\CodeIgniter->run()
#6 D:\kumo\system\Commands\Server\rewrite.php(43): require_once('D:\\kumo\\public\\...')
#7 {main}
CRITICAL - 2022-09-15 02:57:46 --> Trying to access array offset on value of type null
#0 D:\kumo\app\Models\HomeModel.php(110): CodeIgniter\Debug\Exceptions->errorHandler(2, 'Trying to acces...', 'D:\\kumo\\app\\Mod...', 110)
#1 D:\kumo\app\Controllers\Home.php(58): App\Models\HomeModel->get_product_data('<')
#2 D:\kumo\system\CodeIgniter.php(832): App\Controllers\Home->productdetail('<')
#3 D:\kumo\system\CodeIgniter.php(419): CodeIgniter\CodeIgniter->runController(Object(App\Controllers\Home))
#4 D:\kumo\system\CodeIgniter.php(326): CodeIgniter\CodeIgniter->handleRequest(NULL, Object(Config\Cache), false)
#5 D:\kumo\public\index.php(37): CodeIgniter\CodeIgniter->run()
#6 D:\kumo\system\Commands\Server\rewrite.php(43): require_once('D:\\kumo\\public\\...')
#7 {main}
CRITICAL - 2022-09-15 02:58:44 --> Trying to access array offset on value of type null
#0 D:\kumo\app\Models\HomeModel.php(110): CodeIgniter\Debug\Exceptions->errorHandler(2, 'Trying to acces...', 'D:\\kumo\\app\\Mod...', 110)
#1 D:\kumo\app\Controllers\Home.php(58): App\Models\HomeModel->get_product_data('<')
#2 D:\kumo\system\CodeIgniter.php(832): App\Controllers\Home->productdetail('<')
#3 D:\kumo\system\CodeIgniter.php(419): CodeIgniter\CodeIgniter->runController(Object(App\Controllers\Home))
#4 D:\kumo\system\CodeIgniter.php(326): CodeIgniter\CodeIgniter->handleRequest(NULL, Object(Config\Cache), false)
#5 D:\kumo\public\index.php(37): CodeIgniter\CodeIgniter->run()
#6 D:\kumo\system\Commands\Server\rewrite.php(43): require_once('D:\\kumo\\public\\...')
#7 {main}
CRITICAL - 2022-09-15 02:58:58 --> Trying to access array offset on value of type null
#0 D:\kumo\app\Models\HomeModel.php(110): CodeIgniter\Debug\Exceptions->errorHandler(2, 'Trying to acces...', 'D:\\kumo\\app\\Mod...', 110)
#1 D:\kumo\app\Controllers\Home.php(58): App\Models\HomeModel->get_product_data('<')
#2 D:\kumo\system\CodeIgniter.php(832): App\Controllers\Home->productdetail('<')
#3 D:\kumo\system\CodeIgniter.php(419): CodeIgniter\CodeIgniter->runController(Object(App\Controllers\Home))
#4 D:\kumo\system\CodeIgniter.php(326): CodeIgniter\CodeIgniter->handleRequest(NULL, Object(Config\Cache), false)
#5 D:\kumo\public\index.php(37): CodeIgniter\CodeIgniter->run()
#6 D:\kumo\system\Commands\Server\rewrite.php(43): require_once('D:\\kumo\\public\\...')
#7 {main}
CRITICAL - 2022-09-15 02:59:18 --> Trying to access array offset on value of type null
#0 D:\kumo\app\Models\HomeModel.php(110): CodeIgniter\Debug\Exceptions->errorHandler(2, 'Trying to acces...', 'D:\\kumo\\app\\Mod...', 110)
#1 D:\kumo\app\Controllers\Home.php(58): App\Models\HomeModel->get_product_data('<')
#2 D:\kumo\system\CodeIgniter.php(832): App\Controllers\Home->productdetail('<')
#3 D:\kumo\system\CodeIgniter.php(419): CodeIgniter\CodeIgniter->runController(Object(App\Controllers\Home))
#4 D:\kumo\system\CodeIgniter.php(326): CodeIgniter\CodeIgniter->handleRequest(NULL, Object(Config\Cache), false)
#5 D:\kumo\public\index.php(37): CodeIgniter\CodeIgniter->run()
#6 D:\kumo\system\Commands\Server\rewrite.php(43): require_once('D:\\kumo\\public\\...')
#7 {main}
CRITICAL - 2022-09-15 03:00:31 --> Trying to access array offset on value of type null
#0 D:\kumo\app\Models\HomeModel.php(110): CodeIgniter\Debug\Exceptions->errorHandler(2, 'Trying to acces...', 'D:\\kumo\\app\\Mod...', 110)
#1 D:\kumo\app\Controllers\Home.php(58): App\Models\HomeModel->get_product_data('<')
#2 D:\kumo\system\CodeIgniter.php(832): App\Controllers\Home->productdetail('<')
#3 D:\kumo\system\CodeIgniter.php(419): CodeIgniter\CodeIgniter->runController(Object(App\Controllers\Home))
#4 D:\kumo\system\CodeIgniter.php(326): CodeIgniter\CodeIgniter->handleRequest(NULL, Object(Config\Cache), false)
#5 D:\kumo\public\index.php(37): CodeIgniter\CodeIgniter->run()
#6 D:\kumo\system\Commands\Server\rewrite.php(43): require_once('D:\\kumo\\public\\...')
#7 {main}
CRITICAL - 2022-09-15 03:03:06 --> Trying to access array offset on value of type null
#0 D:\kumo\app\Models\HomeModel.php(110): CodeIgniter\Debug\Exceptions->errorHandler(2, 'Trying to acces...', 'D:\\kumo\\app\\Mod...', 110)
#1 D:\kumo\app\Controllers\Home.php(58): App\Models\HomeModel->get_product_data('<')
#2 D:\kumo\system\CodeIgniter.php(832): App\Controllers\Home->productdetail('<')
#3 D:\kumo\system\CodeIgniter.php(419): CodeIgniter\CodeIgniter->runController(Object(App\Controllers\Home))
#4 D:\kumo\system\CodeIgniter.php(326): CodeIgniter\CodeIgniter->handleRequest(NULL, Object(Config\Cache), false)
#5 D:\kumo\public\index.php(37): CodeIgniter\CodeIgniter->run()
#6 D:\kumo\system\Commands\Server\rewrite.php(43): require_once('D:\\kumo\\public\\...')
#7 {main}
CRITICAL - 2022-09-15 05:11:32 --> Undefined array key "product_id"
#0 D:\kumo\app\Models\HomeModel.php(506): CodeIgniter\Debug\Exceptions->errorHandler(2, 'Undefined array...', 'D:\\kumo\\app\\Mod...', 506)
#1 D:\kumo\app\Controllers\Home.php(143): App\Models\HomeModel->insert_wishlist(Array)
#2 D:\kumo\system\CodeIgniter.php(832): App\Controllers\Home->wishlist()
#3 D:\kumo\system\CodeIgniter.php(419): CodeIgniter\CodeIgniter->runController(Object(App\Controllers\Home))
#4 D:\kumo\system\CodeIgniter.php(326): CodeIgniter\CodeIgniter->handleRequest(NULL, Object(Config\Cache), false)
#5 D:\kumo\public\index.php(37): CodeIgniter\CodeIgniter->run()
#6 D:\kumo\system\Commands\Server\rewrite.php(43): require_once('D:\\kumo\\public\\...')
#7 {main}
CRITICAL - 2022-09-15 05:33:19 --> Undefined array key "type"
#0 D:\kumo\app\Models\HomeModel.php(759): CodeIgniter\Debug\Exceptions->errorHandler(2, 'Undefined array...', 'D:\\kumo\\app\\Mod...', 759)
#1 D:\kumo\app\Controllers\Home.php(254): App\Models\HomeModel->UpdateData(Array)
#2 D:\kumo\system\CodeIgniter.php(832): App\Controllers\Home->Action('Update')
#3 D:\kumo\system\CodeIgniter.php(419): CodeIgniter\CodeIgniter->runController(Object(App\Controllers\Home))
#4 D:\kumo\system\CodeIgniter.php(326): CodeIgniter\CodeIgniter->handleRequest(NULL, Object(Config\Cache), false)
#5 D:\kumo\public\index.php(37): CodeIgniter\CodeIgniter->run()
#6 D:\kumo\system\Commands\Server\rewrite.php(43): require_once('D:\\kumo\\public\\...')
#7 {main}
CRITICAL - 2022-09-15 05:44:03 --> Undefined array key "method"
#0 D:\kumo\app\Models\HomeModel.php(761): CodeIgniter\Debug\Exceptions->errorHandler(2, 'Undefined array...', 'D:\\kumo\\app\\Mod...', 761)
#1 D:\kumo\app\Controllers\Home.php(254): App\Models\HomeModel->UpdateData(Array)
#2 D:\kumo\system\CodeIgniter.php(832): App\Controllers\Home->Action('Update', 'wish')
#3 D:\kumo\system\CodeIgniter.php(419): CodeIgniter\CodeIgniter->runController(Object(App\Controllers\Home))
#4 D:\kumo\system\CodeIgniter.php(326): CodeIgniter\CodeIgniter->handleRequest(NULL, Object(Config\Cache), false)
#5 D:\kumo\public\index.php(37): CodeIgniter\CodeIgniter->run()
#6 D:\kumo\system\Commands\Server\rewrite.php(43): require_once('D:\\kumo\\public\\...')
#7 {main}
CRITICAL - 2022-09-15 05:47:18 --> Undefined array key "listedprice"
#0 D:\kumo\app\Views\wishlist.php(64): CodeIgniter\Debug\Exceptions->errorHandler(2, 'Undefined array...', 'D:\\kumo\\app\\Vie...', 64)
#1 D:\kumo\system\View\View.php(210): include('D:\\kumo\\app\\Vie...')
#2 D:\kumo\system\View\View.php(213): CodeIgniter\View\View->CodeIgniter\View\{closure}()
#3 D:\kumo\system\Common.php(1089): CodeIgniter\View\View->render('wishlist', Array, true)
#4 D:\kumo\app\Controllers\Home.php(147): view('wishlist', Array)
#5 D:\kumo\system\CodeIgniter.php(832): App\Controllers\Home->wishlist()
#6 D:\kumo\system\CodeIgniter.php(419): CodeIgniter\CodeIgniter->runController(Object(App\Controllers\Home))
#7 D:\kumo\system\CodeIgniter.php(326): CodeIgniter\CodeIgniter->handleRequest(NULL, Object(Config\Cache), false)
#8 D:\kumo\public\index.php(37): CodeIgniter\CodeIgniter->run()
#9 D:\kumo\system\Commands\Server\rewrite.php(43): require_once('D:\\kumo\\public\\...')
#10 {main}
CRITICAL - 2022-09-15 06:42:37 --> Cannot use object of type stdClass as array
#0 D:\kumo\app\Controllers\Home.php(104): App\Models\HomeModel->applycoupon(Array)
#1 D:\kumo\system\CodeIgniter.php(832): App\Controllers\Home->applycoupon()
#2 D:\kumo\system\CodeIgniter.php(419): CodeIgniter\CodeIgniter->runController(Object(App\Controllers\Home))
#3 D:\kumo\system\CodeIgniter.php(326): CodeIgniter\CodeIgniter->handleRequest(NULL, Object(Config\Cache), false)
#4 D:\kumo\public\index.php(37): CodeIgniter\CodeIgniter->run()
#5 D:\kumo\system\Commands\Server\rewrite.php(43): require_once('D:\\kumo\\public\\...')
#6 {main}
CRITICAL - 2022-09-15 06:43:18 --> Cannot use object of type stdClass as array
#0 D:\kumo\app\Controllers\Home.php(104): App\Models\HomeModel->applycoupon(Array)
#1 D:\kumo\system\CodeIgniter.php(832): App\Controllers\Home->applycoupon()
#2 D:\kumo\system\CodeIgniter.php(419): CodeIgniter\CodeIgniter->runController(Object(App\Controllers\Home))
#3 D:\kumo\system\CodeIgniter.php(326): CodeIgniter\CodeIgniter->handleRequest(NULL, Object(Config\Cache), false)
#4 D:\kumo\public\index.php(37): CodeIgniter\CodeIgniter->run()
#5 D:\kumo\system\Commands\Server\rewrite.php(43): require_once('D:\\kumo\\public\\...')
#6 {main}
CRITICAL - 2022-09-15 06:44:00 --> Cannot use object of type stdClass as array
#0 D:\kumo\app\Controllers\Home.php(104): App\Models\HomeModel->applycoupon(Array)
#1 D:\kumo\system\CodeIgniter.php(832): App\Controllers\Home->applycoupon()
#2 D:\kumo\system\CodeIgniter.php(419): CodeIgniter\CodeIgniter->runController(Object(App\Controllers\Home))
#3 D:\kumo\system\CodeIgniter.php(326): CodeIgniter\CodeIgniter->handleRequest(NULL, Object(Config\Cache), false)
#4 D:\kumo\public\index.php(37): CodeIgniter\CodeIgniter->run()
#5 D:\kumo\system\Commands\Server\rewrite.php(43): require_once('D:\\kumo\\public\\...')
#6 {main}
CRITICAL - 2022-09-15 07:15:22 --> Trying to access array offset on value of type null
#0 D:\kumo\app\Models\HomeModel.php(608): CodeIgniter\Debug\Exceptions->errorHandler(2, 'Trying to acces...', 'D:\\kumo\\app\\Mod...', 608)
#1 D:\kumo\app\Controllers\Home.php(104): App\Models\HomeModel->applycoupon(Array)
#2 D:\kumo\system\CodeIgniter.php(832): App\Controllers\Home->applycoupon()
#3 D:\kumo\system\CodeIgniter.php(419): CodeIgniter\CodeIgniter->runController(Object(App\Controllers\Home))
#4 D:\kumo\system\CodeIgniter.php(326): CodeIgniter\CodeIgniter->handleRequest(NULL, Object(Config\Cache), false)
#5 D:\kumo\public\index.php(37): CodeIgniter\CodeIgniter->run()
#6 D:\kumo\system\Commands\Server\rewrite.php(43): require_once('D:\\kumo\\public\\...')
#7 {main}
CRITICAL - 2022-09-15 07:16:28 --> Undefined variable $data
#0 D:\kumo\app\Models\HomeModel.php(621): CodeIgniter\Debug\Exceptions->errorHandler(2, 'Undefined varia...', 'D:\\kumo\\app\\Mod...', 621)
#1 D:\kumo\app\Controllers\Home.php(104): App\Models\HomeModel->applycoupon(Array)
#2 D:\kumo\system\CodeIgniter.php(832): App\Controllers\Home->applycoupon()
#3 D:\kumo\system\CodeIgniter.php(419): CodeIgniter\CodeIgniter->runController(Object(App\Controllers\Home))
#4 D:\kumo\system\CodeIgniter.php(326): CodeIgniter\CodeIgniter->handleRequest(NULL, Object(Config\Cache), false)
#5 D:\kumo\public\index.php(37): CodeIgniter\CodeIgniter->run()
#6 D:\kumo\system\Commands\Server\rewrite.php(43): require_once('D:\\kumo\\public\\...')
#7 {main}
CRITICAL - 2022-09-15 07:17:24 --> Trying to access array offset on value of type null
#0 D:\kumo\app\Models\HomeModel.php(622): CodeIgniter\Debug\Exceptions->errorHandler(2, 'Trying to acces...', 'D:\\kumo\\app\\Mod...', 622)
#1 D:\kumo\app\Controllers\Home.php(104): App\Models\HomeModel->applycoupon(Array)
#2 D:\kumo\system\CodeIgniter.php(832): App\Controllers\Home->applycoupon()
#3 D:\kumo\system\CodeIgniter.php(419): CodeIgniter\CodeIgniter->runController(Object(App\Controllers\Home))
#4 D:\kumo\system\CodeIgniter.php(326): CodeIgniter\CodeIgniter->handleRequest(NULL, Object(Config\Cache), false)
#5 D:\kumo\public\index.php(37): CodeIgniter\CodeIgniter->run()
#6 D:\kumo\system\Commands\Server\rewrite.php(43): require_once('D:\\kumo\\public\\...')
#7 {main}
CRITICAL - 2022-09-15 07:19:40 --> Undefined variable $data
#0 D:\kumo\app\Models\HomeModel.php(622): CodeIgniter\Debug\Exceptions->errorHandler(2, 'Undefined varia...', 'D:\\kumo\\app\\Mod...', 622)
#1 D:\kumo\app\Controllers\Home.php(104): App\Models\HomeModel->applycoupon(Array)
#2 D:\kumo\system\CodeIgniter.php(832): App\Controllers\Home->applycoupon()
#3 D:\kumo\system\CodeIgniter.php(419): CodeIgniter\CodeIgniter->runController(Object(App\Controllers\Home))
#4 D:\kumo\system\CodeIgniter.php(326): CodeIgniter\CodeIgniter->handleRequest(NULL, Object(Config\Cache), false)
#5 D:\kumo\public\index.php(37): CodeIgniter\CodeIgniter->run()
#6 D:\kumo\system\Commands\Server\rewrite.php(43): require_once('D:\\kumo\\public\\...')
#7 {main}
CRITICAL - 2022-09-15 07:20:26 --> Trying to access array offset on value of type null
#0 D:\kumo\app\Models\HomeModel.php(622): CodeIgniter\Debug\Exceptions->errorHandler(2, 'Trying to acces...', 'D:\\kumo\\app\\Mod...', 622)
#1 D:\kumo\app\Controllers\Home.php(104): App\Models\HomeModel->applycoupon(Array)
#2 D:\kumo\system\CodeIgniter.php(832): App\Controllers\Home->applycoupon()
#3 D:\kumo\system\CodeIgniter.php(419): CodeIgniter\CodeIgniter->runController(Object(App\Controllers\Home))
#4 D:\kumo\system\CodeIgniter.php(326): CodeIgniter\CodeIgniter->handleRequest(NULL, Object(Config\Cache), false)
#5 D:\kumo\public\index.php(37): CodeIgniter\CodeIgniter->run()
#6 D:\kumo\system\Commands\Server\rewrite.php(43): require_once('D:\\kumo\\public\\...')
#7 {main}
CRITICAL - 2022-09-15 07:21:45 --> Trying to access array offset on value of type null
#0 D:\kumo\app\Models\HomeModel.php(622): CodeIgniter\Debug\Exceptions->errorHandler(2, 'Trying to acces...', 'D:\\kumo\\app\\Mod...', 622)
#1 D:\kumo\app\Controllers\Home.php(104): App\Models\HomeModel->applycoupon(Array)
#2 D:\kumo\system\CodeIgniter.php(832): App\Controllers\Home->applycoupon()
#3 D:\kumo\system\CodeIgniter.php(419): CodeIgniter\CodeIgniter->runController(Object(App\Controllers\Home))
#4 D:\kumo\system\CodeIgniter.php(326): CodeIgniter\CodeIgniter->handleRequest(NULL, Object(Config\Cache), false)
#5 D:\kumo\public\index.php(37): CodeIgniter\CodeIgniter->run()
#6 D:\kumo\system\Commands\Server\rewrite.php(43): require_once('D:\\kumo\\public\\...')
#7 {main}
CRITICAL - 2022-09-15 07:25:25 --> Trying to access array offset on value of type null
#0 D:\kumo\app\Models\HomeModel.php(606): CodeIgniter\Debug\Exceptions->errorHandler(2, 'Trying to acces...', 'D:\\kumo\\app\\Mod...', 606)
#1 D:\kumo\app\Controllers\Home.php(104): App\Models\HomeModel->applycoupon(Array)
#2 D:\kumo\system\CodeIgniter.php(832): App\Controllers\Home->applycoupon()
#3 D:\kumo\system\CodeIgniter.php(419): CodeIgniter\CodeIgniter->runController(Object(App\Controllers\Home))
#4 D:\kumo\system\CodeIgniter.php(326): CodeIgniter\CodeIgniter->handleRequest(NULL, Object(Config\Cache), false)
#5 D:\kumo\public\index.php(37): CodeIgniter\CodeIgniter->run()
#6 D:\kumo\system\Commands\Server\rewrite.php(43): require_once('D:\\kumo\\public\\...')
#7 {main}
CRITICAL - 2022-09-15 07:25:58 --> Trying to access array offset on value of type null
#0 D:\kumo\app\Models\HomeModel.php(606): CodeIgniter\Debug\Exceptions->errorHandler(2, 'Trying to acces...', 'D:\\kumo\\app\\Mod...', 606)
#1 D:\kumo\app\Controllers\Home.php(104): App\Models\HomeModel->applycoupon(Array)
#2 D:\kumo\system\CodeIgniter.php(832): App\Controllers\Home->applycoupon()
#3 D:\kumo\system\CodeIgniter.php(419): CodeIgniter\CodeIgniter->runController(Object(App\Controllers\Home))
#4 D:\kumo\system\CodeIgniter.php(326): CodeIgniter\CodeIgniter->handleRequest(NULL, Object(Config\Cache), false)
#5 D:\kumo\public\index.php(37): CodeIgniter\CodeIgniter->run()
#6 D:\kumo\system\Commands\Server\rewrite.php(43): require_once('D:\\kumo\\public\\...')
#7 {main}
CRITICAL - 2022-09-15 07:26:36 --> Trying to access array offset on value of type null
#0 D:\kumo\app\Models\HomeModel.php(606): CodeIgniter\Debug\Exceptions->errorHandler(2, 'Trying to acces...', 'D:\\kumo\\app\\Mod...', 606)
#1 D:\kumo\app\Controllers\Home.php(104): App\Models\HomeModel->applycoupon(Array)
#2 D:\kumo\system\CodeIgniter.php(832): App\Controllers\Home->applycoupon()
#3 D:\kumo\system\CodeIgniter.php(419): CodeIgniter\CodeIgniter->runController(Object(App\Controllers\Home))
#4 D:\kumo\system\CodeIgniter.php(326): CodeIgniter\CodeIgniter->handleRequest(NULL, Object(Config\Cache), false)
#5 D:\kumo\public\index.php(37): CodeIgniter\CodeIgniter->run()
#6 D:\kumo\system\Commands\Server\rewrite.php(43): require_once('D:\\kumo\\public\\...')
#7 {main}
CRITICAL - 2022-09-15 07:28:05 --> Trying to access array offset on value of type null
#0 D:\kumo\app\Models\HomeModel.php(610): CodeIgniter\Debug\Exceptions->errorHandler(2, 'Trying to acces...', 'D:\\kumo\\app\\Mod...', 610)
#1 D:\kumo\app\Controllers\Home.php(104): App\Models\HomeModel->applycoupon(Array)
#2 D:\kumo\system\CodeIgniter.php(832): App\Controllers\Home->applycoupon()
#3 D:\kumo\system\CodeIgniter.php(419): CodeIgniter\CodeIgniter->runController(Object(App\Controllers\Home))
#4 D:\kumo\system\CodeIgniter.php(326): CodeIgniter\CodeIgniter->handleRequest(NULL, Object(Config\Cache), false)
#5 D:\kumo\public\index.php(37): CodeIgniter\CodeIgniter->run()
#6 D:\kumo\system\Commands\Server\rewrite.php(43): require_once('D:\\kumo\\public\\...')
#7 {main}
CRITICAL - 2022-09-15 07:30:04 --> Undefined variable $total
#0 D:\kumo\app\Models\HomeModel.php(620): CodeIgniter\Debug\Exceptions->errorHandler(2, 'Undefined varia...', 'D:\\kumo\\app\\Mod...', 620)
#1 D:\kumo\app\Controllers\Home.php(104): App\Models\HomeModel->applycoupon(Array)
#2 D:\kumo\system\CodeIgniter.php(832): App\Controllers\Home->applycoupon()
#3 D:\kumo\system\CodeIgniter.php(419): CodeIgniter\CodeIgniter->runController(Object(App\Controllers\Home))
#4 D:\kumo\system\CodeIgniter.php(326): CodeIgniter\CodeIgniter->handleRequest(NULL, Object(Config\Cache), false)
#5 D:\kumo\public\index.php(37): CodeIgniter\CodeIgniter->run()
#6 D:\kumo\system\Commands\Server\rewrite.php(43): require_once('D:\\kumo\\public\\...')
#7 {main}
CRITICAL - 2022-09-15 07:30:32 --> Undefined variable $total
#0 D:\kumo\app\Models\HomeModel.php(621): CodeIgniter\Debug\Exceptions->errorHandler(2, 'Undefined varia...', 'D:\\kumo\\app\\Mod...', 621)
#1 D:\kumo\app\Controllers\Home.php(104): App\Models\HomeModel->applycoupon(Array)
#2 D:\kumo\system\CodeIgniter.php(832): App\Controllers\Home->applycoupon()
#3 D:\kumo\system\CodeIgniter.php(419): CodeIgniter\CodeIgniter->runController(Object(App\Controllers\Home))
#4 D:\kumo\system\CodeIgniter.php(326): CodeIgniter\CodeIgniter->handleRequest(NULL, Object(Config\Cache), false)
#5 D:\kumo\public\index.php(37): CodeIgniter\CodeIgniter->run()
#6 D:\kumo\system\Commands\Server\rewrite.php(43): require_once('D:\\kumo\\public\\...')
#7 {main}
CRITICAL - 2022-09-15 07:31:07 --> Trying to access array offset on value of type null
#0 D:\kumo\app\Models\HomeModel.php(620): CodeIgniter\Debug\Exceptions->errorHandler(2, 'Trying to acces...', 'D:\\kumo\\app\\Mod...', 620)
#1 D:\kumo\app\Controllers\Home.php(104): App\Models\HomeModel->applycoupon(Array)
#2 D:\kumo\system\CodeIgniter.php(832): App\Controllers\Home->applycoupon()
#3 D:\kumo\system\CodeIgniter.php(419): CodeIgniter\CodeIgniter->runController(Object(App\Controllers\Home))
#4 D:\kumo\system\CodeIgniter.php(326): CodeIgniter\CodeIgniter->handleRequest(NULL, Object(Config\Cache), false)
#5 D:\kumo\public\index.php(37): CodeIgniter\CodeIgniter->run()
#6 D:\kumo\system\Commands\Server\rewrite.php(43): require_once('D:\\kumo\\public\\...')
#7 {main}
CRITICAL - 2022-09-15 07:31:40 --> Trying to access array offset on value of type null
#0 D:\kumo\app\Models\HomeModel.php(620): CodeIgniter\Debug\Exceptions->errorHandler(2, 'Trying to acces...', 'D:\\kumo\\app\\Mod...', 620)
#1 D:\kumo\app\Controllers\Home.php(104): App\Models\HomeModel->applycoupon(Array)
#2 D:\kumo\system\CodeIgniter.php(832): App\Controllers\Home->applycoupon()
#3 D:\kumo\system\CodeIgniter.php(419): CodeIgniter\CodeIgniter->runController(Object(App\Controllers\Home))
#4 D:\kumo\system\CodeIgniter.php(326): CodeIgniter\CodeIgniter->handleRequest(NULL, Object(Config\Cache), false)
#5 D:\kumo\public\index.php(37): CodeIgniter\CodeIgniter->run()
#6 D:\kumo\system\Commands\Server\rewrite.php(43): require_once('D:\\kumo\\public\\...')
#7 {main}
CRITICAL - 2022-09-15 07:32:12 --> Trying to access array offset on value of type null
#0 D:\kumo\app\Models\HomeModel.php(620): CodeIgniter\Debug\Exceptions->errorHandler(2, 'Trying to acces...', 'D:\\kumo\\app\\Mod...', 620)
#1 D:\kumo\app\Controllers\Home.php(104): App\Models\HomeModel->applycoupon(Array)
#2 D:\kumo\system\CodeIgniter.php(832): App\Controllers\Home->applycoupon()
#3 D:\kumo\system\CodeIgniter.php(419): CodeIgniter\CodeIgniter->runController(Object(App\Controllers\Home))
#4 D:\kumo\system\CodeIgniter.php(326): CodeIgniter\CodeIgniter->handleRequest(NULL, Object(Config\Cache), false)
#5 D:\kumo\public\index.php(37): CodeIgniter\CodeIgniter->run()
#6 D:\kumo\system\Commands\Server\rewrite.php(43): require_once('D:\\kumo\\public\\...')
#7 {main}
CRITICAL - 2022-09-15 07:33:03 --> Trying to access array offset on value of type null
#0 D:\kumo\app\Models\HomeModel.php(620): CodeIgniter\Debug\Exceptions->errorHandler(2, 'Trying to acces...', 'D:\\kumo\\app\\Mod...', 620)
#1 D:\kumo\app\Controllers\Home.php(104): App\Models\HomeModel->applycoupon(Array)
#2 D:\kumo\system\CodeIgniter.php(832): App\Controllers\Home->applycoupon()
#3 D:\kumo\system\CodeIgniter.php(419): CodeIgniter\CodeIgniter->runController(Object(App\Controllers\Home))
#4 D:\kumo\system\CodeIgniter.php(326): CodeIgniter\CodeIgniter->handleRequest(NULL, Object(Config\Cache), false)
#5 D:\kumo\public\index.php(37): CodeIgniter\CodeIgniter->run()
#6 D:\kumo\system\Commands\Server\rewrite.php(43): require_once('D:\\kumo\\public\\...')
#7 {main}
CRITICAL - 2022-09-15 23:32:10 --> Undefined variable $data
#0 D:\kumo\app\Models\HomeModel.php(626): CodeIgniter\Debug\Exceptions->errorHandler(2, 'Undefined varia...', 'D:\\kumo\\app\\Mod...', 626)
#1 D:\kumo\app\Controllers\Home.php(104): App\Models\HomeModel->applycoupon(Array)
#2 D:\kumo\system\CodeIgniter.php(832): App\Controllers\Home->applycoupon()
#3 D:\kumo\system\CodeIgniter.php(419): CodeIgniter\CodeIgniter->runController(Object(App\Controllers\Home))
#4 D:\kumo\system\CodeIgniter.php(326): CodeIgniter\CodeIgniter->handleRequest(NULL, Object(Config\Cache), false)
#5 D:\kumo\public\index.php(37): CodeIgniter\CodeIgniter->run()
#6 D:\kumo\system\Commands\Server\rewrite.php(43): require_once('D:\\kumo\\public\\...')
#7 {main}
CRITICAL - 2022-09-15 23:32:36 --> Undefined variable $value
#0 D:\kumo\app\Models\HomeModel.php(627): CodeIgniter\Debug\Exceptions->errorHandler(2, 'Undefined varia...', 'D:\\kumo\\app\\Mod...', 627)
#1 D:\kumo\app\Controllers\Home.php(104): App\Models\HomeModel->applycoupon(Array)
#2 D:\kumo\system\CodeIgniter.php(832): App\Controllers\Home->applycoupon()
#3 D:\kumo\system\CodeIgniter.php(419): CodeIgniter\CodeIgniter->runController(Object(App\Controllers\Home))
#4 D:\kumo\system\CodeIgniter.php(326): CodeIgniter\CodeIgniter->handleRequest(NULL, Object(Config\Cache), false)
#5 D:\kumo\public\index.php(37): CodeIgniter\CodeIgniter->run()
#6 D:\kumo\system\Commands\Server\rewrite.php(43): require_once('D:\\kumo\\public\\...')
#7 {main}
