CRITICAL - 2022-09-17 01:55:04 --> Undefined variable $row
#0 D:\kumo\app\Views\myorder.php(90): CodeIgniter\Debug\Exceptions->errorHandler(2, 'Undefined varia...', 'D:\\kumo\\app\\Vie...', 90)
#1 D:\kumo\system\View\View.php(210): include('D:\\kumo\\app\\Vie...')
#2 D:\kumo\system\View\View.php(213): CodeIgniter\View\View->CodeIgniter\View\{closure}()
#3 D:\kumo\system\Common.php(1089): CodeIgniter\View\View->render('myorder', Array, true)
#4 D:\kumo\app\Controllers\Home.php(216): view('myorder', Array)
#5 D:\kumo\system\CodeIgniter.php(832): App\Controllers\Home->order()
#6 D:\kumo\system\CodeIgniter.php(419): CodeIgniter\CodeIgniter->runController(Object(App\Controllers\Home))
#7 D:\kumo\system\CodeIgniter.php(326): CodeIgniter\CodeIgniter->handleRequest(NULL, Object(Config\Cache), false)
#8 D:\kumo\public\index.php(37): CodeIgniter\CodeIgniter->run()
#9 D:\kumo\system\Commands\Server\rewrite.php(43): require_once('D:\\kumo\\public\\...')
#10 {main}
CRITICAL - 2022-09-17 01:55:05 --> Undefined variable $row
#0 D:\kumo\app\Views\myorder.php(90): CodeIgniter\Debug\Exceptions->errorHandler(2, 'Undefined varia...', 'D:\\kumo\\app\\Vie...', 90)
#1 D:\kumo\system\View\View.php(210): include('D:\\kumo\\app\\Vie...')
#2 D:\kumo\system\View\View.php(213): CodeIgniter\View\View->CodeIgniter\View\{closure}()
#3 D:\kumo\system\Common.php(1089): CodeIgniter\View\View->render('myorder', Array, true)
#4 D:\kumo\app\Controllers\Home.php(216): view('myorder', Array)
#5 D:\kumo\system\CodeIgniter.php(832): App\Controllers\Home->order()
#6 D:\kumo\system\CodeIgniter.php(419): CodeIgniter\CodeIgniter->runController(Object(App\Controllers\Home))
#7 D:\kumo\system\CodeIgniter.php(326): CodeIgniter\CodeIgniter->handleRequest(NULL, Object(Config\Cache), false)
#8 D:\kumo\public\index.php(37): CodeIgniter\CodeIgniter->run()
#9 D:\kumo\system\Commands\Server\rewrite.php(43): require_once('D:\\kumo\\public\\...')
#10 {main}
CRITICAL - 2022-09-17 01:56:15 --> Undefined array key "order_id"
#0 D:\kumo\app\Views\myorder.php(45): CodeIgniter\Debug\Exceptions->errorHandler(2, 'Undefined array...', 'D:\\kumo\\app\\Vie...', 45)
#1 D:\kumo\system\View\View.php(210): include('D:\\kumo\\app\\Vie...')
#2 D:\kumo\system\View\View.php(213): CodeIgniter\View\View->CodeIgniter\View\{closure}()
#3 D:\kumo\system\Common.php(1089): CodeIgniter\View\View->render('myorder', Array, true)
#4 D:\kumo\app\Controllers\Home.php(216): view('myorder', Array)
#5 D:\kumo\system\CodeIgniter.php(832): App\Controllers\Home->order()
#6 D:\kumo\system\CodeIgniter.php(419): CodeIgniter\CodeIgniter->runController(Object(App\Controllers\Home))
#7 D:\kumo\system\CodeIgniter.php(326): CodeIgniter\CodeIgniter->handleRequest(NULL, Object(Config\Cache), false)
#8 D:\kumo\public\index.php(37): CodeIgniter\CodeIgniter->run()
#9 D:\kumo\system\Commands\Server\rewrite.php(43): require_once('D:\\kumo\\public\\...')
#10 {main}
CRITICAL - 2022-09-17 01:57:07 --> Undefined array key "order_id"
#0 D:\kumo\app\Views\myorder.php(45): CodeIgniter\Debug\Exceptions->errorHandler(2, 'Undefined array...', 'D:\\kumo\\app\\Vie...', 45)
#1 D:\kumo\system\View\View.php(210): include('D:\\kumo\\app\\Vie...')
#2 D:\kumo\system\View\View.php(213): CodeIgniter\View\View->CodeIgniter\View\{closure}()
#3 D:\kumo\system\Common.php(1089): CodeIgniter\View\View->render('myorder', Array, true)
#4 D:\kumo\app\Controllers\Home.php(216): view('myorder', Array)
#5 D:\kumo\system\CodeIgniter.php(832): App\Controllers\Home->order()
#6 D:\kumo\system\CodeIgniter.php(419): CodeIgniter\CodeIgniter->runController(Object(App\Controllers\Home))
#7 D:\kumo\system\CodeIgniter.php(326): CodeIgniter\CodeIgniter->handleRequest(NULL, Object(Config\Cache), false)
#8 D:\kumo\public\index.php(37): CodeIgniter\CodeIgniter->run()
#9 D:\kumo\system\Commands\Server\rewrite.php(43): require_once('D:\\kumo\\public\\...')
#10 {main}
CRITICAL - 2022-09-17 01:57:15 --> Undefined array key "total_payment"
#0 D:\kumo\app\Views\myorder.php(90): CodeIgniter\Debug\Exceptions->errorHandler(2, 'Undefined array...', 'D:\\kumo\\app\\Vie...', 90)
#1 D:\kumo\system\View\View.php(210): include('D:\\kumo\\app\\Vie...')
#2 D:\kumo\system\View\View.php(213): CodeIgniter\View\View->CodeIgniter\View\{closure}()
#3 D:\kumo\system\Common.php(1089): CodeIgniter\View\View->render('myorder', Array, true)
#4 D:\kumo\app\Controllers\Home.php(216): view('myorder', Array)
#5 D:\kumo\system\CodeIgniter.php(832): App\Controllers\Home->order()
#6 D:\kumo\system\CodeIgniter.php(419): CodeIgniter\CodeIgniter->runController(Object(App\Controllers\Home))
#7 D:\kumo\system\CodeIgniter.php(326): CodeIgniter\CodeIgniter->handleRequest(NULL, Object(Config\Cache), false)
#8 D:\kumo\public\index.php(37): CodeIgniter\CodeIgniter->run()
#9 D:\kumo\system\Commands\Server\rewrite.php(43): require_once('D:\\kumo\\public\\...')
#10 {main}
CRITICAL - 2022-09-17 02:06:27 --> You must set the database table to be used with your query.
#0 D:\kumo\system\Model.php(545): CodeIgniter\Database\BaseConnection->table(NULL)
#1 D:\kumo\system\Model.php(722): CodeIgniter\Model->builder()
#2 D:\kumo\app\Controllers\Home.php(223): CodeIgniter\Model->__call('get_data', Array)
#3 D:\kumo\system\CodeIgniter.php(832): App\Controllers\Home->orderview()
#4 D:\kumo\system\CodeIgniter.php(419): CodeIgniter\CodeIgniter->runController(Object(App\Controllers\Home))
#5 D:\kumo\system\CodeIgniter.php(326): CodeIgniter\CodeIgniter->handleRequest(NULL, Object(Config\Cache), false)
#6 D:\kumo\public\index.php(37): CodeIgniter\CodeIgniter->run()
#7 D:\kumo\system\Commands\Server\rewrite.php(43): require_once('D:\\kumo\\public\\...')
#8 {main}
CRITICAL - 2022-09-17 02:09:22 --> Undefined array key "order_id"
#0 D:\kumo\app\Views\myorder.php(86): CodeIgniter\Debug\Exceptions->errorHandler(2, 'Undefined array...', 'D:\\kumo\\app\\Vie...', 86)
#1 D:\kumo\system\View\View.php(210): include('D:\\kumo\\app\\Vie...')
#2 D:\kumo\system\View\View.php(213): CodeIgniter\View\View->CodeIgniter\View\{closure}()
#3 D:\kumo\system\Common.php(1089): CodeIgniter\View\View->render('myorder', Array, true)
#4 D:\kumo\app\Controllers\Home.php(216): view('myorder', Array)
#5 D:\kumo\system\CodeIgniter.php(832): App\Controllers\Home->order()
#6 D:\kumo\system\CodeIgniter.php(419): CodeIgniter\CodeIgniter->runController(Object(App\Controllers\Home))
#7 D:\kumo\system\CodeIgniter.php(326): CodeIgniter\CodeIgniter->handleRequest(NULL, Object(Config\Cache), false)
#8 D:\kumo\public\index.php(37): CodeIgniter\CodeIgniter->run()
#9 D:\kumo\system\Commands\Server\rewrite.php(43): require_once('D:\\kumo\\public\\...')
#10 {main}
CRITICAL - 2022-09-17 02:09:24 --> Undefined array key "order_id"
#0 D:\kumo\app\Views\myorder.php(86): CodeIgniter\Debug\Exceptions->errorHandler(2, 'Undefined array...', 'D:\\kumo\\app\\Vie...', 86)
#1 D:\kumo\system\View\View.php(210): include('D:\\kumo\\app\\Vie...')
#2 D:\kumo\system\View\View.php(213): CodeIgniter\View\View->CodeIgniter\View\{closure}()
#3 D:\kumo\system\Common.php(1089): CodeIgniter\View\View->render('myorder', Array, true)
#4 D:\kumo\app\Controllers\Home.php(216): view('myorder', Array)
#5 D:\kumo\system\CodeIgniter.php(832): App\Controllers\Home->order()
#6 D:\kumo\system\CodeIgniter.php(419): CodeIgniter\CodeIgniter->runController(Object(App\Controllers\Home))
#7 D:\kumo\system\CodeIgniter.php(326): CodeIgniter\CodeIgniter->handleRequest(NULL, Object(Config\Cache), false)
#8 D:\kumo\public\index.php(37): CodeIgniter\CodeIgniter->run()
#9 D:\kumo\system\Commands\Server\rewrite.php(43): require_once('D:\\kumo\\public\\...')
#10 {main}
CRITICAL - 2022-09-17 02:13:22 --> You must set the database table to be used with your query.
#0 D:\kumo\system\Model.php(545): CodeIgniter\Database\BaseConnection->table(NULL)
#1 D:\kumo\system\Model.php(722): CodeIgniter\Model->builder()
#2 D:\kumo\app\Controllers\Home.php(223): CodeIgniter\Model->__call('get_data', Array)
#3 D:\kumo\system\CodeIgniter.php(832): App\Controllers\Home->orderview('1')
#4 D:\kumo\system\CodeIgniter.php(419): CodeIgniter\CodeIgniter->runController(Object(App\Controllers\Home))
#5 D:\kumo\system\CodeIgniter.php(326): CodeIgniter\CodeIgniter->handleRequest(NULL, Object(Config\Cache), false)
#6 D:\kumo\public\index.php(37): CodeIgniter\CodeIgniter->run()
#7 D:\kumo\system\Commands\Server\rewrite.php(43): require_once('D:\\kumo\\public\\...')
#8 {main}
CRITICAL - 2022-09-17 02:13:49 --> Undefined variable $order_detail2
#0 D:\kumo\app\Models\HomeModel.php(430): CodeIgniter\Debug\Exceptions->errorHandler(2, 'Undefined varia...', 'D:\\kumo\\app\\Mod...', 430)
#1 D:\kumo\app\Controllers\Home.php(223): App\Models\HomeModel->get_order_details('1')
#2 D:\kumo\system\CodeIgniter.php(832): App\Controllers\Home->orderview('1')
#3 D:\kumo\system\CodeIgniter.php(419): CodeIgniter\CodeIgniter->runController(Object(App\Controllers\Home))
#4 D:\kumo\system\CodeIgniter.php(326): CodeIgniter\CodeIgniter->handleRequest(NULL, Object(Config\Cache), false)
#5 D:\kumo\public\index.php(37): CodeIgniter\CodeIgniter->run()
#6 D:\kumo\system\Commands\Server\rewrite.php(43): require_once('D:\\kumo\\public\\...')
#7 {main}
CRITICAL - 2022-09-17 02:14:12 --> Undefined variable $order_detail2
#0 D:\kumo\app\Models\HomeModel.php(430): CodeIgniter\Debug\Exceptions->errorHandler(2, 'Undefined varia...', 'D:\\kumo\\app\\Mod...', 430)
#1 D:\kumo\app\Controllers\Home.php(223): App\Models\HomeModel->get_order_details('1')
#2 D:\kumo\system\CodeIgniter.php(832): App\Controllers\Home->orderview('1')
#3 D:\kumo\system\CodeIgniter.php(419): CodeIgniter\CodeIgniter->runController(Object(App\Controllers\Home))
#4 D:\kumo\system\CodeIgniter.php(326): CodeIgniter\CodeIgniter->handleRequest(NULL, Object(Config\Cache), false)
#5 D:\kumo\public\index.php(37): CodeIgniter\CodeIgniter->run()
#6 D:\kumo\system\Commands\Server\rewrite.php(43): require_once('D:\\kumo\\public\\...')
#7 {main}
CRITICAL - 2022-09-17 02:14:13 --> Undefined variable $order_detail2
#0 D:\kumo\app\Models\HomeModel.php(430): CodeIgniter\Debug\Exceptions->errorHandler(2, 'Undefined varia...', 'D:\\kumo\\app\\Mod...', 430)
#1 D:\kumo\app\Controllers\Home.php(223): App\Models\HomeModel->get_order_details('1')
#2 D:\kumo\system\CodeIgniter.php(832): App\Controllers\Home->orderview('1')
#3 D:\kumo\system\CodeIgniter.php(419): CodeIgniter\CodeIgniter->runController(Object(App\Controllers\Home))
#4 D:\kumo\system\CodeIgniter.php(326): CodeIgniter\CodeIgniter->handleRequest(NULL, Object(Config\Cache), false)
#5 D:\kumo\public\index.php(37): CodeIgniter\CodeIgniter->run()
#6 D:\kumo\system\Commands\Server\rewrite.php(43): require_once('D:\\kumo\\public\\...')
#7 {main}
CRITICAL - 2022-09-17 02:21:13 --> Invalid file: Hello.php
#0 D:\kumo\system\View\View.php(198): CodeIgniter\Exceptions\FrameworkException::forInvalidFile('Hello.php')
#1 D:\kumo\system\Common.php(1089): CodeIgniter\View\View->render('Hello', Array, true)
#2 D:\kumo\app\Controllers\admin\Home.php(142): view('Hello')
#3 D:\kumo\system\CodeIgniter.php(832): App\Controllers\admin\Home->invoice()
#4 D:\kumo\system\CodeIgniter.php(419): CodeIgniter\CodeIgniter->runController(Object(App\Controllers\admin\Home))
#5 D:\kumo\system\CodeIgniter.php(326): CodeIgniter\CodeIgniter->handleRequest(NULL, Object(Config\Cache), false)
#6 D:\kumo\public\index.php(37): CodeIgniter\CodeIgniter->run()
#7 D:\kumo\system\Commands\Server\rewrite.php(43): require_once('D:\\kumo\\public\\...')
#8 {main}
CRITICAL - 2022-09-17 02:30:11 --> Invalid file: Hello.php
#0 D:\kumo\system\View\View.php(198): CodeIgniter\Exceptions\FrameworkException::forInvalidFile('Hello.php')
#1 D:\kumo\system\Common.php(1089): CodeIgniter\View\View->render('Hello', Array, true)
#2 D:\kumo\app\Controllers\Home.php(231): view('Hello')
#3 D:\kumo\system\CodeIgniter.php(832): App\Controllers\Home->invoice('1')
#4 D:\kumo\system\CodeIgniter.php(419): CodeIgniter\CodeIgniter->runController(Object(App\Controllers\Home))
#5 D:\kumo\system\CodeIgniter.php(326): CodeIgniter\CodeIgniter->handleRequest(NULL, Object(Config\Cache), false)
#6 D:\kumo\public\index.php(37): CodeIgniter\CodeIgniter->run()
#7 D:\kumo\system\Commands\Server\rewrite.php(43): require_once('D:\\kumo\\public\\...')
#8 {main}
ERROR - 2022-09-17 02:33:28 --> Unknown column 'brand_name' in 'where clause'
CRITICAL - 2022-09-17 02:33:28 --> Unknown column 'brand_name' in 'where clause'
#0 D:\kumo\system\Database\MySQLi\Connection.php(292): mysqli->query('SELECT *\nFROM `...', 0)
#1 D:\kumo\system\Database\BaseConnection.php(670): CodeIgniter\Database\MySQLi\Connection->execute('SELECT *\nFROM `...')
#2 D:\kumo\system\Database\BaseConnection.php(598): CodeIgniter\Database\BaseConnection->simpleQuery('SELECT *\nFROM `...')
#3 D:\kumo\system\Database\BaseBuilder.php(1455): CodeIgniter\Database\BaseConnection->query('SELECT *\nFROM `...', Array, false)
#4 D:\kumo\app\Models\HomeModel.php(715): CodeIgniter\Database\BaseBuilder->get()
#5 D:\kumo\app\Controllers\Home.php(96): App\Models\HomeModel->get_related_product('1')
#6 D:\kumo\system\CodeIgniter.php(832): App\Controllers\Home->productdetail('1')
#7 D:\kumo\system\CodeIgniter.php(419): CodeIgniter\CodeIgniter->runController(Object(App\Controllers\Home))
#8 D:\kumo\system\CodeIgniter.php(326): CodeIgniter\CodeIgniter->handleRequest(NULL, Object(Config\Cache), false)
#9 D:\kumo\public\index.php(37): CodeIgniter\CodeIgniter->run()
#10 D:\kumo\system\Commands\Server\rewrite.php(43): require_once('D:\\kumo\\public\\...')
#11 {main}
ERROR - 2022-09-17 02:33:31 --> Unknown column 'brand_name' in 'where clause'
CRITICAL - 2022-09-17 02:33:31 --> Unknown column 'brand_name' in 'where clause'
#0 D:\kumo\system\Database\MySQLi\Connection.php(292): mysqli->query('SELECT *\nFROM `...', 0)
#1 D:\kumo\system\Database\BaseConnection.php(670): CodeIgniter\Database\MySQLi\Connection->execute('SELECT *\nFROM `...')
#2 D:\kumo\system\Database\BaseConnection.php(598): CodeIgniter\Database\BaseConnection->simpleQuery('SELECT *\nFROM `...')
#3 D:\kumo\system\Database\BaseBuilder.php(1455): CodeIgniter\Database\BaseConnection->query('SELECT *\nFROM `...', Array, false)
#4 D:\kumo\app\Models\HomeModel.php(715): CodeIgniter\Database\BaseBuilder->get()
#5 D:\kumo\app\Controllers\Home.php(96): App\Models\HomeModel->get_related_product('1')
#6 D:\kumo\system\CodeIgniter.php(832): App\Controllers\Home->productdetail('1')
#7 D:\kumo\system\CodeIgniter.php(419): CodeIgniter\CodeIgniter->runController(Object(App\Controllers\Home))
#8 D:\kumo\system\CodeIgniter.php(326): CodeIgniter\CodeIgniter->handleRequest(NULL, Object(Config\Cache), false)
#9 D:\kumo\public\index.php(37): CodeIgniter\CodeIgniter->run()
#10 D:\kumo\system\Commands\Server\rewrite.php(43): require_once('D:\\kumo\\public\\...')
#11 {main}
ERROR - 2022-09-17 02:33:42 --> Unknown column 'brand_name' in 'where clause'
CRITICAL - 2022-09-17 02:33:42 --> Unknown column 'brand_name' in 'where clause'
#0 D:\kumo\system\Database\MySQLi\Connection.php(292): mysqli->query('SELECT *\nFROM `...', 0)
#1 D:\kumo\system\Database\BaseConnection.php(670): CodeIgniter\Database\MySQLi\Connection->execute('SELECT *\nFROM `...')
#2 D:\kumo\system\Database\BaseConnection.php(598): CodeIgniter\Database\BaseConnection->simpleQuery('SELECT *\nFROM `...')
#3 D:\kumo\system\Database\BaseBuilder.php(1455): CodeIgniter\Database\BaseConnection->query('SELECT *\nFROM `...', Array, false)
#4 D:\kumo\app\Models\HomeModel.php(715): CodeIgniter\Database\BaseBuilder->get()
#5 D:\kumo\app\Controllers\Home.php(96): App\Models\HomeModel->get_related_product('1')
#6 D:\kumo\system\CodeIgniter.php(832): App\Controllers\Home->productdetail('1')
#7 D:\kumo\system\CodeIgniter.php(419): CodeIgniter\CodeIgniter->runController(Object(App\Controllers\Home))
#8 D:\kumo\system\CodeIgniter.php(326): CodeIgniter\CodeIgniter->handleRequest(NULL, Object(Config\Cache), false)
#9 D:\kumo\public\index.php(37): CodeIgniter\CodeIgniter->run()
#10 D:\kumo\system\Commands\Server\rewrite.php(43): require_once('D:\\kumo\\public\\...')
#11 {main}
CRITICAL - 2022-09-17 03:07:32 --> Undefined array key "type"
#0 D:\kumo\app\Models\HomeModel.php(926): CodeIgniter\Debug\Exceptions->errorHandler(2, 'Undefined array...', 'D:\\kumo\\app\\Mod...', 926)
#1 D:\kumo\app\Controllers\Home.php(323): App\Models\HomeModel->UpdateData(Array)
#2 D:\kumo\system\CodeIgniter.php(832): App\Controllers\Home->Action('Update')
#3 D:\kumo\system\CodeIgniter.php(419): CodeIgniter\CodeIgniter->runController(Object(App\Controllers\Home))
#4 D:\kumo\system\CodeIgniter.php(326): CodeIgniter\CodeIgniter->handleRequest(NULL, Object(Config\Cache), false)
#5 D:\kumo\public\index.php(37): CodeIgniter\CodeIgniter->run()
#6 D:\kumo\system\Commands\Server\rewrite.php(43): require_once('D:\\kumo\\public\\...')
#7 {main}
CRITICAL - 2022-09-17 03:44:24 --> count(): Argument #1 ($value) must be of type Countable|array, null given
#0 D:\kumo\system\View\View.php(210): include()
#1 D:\kumo\system\View\View.php(213): CodeIgniter\View\View->CodeIgniter\View\{closure}()
#2 D:\kumo\system\Common.php(1089): CodeIgniter\View\View->render('invoice', Array, true)
#3 D:\kumo\app\Controllers\Test.php(246): view('invoice')
#4 D:\kumo\system\CodeIgniter.php(832): App\Controllers\Test->invoice()
#5 D:\kumo\system\CodeIgniter.php(419): CodeIgniter\CodeIgniter->runController(Object(App\Controllers\Test))
#6 D:\kumo\system\CodeIgniter.php(326): CodeIgniter\CodeIgniter->handleRequest(NULL, Object(Config\Cache), false)
#7 D:\kumo\public\index.php(37): CodeIgniter\CodeIgniter->run()
#8 D:\kumo\system\Commands\Server\rewrite.php(43): require_once('D:\\kumo\\public\\...')
#9 {main}
CRITICAL - 2022-09-17 03:45:17 --> count(): Argument #1 ($value) must be of type Countable|array, null given
#0 D:\kumo\system\View\View.php(210): include()
#1 D:\kumo\system\View\View.php(213): CodeIgniter\View\View->CodeIgniter\View\{closure}()
#2 D:\kumo\system\Common.php(1089): CodeIgniter\View\View->render('invoice', Array, true)
#3 D:\kumo\app\Controllers\Test.php(246): view('invoice')
#4 D:\kumo\system\CodeIgniter.php(832): App\Controllers\Test->invoice()
#5 D:\kumo\system\CodeIgniter.php(419): CodeIgniter\CodeIgniter->runController(Object(App\Controllers\Test))
#6 D:\kumo\system\CodeIgniter.php(326): CodeIgniter\CodeIgniter->handleRequest(NULL, Object(Config\Cache), false)
#7 D:\kumo\public\index.php(37): CodeIgniter\CodeIgniter->run()
#8 D:\kumo\system\Commands\Server\rewrite.php(43): require_once('D:\\kumo\\public\\...')
#9 {main}
CRITICAL - 2022-09-17 03:45:37 --> count(): Argument #1 ($value) must be of type Countable|array, null given
#0 D:\kumo\system\View\View.php(210): include()
#1 D:\kumo\system\View\View.php(213): CodeIgniter\View\View->CodeIgniter\View\{closure}()
#2 D:\kumo\system\Common.php(1089): CodeIgniter\View\View->render('invoice', Array, true)
#3 D:\kumo\app\Controllers\Test.php(246): view('invoice')
#4 D:\kumo\system\CodeIgniter.php(832): App\Controllers\Test->invoice()
#5 D:\kumo\system\CodeIgniter.php(419): CodeIgniter\CodeIgniter->runController(Object(App\Controllers\Test))
#6 D:\kumo\system\CodeIgniter.php(326): CodeIgniter\CodeIgniter->handleRequest(NULL, Object(Config\Cache), false)
#7 D:\kumo\public\index.php(37): CodeIgniter\CodeIgniter->run()
#8 D:\kumo\system\Commands\Server\rewrite.php(43): require_once('D:\\kumo\\public\\...')
#9 {main}
CRITICAL - 2022-09-17 03:45:45 --> count(): Argument #1 ($value) must be of type Countable|array, null given
#0 D:\kumo\system\View\View.php(210): include()
#1 D:\kumo\system\View\View.php(213): CodeIgniter\View\View->CodeIgniter\View\{closure}()
#2 D:\kumo\system\Common.php(1089): CodeIgniter\View\View->render('invoice', Array, true)
#3 D:\kumo\app\Controllers\Test.php(246): view('invoice')
#4 D:\kumo\system\CodeIgniter.php(832): App\Controllers\Test->invoice()
#5 D:\kumo\system\CodeIgniter.php(419): CodeIgniter\CodeIgniter->runController(Object(App\Controllers\Test))
#6 D:\kumo\system\CodeIgniter.php(326): CodeIgniter\CodeIgniter->handleRequest(NULL, Object(Config\Cache), false)
#7 D:\kumo\public\index.php(37): CodeIgniter\CodeIgniter->run()
#8 D:\kumo\system\Commands\Server\rewrite.php(43): require_once('D:\\kumo\\public\\...')
#9 {main}
CRITICAL - 2022-09-17 03:47:37 --> count(): Argument #1 ($value) must be of type Countable|array, null given
#0 D:\kumo\system\View\View.php(210): include()
#1 D:\kumo\system\View\View.php(213): CodeIgniter\View\View->CodeIgniter\View\{closure}()
#2 D:\kumo\system\Common.php(1089): CodeIgniter\View\View->render('invoice', Array, true)
#3 D:\kumo\app\Controllers\Test.php(246): view('invoice')
#4 D:\kumo\system\CodeIgniter.php(832): App\Controllers\Test->invoice()
#5 D:\kumo\system\CodeIgniter.php(419): CodeIgniter\CodeIgniter->runController(Object(App\Controllers\Test))
#6 D:\kumo\system\CodeIgniter.php(326): CodeIgniter\CodeIgniter->handleRequest(NULL, Object(Config\Cache), false)
#7 D:\kumo\public\index.php(37): CodeIgniter\CodeIgniter->run()
#8 D:\kumo\system\Commands\Server\rewrite.php(43): require_once('D:\\kumo\\public\\...')
#9 {main}
CRITICAL - 2022-09-17 03:49:13 --> count(): Argument #1 ($value) must be of type Countable|array, null given
#0 D:\kumo\system\View\View.php(210): include()
#1 D:\kumo\system\View\View.php(213): CodeIgniter\View\View->CodeIgniter\View\{closure}()
#2 D:\kumo\system\Common.php(1089): CodeIgniter\View\View->render('invoice', Array, true)
#3 D:\kumo\app\Controllers\Test.php(246): view('invoice')
#4 D:\kumo\system\CodeIgniter.php(832): App\Controllers\Test->invoice()
#5 D:\kumo\system\CodeIgniter.php(419): CodeIgniter\CodeIgniter->runController(Object(App\Controllers\Test))
#6 D:\kumo\system\CodeIgniter.php(326): CodeIgniter\CodeIgniter->handleRequest(NULL, Object(Config\Cache), false)
#7 D:\kumo\public\index.php(37): CodeIgniter\CodeIgniter->run()
#8 D:\kumo\system\Commands\Server\rewrite.php(43): require_once('D:\\kumo\\public\\...')
#9 {main}
CRITICAL - 2022-09-17 03:49:41 --> count(): Argument #1 ($value) must be of type Countable|array, null given
#0 D:\kumo\system\View\View.php(210): include()
#1 D:\kumo\system\View\View.php(213): CodeIgniter\View\View->CodeIgniter\View\{closure}()
#2 D:\kumo\system\Common.php(1089): CodeIgniter\View\View->render('invoice', Array, true)
#3 D:\kumo\app\Controllers\Test.php(246): view('invoice')
#4 D:\kumo\system\CodeIgniter.php(832): App\Controllers\Test->invoice()
#5 D:\kumo\system\CodeIgniter.php(419): CodeIgniter\CodeIgniter->runController(Object(App\Controllers\Test))
#6 D:\kumo\system\CodeIgniter.php(326): CodeIgniter\CodeIgniter->handleRequest(NULL, Object(Config\Cache), false)
#7 D:\kumo\public\index.php(37): CodeIgniter\CodeIgniter->run()
#8 D:\kumo\system\Commands\Server\rewrite.php(43): require_once('D:\\kumo\\public\\...')
#9 {main}
CRITICAL - 2022-09-17 03:49:53 --> Too few arguments to function App\Controllers\Home::invoice(), 0 passed in D:\kumo\system\CodeIgniter.php on line 832 and exactly 1 expected
#0 D:\kumo\system\CodeIgniter.php(832): App\Controllers\Home->invoice()
#1 D:\kumo\system\CodeIgniter.php(419): CodeIgniter\CodeIgniter->runController(Object(App\Controllers\Home))
#2 D:\kumo\system\CodeIgniter.php(326): CodeIgniter\CodeIgniter->handleRequest(NULL, Object(Config\Cache), false)
#3 D:\kumo\public\index.php(37): CodeIgniter\CodeIgniter->run()
#4 D:\kumo\system\Commands\Server\rewrite.php(43): require_once('D:\\kumo\\public\\...')
#5 {main}
CRITICAL - 2022-09-17 03:49:55 --> Too few arguments to function App\Controllers\Home::invoice(), 0 passed in D:\kumo\system\CodeIgniter.php on line 832 and exactly 1 expected
#0 D:\kumo\system\CodeIgniter.php(832): App\Controllers\Home->invoice()
#1 D:\kumo\system\CodeIgniter.php(419): CodeIgniter\CodeIgniter->runController(Object(App\Controllers\Home))
#2 D:\kumo\system\CodeIgniter.php(326): CodeIgniter\CodeIgniter->handleRequest(NULL, Object(Config\Cache), false)
#3 D:\kumo\public\index.php(37): CodeIgniter\CodeIgniter->run()
#4 D:\kumo\system\Commands\Server\rewrite.php(43): require_once('D:\\kumo\\public\\...')
#5 {main}
CRITICAL - 2022-09-17 03:50:21 --> Too few arguments to function App\Controllers\Home::invoice(), 0 passed in D:\kumo\system\CodeIgniter.php on line 832 and exactly 1 expected
#0 D:\kumo\system\CodeIgniter.php(832): App\Controllers\Home->invoice()
#1 D:\kumo\system\CodeIgniter.php(419): CodeIgniter\CodeIgniter->runController(Object(App\Controllers\Home))
#2 D:\kumo\system\CodeIgniter.php(326): CodeIgniter\CodeIgniter->handleRequest(NULL, Object(Config\Cache), false)
#3 D:\kumo\public\index.php(37): CodeIgniter\CodeIgniter->run()
#4 D:\kumo\system\Commands\Server\rewrite.php(43): require_once('D:\\kumo\\public\\...')
#5 {main}
CRITICAL - 2022-09-17 03:50:22 --> Too few arguments to function App\Controllers\Home::invoice(), 0 passed in D:\kumo\system\CodeIgniter.php on line 832 and exactly 1 expected
#0 D:\kumo\system\CodeIgniter.php(832): App\Controllers\Home->invoice()
#1 D:\kumo\system\CodeIgniter.php(419): CodeIgniter\CodeIgniter->runController(Object(App\Controllers\Home))
#2 D:\kumo\system\CodeIgniter.php(326): CodeIgniter\CodeIgniter->handleRequest(NULL, Object(Config\Cache), false)
#3 D:\kumo\public\index.php(37): CodeIgniter\CodeIgniter->run()
#4 D:\kumo\system\Commands\Server\rewrite.php(43): require_once('D:\\kumo\\public\\...')
#5 {main}
CRITICAL - 2022-09-17 03:50:33 --> Too few arguments to function App\Controllers\Home::invoice(), 0 passed in D:\kumo\system\CodeIgniter.php on line 832 and exactly 1 expected
#0 D:\kumo\system\CodeIgniter.php(832): App\Controllers\Home->invoice()
#1 D:\kumo\system\CodeIgniter.php(419): CodeIgniter\CodeIgniter->runController(Object(App\Controllers\Home))
#2 D:\kumo\system\CodeIgniter.php(326): CodeIgniter\CodeIgniter->handleRequest(NULL, Object(Config\Cache), false)
#3 D:\kumo\public\index.php(37): CodeIgniter\CodeIgniter->run()
#4 D:\kumo\system\Commands\Server\rewrite.php(43): require_once('D:\\kumo\\public\\...')
#5 {main}
CRITICAL - 2022-09-17 03:50:34 --> Too few arguments to function App\Controllers\Home::invoice(), 0 passed in D:\kumo\system\CodeIgniter.php on line 832 and exactly 1 expected
#0 D:\kumo\system\CodeIgniter.php(832): App\Controllers\Home->invoice()
#1 D:\kumo\system\CodeIgniter.php(419): CodeIgniter\CodeIgniter->runController(Object(App\Controllers\Home))
#2 D:\kumo\system\CodeIgniter.php(326): CodeIgniter\CodeIgniter->handleRequest(NULL, Object(Config\Cache), false)
#3 D:\kumo\public\index.php(37): CodeIgniter\CodeIgniter->run()
#4 D:\kumo\system\Commands\Server\rewrite.php(43): require_once('D:\\kumo\\public\\...')
#5 {main}
CRITICAL - 2022-09-17 03:51:29 --> Too few arguments to function App\Controllers\Home::invoice(), 0 passed in D:\kumo\system\CodeIgniter.php on line 832 and exactly 1 expected
#0 D:\kumo\system\CodeIgniter.php(832): App\Controllers\Home->invoice()
#1 D:\kumo\system\CodeIgniter.php(419): CodeIgniter\CodeIgniter->runController(Object(App\Controllers\Home))
#2 D:\kumo\system\CodeIgniter.php(326): CodeIgniter\CodeIgniter->handleRequest(NULL, Object(Config\Cache), false)
#3 D:\kumo\public\index.php(37): CodeIgniter\CodeIgniter->run()
#4 D:\kumo\system\Commands\Server\rewrite.php(43): require_once('D:\\kumo\\public\\...')
#5 {main}
CRITICAL - 2022-09-17 03:51:29 --> Too few arguments to function App\Controllers\Home::invoice(), 0 passed in D:\kumo\system\CodeIgniter.php on line 832 and exactly 1 expected
#0 D:\kumo\system\CodeIgniter.php(832): App\Controllers\Home->invoice()
#1 D:\kumo\system\CodeIgniter.php(419): CodeIgniter\CodeIgniter->runController(Object(App\Controllers\Home))
#2 D:\kumo\system\CodeIgniter.php(326): CodeIgniter\CodeIgniter->handleRequest(NULL, Object(Config\Cache), false)
#3 D:\kumo\public\index.php(37): CodeIgniter\CodeIgniter->run()
#4 D:\kumo\system\Commands\Server\rewrite.php(43): require_once('D:\\kumo\\public\\...')
#5 {main}
CRITICAL - 2022-09-17 03:51:30 --> Too few arguments to function App\Controllers\Home::invoice(), 0 passed in D:\kumo\system\CodeIgniter.php on line 832 and exactly 1 expected
#0 D:\kumo\system\CodeIgniter.php(832): App\Controllers\Home->invoice()
#1 D:\kumo\system\CodeIgniter.php(419): CodeIgniter\CodeIgniter->runController(Object(App\Controllers\Home))
#2 D:\kumo\system\CodeIgniter.php(326): CodeIgniter\CodeIgniter->handleRequest(NULL, Object(Config\Cache), false)
#3 D:\kumo\public\index.php(37): CodeIgniter\CodeIgniter->run()
#4 D:\kumo\system\Commands\Server\rewrite.php(43): require_once('D:\\kumo\\public\\...')
#5 {main}
CRITICAL - 2022-09-17 03:51:45 --> Too few arguments to function App\Controllers\Home::invoice(), 0 passed in D:\kumo\system\CodeIgniter.php on line 832 and exactly 1 expected
#0 D:\kumo\system\CodeIgniter.php(832): App\Controllers\Home->invoice()
#1 D:\kumo\system\CodeIgniter.php(419): CodeIgniter\CodeIgniter->runController(Object(App\Controllers\Home))
#2 D:\kumo\system\CodeIgniter.php(326): CodeIgniter\CodeIgniter->handleRequest(NULL, Object(Config\Cache), false)
#3 D:\kumo\public\index.php(37): CodeIgniter\CodeIgniter->run()
#4 D:\kumo\system\Commands\Server\rewrite.php(43): require_once('D:\\kumo\\public\\...')
#5 {main}
CRITICAL - 2022-09-17 03:51:45 --> Too few arguments to function App\Controllers\Home::invoice(), 0 passed in D:\kumo\system\CodeIgniter.php on line 832 and exactly 1 expected
#0 D:\kumo\system\CodeIgniter.php(832): App\Controllers\Home->invoice()
#1 D:\kumo\system\CodeIgniter.php(419): CodeIgniter\CodeIgniter->runController(Object(App\Controllers\Home))
#2 D:\kumo\system\CodeIgniter.php(326): CodeIgniter\CodeIgniter->handleRequest(NULL, Object(Config\Cache), false)
#3 D:\kumo\public\index.php(37): CodeIgniter\CodeIgniter->run()
#4 D:\kumo\system\Commands\Server\rewrite.php(43): require_once('D:\\kumo\\public\\...')
#5 {main}
CRITICAL - 2022-09-17 03:51:46 --> Too few arguments to function App\Controllers\Home::invoice(), 0 passed in D:\kumo\system\CodeIgniter.php on line 832 and exactly 1 expected
#0 D:\kumo\system\CodeIgniter.php(832): App\Controllers\Home->invoice()
#1 D:\kumo\system\CodeIgniter.php(419): CodeIgniter\CodeIgniter->runController(Object(App\Controllers\Home))
#2 D:\kumo\system\CodeIgniter.php(326): CodeIgniter\CodeIgniter->handleRequest(NULL, Object(Config\Cache), false)
#3 D:\kumo\public\index.php(37): CodeIgniter\CodeIgniter->run()
#4 D:\kumo\system\Commands\Server\rewrite.php(43): require_once('D:\\kumo\\public\\...')
#5 {main}
CRITICAL - 2022-09-17 03:51:46 --> Too few arguments to function App\Controllers\Home::invoice(), 0 passed in D:\kumo\system\CodeIgniter.php on line 832 and exactly 1 expected
#0 D:\kumo\system\CodeIgniter.php(832): App\Controllers\Home->invoice()
#1 D:\kumo\system\CodeIgniter.php(419): CodeIgniter\CodeIgniter->runController(Object(App\Controllers\Home))
#2 D:\kumo\system\CodeIgniter.php(326): CodeIgniter\CodeIgniter->handleRequest(NULL, Object(Config\Cache), false)
#3 D:\kumo\public\index.php(37): CodeIgniter\CodeIgniter->run()
#4 D:\kumo\system\Commands\Server\rewrite.php(43): require_once('D:\\kumo\\public\\...')
#5 {main}
CRITICAL - 2022-09-17 03:51:46 --> Too few arguments to function App\Controllers\Home::invoice(), 0 passed in D:\kumo\system\CodeIgniter.php on line 832 and exactly 1 expected
#0 D:\kumo\system\CodeIgniter.php(832): App\Controllers\Home->invoice()
#1 D:\kumo\system\CodeIgniter.php(419): CodeIgniter\CodeIgniter->runController(Object(App\Controllers\Home))
#2 D:\kumo\system\CodeIgniter.php(326): CodeIgniter\CodeIgniter->handleRequest(NULL, Object(Config\Cache), false)
#3 D:\kumo\public\index.php(37): CodeIgniter\CodeIgniter->run()
#4 D:\kumo\system\Commands\Server\rewrite.php(43): require_once('D:\\kumo\\public\\...')
#5 {main}
CRITICAL - 2022-09-17 03:52:48 --> You must set the database table to be used with your query.
#0 D:\kumo\system\Model.php(545): CodeIgniter\Database\BaseConnection->table(NULL)
#1 D:\kumo\system\Model.php(722): CodeIgniter\Model->builder()
#2 D:\kumo\app\Controllers\Test.php(248): CodeIgniter\Model->__call('get_order_detai...', Array)
#3 D:\kumo\system\CodeIgniter.php(832): App\Controllers\Test->invoice()
#4 D:\kumo\system\CodeIgniter.php(419): CodeIgniter\CodeIgniter->runController(Object(App\Controllers\Test))
#5 D:\kumo\system\CodeIgniter.php(326): CodeIgniter\CodeIgniter->handleRequest(NULL, Object(Config\Cache), false)
#6 D:\kumo\public\index.php(37): CodeIgniter\CodeIgniter->run()
#7 D:\kumo\system\Commands\Server\rewrite.php(43): require_once('D:\\kumo\\public\\...')
#8 {main}
CRITICAL - 2022-09-17 03:54:31 --> You must set the database table to be used with your query.
#0 D:\kumo\system\Model.php(545): CodeIgniter\Database\BaseConnection->table(NULL)
#1 D:\kumo\system\Model.php(722): CodeIgniter\Model->builder()
#2 D:\kumo\app\Controllers\Test.php(248): CodeIgniter\Model->__call('get_order_detai...', Array)
#3 D:\kumo\system\CodeIgniter.php(832): App\Controllers\Test->invoice()
#4 D:\kumo\system\CodeIgniter.php(419): CodeIgniter\CodeIgniter->runController(Object(App\Controllers\Test))
#5 D:\kumo\system\CodeIgniter.php(326): CodeIgniter\CodeIgniter->handleRequest(NULL, Object(Config\Cache), false)
#6 D:\kumo\public\index.php(37): CodeIgniter\CodeIgniter->run()
#7 D:\kumo\system\Commands\Server\rewrite.php(43): require_once('D:\\kumo\\public\\...')
#8 {main}
CRITICAL - 2022-09-17 03:54:59 --> Too few arguments to function App\Controllers\Home::invoice(), 0 passed in D:\kumo\system\CodeIgniter.php on line 832 and exactly 1 expected
#0 D:\kumo\system\CodeIgniter.php(832): App\Controllers\Home->invoice()
#1 D:\kumo\system\CodeIgniter.php(419): CodeIgniter\CodeIgniter->runController(Object(App\Controllers\Home))
#2 D:\kumo\system\CodeIgniter.php(326): CodeIgniter\CodeIgniter->handleRequest(NULL, Object(Config\Cache), false)
#3 D:\kumo\public\index.php(37): CodeIgniter\CodeIgniter->run()
#4 D:\kumo\system\Commands\Server\rewrite.php(43): require_once('D:\\kumo\\public\\...')
#5 {main}
CRITICAL - 2022-09-17 03:55:01 --> Too few arguments to function App\Controllers\Home::invoice(), 0 passed in D:\kumo\system\CodeIgniter.php on line 832 and exactly 1 expected
#0 D:\kumo\system\CodeIgniter.php(832): App\Controllers\Home->invoice()
#1 D:\kumo\system\CodeIgniter.php(419): CodeIgniter\CodeIgniter->runController(Object(App\Controllers\Home))
#2 D:\kumo\system\CodeIgniter.php(326): CodeIgniter\CodeIgniter->handleRequest(NULL, Object(Config\Cache), false)
#3 D:\kumo\public\index.php(37): CodeIgniter\CodeIgniter->run()
#4 D:\kumo\system\Commands\Server\rewrite.php(43): require_once('D:\\kumo\\public\\...')
#5 {main}
