CRITICAL - 2022-08-05 01:55:01 --> Trying to access array offset on value of type null
#0 D:\Ecommerce\app\Models\HomeModel.php(585): CodeIgniter\Debug\Exceptions->errorHandler(2, 'Trying to acces...', 'D:\\Ecommerce\\ap...', 585)
#1 D:\Ecommerce\app\Controllers\Home.php(128): App\Models\HomeModel->get_product_data('img')
#2 D:\Ecommerce\system\CodeIgniter.php(832): App\Controllers\Home->productdetail('img', 'payments.png')
#3 D:\Ecommerce\system\CodeIgniter.php(419): CodeIgniter\CodeIgniter->runController(Object(App\Controllers\Home))
#4 D:\Ecommerce\system\CodeIgniter.php(326): CodeIgniter\CodeIgniter->handleRequest(NULL, Object(Config\Cache), false)
#5 D:\Ecommerce\public\index.php(37): CodeIgniter\CodeIgniter->run()
#6 D:\Ecommerce\system\Commands\Server\rewrite.php(43): require_once('D:\\Ecommerce\\pu...')
#7 {main}
CRITICAL - 2022-08-05 02:00:42 --> Trying to access array offset on value of type null
#0 D:\Ecommerce\app\Models\HomeModel.php(585): CodeIgniter\Debug\Exceptions->errorHandler(2, 'Trying to acces...', 'D:\\Ecommerce\\ap...', 585)
#1 D:\Ecommerce\app\Controllers\Home.php(128): App\Models\HomeModel->get_product_data('img')
#2 D:\Ecommerce\system\CodeIgniter.php(832): App\Controllers\Home->productdetail('img', 'payments.png')
#3 D:\Ecommerce\system\CodeIgniter.php(419): CodeIgniter\CodeIgniter->runController(Object(App\Controllers\Home))
#4 D:\Ecommerce\system\CodeIgniter.php(326): CodeIgniter\CodeIgniter->handleRequest(NULL, Object(Config\Cache), false)
#5 D:\Ecommerce\public\index.php(37): CodeIgniter\CodeIgniter->run()
#6 D:\Ecommerce\system\Commands\Server\rewrite.php(43): require_once('D:\\Ecommerce\\pu...')
#7 {main}
CRITICAL - 2022-08-05 02:02:10 --> Trying to access array offset on value of type null
#0 D:\Ecommerce\app\Models\HomeModel.php(585): CodeIgniter\Debug\Exceptions->errorHandler(2, 'Trying to acces...', 'D:\\Ecommerce\\ap...', 585)
#1 D:\Ecommerce\app\Controllers\Home.php(128): App\Models\HomeModel->get_product_data('img')
#2 D:\Ecommerce\system\CodeIgniter.php(832): App\Controllers\Home->productdetail('img', 'payments.png')
#3 D:\Ecommerce\system\CodeIgniter.php(419): CodeIgniter\CodeIgniter->runController(Object(App\Controllers\Home))
#4 D:\Ecommerce\system\CodeIgniter.php(326): CodeIgniter\CodeIgniter->handleRequest(NULL, Object(Config\Cache), false)
#5 D:\Ecommerce\public\index.php(37): CodeIgniter\CodeIgniter->run()
#6 D:\Ecommerce\system\Commands\Server\rewrite.php(43): require_once('D:\\Ecommerce\\pu...')
#7 {main}
CRITICAL - 2022-08-05 02:02:24 --> Trying to access array offset on value of type null
#0 D:\Ecommerce\app\Models\HomeModel.php(585): CodeIgniter\Debug\Exceptions->errorHandler(2, 'Trying to acces...', 'D:\\Ecommerce\\ap...', 585)
#1 D:\Ecommerce\app\Controllers\Home.php(128): App\Models\HomeModel->get_product_data('img')
#2 D:\Ecommerce\system\CodeIgniter.php(832): App\Controllers\Home->productdetail('img', 'payments.png')
#3 D:\Ecommerce\system\CodeIgniter.php(419): CodeIgniter\CodeIgniter->runController(Object(App\Controllers\Home))
#4 D:\Ecommerce\system\CodeIgniter.php(326): CodeIgniter\CodeIgniter->handleRequest(NULL, Object(Config\Cache), false)
#5 D:\Ecommerce\public\index.php(37): CodeIgniter\CodeIgniter->run()
#6 D:\Ecommerce\system\Commands\Server\rewrite.php(43): require_once('D:\\Ecommerce\\pu...')
#7 {main}
ERROR - 2022-08-05 04:09:34 --> Error connecting to the database: No connection could be made because the target machine actively refused it
CRITICAL - 2022-08-05 04:09:34 --> Unable to connect to the database.
Main connection [MySQLi]: No connection could be made because the target machine actively refused it
#0 D:\Ecommerce\system\Database\BaseConnection.php(577): CodeIgniter\Database\BaseConnection->initialize()
#1 D:\Ecommerce\system\Database\BaseBuilder.php(1455): CodeIgniter\Database\BaseConnection->query('SELECT `i`.*, `...', Array, false)
#2 D:\Ecommerce\app\Models\HomeModel.php(258): CodeIgniter\Database\BaseBuilder->get()
#3 D:\Ecommerce\app\Controllers\Home.php(20): App\Models\HomeModel->get_randomitem_data()
#4 D:\Ecommerce\system\CodeIgniter.php(832): App\Controllers\Home->index()
#5 D:\Ecommerce\system\CodeIgniter.php(419): CodeIgniter\CodeIgniter->runController(Object(App\Controllers\Home))
#6 D:\Ecommerce\system\CodeIgniter.php(326): CodeIgniter\CodeIgniter->handleRequest(NULL, Object(Config\Cache), false)
#7 D:\Ecommerce\public\index.php(37): CodeIgniter\CodeIgniter->run()
#8 D:\Ecommerce\system\Commands\Server\rewrite.php(43): require_once('D:\\Ecommerce\\pu...')
#9 {main}
