CRITICAL - 2022-07-18 00:56:57 --> Undefined property: stdClass::$user_id
#0 D:\Ecommerce\app\Helpers\rozorpay_helper.php(190): CodeIgniter\Debug\Exceptions->errorHandler(2, 'Undefined prope...', 'D:\\Ecommerce\\ap...', 190)
#1 D:\Ecommerce\app\Controllers\Home.php(256): PaymentExecute('7f1d90f38418eaa...')
#2 D:\Ecommerce\system\CodeIgniter.php(832): App\Controllers\Home->PaymentExcuate('7f1d90f38418eaa...')
#3 D:\Ecommerce\system\CodeIgniter.php(419): CodeIgniter\CodeIgniter->runController(Object(App\Controllers\Home))
#4 D:\Ecommerce\system\CodeIgniter.php(326): CodeIgniter\CodeIgniter->handleRequest(NULL, Object(Config\Cache), false)
#5 D:\Ecommerce\public\index.php(37): CodeIgniter\CodeIgniter->run()
#6 D:\Ecommerce\system\Commands\Server\rewrite.php(43): require_once('D:\\Ecommerce\\pu...')
#7 {main}
CRITICAL - 2022-07-18 01:00:34 --> Undefined array key "st"
#0 D:\Ecommerce\app\Controllers\Home.php(140): CodeIgniter\Debug\Exceptions->errorHandler(2, 'Undefined array...', 'D:\\Ecommerce\\ap...', 140)
#1 D:\Ecommerce\system\CodeIgniter.php(832): App\Controllers\Home->login()
#2 D:\Ecommerce\system\CodeIgniter.php(419): CodeIgniter\CodeIgniter->runController(Object(App\Controllers\Home))
#3 D:\Ecommerce\system\CodeIgniter.php(326): CodeIgniter\CodeIgniter->handleRequest(NULL, Object(Config\Cache), false)
#4 D:\Ecommerce\public\index.php(37): CodeIgniter\CodeIgniter->run()
#5 D:\Ecommerce\system\Commands\Server\rewrite.php(43): require_once('D:\\Ecommerce\\pu...')
#6 {main}
CRITICAL - 2022-07-18 01:00:52 --> Undefined array key "st"
#0 D:\Ecommerce\app\Controllers\Home.php(140): CodeIgniter\Debug\Exceptions->errorHandler(2, 'Undefined array...', 'D:\\Ecommerce\\ap...', 140)
#1 D:\Ecommerce\system\CodeIgniter.php(832): App\Controllers\Home->login()
#2 D:\Ecommerce\system\CodeIgniter.php(419): CodeIgniter\CodeIgniter->runController(Object(App\Controllers\Home))
#3 D:\Ecommerce\system\CodeIgniter.php(326): CodeIgniter\CodeIgniter->handleRequest(NULL, Object(Config\Cache), false)
#4 D:\Ecommerce\public\index.php(37): CodeIgniter\CodeIgniter->run()
#5 D:\Ecommerce\system\Commands\Server\rewrite.php(43): require_once('D:\\Ecommerce\\pu...')
#6 {main}
CRITICAL - 2022-07-18 01:02:20 --> Undefined array key "st"
#0 D:\Ecommerce\app\Controllers\Home.php(140): CodeIgniter\Debug\Exceptions->errorHandler(2, 'Undefined array...', 'D:\\Ecommerce\\ap...', 140)
#1 D:\Ecommerce\system\CodeIgniter.php(832): App\Controllers\Home->login()
#2 D:\Ecommerce\system\CodeIgniter.php(419): CodeIgniter\CodeIgniter->runController(Object(App\Controllers\Home))
#3 D:\Ecommerce\system\CodeIgniter.php(326): CodeIgniter\CodeIgniter->handleRequest(NULL, Object(Config\Cache), false)
#4 D:\Ecommerce\public\index.php(37): CodeIgniter\CodeIgniter->run()
#5 D:\Ecommerce\system\Commands\Server\rewrite.php(43): require_once('D:\\Ecommerce\\pu...')
#6 {main}
CRITICAL - 2022-07-18 01:02:48 --> Undefined array key "st"
#0 D:\Ecommerce\app\Controllers\Home.php(140): CodeIgniter\Debug\Exceptions->errorHandler(2, 'Undefined array...', 'D:\\Ecommerce\\ap...', 140)
#1 D:\Ecommerce\system\CodeIgniter.php(832): App\Controllers\Home->login()
#2 D:\Ecommerce\system\CodeIgniter.php(419): CodeIgniter\CodeIgniter->runController(Object(App\Controllers\Home))
#3 D:\Ecommerce\system\CodeIgniter.php(326): CodeIgniter\CodeIgniter->handleRequest(NULL, Object(Config\Cache), false)
#4 D:\Ecommerce\public\index.php(37): CodeIgniter\CodeIgniter->run()
#5 D:\Ecommerce\system\Commands\Server\rewrite.php(43): require_once('D:\\Ecommerce\\pu...')
#6 {main}
CRITICAL - 2022-07-18 01:03:26 --> Undefined array key "st"
#0 D:\Ecommerce\app\Controllers\Home.php(140): CodeIgniter\Debug\Exceptions->errorHandler(2, 'Undefined array...', 'D:\\Ecommerce\\ap...', 140)
#1 D:\Ecommerce\system\CodeIgniter.php(832): App\Controllers\Home->login()
#2 D:\Ecommerce\system\CodeIgniter.php(419): CodeIgniter\CodeIgniter->runController(Object(App\Controllers\Home))
#3 D:\Ecommerce\system\CodeIgniter.php(326): CodeIgniter\CodeIgniter->handleRequest(NULL, Object(Config\Cache), false)
#4 D:\Ecommerce\public\index.php(37): CodeIgniter\CodeIgniter->run()
#5 D:\Ecommerce\system\Commands\Server\rewrite.php(43): require_once('D:\\Ecommerce\\pu...')
#6 {main}
CRITICAL - 2022-07-18 01:05:08 --> Undefined array key "st"
#0 D:\Ecommerce\app\Controllers\Home.php(140): CodeIgniter\Debug\Exceptions->errorHandler(2, 'Undefined array...', 'D:\\Ecommerce\\ap...', 140)
#1 D:\Ecommerce\system\CodeIgniter.php(832): App\Controllers\Home->login()
#2 D:\Ecommerce\system\CodeIgniter.php(419): CodeIgniter\CodeIgniter->runController(Object(App\Controllers\Home))
#3 D:\Ecommerce\system\CodeIgniter.php(326): CodeIgniter\CodeIgniter->handleRequest(NULL, Object(Config\Cache), false)
#4 D:\Ecommerce\public\index.php(37): CodeIgniter\CodeIgniter->run()
#5 D:\Ecommerce\system\Commands\Server\rewrite.php(43): require_once('D:\\Ecommerce\\pu...')
#6 {main}
CRITICAL - 2022-07-18 01:05:44 --> Undefined array key "st"
#0 D:\Ecommerce\app\Controllers\Home.php(140): CodeIgniter\Debug\Exceptions->errorHandler(2, 'Undefined array...', 'D:\\Ecommerce\\ap...', 140)
#1 D:\Ecommerce\system\CodeIgniter.php(832): App\Controllers\Home->login()
#2 D:\Ecommerce\system\CodeIgniter.php(419): CodeIgniter\CodeIgniter->runController(Object(App\Controllers\Home))
#3 D:\Ecommerce\system\CodeIgniter.php(326): CodeIgniter\CodeIgniter->handleRequest(NULL, Object(Config\Cache), false)
#4 D:\Ecommerce\public\index.php(37): CodeIgniter\CodeIgniter->run()
#5 D:\Ecommerce\system\Commands\Server\rewrite.php(43): require_once('D:\\Ecommerce\\pu...')
#6 {main}
CRITICAL - 2022-07-18 01:06:02 --> Undefined array key "st"
#0 D:\Ecommerce\app\Controllers\Home.php(140): CodeIgniter\Debug\Exceptions->errorHandler(2, 'Undefined array...', 'D:\\Ecommerce\\ap...', 140)
#1 D:\Ecommerce\system\CodeIgniter.php(832): App\Controllers\Home->login()
#2 D:\Ecommerce\system\CodeIgniter.php(419): CodeIgniter\CodeIgniter->runController(Object(App\Controllers\Home))
#3 D:\Ecommerce\system\CodeIgniter.php(326): CodeIgniter\CodeIgniter->handleRequest(NULL, Object(Config\Cache), false)
#4 D:\Ecommerce\public\index.php(37): CodeIgniter\CodeIgniter->run()
#5 D:\Ecommerce\system\Commands\Server\rewrite.php(43): require_once('D:\\Ecommerce\\pu...')
#6 {main}
CRITICAL - 2022-07-18 01:07:03 --> Undefined property: stdClass::$user_id
#0 D:\Ecommerce\app\Helpers\rozorpay_helper.php(190): CodeIgniter\Debug\Exceptions->errorHandler(2, 'Undefined prope...', 'D:\\Ecommerce\\ap...', 190)
#1 D:\Ecommerce\app\Controllers\Home.php(256): PaymentExecute('96a2bb90e2558f3...')
#2 D:\Ecommerce\system\CodeIgniter.php(832): App\Controllers\Home->PaymentExcuate('96a2bb90e2558f3...')
#3 D:\Ecommerce\system\CodeIgniter.php(419): CodeIgniter\CodeIgniter->runController(Object(App\Controllers\Home))
#4 D:\Ecommerce\system\CodeIgniter.php(326): CodeIgniter\CodeIgniter->handleRequest(NULL, Object(Config\Cache), false)
#5 D:\Ecommerce\public\index.php(37): CodeIgniter\CodeIgniter->run()
#6 D:\Ecommerce\system\Commands\Server\rewrite.php(43): require_once('D:\\Ecommerce\\pu...')
#7 {main}
CRITICAL - 2022-07-18 01:09:09 --> Undefined property: stdClass::$user_id
#0 D:\Ecommerce\app\Helpers\rozorpay_helper.php(190): CodeIgniter\Debug\Exceptions->errorHandler(2, 'Undefined prope...', 'D:\\Ecommerce\\ap...', 190)
#1 D:\Ecommerce\app\Controllers\Home.php(256): PaymentExecute('0b6858489e34ef2...')
#2 D:\Ecommerce\system\CodeIgniter.php(832): App\Controllers\Home->PaymentExcuate('0b6858489e34ef2...')
#3 D:\Ecommerce\system\CodeIgniter.php(419): CodeIgniter\CodeIgniter->runController(Object(App\Controllers\Home))
#4 D:\Ecommerce\system\CodeIgniter.php(326): CodeIgniter\CodeIgniter->handleRequest(NULL, Object(Config\Cache), false)
#5 D:\Ecommerce\public\index.php(37): CodeIgniter\CodeIgniter->run()
#6 D:\Ecommerce\system\Commands\Server\rewrite.php(43): require_once('D:\\Ecommerce\\pu...')
#7 {main}
CRITICAL - 2022-07-18 01:10:04 --> Attempt to read property "PaymentSuccess" on array
#0 D:\Ecommerce\app\Helpers\rozorpay_helper.php(151): CodeIgniter\Debug\Exceptions->errorHandler(2, 'Attempt to read...', 'D:\\Ecommerce\\ap...', 151)
#1 D:\Ecommerce\app\Controllers\Home.php(256): PaymentExecute('0b6858489e34ef2...')
#2 D:\Ecommerce\system\CodeIgniter.php(832): App\Controllers\Home->PaymentExcuate('0b6858489e34ef2...')
#3 D:\Ecommerce\system\CodeIgniter.php(419): CodeIgniter\CodeIgniter->runController(Object(App\Controllers\Home))
#4 D:\Ecommerce\system\CodeIgniter.php(326): CodeIgniter\CodeIgniter->handleRequest(NULL, Object(Config\Cache), false)
#5 D:\Ecommerce\public\index.php(37): CodeIgniter\CodeIgniter->run()
#6 D:\Ecommerce\system\Commands\Server\rewrite.php(43): require_once('D:\\Ecommerce\\pu...')
#7 {main}
CRITICAL - 2022-07-18 02:05:08 --> Undefined array key "status"
#0 D:\Ecommerce\app\Helpers\rozorpay_helper.php(108): CodeIgniter\Debug\Exceptions->errorHandler(2, 'Undefined array...', 'D:\\Ecommerce\\ap...', 108)
#1 D:\Ecommerce\app\Controllers\Home.php(236): SendReceiveRazor('1630caf175a8c1b...')
#2 D:\Ecommerce\system\CodeIgniter.php(832): App\Controllers\Home->Payment('Success')
#3 D:\Ecommerce\system\CodeIgniter.php(419): CodeIgniter\CodeIgniter->runController(Object(App\Controllers\Home))
#4 D:\Ecommerce\system\CodeIgniter.php(326): CodeIgniter\CodeIgniter->handleRequest(NULL, Object(Config\Cache), false)
#5 D:\Ecommerce\public\index.php(37): CodeIgniter\CodeIgniter->run()
#6 D:\Ecommerce\system\Commands\Server\rewrite.php(43): require_once('D:\\Ecommerce\\pu...')
#7 {main}
ERROR - 2022-07-18 02:49:33 --> Table 'ecommerce.orders' doesn't exist
CRITICAL - 2022-07-18 02:49:33 --> Table 'ecommerce.orders' doesn't exist
#0 D:\Ecommerce\system\Database\MySQLi\Connection.php(292): mysqli->query('SELECT `o`.*, s...', 0)
#1 D:\Ecommerce\system\Database\BaseConnection.php(670): CodeIgniter\Database\MySQLi\Connection->execute('SELECT `o`.*, s...')
#2 D:\Ecommerce\system\Database\BaseConnection.php(598): CodeIgniter\Database\BaseConnection->simpleQuery('SELECT `o`.*, s...')
#3 D:\Ecommerce\system\Database\BaseBuilder.php(1455): CodeIgniter\Database\BaseConnection->query('SELECT `o`.*, s...', Array, false)
#4 D:\Ecommerce\app\Helpers\base_helper.php(290): CodeIgniter\Database\BaseBuilder->get()
#5 D:\Ecommerce\app\Helpers\rozorpay_helper.php(185): mail_template('71')
#6 D:\Ecommerce\app\Controllers\Home.php(256): PaymentExecute('4b373a2a0f0ca27...')
#7 D:\Ecommerce\system\CodeIgniter.php(832): App\Controllers\Home->PaymentExcuate('4b373a2a0f0ca27...')
#8 D:\Ecommerce\system\CodeIgniter.php(419): CodeIgniter\CodeIgniter->runController(Object(App\Controllers\Home))
#9 D:\Ecommerce\system\CodeIgniter.php(326): CodeIgniter\CodeIgniter->handleRequest(NULL, Object(Config\Cache), false)
#10 D:\Ecommerce\public\index.php(37): CodeIgniter\CodeIgniter->run()
#11 D:\Ecommerce\system\Commands\Server\rewrite.php(43): require_once('D:\\Ecommerce\\pu...')
#12 {main}
CRITICAL - 2022-07-18 02:50:50 --> Call to undefined function mail_template()
#0 D:\Ecommerce\app\Controllers\Home.php(256): PaymentExecute('d46b63c5d373954...')
#1 D:\Ecommerce\system\CodeIgniter.php(832): App\Controllers\Home->PaymentExcuate('d46b63c5d373954...')
#2 D:\Ecommerce\system\CodeIgniter.php(419): CodeIgniter\CodeIgniter->runController(Object(App\Controllers\Home))
#3 D:\Ecommerce\system\CodeIgniter.php(326): CodeIgniter\CodeIgniter->handleRequest(NULL, Object(Config\Cache), false)
#4 D:\Ecommerce\public\index.php(37): CodeIgniter\CodeIgniter->run()
#5 D:\Ecommerce\system\Commands\Server\rewrite.php(43): require_once('D:\\Ecommerce\\pu...')
#6 {main}
CRITICAL - 2022-07-18 02:51:42 --> Undefined variable $message
#0 D:\Ecommerce\app\Helpers\rozorpay_helper.php(214): CodeIgniter\Debug\Exceptions->errorHandler(2, 'Undefined varia...', 'D:\\Ecommerce\\ap...', 214)
#1 D:\Ecommerce\app\Controllers\Home.php(256): PaymentExecute('766038d5c482f6d...')
#2 D:\Ecommerce\system\CodeIgniter.php(832): App\Controllers\Home->PaymentExcuate('766038d5c482f6d...')
#3 D:\Ecommerce\system\CodeIgniter.php(419): CodeIgniter\CodeIgniter->runController(Object(App\Controllers\Home))
#4 D:\Ecommerce\system\CodeIgniter.php(326): CodeIgniter\CodeIgniter->handleRequest(NULL, Object(Config\Cache), false)
#5 D:\Ecommerce\public\index.php(37): CodeIgniter\CodeIgniter->run()
#6 D:\Ecommerce\system\Commands\Server\rewrite.php(43): require_once('D:\\Ecommerce\\pu...')
#7 {main}
CRITICAL - 2022-07-18 04:52:33 --> Too few arguments to function url(), 0 passed in D:\Ecommerce\app\Helpers\base_helper.php on line 505 and exactly 1 expected
#0 D:\Ecommerce\app\Helpers\base_helper.php(505): url()
#1 D:\Ecommerce\app\Helpers\rozorpay_helper.php(185): mail_template('87')
#2 D:\Ecommerce\app\Controllers\Home.php(256): PaymentExecute('94dfc20b656638d...')
#3 D:\Ecommerce\system\CodeIgniter.php(832): App\Controllers\Home->PaymentExcuate('94dfc20b656638d...')
#4 D:\Ecommerce\system\CodeIgniter.php(419): CodeIgniter\CodeIgniter->runController(Object(App\Controllers\Home))
#5 D:\Ecommerce\system\CodeIgniter.php(326): CodeIgniter\CodeIgniter->handleRequest(NULL, Object(Config\Cache), false)
#6 D:\Ecommerce\public\index.php(37): CodeIgniter\CodeIgniter->run()
#7 D:\Ecommerce\system\Commands\Server\rewrite.php(43): require_once('D:\\Ecommerce\\pu...')
#8 {main}
CRITICAL - 2022-07-18 05:21:16 --> cURL error 28: Resolving timed out after 10012 milliseconds
#0 D:\Ecommerce\vendor\rmccue\requests\src\Transport\Curl.php(219): WpOrg\Requests\Transport\Curl->process_response('', Array)
#1 D:\Ecommerce\vendor\rmccue\requests\src\Requests.php(469): WpOrg\Requests\Transport\Curl->request('https://api.raz...', Array, Array, Array)
#2 D:\Ecommerce\vendor\razorpay\razorpay\src\Request.php(57): WpOrg\Requests\Requests::request('https://api.raz...', Array, Array, 'POST', Array)
#3 D:\Ecommerce\vendor\razorpay\razorpay\src\Entity.php(92): Razorpay\Api\Request->request('POST', 'https://api.raz...', Array)
#4 D:\Ecommerce\vendor\razorpay\razorpay\src\Entity.php(20): Razorpay\Api\Entity->request('POST', 'orders/', Array)
#5 D:\Ecommerce\vendor\razorpay\razorpay\src\Order.php(12): Razorpay\Api\Entity->create(Array)
#6 D:\Ecommerce\app\Helpers\rozorpay_helper.php(81): Razorpay\Api\Order->create(Array)
#7 D:\Ecommerce\app\Helpers\rozorpay_helper.php(23): generate_order_id_razor('15000', '9bb22b8f44ee638...')
#8 D:\Ecommerce\app\Models\HomeModel.php(615): SendRazor('15000', '9bb22b8f44ee638...', Array)
#9 D:\Ecommerce\app\Controllers\Home.php(124): App\Models\HomeModel->payment_data(Array)
#10 D:\Ecommerce\system\CodeIgniter.php(832): App\Controllers\Home->checkout1()
#11 D:\Ecommerce\system\CodeIgniter.php(419): CodeIgniter\CodeIgniter->runController(Object(App\Controllers\Home))
#12 D:\Ecommerce\system\CodeIgniter.php(326): CodeIgniter\CodeIgniter->handleRequest(NULL, Object(Config\Cache), false)
#13 D:\Ecommerce\public\index.php(37): CodeIgniter\CodeIgniter->run()
#14 D:\Ecommerce\system\Commands\Server\rewrite.php(43): require_once('D:\\Ecommerce\\pu...')
#15 {main}
CRITICAL - 2022-07-18 05:49:20 --> Undefined array key "qty"
#0 D:\Ecommerce\app\Models\HomeModel.php(558): CodeIgniter\Debug\Exceptions->errorHandler(2, 'Undefined array...', 'D:\\Ecommerce\\ap...', 558)
#1 D:\Ecommerce\app\Controllers\Home.php(124): App\Models\HomeModel->payment_data(Array)
#2 D:\Ecommerce\system\CodeIgniter.php(832): App\Controllers\Home->checkout1()
#3 D:\Ecommerce\system\CodeIgniter.php(419): CodeIgniter\CodeIgniter->runController(Object(App\Controllers\Home))
#4 D:\Ecommerce\system\CodeIgniter.php(326): CodeIgniter\CodeIgniter->handleRequest(NULL, Object(Config\Cache), false)
#5 D:\Ecommerce\public\index.php(37): CodeIgniter\CodeIgniter->run()
#6 D:\Ecommerce\system\Commands\Server\rewrite.php(43): require_once('D:\\Ecommerce\\pu...')
#7 {main}
ERROR - 2022-07-18 05:50:01 --> Unknown column 'i.name' in 'field list'
CRITICAL - 2022-07-18 05:50:01 --> Unknown column 'i.name' in 'field list'
#0 D:\Ecommerce\system\Database\MySQLi\Connection.php(292): mysqli->query('SELECT `o`.*, `...', 0)
#1 D:\Ecommerce\system\Database\BaseConnection.php(670): CodeIgniter\Database\MySQLi\Connection->execute('SELECT `o`.*, `...')
#2 D:\Ecommerce\system\Database\BaseConnection.php(598): CodeIgniter\Database\BaseConnection->simpleQuery('SELECT `o`.*, `...')
#3 D:\Ecommerce\system\Database\BaseBuilder.php(1455): CodeIgniter\Database\BaseConnection->query('SELECT `o`.*, `...', Array, false)
#4 D:\Ecommerce\app\Helpers\base_helper.php(312): CodeIgniter\Database\BaseBuilder->get()
#5 D:\Ecommerce\app\Helpers\rozorpay_helper.php(185): mail_template('114')
#6 D:\Ecommerce\app\Controllers\Home.php(256): PaymentExecute('ab726e71962c5d8...')
#7 D:\Ecommerce\system\CodeIgniter.php(832): App\Controllers\Home->PaymentExcuate('ab726e71962c5d8...')
#8 D:\Ecommerce\system\CodeIgniter.php(419): CodeIgniter\CodeIgniter->runController(Object(App\Controllers\Home))
#9 D:\Ecommerce\system\CodeIgniter.php(326): CodeIgniter\CodeIgniter->handleRequest(NULL, Object(Config\Cache), false)
#10 D:\Ecommerce\public\index.php(37): CodeIgniter\CodeIgniter->run()
#11 D:\Ecommerce\system\Commands\Server\rewrite.php(43): require_once('D:\\Ecommerce\\pu...')
#12 {main}
CRITICAL - 2022-07-18 05:50:33 --> Undefined array key "qty"
#0 D:\Ecommerce\app\Models\HomeModel.php(558): CodeIgniter\Debug\Exceptions->errorHandler(2, 'Undefined array...', 'D:\\Ecommerce\\ap...', 558)
#1 D:\Ecommerce\app\Controllers\Home.php(124): App\Models\HomeModel->payment_data(Array)
#2 D:\Ecommerce\system\CodeIgniter.php(832): App\Controllers\Home->checkout1()
#3 D:\Ecommerce\system\CodeIgniter.php(419): CodeIgniter\CodeIgniter->runController(Object(App\Controllers\Home))
#4 D:\Ecommerce\system\CodeIgniter.php(326): CodeIgniter\CodeIgniter->handleRequest(NULL, Object(Config\Cache), false)
#5 D:\Ecommerce\public\index.php(37): CodeIgniter\CodeIgniter->run()
#6 D:\Ecommerce\system\Commands\Server\rewrite.php(43): require_once('D:\\Ecommerce\\pu...')
#7 {main}
CRITICAL - 2022-07-18 05:53:04 --> Call to undefined function mail_template()
#0 D:\Ecommerce\app\Controllers\Home.php(256): PaymentExecute('042943aae8168e6...')
#1 D:\Ecommerce\system\CodeIgniter.php(832): App\Controllers\Home->PaymentExcuate('042943aae8168e6...')
#2 D:\Ecommerce\system\CodeIgniter.php(419): CodeIgniter\CodeIgniter->runController(Object(App\Controllers\Home))
#3 D:\Ecommerce\system\CodeIgniter.php(326): CodeIgniter\CodeIgniter->handleRequest(NULL, Object(Config\Cache), false)
#4 D:\Ecommerce\public\index.php(37): CodeIgniter\CodeIgniter->run()
#5 D:\Ecommerce\system\Commands\Server\rewrite.php(43): require_once('D:\\Ecommerce\\pu...')
#6 {main}
CRITICAL - 2022-07-18 06:12:28 --> Undefined array key "qty"
#0 D:\Ecommerce\app\Models\HomeModel.php(558): CodeIgniter\Debug\Exceptions->errorHandler(2, 'Undefined array...', 'D:\\Ecommerce\\ap...', 558)
#1 D:\Ecommerce\app\Controllers\Home.php(124): App\Models\HomeModel->payment_data(Array)
#2 D:\Ecommerce\system\CodeIgniter.php(832): App\Controllers\Home->checkout1()
#3 D:\Ecommerce\system\CodeIgniter.php(419): CodeIgniter\CodeIgniter->runController(Object(App\Controllers\Home))
#4 D:\Ecommerce\system\CodeIgniter.php(326): CodeIgniter\CodeIgniter->handleRequest(NULL, Object(Config\Cache), false)
#5 D:\Ecommerce\public\index.php(37): CodeIgniter\CodeIgniter->run()
#6 D:\Ecommerce\system\Commands\Server\rewrite.php(43): require_once('D:\\Ecommerce\\pu...')
#7 {main}
CRITICAL - 2022-07-18 06:23:55 --> Undefined array key "status"
#0 D:\Ecommerce\app\Helpers\rozorpay_helper.php(108): CodeIgniter\Debug\Exceptions->errorHandler(2, 'Undefined array...', 'D:\\Ecommerce\\ap...', 108)
#1 D:\Ecommerce\app\Controllers\Home.php(236): SendReceiveRazor('dc509c6c10e35b6...')
#2 D:\Ecommerce\system\CodeIgniter.php(832): App\Controllers\Home->Payment('Success')
#3 D:\Ecommerce\system\CodeIgniter.php(419): CodeIgniter\CodeIgniter->runController(Object(App\Controllers\Home))
#4 D:\Ecommerce\system\CodeIgniter.php(326): CodeIgniter\CodeIgniter->handleRequest(NULL, Object(Config\Cache), false)
#5 D:\Ecommerce\public\index.php(37): CodeIgniter\CodeIgniter->run()
#6 D:\Ecommerce\system\Commands\Server\rewrite.php(43): require_once('D:\\Ecommerce\\pu...')
#7 {main}
CRITICAL - 2022-07-18 06:28:05 --> cURL error 6: Could not resolve host: api.razorpay.com
#0 D:\Ecommerce\vendor\rmccue\requests\src\Transport\Curl.php(219): WpOrg\Requests\Transport\Curl->process_response('', Array)
#1 D:\Ecommerce\vendor\rmccue\requests\src\Requests.php(469): WpOrg\Requests\Transport\Curl->request('https://api.raz...', Array, Array, Array)
#2 D:\Ecommerce\vendor\razorpay\razorpay\src\Request.php(57): WpOrg\Requests\Requests::request('https://api.raz...', Array, Array, 'POST', Array)
#3 D:\Ecommerce\vendor\razorpay\razorpay\src\Entity.php(92): Razorpay\Api\Request->request('POST', 'https://api.raz...', Array)
#4 D:\Ecommerce\vendor\razorpay\razorpay\src\Entity.php(20): Razorpay\Api\Entity->request('POST', 'orders/', Array)
#5 D:\Ecommerce\vendor\razorpay\razorpay\src\Order.php(12): Razorpay\Api\Entity->create(Array)
#6 D:\Ecommerce\app\Helpers\rozorpay_helper.php(81): Razorpay\Api\Order->create(Array)
#7 D:\Ecommerce\app\Helpers\rozorpay_helper.php(23): generate_order_id_razor('2500', 'ecf293dd335a83b...')
#8 D:\Ecommerce\app\Models\HomeModel.php(615): SendRazor('2500', 'ecf293dd335a83b...', Array)
#9 D:\Ecommerce\app\Controllers\Home.php(124): App\Models\HomeModel->payment_data(Array)
#10 D:\Ecommerce\system\CodeIgniter.php(832): App\Controllers\Home->checkout1()
#11 D:\Ecommerce\system\CodeIgniter.php(419): CodeIgniter\CodeIgniter->runController(Object(App\Controllers\Home))
#12 D:\Ecommerce\system\CodeIgniter.php(326): CodeIgniter\CodeIgniter->handleRequest(NULL, Object(Config\Cache), false)
#13 D:\Ecommerce\public\index.php(37): CodeIgniter\CodeIgniter->run()
#14 D:\Ecommerce\system\Commands\Server\rewrite.php(43): require_once('D:\\Ecommerce\\pu...')
#15 {main}
CRITICAL - 2022-07-18 06:28:27 --> cURL error 28: Resolving timed out after 10000 milliseconds
#0 D:\Ecommerce\vendor\rmccue\requests\src\Transport\Curl.php(219): WpOrg\Requests\Transport\Curl->process_response('', Array)
#1 D:\Ecommerce\vendor\rmccue\requests\src\Requests.php(469): WpOrg\Requests\Transport\Curl->request('https://api.raz...', Array, Array, Array)
#2 D:\Ecommerce\vendor\razorpay\razorpay\src\Request.php(57): WpOrg\Requests\Requests::request('https://api.raz...', Array, Array, 'POST', Array)
#3 D:\Ecommerce\vendor\razorpay\razorpay\src\Entity.php(92): Razorpay\Api\Request->request('POST', 'https://api.raz...', Array)
#4 D:\Ecommerce\vendor\razorpay\razorpay\src\Entity.php(20): Razorpay\Api\Entity->request('POST', 'orders/', Array)
#5 D:\Ecommerce\vendor\razorpay\razorpay\src\Order.php(12): Razorpay\Api\Entity->create(Array)
#6 D:\Ecommerce\app\Helpers\rozorpay_helper.php(81): Razorpay\Api\Order->create(Array)
#7 D:\Ecommerce\app\Helpers\rozorpay_helper.php(23): generate_order_id_razor('2500', '503771ca0470d20...')
#8 D:\Ecommerce\app\Models\HomeModel.php(615): SendRazor('2500', '503771ca0470d20...', Array)
#9 D:\Ecommerce\app\Controllers\Home.php(124): App\Models\HomeModel->payment_data(Array)
#10 D:\Ecommerce\system\CodeIgniter.php(832): App\Controllers\Home->checkout1()
#11 D:\Ecommerce\system\CodeIgniter.php(419): CodeIgniter\CodeIgniter->runController(Object(App\Controllers\Home))
#12 D:\Ecommerce\system\CodeIgniter.php(326): CodeIgniter\CodeIgniter->handleRequest(NULL, Object(Config\Cache), false)
#13 D:\Ecommerce\public\index.php(37): CodeIgniter\CodeIgniter->run()
#14 D:\Ecommerce\system\Commands\Server\rewrite.php(43): require_once('D:\\Ecommerce\\pu...')
#15 {main}
CRITICAL - 2022-07-18 06:28:54 --> cURL error 28: Resolving timed out after 10009 milliseconds
#0 D:\Ecommerce\vendor\rmccue\requests\src\Transport\Curl.php(219): WpOrg\Requests\Transport\Curl->process_response('', Array)
#1 D:\Ecommerce\vendor\rmccue\requests\src\Requests.php(469): WpOrg\Requests\Transport\Curl->request('https://api.raz...', Array, Array, Array)
#2 D:\Ecommerce\vendor\razorpay\razorpay\src\Request.php(57): WpOrg\Requests\Requests::request('https://api.raz...', Array, Array, 'POST', Array)
#3 D:\Ecommerce\vendor\razorpay\razorpay\src\Entity.php(92): Razorpay\Api\Request->request('POST', 'https://api.raz...', Array)
#4 D:\Ecommerce\vendor\razorpay\razorpay\src\Entity.php(20): Razorpay\Api\Entity->request('POST', 'orders/', Array)
#5 D:\Ecommerce\vendor\razorpay\razorpay\src\Order.php(12): Razorpay\Api\Entity->create(Array)
#6 D:\Ecommerce\app\Helpers\rozorpay_helper.php(81): Razorpay\Api\Order->create(Array)
#7 D:\Ecommerce\app\Helpers\rozorpay_helper.php(23): generate_order_id_razor('22500', '58336900006bbf4...')
#8 D:\Ecommerce\app\Models\HomeModel.php(615): SendRazor('22500', '58336900006bbf4...', Array)
#9 D:\Ecommerce\app\Controllers\Home.php(124): App\Models\HomeModel->payment_data(Array)
#10 D:\Ecommerce\system\CodeIgniter.php(832): App\Controllers\Home->checkout1()
#11 D:\Ecommerce\system\CodeIgniter.php(419): CodeIgniter\CodeIgniter->runController(Object(App\Controllers\Home))
#12 D:\Ecommerce\system\CodeIgniter.php(326): CodeIgniter\CodeIgniter->handleRequest(NULL, Object(Config\Cache), false)
#13 D:\Ecommerce\public\index.php(37): CodeIgniter\CodeIgniter->run()
#14 D:\Ecommerce\system\Commands\Server\rewrite.php(43): require_once('D:\\Ecommerce\\pu...')
#15 {main}
CRITICAL - 2022-07-18 06:36:56 --> cURL error 28: Resolving timed out after 10008 milliseconds
#0 D:\Ecommerce\vendor\rmccue\requests\src\Transport\Curl.php(219): WpOrg\Requests\Transport\Curl->process_response('', Array)
#1 D:\Ecommerce\vendor\rmccue\requests\src\Requests.php(469): WpOrg\Requests\Transport\Curl->request('https://api.raz...', Array, Array, Array)
#2 D:\Ecommerce\vendor\razorpay\razorpay\src\Request.php(57): WpOrg\Requests\Requests::request('https://api.raz...', Array, Array, 'POST', Array)
#3 D:\Ecommerce\vendor\razorpay\razorpay\src\Entity.php(92): Razorpay\Api\Request->request('POST', 'https://api.raz...', Array)
#4 D:\Ecommerce\vendor\razorpay\razorpay\src\Entity.php(20): Razorpay\Api\Entity->request('POST', 'orders/', Array)
#5 D:\Ecommerce\vendor\razorpay\razorpay\src\Order.php(12): Razorpay\Api\Entity->create(Array)
#6 D:\Ecommerce\app\Helpers\rozorpay_helper.php(81): Razorpay\Api\Order->create(Array)
#7 D:\Ecommerce\app\Helpers\rozorpay_helper.php(23): generate_order_id_razor('8500', 'c938f3590295930...')
#8 D:\Ecommerce\app\Models\HomeModel.php(615): SendRazor('8500', 'c938f3590295930...', Array)
#9 D:\Ecommerce\app\Controllers\Home.php(124): App\Models\HomeModel->payment_data(Array)
#10 D:\Ecommerce\system\CodeIgniter.php(832): App\Controllers\Home->checkout1()
#11 D:\Ecommerce\system\CodeIgniter.php(419): CodeIgniter\CodeIgniter->runController(Object(App\Controllers\Home))
#12 D:\Ecommerce\system\CodeIgniter.php(326): CodeIgniter\CodeIgniter->handleRequest(NULL, Object(Config\Cache), false)
#13 D:\Ecommerce\public\index.php(37): CodeIgniter\CodeIgniter->run()
#14 D:\Ecommerce\system\Commands\Server\rewrite.php(43): require_once('D:\\Ecommerce\\pu...')
#15 {main}
CRITICAL - 2022-07-18 06:37:57 --> Undefined array key "status"
#0 D:\Ecommerce\app\Helpers\rozorpay_helper.php(108): CodeIgniter\Debug\Exceptions->errorHandler(2, 'Undefined array...', 'D:\\Ecommerce\\ap...', 108)
#1 D:\Ecommerce\app\Controllers\Home.php(236): SendReceiveRazor('983c24d5b647bbc...')
#2 D:\Ecommerce\system\CodeIgniter.php(832): App\Controllers\Home->Payment('Success')
#3 D:\Ecommerce\system\CodeIgniter.php(419): CodeIgniter\CodeIgniter->runController(Object(App\Controllers\Home))
#4 D:\Ecommerce\system\CodeIgniter.php(326): CodeIgniter\CodeIgniter->handleRequest(NULL, Object(Config\Cache), false)
#5 D:\Ecommerce\public\index.php(37): CodeIgniter\CodeIgniter->run()
#6 D:\Ecommerce\system\Commands\Server\rewrite.php(43): require_once('D:\\Ecommerce\\pu...')
#7 {main}
CRITICAL - 2022-07-18 06:38:34 --> cURL error 28: Resolving timed out after 10010 milliseconds
#0 D:\Ecommerce\vendor\rmccue\requests\src\Transport\Curl.php(219): WpOrg\Requests\Transport\Curl->process_response('', Array)
#1 D:\Ecommerce\vendor\rmccue\requests\src\Requests.php(469): WpOrg\Requests\Transport\Curl->request('https://api.raz...', Array, Array, Array)
#2 D:\Ecommerce\vendor\razorpay\razorpay\src\Request.php(57): WpOrg\Requests\Requests::request('https://api.raz...', Array, Array, 'POST', Array)
#3 D:\Ecommerce\vendor\razorpay\razorpay\src\Entity.php(92): Razorpay\Api\Request->request('POST', 'https://api.raz...', Array)
#4 D:\Ecommerce\vendor\razorpay\razorpay\src\Entity.php(20): Razorpay\Api\Entity->request('POST', 'orders/', Array)
#5 D:\Ecommerce\vendor\razorpay\razorpay\src\Order.php(12): Razorpay\Api\Entity->create(Array)
#6 D:\Ecommerce\app\Helpers\rozorpay_helper.php(81): Razorpay\Api\Order->create(Array)
#7 D:\Ecommerce\app\Helpers\rozorpay_helper.php(23): generate_order_id_razor('8500', 'f52dd12da93b450...')
#8 D:\Ecommerce\app\Models\HomeModel.php(615): SendRazor('8500', 'f52dd12da93b450...', Array)
#9 D:\Ecommerce\app\Controllers\Home.php(124): App\Models\HomeModel->payment_data(Array)
#10 D:\Ecommerce\system\CodeIgniter.php(832): App\Controllers\Home->checkout1()
#11 D:\Ecommerce\system\CodeIgniter.php(419): CodeIgniter\CodeIgniter->runController(Object(App\Controllers\Home))
#12 D:\Ecommerce\system\CodeIgniter.php(326): CodeIgniter\CodeIgniter->handleRequest(NULL, Object(Config\Cache), false)
#13 D:\Ecommerce\public\index.php(37): CodeIgniter\CodeIgniter->run()
#14 D:\Ecommerce\system\Commands\Server\rewrite.php(43): require_once('D:\\Ecommerce\\pu...')
#15 {main}
CRITICAL - 2022-07-18 06:39:38 --> cURL error 28: Resolving timed out after 10002 milliseconds
#0 D:\Ecommerce\vendor\rmccue\requests\src\Transport\Curl.php(219): WpOrg\Requests\Transport\Curl->process_response('', Array)
#1 D:\Ecommerce\vendor\rmccue\requests\src\Requests.php(469): WpOrg\Requests\Transport\Curl->request('https://api.raz...', Array, Array, Array)
#2 D:\Ecommerce\vendor\razorpay\razorpay\src\Request.php(57): WpOrg\Requests\Requests::request('https://api.raz...', Array, Array, 'POST', Array)
#3 D:\Ecommerce\vendor\razorpay\razorpay\src\Entity.php(92): Razorpay\Api\Request->request('POST', 'https://api.raz...', Array)
#4 D:\Ecommerce\vendor\razorpay\razorpay\src\Entity.php(20): Razorpay\Api\Entity->request('POST', 'orders/', Array)
#5 D:\Ecommerce\vendor\razorpay\razorpay\src\Order.php(12): Razorpay\Api\Entity->create(Array)
#6 D:\Ecommerce\app\Helpers\rozorpay_helper.php(81): Razorpay\Api\Order->create(Array)
#7 D:\Ecommerce\app\Helpers\rozorpay_helper.php(23): generate_order_id_razor('8500', '7d0ac7fcc8bed77...')
#8 D:\Ecommerce\app\Models\HomeModel.php(615): SendRazor('8500', '7d0ac7fcc8bed77...', Array)
#9 D:\Ecommerce\app\Controllers\Home.php(124): App\Models\HomeModel->payment_data(Array)
#10 D:\Ecommerce\system\CodeIgniter.php(832): App\Controllers\Home->checkout1()
#11 D:\Ecommerce\system\CodeIgniter.php(419): CodeIgniter\CodeIgniter->runController(Object(App\Controllers\Home))
#12 D:\Ecommerce\system\CodeIgniter.php(326): CodeIgniter\CodeIgniter->handleRequest(NULL, Object(Config\Cache), false)
#13 D:\Ecommerce\public\index.php(37): CodeIgniter\CodeIgniter->run()
#14 D:\Ecommerce\system\Commands\Server\rewrite.php(43): require_once('D:\\Ecommerce\\pu...')
#15 {main}
CRITICAL - 2022-07-18 06:43:32 --> Maximum execution time of 60 seconds exceeded
#0 [internal function]: CodeIgniter\Debug\Exceptions->shutdownHandler()
#1 {main}
CRITICAL - 2022-07-18 06:43:56 --> Undefined array key "qty"
#0 D:\Ecommerce\app\Models\HomeModel.php(558): CodeIgniter\Debug\Exceptions->errorHandler(2, 'Undefined array...', 'D:\\Ecommerce\\ap...', 558)
#1 D:\Ecommerce\app\Controllers\Home.php(124): App\Models\HomeModel->payment_data(Array)
#2 D:\Ecommerce\system\CodeIgniter.php(832): App\Controllers\Home->checkout1()
#3 D:\Ecommerce\system\CodeIgniter.php(419): CodeIgniter\CodeIgniter->runController(Object(App\Controllers\Home))
#4 D:\Ecommerce\system\CodeIgniter.php(326): CodeIgniter\CodeIgniter->handleRequest(NULL, Object(Config\Cache), false)
#5 D:\Ecommerce\public\index.php(37): CodeIgniter\CodeIgniter->run()
#6 D:\Ecommerce\system\Commands\Server\rewrite.php(43): require_once('D:\\Ecommerce\\pu...')
#7 {main}
