CRITICAL - 2022-09-21 10:33:19 --> strtotime(): Argument #2 ($baseTimestamp) must be of type ?int, string given
#0 D:\kumo\app\Controllers\Test.php(268): strtotime('+2 day', '21-09-22 10:33:...')
#1 D:\kumo\system\CodeIgniter.php(832): App\Controllers\Test->date()
#2 D:\kumo\system\CodeIgniter.php(419): CodeIgniter\CodeIgniter->runController(Object(App\Controllers\Test))
#3 D:\kumo\system\CodeIgniter.php(326): CodeIgniter\CodeIgniter->handleRequest(NULL, Object(Config\Cache), false)
#4 D:\kumo\public\index.php(37): CodeIgniter\CodeIgniter->run()
#5 D:\kumo\system\Commands\Server\rewrite.php(43): require_once('D:\\kumo\\public\\...')
#6 {main}
CRITICAL - 2022-09-21 00:16:03 --> DateTime::__construct(): Passing null to parameter #1 ($datetime) of type string is deprecated
#0 [internal function]: CodeIgniter\Debug\Exceptions->errorHandler(8192, 'DateTime::__con...', 'D:\\kumo\\app\\Vie...', 188)
#1 D:\kumo\app\Views\track-order.php(188): DateTime->__construct(NULL)
#2 D:\kumo\system\View\View.php(210): include('D:\\kumo\\app\\Vie...')
#3 D:\kumo\system\View\View.php(213): CodeIgniter\View\View->CodeIgniter\View\{closure}()
#4 D:\kumo\system\Common.php(1089): CodeIgniter\View\View->render('track-order', Array, true)
#5 D:\kumo\app\Controllers\Home.php(280): view('track-order', Array)
#6 D:\kumo\system\CodeIgniter.php(832): App\Controllers\Home->track_order()
#7 D:\kumo\system\CodeIgniter.php(419): CodeIgniter\CodeIgniter->runController(Object(App\Controllers\Home))
#8 D:\kumo\system\CodeIgniter.php(326): CodeIgniter\CodeIgniter->handleRequest(NULL, Object(Config\Cache), false)
#9 D:\kumo\public\index.php(37): CodeIgniter\CodeIgniter->run()
#10 D:\kumo\system\Commands\Server\rewrite.php(43): require_once('D:\\kumo\\public\\...')
#11 {main}
CRITICAL - 2022-09-21 00:16:04 --> DateTime::__construct(): Passing null to parameter #1 ($datetime) of type string is deprecated
#0 [internal function]: CodeIgniter\Debug\Exceptions->errorHandler(8192, 'DateTime::__con...', 'D:\\kumo\\app\\Vie...', 188)
#1 D:\kumo\app\Views\track-order.php(188): DateTime->__construct(NULL)
#2 D:\kumo\system\View\View.php(210): include('D:\\kumo\\app\\Vie...')
#3 D:\kumo\system\View\View.php(213): CodeIgniter\View\View->CodeIgniter\View\{closure}()
#4 D:\kumo\system\Common.php(1089): CodeIgniter\View\View->render('track-order', Array, true)
#5 D:\kumo\app\Controllers\Home.php(280): view('track-order', Array)
#6 D:\kumo\system\CodeIgniter.php(832): App\Controllers\Home->track_order()
#7 D:\kumo\system\CodeIgniter.php(419): CodeIgniter\CodeIgniter->runController(Object(App\Controllers\Home))
#8 D:\kumo\system\CodeIgniter.php(326): CodeIgniter\CodeIgniter->handleRequest(NULL, Object(Config\Cache), false)
#9 D:\kumo\public\index.php(37): CodeIgniter\CodeIgniter->run()
#10 D:\kumo\system\Commands\Server\rewrite.php(43): require_once('D:\\kumo\\public\\...')
#11 {main}
CRITICAL - 2022-09-21 00:16:15 --> DateTime::__construct(): Passing null to parameter #1 ($datetime) of type string is deprecated
#0 [internal function]: CodeIgniter\Debug\Exceptions->errorHandler(8192, 'DateTime::__con...', 'D:\\kumo\\app\\Vie...', 188)
#1 D:\kumo\app\Views\track-order.php(188): DateTime->__construct(NULL)
#2 D:\kumo\system\View\View.php(210): include('D:\\kumo\\app\\Vie...')
#3 D:\kumo\system\View\View.php(213): CodeIgniter\View\View->CodeIgniter\View\{closure}()
#4 D:\kumo\system\Common.php(1089): CodeIgniter\View\View->render('track-order', Array, true)
#5 D:\kumo\app\Controllers\Home.php(280): view('track-order', Array)
#6 D:\kumo\system\CodeIgniter.php(832): App\Controllers\Home->track_order()
#7 D:\kumo\system\CodeIgniter.php(419): CodeIgniter\CodeIgniter->runController(Object(App\Controllers\Home))
#8 D:\kumo\system\CodeIgniter.php(326): CodeIgniter\CodeIgniter->handleRequest(NULL, Object(Config\Cache), false)
#9 D:\kumo\public\index.php(37): CodeIgniter\CodeIgniter->run()
#10 D:\kumo\system\Commands\Server\rewrite.php(43): require_once('D:\\kumo\\public\\...')
#11 {main}
CRITICAL - 2022-09-21 00:16:31 --> DateTime::__construct(): Passing null to parameter #1 ($datetime) of type string is deprecated
#0 [internal function]: CodeIgniter\Debug\Exceptions->errorHandler(8192, 'DateTime::__con...', 'D:\\kumo\\app\\Vie...', 188)
#1 D:\kumo\app\Views\track-order.php(188): DateTime->__construct(NULL)
#2 D:\kumo\system\View\View.php(210): include('D:\\kumo\\app\\Vie...')
#3 D:\kumo\system\View\View.php(213): CodeIgniter\View\View->CodeIgniter\View\{closure}()
#4 D:\kumo\system\Common.php(1089): CodeIgniter\View\View->render('track-order', Array, true)
#5 D:\kumo\app\Controllers\Home.php(280): view('track-order', Array)
#6 D:\kumo\system\CodeIgniter.php(832): App\Controllers\Home->track_order()
#7 D:\kumo\system\CodeIgniter.php(419): CodeIgniter\CodeIgniter->runController(Object(App\Controllers\Home))
#8 D:\kumo\system\CodeIgniter.php(326): CodeIgniter\CodeIgniter->handleRequest(NULL, Object(Config\Cache), false)
#9 D:\kumo\public\index.php(37): CodeIgniter\CodeIgniter->run()
#10 D:\kumo\system\Commands\Server\rewrite.php(43): require_once('D:\\kumo\\public\\...')
#11 {main}
CRITICAL - 2022-09-21 00:17:10 --> DateTime::__construct(): Passing null to parameter #1 ($datetime) of type string is deprecated
#0 [internal function]: CodeIgniter\Debug\Exceptions->errorHandler(8192, 'DateTime::__con...', 'D:\\kumo\\app\\Vie...', 188)
#1 D:\kumo\app\Views\track-order.php(188): DateTime->__construct(NULL)
#2 D:\kumo\system\View\View.php(210): include('D:\\kumo\\app\\Vie...')
#3 D:\kumo\system\View\View.php(213): CodeIgniter\View\View->CodeIgniter\View\{closure}()
#4 D:\kumo\system\Common.php(1089): CodeIgniter\View\View->render('track-order', Array, true)
#5 D:\kumo\app\Controllers\Home.php(280): view('track-order', Array)
#6 D:\kumo\system\CodeIgniter.php(832): App\Controllers\Home->track_order()
#7 D:\kumo\system\CodeIgniter.php(419): CodeIgniter\CodeIgniter->runController(Object(App\Controllers\Home))
#8 D:\kumo\system\CodeIgniter.php(326): CodeIgniter\CodeIgniter->handleRequest(NULL, Object(Config\Cache), false)
#9 D:\kumo\public\index.php(37): CodeIgniter\CodeIgniter->run()
#10 D:\kumo\system\Commands\Server\rewrite.php(43): require_once('D:\\kumo\\public\\...')
#11 {main}
CRITICAL - 2022-09-21 00:17:12 --> DateTime::__construct(): Passing null to parameter #1 ($datetime) of type string is deprecated
#0 [internal function]: CodeIgniter\Debug\Exceptions->errorHandler(8192, 'DateTime::__con...', 'D:\\kumo\\app\\Vie...', 188)
#1 D:\kumo\app\Views\track-order.php(188): DateTime->__construct(NULL)
#2 D:\kumo\system\View\View.php(210): include('D:\\kumo\\app\\Vie...')
#3 D:\kumo\system\View\View.php(213): CodeIgniter\View\View->CodeIgniter\View\{closure}()
#4 D:\kumo\system\Common.php(1089): CodeIgniter\View\View->render('track-order', Array, true)
#5 D:\kumo\app\Controllers\Home.php(280): view('track-order', Array)
#6 D:\kumo\system\CodeIgniter.php(832): App\Controllers\Home->track_order()
#7 D:\kumo\system\CodeIgniter.php(419): CodeIgniter\CodeIgniter->runController(Object(App\Controllers\Home))
#8 D:\kumo\system\CodeIgniter.php(326): CodeIgniter\CodeIgniter->handleRequest(NULL, Object(Config\Cache), false)
#9 D:\kumo\public\index.php(37): CodeIgniter\CodeIgniter->run()
#10 D:\kumo\system\Commands\Server\rewrite.php(43): require_once('D:\\kumo\\public\\...')
#11 {main}
CRITICAL - 2022-09-21 00:17:23 --> DateTime::__construct(): Passing null to parameter #1 ($datetime) of type string is deprecated
#0 [internal function]: CodeIgniter\Debug\Exceptions->errorHandler(8192, 'DateTime::__con...', 'D:\\kumo\\app\\Vie...', 188)
#1 D:\kumo\app\Views\track-order.php(188): DateTime->__construct(NULL)
#2 D:\kumo\system\View\View.php(210): include('D:\\kumo\\app\\Vie...')
#3 D:\kumo\system\View\View.php(213): CodeIgniter\View\View->CodeIgniter\View\{closure}()
#4 D:\kumo\system\Common.php(1089): CodeIgniter\View\View->render('track-order', Array, true)
#5 D:\kumo\app\Controllers\Home.php(280): view('track-order', Array)
#6 D:\kumo\system\CodeIgniter.php(832): App\Controllers\Home->track_order()
#7 D:\kumo\system\CodeIgniter.php(419): CodeIgniter\CodeIgniter->runController(Object(App\Controllers\Home))
#8 D:\kumo\system\CodeIgniter.php(326): CodeIgniter\CodeIgniter->handleRequest(NULL, Object(Config\Cache), false)
#9 D:\kumo\public\index.php(37): CodeIgniter\CodeIgniter->run()
#10 D:\kumo\system\Commands\Server\rewrite.php(43): require_once('D:\\kumo\\public\\...')
#11 {main}
CRITICAL - 2022-09-21 00:17:31 --> DateTime::__construct(): Passing null to parameter #1 ($datetime) of type string is deprecated
#0 [internal function]: CodeIgniter\Debug\Exceptions->errorHandler(8192, 'DateTime::__con...', 'D:\\kumo\\app\\Vie...', 188)
#1 D:\kumo\app\Views\track-order.php(188): DateTime->__construct(NULL)
#2 D:\kumo\system\View\View.php(210): include('D:\\kumo\\app\\Vie...')
#3 D:\kumo\system\View\View.php(213): CodeIgniter\View\View->CodeIgniter\View\{closure}()
#4 D:\kumo\system\Common.php(1089): CodeIgniter\View\View->render('track-order', Array, true)
#5 D:\kumo\app\Controllers\Home.php(280): view('track-order', Array)
#6 D:\kumo\system\CodeIgniter.php(832): App\Controllers\Home->track_order()
#7 D:\kumo\system\CodeIgniter.php(419): CodeIgniter\CodeIgniter->runController(Object(App\Controllers\Home))
#8 D:\kumo\system\CodeIgniter.php(326): CodeIgniter\CodeIgniter->handleRequest(NULL, Object(Config\Cache), false)
#9 D:\kumo\public\index.php(37): CodeIgniter\CodeIgniter->run()
#10 D:\kumo\system\Commands\Server\rewrite.php(43): require_once('D:\\kumo\\public\\...')
#11 {main}
CRITICAL - 2022-09-21 00:18:56 --> Failed to parse time string (Y-m-d) at position 1 (-): Unexpected character
#0 D:\kumo\app\Views\track-order.php(188): DateTime->__construct('Y-m-d', NULL)
#1 D:\kumo\system\View\View.php(210): include('D:\\kumo\\app\\Vie...')
#2 D:\kumo\system\View\View.php(213): CodeIgniter\View\View->CodeIgniter\View\{closure}()
#3 D:\kumo\system\Common.php(1089): CodeIgniter\View\View->render('track-order', Array, true)
#4 D:\kumo\app\Controllers\Home.php(280): view('track-order', Array)
#5 D:\kumo\system\CodeIgniter.php(832): App\Controllers\Home->track_order()
#6 D:\kumo\system\CodeIgniter.php(419): CodeIgniter\CodeIgniter->runController(Object(App\Controllers\Home))
#7 D:\kumo\system\CodeIgniter.php(326): CodeIgniter\CodeIgniter->handleRequest(NULL, Object(Config\Cache), false)
#8 D:\kumo\public\index.php(37): CodeIgniter\CodeIgniter->run()
#9 D:\kumo\system\Commands\Server\rewrite.php(43): require_once('D:\\kumo\\public\\...')
#10 {main}
CRITICAL - 2022-09-21 00:20:00 --> DateTime::__construct(): Argument #2 ($timezone) must be of type ?DateTimeZone, string given
#0 D:\kumo\app\Views\track-order.php(188): DateTime->__construct('Y-m-d', '2022-09-14 05:1...')
#1 D:\kumo\system\View\View.php(210): include('D:\\kumo\\app\\Vie...')
#2 D:\kumo\system\View\View.php(213): CodeIgniter\View\View->CodeIgniter\View\{closure}()
#3 D:\kumo\system\Common.php(1089): CodeIgniter\View\View->render('track-order', Array, true)
#4 D:\kumo\app\Controllers\Home.php(280): view('track-order', Array)
#5 D:\kumo\system\CodeIgniter.php(832): App\Controllers\Home->track_order()
#6 D:\kumo\system\CodeIgniter.php(419): CodeIgniter\CodeIgniter->runController(Object(App\Controllers\Home))
#7 D:\kumo\system\CodeIgniter.php(326): CodeIgniter\CodeIgniter->handleRequest(NULL, Object(Config\Cache), false)
#8 D:\kumo\public\index.php(37): CodeIgniter\CodeIgniter->run()
#9 D:\kumo\system\Commands\Server\rewrite.php(43): require_once('D:\\kumo\\public\\...')
#10 {main}
CRITICAL - 2022-09-21 00:20:49 --> date(): Argument #2 ($timestamp) must be of type ?int, string given
#0 D:\kumo\app\Views\track-order.php(183): date('Y-m-d', '2022-09-14 05:1...')
#1 D:\kumo\system\View\View.php(210): include('D:\\kumo\\app\\Vie...')
#2 D:\kumo\system\View\View.php(213): CodeIgniter\View\View->CodeIgniter\View\{closure}()
#3 D:\kumo\system\Common.php(1089): CodeIgniter\View\View->render('track-order', Array, true)
#4 D:\kumo\app\Controllers\Home.php(280): view('track-order', Array)
#5 D:\kumo\system\CodeIgniter.php(832): App\Controllers\Home->track_order()
#6 D:\kumo\system\CodeIgniter.php(419): CodeIgniter\CodeIgniter->runController(Object(App\Controllers\Home))
#7 D:\kumo\system\CodeIgniter.php(326): CodeIgniter\CodeIgniter->handleRequest(NULL, Object(Config\Cache), false)
#8 D:\kumo\public\index.php(37): CodeIgniter\CodeIgniter->run()
#9 D:\kumo\system\Commands\Server\rewrite.php(43): require_once('D:\\kumo\\public\\...')
#10 {main}
CRITICAL - 2022-09-21 00:22:23 --> date_format(): Argument #1 ($object) must be of type DateTimeInterface, string given
#0 D:\kumo\app\Views\track-order.php(184): date_format('2022-09-14 05:1...', 'Y/m/d H:i:s')
#1 D:\kumo\system\View\View.php(210): include('D:\\kumo\\app\\Vie...')
#2 D:\kumo\system\View\View.php(213): CodeIgniter\View\View->CodeIgniter\View\{closure}()
#3 D:\kumo\system\Common.php(1089): CodeIgniter\View\View->render('track-order', Array, true)
#4 D:\kumo\app\Controllers\Home.php(280): view('track-order', Array)
#5 D:\kumo\system\CodeIgniter.php(832): App\Controllers\Home->track_order()
#6 D:\kumo\system\CodeIgniter.php(419): CodeIgniter\CodeIgniter->runController(Object(App\Controllers\Home))
#7 D:\kumo\system\CodeIgniter.php(326): CodeIgniter\CodeIgniter->handleRequest(NULL, Object(Config\Cache), false)
#8 D:\kumo\public\index.php(37): CodeIgniter\CodeIgniter->run()
#9 D:\kumo\system\Commands\Server\rewrite.php(43): require_once('D:\\kumo\\public\\...')
#10 {main}
CRITICAL - 2022-09-21 00:22:24 --> date_format(): Argument #1 ($object) must be of type DateTimeInterface, string given
#0 D:\kumo\app\Views\track-order.php(184): date_format('2022-09-14 05:1...', 'Y/m/d H:i:s')
#1 D:\kumo\system\View\View.php(210): include('D:\\kumo\\app\\Vie...')
#2 D:\kumo\system\View\View.php(213): CodeIgniter\View\View->CodeIgniter\View\{closure}()
#3 D:\kumo\system\Common.php(1089): CodeIgniter\View\View->render('track-order', Array, true)
#4 D:\kumo\app\Controllers\Home.php(280): view('track-order', Array)
#5 D:\kumo\system\CodeIgniter.php(832): App\Controllers\Home->track_order()
#6 D:\kumo\system\CodeIgniter.php(419): CodeIgniter\CodeIgniter->runController(Object(App\Controllers\Home))
#7 D:\kumo\system\CodeIgniter.php(326): CodeIgniter\CodeIgniter->handleRequest(NULL, Object(Config\Cache), false)
#8 D:\kumo\public\index.php(37): CodeIgniter\CodeIgniter->run()
#9 D:\kumo\system\Commands\Server\rewrite.php(43): require_once('D:\\kumo\\public\\...')
#10 {main}
CRITICAL - 2022-09-21 00:22:49 --> date(): Argument #2 ($timestamp) must be of type ?int, string given
#0 D:\kumo\app\Views\track-order.php(189): date('Y-m-d', '2022-09-14 05:1...')
#1 D:\kumo\system\View\View.php(210): include('D:\\kumo\\app\\Vie...')
#2 D:\kumo\system\View\View.php(213): CodeIgniter\View\View->CodeIgniter\View\{closure}()
#3 D:\kumo\system\Common.php(1089): CodeIgniter\View\View->render('track-order', Array, true)
#4 D:\kumo\app\Controllers\Home.php(280): view('track-order', Array)
#5 D:\kumo\system\CodeIgniter.php(832): App\Controllers\Home->track_order()
#6 D:\kumo\system\CodeIgniter.php(419): CodeIgniter\CodeIgniter->runController(Object(App\Controllers\Home))
#7 D:\kumo\system\CodeIgniter.php(326): CodeIgniter\CodeIgniter->handleRequest(NULL, Object(Config\Cache), false)
#8 D:\kumo\public\index.php(37): CodeIgniter\CodeIgniter->run()
#9 D:\kumo\system\Commands\Server\rewrite.php(43): require_once('D:\\kumo\\public\\...')
#10 {main}
CRITICAL - 2022-09-21 00:23:33 --> date(): Argument #2 ($timestamp) must be of type ?int, string given
#0 D:\kumo\app\Views\track-order.php(189): date('Y-m-d', '2022-09-14 05:1...')
#1 D:\kumo\system\View\View.php(210): include('D:\\kumo\\app\\Vie...')
#2 D:\kumo\system\View\View.php(213): CodeIgniter\View\View->CodeIgniter\View\{closure}()
#3 D:\kumo\system\Common.php(1089): CodeIgniter\View\View->render('track-order', Array, true)
#4 D:\kumo\app\Controllers\Home.php(280): view('track-order', Array)
#5 D:\kumo\system\CodeIgniter.php(832): App\Controllers\Home->track_order()
#6 D:\kumo\system\CodeIgniter.php(419): CodeIgniter\CodeIgniter->runController(Object(App\Controllers\Home))
#7 D:\kumo\system\CodeIgniter.php(326): CodeIgniter\CodeIgniter->handleRequest(NULL, Object(Config\Cache), false)
#8 D:\kumo\public\index.php(37): CodeIgniter\CodeIgniter->run()
#9 D:\kumo\system\Commands\Server\rewrite.php(43): require_once('D:\\kumo\\public\\...')
#10 {main}
CRITICAL - 2022-09-21 00:24:09 --> date(): Argument #2 ($timestamp) must be of type ?int, string given
#0 D:\kumo\app\Views\track-order.php(189): date('Y-m-d', '2022-09-14 05:1...')
#1 D:\kumo\system\View\View.php(210): include('D:\\kumo\\app\\Vie...')
#2 D:\kumo\system\View\View.php(213): CodeIgniter\View\View->CodeIgniter\View\{closure}()
#3 D:\kumo\system\Common.php(1089): CodeIgniter\View\View->render('track-order', Array, true)
#4 D:\kumo\app\Controllers\Home.php(280): view('track-order', Array)
#5 D:\kumo\system\CodeIgniter.php(832): App\Controllers\Home->track_order()
#6 D:\kumo\system\CodeIgniter.php(419): CodeIgniter\CodeIgniter->runController(Object(App\Controllers\Home))
#7 D:\kumo\system\CodeIgniter.php(326): CodeIgniter\CodeIgniter->handleRequest(NULL, Object(Config\Cache), false)
#8 D:\kumo\public\index.php(37): CodeIgniter\CodeIgniter->run()
#9 D:\kumo\system\Commands\Server\rewrite.php(43): require_once('D:\\kumo\\public\\...')
#10 {main}
CRITICAL - 2022-09-21 11:23:45 --> Undefined variable $status
#0 D:\kumo\app\Views\track-order.php(209): CodeIgniter\Debug\Exceptions->errorHandler(2, 'Undefined varia...', 'D:\\kumo\\app\\Vie...', 209)
#1 D:\kumo\system\View\View.php(210): include('D:\\kumo\\app\\Vie...')
#2 D:\kumo\system\View\View.php(213): CodeIgniter\View\View->CodeIgniter\View\{closure}()
#3 D:\kumo\system\Common.php(1089): CodeIgniter\View\View->render('track-order', Array, true)
#4 D:\kumo\app\Controllers\Home.php(280): view('track-order', Array)
#5 D:\kumo\system\CodeIgniter.php(832): App\Controllers\Home->track_order()
#6 D:\kumo\system\CodeIgniter.php(419): CodeIgniter\CodeIgniter->runController(Object(App\Controllers\Home))
#7 D:\kumo\system\CodeIgniter.php(326): CodeIgniter\CodeIgniter->handleRequest(NULL, Object(Config\Cache), false)
#8 D:\kumo\public\index.php(37): CodeIgniter\CodeIgniter->run()
#9 D:\kumo\system\Commands\Server\rewrite.php(43): require_once('D:\\kumo\\public\\...')
#10 {main}
CRITICAL - 2022-09-21 11:23:48 --> Undefined variable $status
#0 D:\kumo\app\Views\track-order.php(209): CodeIgniter\Debug\Exceptions->errorHandler(2, 'Undefined varia...', 'D:\\kumo\\app\\Vie...', 209)
#1 D:\kumo\system\View\View.php(210): include('D:\\kumo\\app\\Vie...')
#2 D:\kumo\system\View\View.php(213): CodeIgniter\View\View->CodeIgniter\View\{closure}()
#3 D:\kumo\system\Common.php(1089): CodeIgniter\View\View->render('track-order', Array, true)
#4 D:\kumo\app\Controllers\Home.php(280): view('track-order', Array)
#5 D:\kumo\system\CodeIgniter.php(832): App\Controllers\Home->track_order()
#6 D:\kumo\system\CodeIgniter.php(419): CodeIgniter\CodeIgniter->runController(Object(App\Controllers\Home))
#7 D:\kumo\system\CodeIgniter.php(326): CodeIgniter\CodeIgniter->handleRequest(NULL, Object(Config\Cache), false)
#8 D:\kumo\public\index.php(37): CodeIgniter\CodeIgniter->run()
#9 D:\kumo\system\Commands\Server\rewrite.php(43): require_once('D:\\kumo\\public\\...')
#10 {main}
CRITICAL - 2022-09-21 11:24:06 --> Undefined variable $status
#0 D:\kumo\app\Views\track-order.php(209): CodeIgniter\Debug\Exceptions->errorHandler(2, 'Undefined varia...', 'D:\\kumo\\app\\Vie...', 209)
#1 D:\kumo\system\View\View.php(210): include('D:\\kumo\\app\\Vie...')
#2 D:\kumo\system\View\View.php(213): CodeIgniter\View\View->CodeIgniter\View\{closure}()
#3 D:\kumo\system\Common.php(1089): CodeIgniter\View\View->render('track-order', Array, true)
#4 D:\kumo\app\Controllers\Home.php(280): view('track-order', Array)
#5 D:\kumo\system\CodeIgniter.php(832): App\Controllers\Home->track_order()
#6 D:\kumo\system\CodeIgniter.php(419): CodeIgniter\CodeIgniter->runController(Object(App\Controllers\Home))
#7 D:\kumo\system\CodeIgniter.php(326): CodeIgniter\CodeIgniter->handleRequest(NULL, Object(Config\Cache), false)
#8 D:\kumo\public\index.php(37): CodeIgniter\CodeIgniter->run()
#9 D:\kumo\system\Commands\Server\rewrite.php(43): require_once('D:\\kumo\\public\\...')
#10 {main}
CRITICAL - 2022-09-21 01:46:48 --> Unclosed '{' on line 223
#0 D:\kumo\system\View\View.php(213): CodeIgniter\View\View->CodeIgniter\View\{closure}()
#1 D:\kumo\system\Common.php(1089): CodeIgniter\View\View->render('track-order', Array, true)
#2 D:\kumo\app\Controllers\Home.php(280): view('track-order', Array)
#3 D:\kumo\system\CodeIgniter.php(832): App\Controllers\Home->track_order()
#4 D:\kumo\system\CodeIgniter.php(419): CodeIgniter\CodeIgniter->runController(Object(App\Controllers\Home))
#5 D:\kumo\system\CodeIgniter.php(326): CodeIgniter\CodeIgniter->handleRequest(NULL, Object(Config\Cache), false)
#6 D:\kumo\public\index.php(37): CodeIgniter\CodeIgniter->run()
#7 D:\kumo\system\Commands\Server\rewrite.php(43): require_once('D:\\kumo\\public\\...')
#8 {main}
CRITICAL - 2022-09-21 01:46:50 --> Unclosed '{' on line 223
#0 D:\kumo\system\View\View.php(213): CodeIgniter\View\View->CodeIgniter\View\{closure}()
#1 D:\kumo\system\Common.php(1089): CodeIgniter\View\View->render('track-order', Array, true)
#2 D:\kumo\app\Controllers\Home.php(280): view('track-order', Array)
#3 D:\kumo\system\CodeIgniter.php(832): App\Controllers\Home->track_order()
#4 D:\kumo\system\CodeIgniter.php(419): CodeIgniter\CodeIgniter->runController(Object(App\Controllers\Home))
#5 D:\kumo\system\CodeIgniter.php(326): CodeIgniter\CodeIgniter->handleRequest(NULL, Object(Config\Cache), false)
#6 D:\kumo\public\index.php(37): CodeIgniter\CodeIgniter->run()
#7 D:\kumo\system\Commands\Server\rewrite.php(43): require_once('D:\\kumo\\public\\...')
#8 {main}
CRITICAL - 2022-09-21 01:47:10 --> Unclosed '{' on line 223
#0 D:\kumo\system\View\View.php(213): CodeIgniter\View\View->CodeIgniter\View\{closure}()
#1 D:\kumo\system\Common.php(1089): CodeIgniter\View\View->render('track-order', Array, true)
#2 D:\kumo\app\Controllers\Home.php(280): view('track-order', Array)
#3 D:\kumo\system\CodeIgniter.php(832): App\Controllers\Home->track_order()
#4 D:\kumo\system\CodeIgniter.php(419): CodeIgniter\CodeIgniter->runController(Object(App\Controllers\Home))
#5 D:\kumo\system\CodeIgniter.php(326): CodeIgniter\CodeIgniter->handleRequest(NULL, Object(Config\Cache), false)
#6 D:\kumo\public\index.php(37): CodeIgniter\CodeIgniter->run()
#7 D:\kumo\system\Commands\Server\rewrite.php(43): require_once('D:\\kumo\\public\\...')
#8 {main}
CRITICAL - 2022-09-21 02:25:12 --> Cannot use object of type CodeIgniter\HTTP\Files\UploadedFile as array
#0 D:\kumo\app\Controllers\admin\Home.php(77): App\Models\admin\HomeModel->insert_edit_brand(Array, Object(CodeIgniter\HTTP\Files\UploadedFile))
#1 D:\kumo\system\CodeIgniter.php(832): App\Controllers\admin\Home->createbrand()
#2 D:\kumo\system\CodeIgniter.php(419): CodeIgniter\CodeIgniter->runController(Object(App\Controllers\admin\Home))
#3 D:\kumo\system\CodeIgniter.php(326): CodeIgniter\CodeIgniter->handleRequest(NULL, Object(Config\Cache), false)
#4 D:\kumo\public\index.php(37): CodeIgniter\CodeIgniter->run()
#5 D:\kumo\system\Commands\Server\rewrite.php(43): require_once('D:\\kumo\\public\\...')
#6 {main}
CRITICAL - 2022-09-21 02:27:43 --> Cannot use object of type CodeIgniter\HTTP\Files\UploadedFile as array
#0 D:\kumo\app\Controllers\admin\Home.php(77): App\Models\admin\HomeModel->insert_edit_brand(Array, Object(CodeIgniter\HTTP\Files\UploadedFile))
#1 D:\kumo\system\CodeIgniter.php(832): App\Controllers\admin\Home->createbrand()
#2 D:\kumo\system\CodeIgniter.php(419): CodeIgniter\CodeIgniter->runController(Object(App\Controllers\admin\Home))
#3 D:\kumo\system\CodeIgniter.php(326): CodeIgniter\CodeIgniter->handleRequest(NULL, Object(Config\Cache), false)
#4 D:\kumo\public\index.php(37): CodeIgniter\CodeIgniter->run()
#5 D:\kumo\system\Commands\Server\rewrite.php(43): require_once('D:\\kumo\\public\\...')
#6 {main}
CRITICAL - 2022-09-21 05:28:00 --> Trying to access array offset on value of type null
#0 D:\kumo\app\Models\HomeModel.php(164): CodeIgniter\Debug\Exceptions->errorHandler(2, 'Trying to acces...', 'D:\\kumo\\app\\Mod...', 164)
#1 D:\kumo\app\Controllers\Home.php(134): App\Models\HomeModel->get_product_data('')
#2 D:\kumo\system\CodeIgniter.php(832): App\Controllers\Home->productdetail()
#3 D:\kumo\system\CodeIgniter.php(419): CodeIgniter\CodeIgniter->runController(Object(App\Controllers\Home))
#4 D:\kumo\system\CodeIgniter.php(326): CodeIgniter\CodeIgniter->handleRequest(NULL, Object(Config\Cache), false)
#5 D:\kumo\public\index.php(37): CodeIgniter\CodeIgniter->run()
#6 D:\kumo\system\Commands\Server\rewrite.php(43): require_once('D:\\kumo\\public\\...')
#7 {main}
CRITICAL - 2022-09-21 05:53:44 --> Undefined array key "order_id"
#0 D:\kumo\app\Views\myorder.php(46): CodeIgniter\Debug\Exceptions->errorHandler(2, 'Undefined array...', 'D:\\kumo\\app\\Vie...', 46)
#1 D:\kumo\system\View\View.php(210): include('D:\\kumo\\app\\Vie...')
#2 D:\kumo\system\View\View.php(213): CodeIgniter\View\View->CodeIgniter\View\{closure}()
#3 D:\kumo\system\Common.php(1089): CodeIgniter\View\View->render('myorder', Array, true)
#4 D:\kumo\app\Controllers\Home.php(266): view('myorder', Array)
#5 D:\kumo\system\CodeIgniter.php(832): App\Controllers\Home->order()
#6 D:\kumo\system\CodeIgniter.php(419): CodeIgniter\CodeIgniter->runController(Object(App\Controllers\Home))
#7 D:\kumo\system\CodeIgniter.php(326): CodeIgniter\CodeIgniter->handleRequest(NULL, Object(Config\Cache), false)
#8 D:\kumo\public\index.php(37): CodeIgniter\CodeIgniter->run()
#9 D:\kumo\system\Commands\Server\rewrite.php(43): require_once('D:\\kumo\\public\\...')
#10 {main}
CRITICAL - 2022-09-21 05:55:56 --> strtotime(): Passing null to parameter #1 ($datetime) of type string is deprecated
#0 [internal function]: CodeIgniter\Debug\Exceptions->errorHandler(8192, 'strtotime(): Pa...', 'D:\\kumo\\app\\Vie...', 79)
#1 D:\kumo\app\Views\myorder.php(79): strtotime(NULL)
#2 D:\kumo\system\View\View.php(210): include('D:\\kumo\\app\\Vie...')
#3 D:\kumo\system\View\View.php(213): CodeIgniter\View\View->CodeIgniter\View\{closure}()
#4 D:\kumo\system\Common.php(1089): CodeIgniter\View\View->render('myorder', Array, true)
#5 D:\kumo\app\Controllers\Home.php(266): view('myorder', Array)
#6 D:\kumo\system\CodeIgniter.php(832): App\Controllers\Home->order()
#7 D:\kumo\system\CodeIgniter.php(419): CodeIgniter\CodeIgniter->runController(Object(App\Controllers\Home))
#8 D:\kumo\system\CodeIgniter.php(326): CodeIgniter\CodeIgniter->handleRequest(NULL, Object(Config\Cache), false)
#9 D:\kumo\public\index.php(37): CodeIgniter\CodeIgniter->run()
#10 D:\kumo\system\Commands\Server\rewrite.php(43): require_once('D:\\kumo\\public\\...')
#11 {main}
CRITICAL - 2022-09-21 05:56:59 --> strtotime(): Passing null to parameter #1 ($datetime) of type string is deprecated
#0 [internal function]: CodeIgniter\Debug\Exceptions->errorHandler(8192, 'strtotime(): Pa...', 'D:\\kumo\\app\\Vie...', 79)
#1 D:\kumo\app\Views\myorder.php(79): strtotime(NULL)
#2 D:\kumo\system\View\View.php(210): include('D:\\kumo\\app\\Vie...')
#3 D:\kumo\system\View\View.php(213): CodeIgniter\View\View->CodeIgniter\View\{closure}()
#4 D:\kumo\system\Common.php(1089): CodeIgniter\View\View->render('myorder', Array, true)
#5 D:\kumo\app\Controllers\Home.php(266): view('myorder', Array)
#6 D:\kumo\system\CodeIgniter.php(832): App\Controllers\Home->order()
#7 D:\kumo\system\CodeIgniter.php(419): CodeIgniter\CodeIgniter->runController(Object(App\Controllers\Home))
#8 D:\kumo\system\CodeIgniter.php(326): CodeIgniter\CodeIgniter->handleRequest(NULL, Object(Config\Cache), false)
#9 D:\kumo\public\index.php(37): CodeIgniter\CodeIgniter->run()
#10 D:\kumo\system\Commands\Server\rewrite.php(43): require_once('D:\\kumo\\public\\...')
#11 {main}
CRITICAL - 2022-09-21 05:57:27 --> strtotime(): Passing null to parameter #1 ($datetime) of type string is deprecated
#0 [internal function]: CodeIgniter\Debug\Exceptions->errorHandler(8192, 'strtotime(): Pa...', 'D:\\kumo\\app\\Vie...', 79)
#1 D:\kumo\app\Views\myorder.php(79): strtotime(NULL)
#2 D:\kumo\system\View\View.php(210): include('D:\\kumo\\app\\Vie...')
#3 D:\kumo\system\View\View.php(213): CodeIgniter\View\View->CodeIgniter\View\{closure}()
#4 D:\kumo\system\Common.php(1089): CodeIgniter\View\View->render('myorder', Array, true)
#5 D:\kumo\app\Controllers\Home.php(266): view('myorder', Array)
#6 D:\kumo\system\CodeIgniter.php(832): App\Controllers\Home->order()
#7 D:\kumo\system\CodeIgniter.php(419): CodeIgniter\CodeIgniter->runController(Object(App\Controllers\Home))
#8 D:\kumo\system\CodeIgniter.php(326): CodeIgniter\CodeIgniter->handleRequest(NULL, Object(Config\Cache), false)
#9 D:\kumo\public\index.php(37): CodeIgniter\CodeIgniter->run()
#10 D:\kumo\system\Commands\Server\rewrite.php(43): require_once('D:\\kumo\\public\\...')
#11 {main}
CRITICAL - 2022-09-21 05:57:54 --> strtotime(): Passing null to parameter #1 ($datetime) of type string is deprecated
#0 [internal function]: CodeIgniter\Debug\Exceptions->errorHandler(8192, 'strtotime(): Pa...', 'D:\\kumo\\app\\Vie...', 83)
#1 D:\kumo\app\Views\myorder.php(83): strtotime(NULL)
#2 D:\kumo\system\View\View.php(210): include('D:\\kumo\\app\\Vie...')
#3 D:\kumo\system\View\View.php(213): CodeIgniter\View\View->CodeIgniter\View\{closure}()
#4 D:\kumo\system\Common.php(1089): CodeIgniter\View\View->render('myorder', Array, true)
#5 D:\kumo\app\Controllers\Home.php(266): view('myorder', Array)
#6 D:\kumo\system\CodeIgniter.php(832): App\Controllers\Home->order()
#7 D:\kumo\system\CodeIgniter.php(419): CodeIgniter\CodeIgniter->runController(Object(App\Controllers\Home))
#8 D:\kumo\system\CodeIgniter.php(326): CodeIgniter\CodeIgniter->handleRequest(NULL, Object(Config\Cache), false)
#9 D:\kumo\public\index.php(37): CodeIgniter\CodeIgniter->run()
#10 D:\kumo\system\Commands\Server\rewrite.php(43): require_once('D:\\kumo\\public\\...')
#11 {main}
CRITICAL - 2022-09-21 05:58:03 --> strtotime(): Passing null to parameter #1 ($datetime) of type string is deprecated
#0 [internal function]: CodeIgniter\Debug\Exceptions->errorHandler(8192, 'strtotime(): Pa...', 'D:\\kumo\\app\\Vie...', 83)
#1 D:\kumo\app\Views\myorder.php(83): strtotime(NULL)
#2 D:\kumo\system\View\View.php(210): include('D:\\kumo\\app\\Vie...')
#3 D:\kumo\system\View\View.php(213): CodeIgniter\View\View->CodeIgniter\View\{closure}()
#4 D:\kumo\system\Common.php(1089): CodeIgniter\View\View->render('myorder', Array, true)
#5 D:\kumo\app\Controllers\Home.php(266): view('myorder', Array)
#6 D:\kumo\system\CodeIgniter.php(832): App\Controllers\Home->order()
#7 D:\kumo\system\CodeIgniter.php(419): CodeIgniter\CodeIgniter->runController(Object(App\Controllers\Home))
#8 D:\kumo\system\CodeIgniter.php(326): CodeIgniter\CodeIgniter->handleRequest(NULL, Object(Config\Cache), false)
#9 D:\kumo\public\index.php(37): CodeIgniter\CodeIgniter->run()
#10 D:\kumo\system\Commands\Server\rewrite.php(43): require_once('D:\\kumo\\public\\...')
#11 {main}
CRITICAL - 2022-09-21 05:58:23 --> strtotime(): Passing null to parameter #1 ($datetime) of type string is deprecated
#0 [internal function]: CodeIgniter\Debug\Exceptions->errorHandler(8192, 'strtotime(): Pa...', 'D:\\kumo\\app\\Vie...', 79)
#1 D:\kumo\app\Views\myorder.php(79): strtotime(NULL)
#2 D:\kumo\system\View\View.php(210): include('D:\\kumo\\app\\Vie...')
#3 D:\kumo\system\View\View.php(213): CodeIgniter\View\View->CodeIgniter\View\{closure}()
#4 D:\kumo\system\Common.php(1089): CodeIgniter\View\View->render('myorder', Array, true)
#5 D:\kumo\app\Controllers\Home.php(266): view('myorder', Array)
#6 D:\kumo\system\CodeIgniter.php(832): App\Controllers\Home->order()
#7 D:\kumo\system\CodeIgniter.php(419): CodeIgniter\CodeIgniter->runController(Object(App\Controllers\Home))
#8 D:\kumo\system\CodeIgniter.php(326): CodeIgniter\CodeIgniter->handleRequest(NULL, Object(Config\Cache), false)
#9 D:\kumo\public\index.php(37): CodeIgniter\CodeIgniter->run()
#10 D:\kumo\system\Commands\Server\rewrite.php(43): require_once('D:\\kumo\\public\\...')
#11 {main}
CRITICAL - 2022-09-21 06:58:59 --> Undefined variable $product
#0 D:\kumo\app\Views\index.php(110): CodeIgniter\Debug\Exceptions->errorHandler(2, 'Undefined varia...', 'D:\\kumo\\app\\Vie...', 110)
#1 D:\kumo\system\View\View.php(210): include('D:\\kumo\\app\\Vie...')
#2 D:\kumo\system\View\View.php(213): CodeIgniter\View\View->CodeIgniter\View\{closure}()
#3 D:\kumo\system\Common.php(1089): CodeIgniter\View\View->render('index', Array, true)
#4 D:\kumo\app\Controllers\Home.php(30): view('index', Array)
#5 D:\kumo\system\CodeIgniter.php(832): App\Controllers\Home->index()
#6 D:\kumo\system\CodeIgniter.php(419): CodeIgniter\CodeIgniter->runController(Object(App\Controllers\Home))
#7 D:\kumo\system\CodeIgniter.php(326): CodeIgniter\CodeIgniter->handleRequest(NULL, Object(Config\Cache), false)
#8 D:\kumo\public\index.php(37): CodeIgniter\CodeIgniter->run()
#9 D:\kumo\system\Commands\Server\rewrite.php(43): require_once('D:\\kumo\\public\\...')
#10 {main}
CRITICAL - 2022-09-21 06:59:18 --> Undefined variable $product
#0 D:\kumo\app\Views\index.php(117): CodeIgniter\Debug\Exceptions->errorHandler(2, 'Undefined varia...', 'D:\\kumo\\app\\Vie...', 117)
#1 D:\kumo\system\View\View.php(210): include('D:\\kumo\\app\\Vie...')
#2 D:\kumo\system\View\View.php(213): CodeIgniter\View\View->CodeIgniter\View\{closure}()
#3 D:\kumo\system\Common.php(1089): CodeIgniter\View\View->render('index', Array, true)
#4 D:\kumo\app\Controllers\Home.php(30): view('index', Array)
#5 D:\kumo\system\CodeIgniter.php(832): App\Controllers\Home->index()
#6 D:\kumo\system\CodeIgniter.php(419): CodeIgniter\CodeIgniter->runController(Object(App\Controllers\Home))
#7 D:\kumo\system\CodeIgniter.php(326): CodeIgniter\CodeIgniter->handleRequest(NULL, Object(Config\Cache), false)
#8 D:\kumo\public\index.php(37): CodeIgniter\CodeIgniter->run()
#9 D:\kumo\system\Commands\Server\rewrite.php(43): require_once('D:\\kumo\\public\\...')
#10 {main}
CRITICAL - 2022-09-21 06:59:21 --> Undefined variable $product
#0 D:\kumo\app\Views\index.php(117): CodeIgniter\Debug\Exceptions->errorHandler(2, 'Undefined varia...', 'D:\\kumo\\app\\Vie...', 117)
#1 D:\kumo\system\View\View.php(210): include('D:\\kumo\\app\\Vie...')
#2 D:\kumo\system\View\View.php(213): CodeIgniter\View\View->CodeIgniter\View\{closure}()
#3 D:\kumo\system\Common.php(1089): CodeIgniter\View\View->render('index', Array, true)
#4 D:\kumo\app\Controllers\Home.php(30): view('index', Array)
#5 D:\kumo\system\CodeIgniter.php(832): App\Controllers\Home->index()
#6 D:\kumo\system\CodeIgniter.php(419): CodeIgniter\CodeIgniter->runController(Object(App\Controllers\Home))
#7 D:\kumo\system\CodeIgniter.php(326): CodeIgniter\CodeIgniter->handleRequest(NULL, Object(Config\Cache), false)
#8 D:\kumo\public\index.php(37): CodeIgniter\CodeIgniter->run()
#9 D:\kumo\system\Commands\Server\rewrite.php(43): require_once('D:\\kumo\\public\\...')
#10 {main}
ERROR - 2022-09-21 22:55:18 --> Column 'default_add' cannot be null
CRITICAL - 2022-09-21 22:55:18 --> Column 'default_add' cannot be null
#0 D:\kumo\system\Database\MySQLi\Connection.php(292): mysqli->query('INSERT INTO `or...', 0)
#1 D:\kumo\system\Database\BaseConnection.php(670): CodeIgniter\Database\MySQLi\Connection->execute('INSERT INTO `or...')
#2 D:\kumo\system\Database\BaseConnection.php(598): CodeIgniter\Database\BaseConnection->simpleQuery('INSERT INTO `or...')
#3 D:\kumo\system\Database\BaseBuilder.php(1771): CodeIgniter\Database\BaseConnection->query('INSERT INTO `or...', Array, false)
#4 D:\kumo\app\Models\HomeModel.php(1090): CodeIgniter\Database\BaseBuilder->insert(Array)
#5 D:\kumo\app\Controllers\Home.php(210): App\Models\HomeModel->payment_data(Array)
#6 D:\kumo\system\CodeIgniter.php(832): App\Controllers\Home->checkout()
#7 D:\kumo\system\CodeIgniter.php(419): CodeIgniter\CodeIgniter->runController(Object(App\Controllers\Home))
#8 D:\kumo\system\CodeIgniter.php(326): CodeIgniter\CodeIgniter->handleRequest(NULL, Object(Config\Cache), false)
#9 D:\kumo\public\index.php(37): CodeIgniter\CodeIgniter->run()
#10 D:\kumo\system\Commands\Server\rewrite.php(43): require_once('D:\\kumo\\public\\...')
#11 {main}
ERROR - 2022-09-21 22:55:27 --> Column 'default_add' cannot be null
CRITICAL - 2022-09-21 22:55:27 --> Column 'default_add' cannot be null
#0 D:\kumo\system\Database\MySQLi\Connection.php(292): mysqli->query('INSERT INTO `or...', 0)
#1 D:\kumo\system\Database\BaseConnection.php(670): CodeIgniter\Database\MySQLi\Connection->execute('INSERT INTO `or...')
#2 D:\kumo\system\Database\BaseConnection.php(598): CodeIgniter\Database\BaseConnection->simpleQuery('INSERT INTO `or...')
#3 D:\kumo\system\Database\BaseBuilder.php(1771): CodeIgniter\Database\BaseConnection->query('INSERT INTO `or...', Array, false)
#4 D:\kumo\app\Models\HomeModel.php(1090): CodeIgniter\Database\BaseBuilder->insert(Array)
#5 D:\kumo\app\Controllers\Home.php(210): App\Models\HomeModel->payment_data(Array)
#6 D:\kumo\system\CodeIgniter.php(832): App\Controllers\Home->checkout()
#7 D:\kumo\system\CodeIgniter.php(419): CodeIgniter\CodeIgniter->runController(Object(App\Controllers\Home))
#8 D:\kumo\system\CodeIgniter.php(326): CodeIgniter\CodeIgniter->handleRequest(NULL, Object(Config\Cache), false)
#9 D:\kumo\public\index.php(37): CodeIgniter\CodeIgniter->run()
#10 D:\kumo\system\Commands\Server\rewrite.php(43): require_once('D:\\kumo\\public\\...')
#11 {main}
ERROR - 2022-09-21 22:56:35 --> Column 'default_add' cannot be null
CRITICAL - 2022-09-21 22:56:35 --> Column 'default_add' cannot be null
#0 D:\kumo\system\Database\MySQLi\Connection.php(292): mysqli->query('INSERT INTO `or...', 0)
#1 D:\kumo\system\Database\BaseConnection.php(670): CodeIgniter\Database\MySQLi\Connection->execute('INSERT INTO `or...')
#2 D:\kumo\system\Database\BaseConnection.php(598): CodeIgniter\Database\BaseConnection->simpleQuery('INSERT INTO `or...')
#3 D:\kumo\system\Database\BaseBuilder.php(1771): CodeIgniter\Database\BaseConnection->query('INSERT INTO `or...', Array, false)
#4 D:\kumo\app\Models\HomeModel.php(1090): CodeIgniter\Database\BaseBuilder->insert(Array)
#5 D:\kumo\app\Controllers\Home.php(210): App\Models\HomeModel->payment_data(Array)
#6 D:\kumo\system\CodeIgniter.php(832): App\Controllers\Home->checkout()
#7 D:\kumo\system\CodeIgniter.php(419): CodeIgniter\CodeIgniter->runController(Object(App\Controllers\Home))
#8 D:\kumo\system\CodeIgniter.php(326): CodeIgniter\CodeIgniter->handleRequest(NULL, Object(Config\Cache), false)
#9 D:\kumo\public\index.php(37): CodeIgniter\CodeIgniter->run()
#10 D:\kumo\system\Commands\Server\rewrite.php(43): require_once('D:\\kumo\\public\\...')
#11 {main}
CRITICAL - 2022-09-21 22:59:34 --> Attempt to read property "email" on null
#0 D:\kumo\app\Helpers\rozorpay_helper.php(203): CodeIgniter\Debug\Exceptions->errorHandler(2, 'Attempt to read...', 'D:\\kumo\\app\\Hel...', 203)
#1 D:\kumo\app\Controllers\Home.php(367): PaymentExecute('9cc5335781c0f94...')
#2 D:\kumo\system\CodeIgniter.php(832): App\Controllers\Home->PaymentExcuate('9cc5335781c0f94...')
#3 D:\kumo\system\CodeIgniter.php(419): CodeIgniter\CodeIgniter->runController(Object(App\Controllers\Home))
#4 D:\kumo\system\CodeIgniter.php(326): CodeIgniter\CodeIgniter->handleRequest(NULL, Object(Config\Cache), false)
#5 D:\kumo\public\index.php(37): CodeIgniter\CodeIgniter->run()
#6 D:\kumo\system\Commands\Server\rewrite.php(43): require_once('D:\\kumo\\public\\...')
#7 {main}
CRITICAL - 2022-09-21 23:02:19 --> Attempt to read property "email" on null
#0 D:\kumo\app\Helpers\rozorpay_helper.php(203): CodeIgniter\Debug\Exceptions->errorHandler(2, 'Attempt to read...', 'D:\\kumo\\app\\Hel...', 203)
#1 D:\kumo\app\Controllers\Home.php(367): PaymentExecute('9cc5335781c0f94...')
#2 D:\kumo\system\CodeIgniter.php(832): App\Controllers\Home->PaymentExcuate('9cc5335781c0f94...')
#3 D:\kumo\system\CodeIgniter.php(419): CodeIgniter\CodeIgniter->runController(Object(App\Controllers\Home))
#4 D:\kumo\system\CodeIgniter.php(326): CodeIgniter\CodeIgniter->handleRequest(NULL, Object(Config\Cache), false)
#5 D:\kumo\public\index.php(37): CodeIgniter\CodeIgniter->run()
#6 D:\kumo\system\Commands\Server\rewrite.php(43): require_once('D:\\kumo\\public\\...')
#7 {main}
ERROR - 2022-09-21 23:04:29 --> Column 'default_add' cannot be null
CRITICAL - 2022-09-21 23:04:29 --> Column 'default_add' cannot be null
#0 D:\kumo\system\Database\MySQLi\Connection.php(292): mysqli->query('INSERT INTO `or...', 0)
#1 D:\kumo\system\Database\BaseConnection.php(670): CodeIgniter\Database\MySQLi\Connection->execute('INSERT INTO `or...')
#2 D:\kumo\system\Database\BaseConnection.php(598): CodeIgniter\Database\BaseConnection->simpleQuery('INSERT INTO `or...')
#3 D:\kumo\system\Database\BaseBuilder.php(1771): CodeIgniter\Database\BaseConnection->query('INSERT INTO `or...', Array, false)
#4 D:\kumo\app\Models\HomeModel.php(1089): CodeIgniter\Database\BaseBuilder->insert(Array)
#5 D:\kumo\app\Controllers\Home.php(210): App\Models\HomeModel->payment_data(Array)
#6 D:\kumo\system\CodeIgniter.php(832): App\Controllers\Home->checkout()
#7 D:\kumo\system\CodeIgniter.php(419): CodeIgniter\CodeIgniter->runController(Object(App\Controllers\Home))
#8 D:\kumo\system\CodeIgniter.php(326): CodeIgniter\CodeIgniter->handleRequest(NULL, Object(Config\Cache), false)
#9 D:\kumo\public\index.php(37): CodeIgniter\CodeIgniter->run()
#10 D:\kumo\system\Commands\Server\rewrite.php(43): require_once('D:\\kumo\\public\\...')
#11 {main}
CRITICAL - 2022-09-21 23:05:03 --> Attempt to read property "email" on null
#0 D:\kumo\app\Helpers\rozorpay_helper.php(211): CodeIgniter\Debug\Exceptions->errorHandler(2, 'Attempt to read...', 'D:\\kumo\\app\\Hel...', 211)
#1 D:\kumo\app\Controllers\Home.php(367): PaymentExecute('22cc7af7595c5ff...')
#2 D:\kumo\system\CodeIgniter.php(832): App\Controllers\Home->PaymentExcuate('22cc7af7595c5ff...')
#3 D:\kumo\system\CodeIgniter.php(419): CodeIgniter\CodeIgniter->runController(Object(App\Controllers\Home))
#4 D:\kumo\system\CodeIgniter.php(326): CodeIgniter\CodeIgniter->handleRequest(NULL, Object(Config\Cache), false)
#5 D:\kumo\public\index.php(37): CodeIgniter\CodeIgniter->run()
#6 D:\kumo\system\Commands\Server\rewrite.php(43): require_once('D:\\kumo\\public\\...')
#7 {main}
CRITICAL - 2022-09-21 23:31:54 --> array_merge(): Argument #2 must be of type array, null given
#0 D:\kumo\app\Models\HomeModel.php(447): array_merge(Array, NULL)
#1 D:\kumo\app\Controllers\Home.php(255): App\Models\HomeModel->get_order_details('2')
#2 D:\kumo\system\CodeIgniter.php(832): App\Controllers\Home->orderview('2')
#3 D:\kumo\system\CodeIgniter.php(419): CodeIgniter\CodeIgniter->runController(Object(App\Controllers\Home))
#4 D:\kumo\system\CodeIgniter.php(326): CodeIgniter\CodeIgniter->handleRequest(NULL, Object(Config\Cache), false)
#5 D:\kumo\public\index.php(37): CodeIgniter\CodeIgniter->run()
#6 D:\kumo\system\Commands\Server\rewrite.php(43): require_once('D:\\kumo\\public\\...')
#7 {main}
CRITICAL - 2022-09-21 23:31:57 --> array_merge(): Argument #2 must be of type array, null given
#0 D:\kumo\app\Models\HomeModel.php(447): array_merge(Array, NULL)
#1 D:\kumo\app\Controllers\Home.php(255): App\Models\HomeModel->get_order_details('2')
#2 D:\kumo\system\CodeIgniter.php(832): App\Controllers\Home->orderview('2')
#3 D:\kumo\system\CodeIgniter.php(419): CodeIgniter\CodeIgniter->runController(Object(App\Controllers\Home))
#4 D:\kumo\system\CodeIgniter.php(326): CodeIgniter\CodeIgniter->handleRequest(NULL, Object(Config\Cache), false)
#5 D:\kumo\public\index.php(37): CodeIgniter\CodeIgniter->run()
#6 D:\kumo\system\Commands\Server\rewrite.php(43): require_once('D:\\kumo\\public\\...')
#7 {main}
