CRITICAL - 2022-09-22 03:46:39 --> Undefined variable $data
#0 D:\kumo\app\Views\payment_success.php(8): CodeIgniter\Debug\Exceptions->errorHandler(2, 'Undefined varia...', 'D:\\kumo\\app\\Vie...', 8)
#1 D:\kumo\system\View\View.php(210): include('D:\\kumo\\app\\Vie...')
#2 D:\kumo\system\View\View.php(213): CodeIgniter\View\View->CodeIgniter\View\{closure}()
#3 D:\kumo\system\Common.php(1089): CodeIgniter\View\View->render('payment_success', Array, true)
#4 D:\kumo\app\Controllers\Home.php(380): view('payment_success', Array)
#5 D:\kumo\system\CodeIgniter.php(832): App\Controllers\Home->payment_success('fdd8cd2b091f397...')
#6 D:\kumo\system\CodeIgniter.php(419): CodeIgniter\CodeIgniter->runController(Object(App\Controllers\Home))
#7 D:\kumo\system\CodeIgniter.php(326): CodeIgniter\CodeIgniter->handleRequest(NULL, Object(Config\Cache), false)
#8 D:\kumo\public\index.php(37): CodeIgniter\CodeIgniter->run()
#9 D:\kumo\system\Commands\Server\rewrite.php(43): require_once('D:\\kumo\\public\\...')
#10 {main}
CRITICAL - 2022-09-22 03:46:50 --> Undefined variable $data
#0 D:\kumo\app\Views\payment_success.php(8): CodeIgniter\Debug\Exceptions->errorHandler(2, 'Undefined varia...', 'D:\\kumo\\app\\Vie...', 8)
#1 D:\kumo\system\View\View.php(210): include('D:\\kumo\\app\\Vie...')
#2 D:\kumo\system\View\View.php(213): CodeIgniter\View\View->CodeIgniter\View\{closure}()
#3 D:\kumo\system\Common.php(1089): CodeIgniter\View\View->render('payment_success', Array, true)
#4 D:\kumo\app\Controllers\Home.php(380): view('payment_success', Array)
#5 D:\kumo\system\CodeIgniter.php(832): App\Controllers\Home->payment_success('fdd8cd2b091f397...')
#6 D:\kumo\system\CodeIgniter.php(419): CodeIgniter\CodeIgniter->runController(Object(App\Controllers\Home))
#7 D:\kumo\system\CodeIgniter.php(326): CodeIgniter\CodeIgniter->handleRequest(NULL, Object(Config\Cache), false)
#8 D:\kumo\public\index.php(37): CodeIgniter\CodeIgniter->run()
#9 D:\kumo\system\Commands\Server\rewrite.php(43): require_once('D:\\kumo\\public\\...')
#10 {main}
CRITICAL - 2022-09-22 03:46:51 --> Undefined variable $data
#0 D:\kumo\app\Views\payment_success.php(8): CodeIgniter\Debug\Exceptions->errorHandler(2, 'Undefined varia...', 'D:\\kumo\\app\\Vie...', 8)
#1 D:\kumo\system\View\View.php(210): include('D:\\kumo\\app\\Vie...')
#2 D:\kumo\system\View\View.php(213): CodeIgniter\View\View->CodeIgniter\View\{closure}()
#3 D:\kumo\system\Common.php(1089): CodeIgniter\View\View->render('payment_success', Array, true)
#4 D:\kumo\app\Controllers\Home.php(380): view('payment_success', Array)
#5 D:\kumo\system\CodeIgniter.php(832): App\Controllers\Home->payment_success('fdd8cd2b091f397...')
#6 D:\kumo\system\CodeIgniter.php(419): CodeIgniter\CodeIgniter->runController(Object(App\Controllers\Home))
#7 D:\kumo\system\CodeIgniter.php(326): CodeIgniter\CodeIgniter->handleRequest(NULL, Object(Config\Cache), false)
#8 D:\kumo\public\index.php(37): CodeIgniter\CodeIgniter->run()
#9 D:\kumo\system\Commands\Server\rewrite.php(43): require_once('D:\\kumo\\public\\...')
#10 {main}
CRITICAL - 2022-09-22 03:47:16 --> printf(): Argument #1 ($format) must be of type string, array given
#0 D:\kumo\app\Controllers\Home.php(380): printf(Array)
#1 D:\kumo\system\CodeIgniter.php(832): App\Controllers\Home->payment_success('fdd8cd2b091f397...')
#2 D:\kumo\system\CodeIgniter.php(419): CodeIgniter\CodeIgniter->runController(Object(App\Controllers\Home))
#3 D:\kumo\system\CodeIgniter.php(326): CodeIgniter\CodeIgniter->handleRequest(NULL, Object(Config\Cache), false)
#4 D:\kumo\public\index.php(37): CodeIgniter\CodeIgniter->run()
#5 D:\kumo\system\Commands\Server\rewrite.php(43): require_once('D:\\kumo\\public\\...')
#6 {main}
CRITICAL - 2022-09-22 03:47:16 --> printf(): Argument #1 ($format) must be of type string, array given
#0 D:\kumo\app\Controllers\Home.php(380): printf(Array)
#1 D:\kumo\system\CodeIgniter.php(832): App\Controllers\Home->payment_success('fdd8cd2b091f397...')
#2 D:\kumo\system\CodeIgniter.php(419): CodeIgniter\CodeIgniter->runController(Object(App\Controllers\Home))
#3 D:\kumo\system\CodeIgniter.php(326): CodeIgniter\CodeIgniter->handleRequest(NULL, Object(Config\Cache), false)
#4 D:\kumo\public\index.php(37): CodeIgniter\CodeIgniter->run()
#5 D:\kumo\system\Commands\Server\rewrite.php(43): require_once('D:\\kumo\\public\\...')
#6 {main}
CRITICAL - 2022-09-22 03:47:20 --> printf(): Argument #1 ($format) must be of type string, array given
#0 D:\kumo\app\Controllers\Home.php(380): printf(Array)
#1 D:\kumo\system\CodeIgniter.php(832): App\Controllers\Home->payment_success()
#2 D:\kumo\system\CodeIgniter.php(419): CodeIgniter\CodeIgniter->runController(Object(App\Controllers\Home))
#3 D:\kumo\system\CodeIgniter.php(326): CodeIgniter\CodeIgniter->handleRequest(NULL, Object(Config\Cache), false)
#4 D:\kumo\public\index.php(37): CodeIgniter\CodeIgniter->run()
#5 D:\kumo\system\Commands\Server\rewrite.php(43): require_once('D:\\kumo\\public\\...')
#6 {main}
CRITICAL - 2022-09-22 03:47:21 --> printf(): Argument #1 ($format) must be of type string, array given
#0 D:\kumo\app\Controllers\Home.php(380): printf(Array)
#1 D:\kumo\system\CodeIgniter.php(832): App\Controllers\Home->payment_success()
#2 D:\kumo\system\CodeIgniter.php(419): CodeIgniter\CodeIgniter->runController(Object(App\Controllers\Home))
#3 D:\kumo\system\CodeIgniter.php(326): CodeIgniter\CodeIgniter->handleRequest(NULL, Object(Config\Cache), false)
#4 D:\kumo\public\index.php(37): CodeIgniter\CodeIgniter->run()
#5 D:\kumo\system\Commands\Server\rewrite.php(43): require_once('D:\\kumo\\public\\...')
#6 {main}
CRITICAL - 2022-09-22 03:47:23 --> printf(): Argument #1 ($format) must be of type string, array given
#0 D:\kumo\app\Controllers\Home.php(380): printf(Array)
#1 D:\kumo\system\CodeIgniter.php(832): App\Controllers\Home->payment_success()
#2 D:\kumo\system\CodeIgniter.php(419): CodeIgniter\CodeIgniter->runController(Object(App\Controllers\Home))
#3 D:\kumo\system\CodeIgniter.php(326): CodeIgniter\CodeIgniter->handleRequest(NULL, Object(Config\Cache), false)
#4 D:\kumo\public\index.php(37): CodeIgniter\CodeIgniter->run()
#5 D:\kumo\system\Commands\Server\rewrite.php(43): require_once('D:\\kumo\\public\\...')
#6 {main}
CRITICAL - 2022-09-22 03:48:13 --> printf(): Argument #1 ($format) must be of type string, array given
#0 D:\kumo\app\Controllers\Home.php(379): printf(Array)
#1 D:\kumo\system\CodeIgniter.php(832): App\Controllers\Home->payment_success()
#2 D:\kumo\system\CodeIgniter.php(419): CodeIgniter\CodeIgniter->runController(Object(App\Controllers\Home))
#3 D:\kumo\system\CodeIgniter.php(326): CodeIgniter\CodeIgniter->handleRequest(NULL, Object(Config\Cache), false)
#4 D:\kumo\public\index.php(37): CodeIgniter\CodeIgniter->run()
#5 D:\kumo\system\Commands\Server\rewrite.php(43): require_once('D:\\kumo\\public\\...')
#6 {main}
ERROR - 2022-09-22 04:00:30 --> Unknown column 'c.name' in 'field list'
CRITICAL - 2022-09-22 04:00:30 --> Unknown column 'c.name' in 'field list'
#0 D:\kumo\system\Database\MySQLi\Connection.php(292): mysqli->query('SELECT `i`.`id`...', 0)
#1 D:\kumo\system\Database\BaseConnection.php(670): CodeIgniter\Database\MySQLi\Connection->execute('SELECT `i`.`id`...')
#2 D:\kumo\system\Database\BaseConnection.php(598): CodeIgniter\Database\BaseConnection->simpleQuery('SELECT `i`.`id`...')
#3 D:\kumo\system\Database\BaseBuilder.php(1455): CodeIgniter\Database\BaseConnection->query('SELECT `i`.`id`...', Array, false)
#4 D:\kumo\app\Models\HomeModel.php(740): CodeIgniter\Database\BaseBuilder->get()
#5 D:\kumo\app\Controllers\Home.php(122): App\Models\HomeModel->get_related_product_data('3')
#6 D:\kumo\system\CodeIgniter.php(832): App\Controllers\Home->productdetail('18')
#7 D:\kumo\system\CodeIgniter.php(419): CodeIgniter\CodeIgniter->runController(Object(App\Controllers\Home))
#8 D:\kumo\system\CodeIgniter.php(326): CodeIgniter\CodeIgniter->handleRequest(NULL, Object(Config\Cache), false)
#9 D:\kumo\public\index.php(37): CodeIgniter\CodeIgniter->run()
#10 D:\kumo\system\Commands\Server\rewrite.php(43): require_once('D:\\kumo\\public\\...')
#11 {main}
ERROR - 2022-09-22 04:00:31 --> Unknown column 'c.name' in 'field list'
CRITICAL - 2022-09-22 04:00:31 --> Unknown column 'c.name' in 'field list'
#0 D:\kumo\system\Database\MySQLi\Connection.php(292): mysqli->query('SELECT `i`.`id`...', 0)
#1 D:\kumo\system\Database\BaseConnection.php(670): CodeIgniter\Database\MySQLi\Connection->execute('SELECT `i`.`id`...')
#2 D:\kumo\system\Database\BaseConnection.php(598): CodeIgniter\Database\BaseConnection->simpleQuery('SELECT `i`.`id`...')
#3 D:\kumo\system\Database\BaseBuilder.php(1455): CodeIgniter\Database\BaseConnection->query('SELECT `i`.`id`...', Array, false)
#4 D:\kumo\app\Models\HomeModel.php(740): CodeIgniter\Database\BaseBuilder->get()
#5 D:\kumo\app\Controllers\Home.php(122): App\Models\HomeModel->get_related_product_data('3')
#6 D:\kumo\system\CodeIgniter.php(832): App\Controllers\Home->productdetail('18')
#7 D:\kumo\system\CodeIgniter.php(419): CodeIgniter\CodeIgniter->runController(Object(App\Controllers\Home))
#8 D:\kumo\system\CodeIgniter.php(326): CodeIgniter\CodeIgniter->handleRequest(NULL, Object(Config\Cache), false)
#9 D:\kumo\public\index.php(37): CodeIgniter\CodeIgniter->run()
#10 D:\kumo\system\Commands\Server\rewrite.php(43): require_once('D:\\kumo\\public\\...')
#11 {main}
ERROR - 2022-09-22 04:01:05 --> Unknown column 'c.name' in 'field list'
CRITICAL - 2022-09-22 04:01:05 --> Unknown column 'c.name' in 'field list'
#0 D:\kumo\system\Database\MySQLi\Connection.php(292): mysqli->query('SELECT `i`.`id`...', 0)
#1 D:\kumo\system\Database\BaseConnection.php(670): CodeIgniter\Database\MySQLi\Connection->execute('SELECT `i`.`id`...')
#2 D:\kumo\system\Database\BaseConnection.php(598): CodeIgniter\Database\BaseConnection->simpleQuery('SELECT `i`.`id`...')
#3 D:\kumo\system\Database\BaseBuilder.php(1455): CodeIgniter\Database\BaseConnection->query('SELECT `i`.`id`...', Array, false)
#4 D:\kumo\app\Models\HomeModel.php(740): CodeIgniter\Database\BaseBuilder->get()
#5 D:\kumo\app\Controllers\Home.php(122): App\Models\HomeModel->get_related_product_data('3')
#6 D:\kumo\system\CodeIgniter.php(832): App\Controllers\Home->productdetail('18')
#7 D:\kumo\system\CodeIgniter.php(419): CodeIgniter\CodeIgniter->runController(Object(App\Controllers\Home))
#8 D:\kumo\system\CodeIgniter.php(326): CodeIgniter\CodeIgniter->handleRequest(NULL, Object(Config\Cache), false)
#9 D:\kumo\public\index.php(37): CodeIgniter\CodeIgniter->run()
#10 D:\kumo\system\Commands\Server\rewrite.php(43): require_once('D:\\kumo\\public\\...')
#11 {main}
ERROR - 2022-09-22 04:01:07 --> Unknown column 'c.name' in 'field list'
CRITICAL - 2022-09-22 04:01:07 --> Unknown column 'c.name' in 'field list'
#0 D:\kumo\system\Database\MySQLi\Connection.php(292): mysqli->query('SELECT `i`.`id`...', 0)
#1 D:\kumo\system\Database\BaseConnection.php(670): CodeIgniter\Database\MySQLi\Connection->execute('SELECT `i`.`id`...')
#2 D:\kumo\system\Database\BaseConnection.php(598): CodeIgniter\Database\BaseConnection->simpleQuery('SELECT `i`.`id`...')
#3 D:\kumo\system\Database\BaseBuilder.php(1455): CodeIgniter\Database\BaseConnection->query('SELECT `i`.`id`...', Array, false)
#4 D:\kumo\app\Models\HomeModel.php(740): CodeIgniter\Database\BaseBuilder->get()
#5 D:\kumo\app\Controllers\Home.php(122): App\Models\HomeModel->get_related_product_data('3')
#6 D:\kumo\system\CodeIgniter.php(832): App\Controllers\Home->productdetail('18')
#7 D:\kumo\system\CodeIgniter.php(419): CodeIgniter\CodeIgniter->runController(Object(App\Controllers\Home))
#8 D:\kumo\system\CodeIgniter.php(326): CodeIgniter\CodeIgniter->handleRequest(NULL, Object(Config\Cache), false)
#9 D:\kumo\public\index.php(37): CodeIgniter\CodeIgniter->run()
#10 D:\kumo\system\Commands\Server\rewrite.php(43): require_once('D:\\kumo\\public\\...')
#11 {main}
ERROR - 2022-09-22 04:01:16 --> Unknown column 'c.name' in 'field list'
CRITICAL - 2022-09-22 04:01:16 --> Unknown column 'c.name' in 'field list'
#0 D:\kumo\system\Database\MySQLi\Connection.php(292): mysqli->query('SELECT `i`.`id`...', 0)
#1 D:\kumo\system\Database\BaseConnection.php(670): CodeIgniter\Database\MySQLi\Connection->execute('SELECT `i`.`id`...')
#2 D:\kumo\system\Database\BaseConnection.php(598): CodeIgniter\Database\BaseConnection->simpleQuery('SELECT `i`.`id`...')
#3 D:\kumo\system\Database\BaseBuilder.php(1455): CodeIgniter\Database\BaseConnection->query('SELECT `i`.`id`...', Array, false)
#4 D:\kumo\app\Models\HomeModel.php(740): CodeIgniter\Database\BaseBuilder->get()
#5 D:\kumo\app\Controllers\Home.php(122): App\Models\HomeModel->get_related_product_data('3')
#6 D:\kumo\system\CodeIgniter.php(832): App\Controllers\Home->productdetail('18')
#7 D:\kumo\system\CodeIgniter.php(419): CodeIgniter\CodeIgniter->runController(Object(App\Controllers\Home))
#8 D:\kumo\system\CodeIgniter.php(326): CodeIgniter\CodeIgniter->handleRequest(NULL, Object(Config\Cache), false)
#9 D:\kumo\public\index.php(37): CodeIgniter\CodeIgniter->run()
#10 D:\kumo\system\Commands\Server\rewrite.php(43): require_once('D:\\kumo\\public\\...')
#11 {main}
ERROR - 2022-09-22 04:01:17 --> Unknown column 'c.name' in 'field list'
CRITICAL - 2022-09-22 04:01:17 --> Unknown column 'c.name' in 'field list'
#0 D:\kumo\system\Database\MySQLi\Connection.php(292): mysqli->query('SELECT `i`.`id`...', 0)
#1 D:\kumo\system\Database\BaseConnection.php(670): CodeIgniter\Database\MySQLi\Connection->execute('SELECT `i`.`id`...')
#2 D:\kumo\system\Database\BaseConnection.php(598): CodeIgniter\Database\BaseConnection->simpleQuery('SELECT `i`.`id`...')
#3 D:\kumo\system\Database\BaseBuilder.php(1455): CodeIgniter\Database\BaseConnection->query('SELECT `i`.`id`...', Array, false)
#4 D:\kumo\app\Models\HomeModel.php(740): CodeIgniter\Database\BaseBuilder->get()
#5 D:\kumo\app\Controllers\Home.php(122): App\Models\HomeModel->get_related_product_data('3')
#6 D:\kumo\system\CodeIgniter.php(832): App\Controllers\Home->productdetail('18')
#7 D:\kumo\system\CodeIgniter.php(419): CodeIgniter\CodeIgniter->runController(Object(App\Controllers\Home))
#8 D:\kumo\system\CodeIgniter.php(326): CodeIgniter\CodeIgniter->handleRequest(NULL, Object(Config\Cache), false)
#9 D:\kumo\public\index.php(37): CodeIgniter\CodeIgniter->run()
#10 D:\kumo\system\Commands\Server\rewrite.php(43): require_once('D:\\kumo\\public\\...')
#11 {main}
ERROR - 2022-09-22 04:02:36 --> Unknown column 'c.name' in 'field list'
CRITICAL - 2022-09-22 04:02:36 --> Unknown column 'c.name' in 'field list'
#0 D:\kumo\system\Database\MySQLi\Connection.php(292): mysqli->query('SELECT `i`.`id`...', 0)
#1 D:\kumo\system\Database\BaseConnection.php(670): CodeIgniter\Database\MySQLi\Connection->execute('SELECT `i`.`id`...')
#2 D:\kumo\system\Database\BaseConnection.php(598): CodeIgniter\Database\BaseConnection->simpleQuery('SELECT `i`.`id`...')
#3 D:\kumo\system\Database\BaseBuilder.php(1455): CodeIgniter\Database\BaseConnection->query('SELECT `i`.`id`...', Array, false)
#4 D:\kumo\app\Models\HomeModel.php(740): CodeIgniter\Database\BaseBuilder->get()
#5 D:\kumo\app\Controllers\Home.php(122): App\Models\HomeModel->get_related_product_data('3')
#6 D:\kumo\system\CodeIgniter.php(832): App\Controllers\Home->productdetail('18')
#7 D:\kumo\system\CodeIgniter.php(419): CodeIgniter\CodeIgniter->runController(Object(App\Controllers\Home))
#8 D:\kumo\system\CodeIgniter.php(326): CodeIgniter\CodeIgniter->handleRequest(NULL, Object(Config\Cache), false)
#9 D:\kumo\public\index.php(37): CodeIgniter\CodeIgniter->run()
#10 D:\kumo\system\Commands\Server\rewrite.php(43): require_once('D:\\kumo\\public\\...')
#11 {main}
ERROR - 2022-09-22 04:52:23 --> Column 'id' in where clause is ambiguous
CRITICAL - 2022-09-22 04:52:23 --> Column 'id' in where clause is ambiguous
#0 D:\kumo\system\Database\MySQLi\Connection.php(292): mysqli->query('SELECT COUNT(*)...', 0)
#1 D:\kumo\system\Database\BaseConnection.php(670): CodeIgniter\Database\MySQLi\Connection->execute('SELECT COUNT(*)...')
#2 D:\kumo\system\Database\BaseConnection.php(598): CodeIgniter\Database\BaseConnection->simpleQuery('SELECT COUNT(*)...')
#3 D:\kumo\system\Database\BaseBuilder.php(1539): CodeIgniter\Database\BaseConnection->query('SELECT COUNT(*)...', Array, false)
#4 D:\kumo\vendor\hermawan\codeigniter4-datatables\src\DataTableQuery.php(63): CodeIgniter\Database\BaseBuilder->countAllResults()
#5 D:\kumo\vendor\hermawan\codeigniter4-datatables\src\DataTable.php(175): Hermawan\DataTables\DataTableQuery->countFiltered()
#6 D:\kumo\app\Models\admin\HomeModel.php(299): Hermawan\DataTables\DataTable->toJson()
#7 D:\kumo\app\Controllers\admin\Home.php(176): App\Models\admin\HomeModel->get_item_data()
#8 D:\kumo\system\CodeIgniter.php(832): App\Controllers\admin\Home->Getdata('item')
#9 D:\kumo\system\CodeIgniter.php(419): CodeIgniter\CodeIgniter->runController(Object(App\Controllers\admin\Home))
#10 D:\kumo\system\CodeIgniter.php(326): CodeIgniter\CodeIgniter->handleRequest(NULL, Object(Config\Cache), false)
#11 D:\kumo\public\index.php(37): CodeIgniter\CodeIgniter->run()
#12 D:\kumo\system\Commands\Server\rewrite.php(43): require_once('D:\\kumo\\public\\...')
#13 {main}
ERROR - 2022-09-22 04:52:29 --> Column 'id' in where clause is ambiguous
CRITICAL - 2022-09-22 04:52:29 --> Column 'id' in where clause is ambiguous
#0 D:\kumo\system\Database\MySQLi\Connection.php(292): mysqli->query('SELECT COUNT(*)...', 0)
#1 D:\kumo\system\Database\BaseConnection.php(670): CodeIgniter\Database\MySQLi\Connection->execute('SELECT COUNT(*)...')
#2 D:\kumo\system\Database\BaseConnection.php(598): CodeIgniter\Database\BaseConnection->simpleQuery('SELECT COUNT(*)...')
#3 D:\kumo\system\Database\BaseBuilder.php(1539): CodeIgniter\Database\BaseConnection->query('SELECT COUNT(*)...', Array, false)
#4 D:\kumo\vendor\hermawan\codeigniter4-datatables\src\DataTableQuery.php(63): CodeIgniter\Database\BaseBuilder->countAllResults()
#5 D:\kumo\vendor\hermawan\codeigniter4-datatables\src\DataTable.php(175): Hermawan\DataTables\DataTableQuery->countFiltered()
#6 D:\kumo\app\Models\admin\HomeModel.php(299): Hermawan\DataTables\DataTable->toJson()
#7 D:\kumo\app\Controllers\admin\Home.php(176): App\Models\admin\HomeModel->get_item_data()
#8 D:\kumo\system\CodeIgniter.php(832): App\Controllers\admin\Home->Getdata('item')
#9 D:\kumo\system\CodeIgniter.php(419): CodeIgniter\CodeIgniter->runController(Object(App\Controllers\admin\Home))
#10 D:\kumo\system\CodeIgniter.php(326): CodeIgniter\CodeIgniter->handleRequest(NULL, Object(Config\Cache), false)
#11 D:\kumo\public\index.php(37): CodeIgniter\CodeIgniter->run()
#12 D:\kumo\system\Commands\Server\rewrite.php(43): require_once('D:\\kumo\\public\\...')
#13 {main}
ERROR - 2022-09-22 04:52:38 --> Column 'id' in where clause is ambiguous
CRITICAL - 2022-09-22 04:52:38 --> Column 'id' in where clause is ambiguous
#0 D:\kumo\system\Database\MySQLi\Connection.php(292): mysqli->query('SELECT COUNT(*)...', 0)
#1 D:\kumo\system\Database\BaseConnection.php(670): CodeIgniter\Database\MySQLi\Connection->execute('SELECT COUNT(*)...')
#2 D:\kumo\system\Database\BaseConnection.php(598): CodeIgniter\Database\BaseConnection->simpleQuery('SELECT COUNT(*)...')
#3 D:\kumo\system\Database\BaseBuilder.php(1539): CodeIgniter\Database\BaseConnection->query('SELECT COUNT(*)...', Array, false)
#4 D:\kumo\vendor\hermawan\codeigniter4-datatables\src\DataTableQuery.php(63): CodeIgniter\Database\BaseBuilder->countAllResults()
#5 D:\kumo\vendor\hermawan\codeigniter4-datatables\src\DataTable.php(175): Hermawan\DataTables\DataTableQuery->countFiltered()
#6 D:\kumo\app\Models\admin\HomeModel.php(299): Hermawan\DataTables\DataTable->toJson()
#7 D:\kumo\app\Controllers\admin\Home.php(176): App\Models\admin\HomeModel->get_item_data()
#8 D:\kumo\system\CodeIgniter.php(832): App\Controllers\admin\Home->Getdata('item')
#9 D:\kumo\system\CodeIgniter.php(419): CodeIgniter\CodeIgniter->runController(Object(App\Controllers\admin\Home))
#10 D:\kumo\system\CodeIgniter.php(326): CodeIgniter\CodeIgniter->handleRequest(NULL, Object(Config\Cache), false)
#11 D:\kumo\public\index.php(37): CodeIgniter\CodeIgniter->run()
#12 D:\kumo\system\Commands\Server\rewrite.php(43): require_once('D:\\kumo\\public\\...')
#13 {main}
ERROR - 2022-09-22 04:53:44 --> Column 'id' in where clause is ambiguous
CRITICAL - 2022-09-22 04:53:44 --> Column 'id' in where clause is ambiguous
#0 D:\kumo\system\Database\MySQLi\Connection.php(292): mysqli->query('SELECT COUNT(*)...', 0)
#1 D:\kumo\system\Database\BaseConnection.php(670): CodeIgniter\Database\MySQLi\Connection->execute('SELECT COUNT(*)...')
#2 D:\kumo\system\Database\BaseConnection.php(598): CodeIgniter\Database\BaseConnection->simpleQuery('SELECT COUNT(*)...')
#3 D:\kumo\system\Database\BaseBuilder.php(1539): CodeIgniter\Database\BaseConnection->query('SELECT COUNT(*)...', Array, false)
#4 D:\kumo\vendor\hermawan\codeigniter4-datatables\src\DataTableQuery.php(63): CodeIgniter\Database\BaseBuilder->countAllResults()
#5 D:\kumo\vendor\hermawan\codeigniter4-datatables\src\DataTable.php(175): Hermawan\DataTables\DataTableQuery->countFiltered()
#6 D:\kumo\app\Models\admin\HomeModel.php(299): Hermawan\DataTables\DataTable->toJson()
#7 D:\kumo\app\Controllers\admin\Home.php(176): App\Models\admin\HomeModel->get_item_data()
#8 D:\kumo\system\CodeIgniter.php(832): App\Controllers\admin\Home->Getdata('item')
#9 D:\kumo\system\CodeIgniter.php(419): CodeIgniter\CodeIgniter->runController(Object(App\Controllers\admin\Home))
#10 D:\kumo\system\CodeIgniter.php(326): CodeIgniter\CodeIgniter->handleRequest(NULL, Object(Config\Cache), false)
#11 D:\kumo\public\index.php(37): CodeIgniter\CodeIgniter->run()
#12 D:\kumo\system\Commands\Server\rewrite.php(43): require_once('D:\\kumo\\public\\...')
#13 {main}
CRITICAL - 2022-09-22 05:07:56 --> Undefined array key "orderid"
#0 D:\kumo\app\Controllers\Home.php(338): CodeIgniter\Debug\Exceptions->errorHandler(2, 'Undefined array...', 'D:\\kumo\\app\\Con...', 338)
#1 D:\kumo\system\CodeIgniter.php(832): App\Controllers\Home->Payment('Success')
#2 D:\kumo\system\CodeIgniter.php(419): CodeIgniter\CodeIgniter->runController(Object(App\Controllers\Home))
#3 D:\kumo\system\CodeIgniter.php(326): CodeIgniter\CodeIgniter->handleRequest(NULL, Object(Config\Cache), false)
#4 D:\kumo\public\index.php(37): CodeIgniter\CodeIgniter->run()
#5 D:\kumo\system\Commands\Server\rewrite.php(43): require_once('D:\\kumo\\public\\...')
#6 {main}
CRITICAL - 2022-09-22 05:09:10 --> Undefined array key "orderid"
#0 D:\kumo\app\Controllers\Home.php(338): CodeIgniter\Debug\Exceptions->errorHandler(2, 'Undefined array...', 'D:\\kumo\\app\\Con...', 338)
#1 D:\kumo\system\CodeIgniter.php(832): App\Controllers\Home->Payment('Success')
#2 D:\kumo\system\CodeIgniter.php(419): CodeIgniter\CodeIgniter->runController(Object(App\Controllers\Home))
#3 D:\kumo\system\CodeIgniter.php(326): CodeIgniter\CodeIgniter->handleRequest(NULL, Object(Config\Cache), false)
#4 D:\kumo\public\index.php(37): CodeIgniter\CodeIgniter->run()
#5 D:\kumo\system\Commands\Server\rewrite.php(43): require_once('D:\\kumo\\public\\...')
#6 {main}
CRITICAL - 2022-09-22 05:10:23 --> Attempt to read property "OrderID" on null
#0 D:\kumo\app\Libraries\Rozorpay\response.php(27): CodeIgniter\Debug\Exceptions->errorHandler(2, 'Attempt to read...', 'D:\\kumo\\app\\Lib...', 27)
#1 D:\kumo\app\Helpers\rozorpay_helper.php(95): require_once('D:\\kumo\\app\\Lib...')
#2 D:\kumo\app\Controllers\Home.php(342): SendReceiveRazor('8b47ace263edfbf...')
#3 D:\kumo\system\CodeIgniter.php(832): App\Controllers\Home->Payment('Success')
#4 D:\kumo\system\CodeIgniter.php(419): CodeIgniter\CodeIgniter->runController(Object(App\Controllers\Home))
#5 D:\kumo\system\CodeIgniter.php(326): CodeIgniter\CodeIgniter->handleRequest(NULL, Object(Config\Cache), false)
#6 D:\kumo\public\index.php(37): CodeIgniter\CodeIgniter->run()
#7 D:\kumo\system\Commands\Server\rewrite.php(43): require_once('D:\\kumo\\public\\...')
#8 {main}
CRITICAL - 2022-09-22 05:37:54 --> Trying to access array offset on value of type null
#0 D:\kumo\app\Models\HomeModel.php(425): CodeIgniter\Debug\Exceptions->errorHandler(2, 'Trying to acces...', 'D:\\kumo\\app\\Mod...', 425)
#1 D:\kumo\app\Controllers\Home.php(256): App\Models\HomeModel->get_order_details('')
#2 D:\kumo\system\CodeIgniter.php(832): App\Controllers\Home->orderview()
#3 D:\kumo\system\CodeIgniter.php(419): CodeIgniter\CodeIgniter->runController(Object(App\Controllers\Home))
#4 D:\kumo\system\CodeIgniter.php(326): CodeIgniter\CodeIgniter->handleRequest(NULL, Object(Config\Cache), false)
#5 D:\kumo\public\index.php(37): CodeIgniter\CodeIgniter->run()
#6 D:\kumo\system\Commands\Server\rewrite.php(43): require_once('D:\\kumo\\public\\...')
#7 {main}
CRITICAL - 2022-09-22 05:38:47 --> Unclosed '{' on line 44
#0 D:\kumo\system\View\View.php(213): CodeIgniter\View\View->CodeIgniter\View\{closure}()
#1 D:\kumo\system\Common.php(1089): CodeIgniter\View\View->render('myorder', Array, true)
#2 D:\kumo\app\Controllers\Home.php(249): view('myorder', Array)
#3 D:\kumo\system\CodeIgniter.php(832): App\Controllers\Home->order()
#4 D:\kumo\system\CodeIgniter.php(419): CodeIgniter\CodeIgniter->runController(Object(App\Controllers\Home))
#5 D:\kumo\system\CodeIgniter.php(326): CodeIgniter\CodeIgniter->handleRequest(NULL, Object(Config\Cache), false)
#6 D:\kumo\public\index.php(37): CodeIgniter\CodeIgniter->run()
#7 D:\kumo\system\Commands\Server\rewrite.php(43): require_once('D:\\kumo\\public\\...')
#8 {main}
ERROR - 2022-09-22 05:43:57 --> Unknown column 'oi.product_id' in 'on clause'
CRITICAL - 2022-09-22 05:43:57 --> Unknown column 'oi.product_id' in 'on clause'
#0 D:\kumo\system\Database\MySQLi\Connection.php(292): mysqli->query('SELECT `o`.*, `...', 0)
#1 D:\kumo\system\Database\BaseConnection.php(670): CodeIgniter\Database\MySQLi\Connection->execute('SELECT `o`.*, `...')
#2 D:\kumo\system\Database\BaseConnection.php(598): CodeIgniter\Database\BaseConnection->simpleQuery('SELECT `o`.*, `...')
#3 D:\kumo\system\Database\BaseBuilder.php(1455): CodeIgniter\Database\BaseConnection->query('SELECT `o`.*, `...', Array, false)
#4 D:\kumo\app\Models\HomeModel.php(405): CodeIgniter\Database\BaseBuilder->get()
#5 D:\kumo\app\Controllers\Home.php(248): App\Models\HomeModel->get_order_data()
#6 D:\kumo\system\CodeIgniter.php(832): App\Controllers\Home->order()
#7 D:\kumo\system\CodeIgniter.php(419): CodeIgniter\CodeIgniter->runController(Object(App\Controllers\Home))
#8 D:\kumo\system\CodeIgniter.php(326): CodeIgniter\CodeIgniter->handleRequest(NULL, Object(Config\Cache), false)
#9 D:\kumo\public\index.php(37): CodeIgniter\CodeIgniter->run()
#10 D:\kumo\system\Commands\Server\rewrite.php(43): require_once('D:\\kumo\\public\\...')
#11 {main}
ERROR - 2022-09-22 05:44:07 --> Unknown column 'oi.product_id' in 'on clause'
CRITICAL - 2022-09-22 05:44:07 --> Unknown column 'oi.product_id' in 'on clause'
#0 D:\kumo\system\Database\MySQLi\Connection.php(292): mysqli->query('SELECT `o`.*, `...', 0)
#1 D:\kumo\system\Database\BaseConnection.php(670): CodeIgniter\Database\MySQLi\Connection->execute('SELECT `o`.*, `...')
#2 D:\kumo\system\Database\BaseConnection.php(598): CodeIgniter\Database\BaseConnection->simpleQuery('SELECT `o`.*, `...')
#3 D:\kumo\system\Database\BaseBuilder.php(1455): CodeIgniter\Database\BaseConnection->query('SELECT `o`.*, `...', Array, false)
#4 D:\kumo\app\Models\HomeModel.php(405): CodeIgniter\Database\BaseBuilder->get()
#5 D:\kumo\app\Controllers\Home.php(248): App\Models\HomeModel->get_order_data()
#6 D:\kumo\system\CodeIgniter.php(832): App\Controllers\Home->order()
#7 D:\kumo\system\CodeIgniter.php(419): CodeIgniter\CodeIgniter->runController(Object(App\Controllers\Home))
#8 D:\kumo\system\CodeIgniter.php(326): CodeIgniter\CodeIgniter->handleRequest(NULL, Object(Config\Cache), false)
#9 D:\kumo\public\index.php(37): CodeIgniter\CodeIgniter->run()
#10 D:\kumo\system\Commands\Server\rewrite.php(43): require_once('D:\\kumo\\public\\...')
#11 {main}
ERROR - 2022-09-22 05:44:41 --> Unknown column 'i.category' in 'on clause'
CRITICAL - 2022-09-22 05:44:41 --> Unknown column 'i.category' in 'on clause'
#0 D:\kumo\system\Database\MySQLi\Connection.php(292): mysqli->query('SELECT `o`.*, `...', 0)
#1 D:\kumo\system\Database\BaseConnection.php(670): CodeIgniter\Database\MySQLi\Connection->execute('SELECT `o`.*, `...')
#2 D:\kumo\system\Database\BaseConnection.php(598): CodeIgniter\Database\BaseConnection->simpleQuery('SELECT `o`.*, `...')
#3 D:\kumo\system\Database\BaseBuilder.php(1455): CodeIgniter\Database\BaseConnection->query('SELECT `o`.*, `...', Array, false)
#4 D:\kumo\app\Models\HomeModel.php(405): CodeIgniter\Database\BaseBuilder->get()
#5 D:\kumo\app\Controllers\Home.php(248): App\Models\HomeModel->get_order_data()
#6 D:\kumo\system\CodeIgniter.php(832): App\Controllers\Home->order()
#7 D:\kumo\system\CodeIgniter.php(419): CodeIgniter\CodeIgniter->runController(Object(App\Controllers\Home))
#8 D:\kumo\system\CodeIgniter.php(326): CodeIgniter\CodeIgniter->handleRequest(NULL, Object(Config\Cache), false)
#9 D:\kumo\public\index.php(37): CodeIgniter\CodeIgniter->run()
#10 D:\kumo\system\Commands\Server\rewrite.php(43): require_once('D:\\kumo\\public\\...')
#11 {main}
CRITICAL - 2022-09-22 05:45:21 --> Undefined array key "order_id"
#0 D:\kumo\app\Views\myorder.php(49): CodeIgniter\Debug\Exceptions->errorHandler(2, 'Undefined array...', 'D:\\kumo\\app\\Vie...', 49)
#1 D:\kumo\system\View\View.php(210): include('D:\\kumo\\app\\Vie...')
#2 D:\kumo\system\View\View.php(213): CodeIgniter\View\View->CodeIgniter\View\{closure}()
#3 D:\kumo\system\Common.php(1089): CodeIgniter\View\View->render('myorder', Array, true)
#4 D:\kumo\app\Controllers\Home.php(249): view('myorder', Array)
#5 D:\kumo\system\CodeIgniter.php(832): App\Controllers\Home->order()
#6 D:\kumo\system\CodeIgniter.php(419): CodeIgniter\CodeIgniter->runController(Object(App\Controllers\Home))
#7 D:\kumo\system\CodeIgniter.php(326): CodeIgniter\CodeIgniter->handleRequest(NULL, Object(Config\Cache), false)
#8 D:\kumo\public\index.php(37): CodeIgniter\CodeIgniter->run()
#9 D:\kumo\system\Commands\Server\rewrite.php(43): require_once('D:\\kumo\\public\\...')
#10 {main}
CRITICAL - 2022-09-22 05:47:20 --> Undefined array key "order_id"
#0 D:\kumo\app\Views\track-order.php(185): CodeIgniter\Debug\Exceptions->errorHandler(2, 'Undefined array...', 'D:\\kumo\\app\\Vie...', 185)
#1 D:\kumo\system\View\View.php(210): include('D:\\kumo\\app\\Vie...')
#2 D:\kumo\system\View\View.php(213): CodeIgniter\View\View->CodeIgniter\View\{closure}()
#3 D:\kumo\system\Common.php(1089): CodeIgniter\View\View->render('track-order', Array, true)
#4 D:\kumo\app\Controllers\Home.php(262): view('track-order', Array)
#5 D:\kumo\system\CodeIgniter.php(832): App\Controllers\Home->track_order('1')
#6 D:\kumo\system\CodeIgniter.php(419): CodeIgniter\CodeIgniter->runController(Object(App\Controllers\Home))
#7 D:\kumo\system\CodeIgniter.php(326): CodeIgniter\CodeIgniter->handleRequest(NULL, Object(Config\Cache), false)
#8 D:\kumo\public\index.php(37): CodeIgniter\CodeIgniter->run()
#9 D:\kumo\system\Commands\Server\rewrite.php(43): require_once('D:\\kumo\\public\\...')
#10 {main}
CRITICAL - 2022-09-22 05:55:41 --> Undefined array key 0
#0 D:\kumo\app\Models\HomeModel.php(425): CodeIgniter\Debug\Exceptions->errorHandler(2, 'Undefined array...', 'D:\\kumo\\app\\Mod...', 425)
#1 D:\kumo\app\Controllers\Home.php(256): App\Models\HomeModel->get_order_details('')
#2 D:\kumo\system\CodeIgniter.php(832): App\Controllers\Home->orderview()
#3 D:\kumo\system\CodeIgniter.php(419): CodeIgniter\CodeIgniter->runController(Object(App\Controllers\Home))
#4 D:\kumo\system\CodeIgniter.php(326): CodeIgniter\CodeIgniter->handleRequest(NULL, Object(Config\Cache), false)
#5 D:\kumo\public\index.php(37): CodeIgniter\CodeIgniter->run()
#6 D:\kumo\system\Commands\Server\rewrite.php(43): require_once('D:\\kumo\\public\\...')
#7 {main}
CRITICAL - 2022-09-22 06:03:40 --> Undefined array key "order_id"
#0 D:\kumo\app\Views\track-order.php(185): CodeIgniter\Debug\Exceptions->errorHandler(2, 'Undefined array...', 'D:\\kumo\\app\\Vie...', 185)
#1 D:\kumo\system\View\View.php(210): include('D:\\kumo\\app\\Vie...')
#2 D:\kumo\system\View\View.php(213): CodeIgniter\View\View->CodeIgniter\View\{closure}()
#3 D:\kumo\system\Common.php(1089): CodeIgniter\View\View->render('track-order', Array, true)
#4 D:\kumo\app\Controllers\Home.php(262): view('track-order', Array)
#5 D:\kumo\system\CodeIgniter.php(832): App\Controllers\Home->track_order()
#6 D:\kumo\system\CodeIgniter.php(419): CodeIgniter\CodeIgniter->runController(Object(App\Controllers\Home))
#7 D:\kumo\system\CodeIgniter.php(326): CodeIgniter\CodeIgniter->handleRequest(NULL, Object(Config\Cache), false)
#8 D:\kumo\public\index.php(37): CodeIgniter\CodeIgniter->run()
#9 D:\kumo\system\Commands\Server\rewrite.php(43): require_once('D:\\kumo\\public\\...')
#10 {main}
CRITICAL - 2022-09-22 06:05:28 --> Undefined array key "order_id"
#0 D:\kumo\app\Views\track-order.php(185): CodeIgniter\Debug\Exceptions->errorHandler(2, 'Undefined array...', 'D:\\kumo\\app\\Vie...', 185)
#1 D:\kumo\system\View\View.php(210): include('D:\\kumo\\app\\Vie...')
#2 D:\kumo\system\View\View.php(213): CodeIgniter\View\View->CodeIgniter\View\{closure}()
#3 D:\kumo\system\Common.php(1089): CodeIgniter\View\View->render('track-order', Array, true)
#4 D:\kumo\app\Controllers\Home.php(262): view('track-order', Array)
#5 D:\kumo\system\CodeIgniter.php(832): App\Controllers\Home->track_order()
#6 D:\kumo\system\CodeIgniter.php(419): CodeIgniter\CodeIgniter->runController(Object(App\Controllers\Home))
#7 D:\kumo\system\CodeIgniter.php(326): CodeIgniter\CodeIgniter->handleRequest(NULL, Object(Config\Cache), false)
#8 D:\kumo\public\index.php(37): CodeIgniter\CodeIgniter->run()
#9 D:\kumo\system\Commands\Server\rewrite.php(43): require_once('D:\\kumo\\public\\...')
#10 {main}
CRITICAL - 2022-09-22 06:05:42 --> Undefined array key "order_id"
#0 D:\kumo\app\Views\track-order.php(185): CodeIgniter\Debug\Exceptions->errorHandler(2, 'Undefined array...', 'D:\\kumo\\app\\Vie...', 185)
#1 D:\kumo\system\View\View.php(210): include('D:\\kumo\\app\\Vie...')
#2 D:\kumo\system\View\View.php(213): CodeIgniter\View\View->CodeIgniter\View\{closure}()
#3 D:\kumo\system\Common.php(1089): CodeIgniter\View\View->render('track-order', Array, true)
#4 D:\kumo\app\Controllers\Home.php(262): view('track-order', Array)
#5 D:\kumo\system\CodeIgniter.php(832): App\Controllers\Home->track_order()
#6 D:\kumo\system\CodeIgniter.php(419): CodeIgniter\CodeIgniter->runController(Object(App\Controllers\Home))
#7 D:\kumo\system\CodeIgniter.php(326): CodeIgniter\CodeIgniter->handleRequest(NULL, Object(Config\Cache), false)
#8 D:\kumo\public\index.php(37): CodeIgniter\CodeIgniter->run()
#9 D:\kumo\system\Commands\Server\rewrite.php(43): require_once('D:\\kumo\\public\\...')
#10 {main}
CRITICAL - 2022-09-22 06:05:44 --> Undefined array key "order_id"
#0 D:\kumo\app\Views\track-order.php(185): CodeIgniter\Debug\Exceptions->errorHandler(2, 'Undefined array...', 'D:\\kumo\\app\\Vie...', 185)
#1 D:\kumo\system\View\View.php(210): include('D:\\kumo\\app\\Vie...')
#2 D:\kumo\system\View\View.php(213): CodeIgniter\View\View->CodeIgniter\View\{closure}()
#3 D:\kumo\system\Common.php(1089): CodeIgniter\View\View->render('track-order', Array, true)
#4 D:\kumo\app\Controllers\Home.php(262): view('track-order', Array)
#5 D:\kumo\system\CodeIgniter.php(832): App\Controllers\Home->track_order()
#6 D:\kumo\system\CodeIgniter.php(419): CodeIgniter\CodeIgniter->runController(Object(App\Controllers\Home))
#7 D:\kumo\system\CodeIgniter.php(326): CodeIgniter\CodeIgniter->handleRequest(NULL, Object(Config\Cache), false)
#8 D:\kumo\public\index.php(37): CodeIgniter\CodeIgniter->run()
#9 D:\kumo\system\Commands\Server\rewrite.php(43): require_once('D:\\kumo\\public\\...')
#10 {main}
CRITICAL - 2022-09-22 06:05:53 --> Undefined array key "order_id"
#0 D:\kumo\app\Views\track-order.php(185): CodeIgniter\Debug\Exceptions->errorHandler(2, 'Undefined array...', 'D:\\kumo\\app\\Vie...', 185)
#1 D:\kumo\system\View\View.php(210): include('D:\\kumo\\app\\Vie...')
#2 D:\kumo\system\View\View.php(213): CodeIgniter\View\View->CodeIgniter\View\{closure}()
#3 D:\kumo\system\Common.php(1089): CodeIgniter\View\View->render('track-order', Array, true)
#4 D:\kumo\app\Controllers\Home.php(262): view('track-order', Array)
#5 D:\kumo\system\CodeIgniter.php(832): App\Controllers\Home->track_order()
#6 D:\kumo\system\CodeIgniter.php(419): CodeIgniter\CodeIgniter->runController(Object(App\Controllers\Home))
#7 D:\kumo\system\CodeIgniter.php(326): CodeIgniter\CodeIgniter->handleRequest(NULL, Object(Config\Cache), false)
#8 D:\kumo\public\index.php(37): CodeIgniter\CodeIgniter->run()
#9 D:\kumo\system\Commands\Server\rewrite.php(43): require_once('D:\\kumo\\public\\...')
#10 {main}
CRITICAL - 2022-09-22 06:06:03 --> Undefined array key 0
#0 D:\kumo\app\Views\track-order.php(185): CodeIgniter\Debug\Exceptions->errorHandler(2, 'Undefined array...', 'D:\\kumo\\app\\Vie...', 185)
#1 D:\kumo\system\View\View.php(210): include('D:\\kumo\\app\\Vie...')
#2 D:\kumo\system\View\View.php(213): CodeIgniter\View\View->CodeIgniter\View\{closure}()
#3 D:\kumo\system\Common.php(1089): CodeIgniter\View\View->render('track-order', Array, true)
#4 D:\kumo\app\Controllers\Home.php(262): view('track-order', Array)
#5 D:\kumo\system\CodeIgniter.php(832): App\Controllers\Home->track_order()
#6 D:\kumo\system\CodeIgniter.php(419): CodeIgniter\CodeIgniter->runController(Object(App\Controllers\Home))
#7 D:\kumo\system\CodeIgniter.php(326): CodeIgniter\CodeIgniter->handleRequest(NULL, Object(Config\Cache), false)
#8 D:\kumo\public\index.php(37): CodeIgniter\CodeIgniter->run()
#9 D:\kumo\system\Commands\Server\rewrite.php(43): require_once('D:\\kumo\\public\\...')
#10 {main}
CRITICAL - 2022-09-22 06:07:44 --> Trying to access array offset on value of type null
#0 D:\kumo\app\Models\HomeModel.php(425): CodeIgniter\Debug\Exceptions->errorHandler(2, 'Trying to acces...', 'D:\\kumo\\app\\Mod...', 425)
#1 D:\kumo\app\Controllers\Home.php(256): App\Models\HomeModel->get_order_details('')
#2 D:\kumo\system\CodeIgniter.php(832): App\Controllers\Home->orderview()
#3 D:\kumo\system\CodeIgniter.php(419): CodeIgniter\CodeIgniter->runController(Object(App\Controllers\Home))
#4 D:\kumo\system\CodeIgniter.php(326): CodeIgniter\CodeIgniter->handleRequest(NULL, Object(Config\Cache), false)
#5 D:\kumo\public\index.php(37): CodeIgniter\CodeIgniter->run()
#6 D:\kumo\system\Commands\Server\rewrite.php(43): require_once('D:\\kumo\\public\\...')
#7 {main}
CRITICAL - 2022-09-22 06:08:58 --> Cannot access offset of type string on string
#0 D:\kumo\system\View\View.php(210): include()
#1 D:\kumo\system\View\View.php(213): CodeIgniter\View\View->CodeIgniter\View\{closure}()
#2 D:\kumo\system\Common.php(1089): CodeIgniter\View\View->render('myorder', Array, true)
#3 D:\kumo\app\Controllers\Home.php(249): view('myorder', Array)
#4 D:\kumo\system\CodeIgniter.php(832): App\Controllers\Home->order()
#5 D:\kumo\system\CodeIgniter.php(419): CodeIgniter\CodeIgniter->runController(Object(App\Controllers\Home))
#6 D:\kumo\system\CodeIgniter.php(326): CodeIgniter\CodeIgniter->handleRequest(NULL, Object(Config\Cache), false)
#7 D:\kumo\public\index.php(37): CodeIgniter\CodeIgniter->run()
#8 D:\kumo\system\Commands\Server\rewrite.php(43): require_once('D:\\kumo\\public\\...')
#9 {main}
CRITICAL - 2022-09-22 06:09:01 --> Cannot access offset of type string on string
#0 D:\kumo\system\View\View.php(210): include()
#1 D:\kumo\system\View\View.php(213): CodeIgniter\View\View->CodeIgniter\View\{closure}()
#2 D:\kumo\system\Common.php(1089): CodeIgniter\View\View->render('myorder', Array, true)
#3 D:\kumo\app\Controllers\Home.php(249): view('myorder', Array)
#4 D:\kumo\system\CodeIgniter.php(832): App\Controllers\Home->order()
#5 D:\kumo\system\CodeIgniter.php(419): CodeIgniter\CodeIgniter->runController(Object(App\Controllers\Home))
#6 D:\kumo\system\CodeIgniter.php(326): CodeIgniter\CodeIgniter->handleRequest(NULL, Object(Config\Cache), false)
#7 D:\kumo\public\index.php(37): CodeIgniter\CodeIgniter->run()
#8 D:\kumo\system\Commands\Server\rewrite.php(43): require_once('D:\\kumo\\public\\...')
#9 {main}
CRITICAL - 2022-09-22 06:09:31 --> Cannot access offset of type string on string
#0 D:\kumo\system\View\View.php(210): include()
#1 D:\kumo\system\View\View.php(213): CodeIgniter\View\View->CodeIgniter\View\{closure}()
#2 D:\kumo\system\Common.php(1089): CodeIgniter\View\View->render('myorder', Array, true)
#3 D:\kumo\app\Controllers\Home.php(249): view('myorder', Array)
#4 D:\kumo\system\CodeIgniter.php(832): App\Controllers\Home->order()
#5 D:\kumo\system\CodeIgniter.php(419): CodeIgniter\CodeIgniter->runController(Object(App\Controllers\Home))
#6 D:\kumo\system\CodeIgniter.php(326): CodeIgniter\CodeIgniter->handleRequest(NULL, Object(Config\Cache), false)
#7 D:\kumo\public\index.php(37): CodeIgniter\CodeIgniter->run()
#8 D:\kumo\system\Commands\Server\rewrite.php(43): require_once('D:\\kumo\\public\\...')
#9 {main}
CRITICAL - 2022-09-22 06:11:20 --> Undefined array key "id"
#0 D:\kumo\app\Views\track-order.php(185): CodeIgniter\Debug\Exceptions->errorHandler(2, 'Undefined array...', 'D:\\kumo\\app\\Vie...', 185)
#1 D:\kumo\system\View\View.php(210): include('D:\\kumo\\app\\Vie...')
#2 D:\kumo\system\View\View.php(213): CodeIgniter\View\View->CodeIgniter\View\{closure}()
#3 D:\kumo\system\Common.php(1089): CodeIgniter\View\View->render('track-order', Array, true)
#4 D:\kumo\app\Controllers\Home.php(262): view('track-order', Array)
#5 D:\kumo\system\CodeIgniter.php(832): App\Controllers\Home->track_order('2')
#6 D:\kumo\system\CodeIgniter.php(419): CodeIgniter\CodeIgniter->runController(Object(App\Controllers\Home))
#7 D:\kumo\system\CodeIgniter.php(326): CodeIgniter\CodeIgniter->handleRequest(NULL, Object(Config\Cache), false)
#8 D:\kumo\public\index.php(37): CodeIgniter\CodeIgniter->run()
#9 D:\kumo\system\Commands\Server\rewrite.php(43): require_once('D:\\kumo\\public\\...')
#10 {main}
CRITICAL - 2022-09-22 06:13:21 --> Undefined array key "id"
#0 D:\kumo\app\Views\track-order.php(185): CodeIgniter\Debug\Exceptions->errorHandler(2, 'Undefined array...', 'D:\\kumo\\app\\Vie...', 185)
#1 D:\kumo\system\View\View.php(210): include('D:\\kumo\\app\\Vie...')
#2 D:\kumo\system\View\View.php(213): CodeIgniter\View\View->CodeIgniter\View\{closure}()
#3 D:\kumo\system\Common.php(1089): CodeIgniter\View\View->render('track-order', Array, true)
#4 D:\kumo\app\Controllers\Home.php(262): view('track-order', Array)
#5 D:\kumo\system\CodeIgniter.php(832): App\Controllers\Home->track_order('2')
#6 D:\kumo\system\CodeIgniter.php(419): CodeIgniter\CodeIgniter->runController(Object(App\Controllers\Home))
#7 D:\kumo\system\CodeIgniter.php(326): CodeIgniter\CodeIgniter->handleRequest(NULL, Object(Config\Cache), false)
#8 D:\kumo\public\index.php(37): CodeIgniter\CodeIgniter->run()
#9 D:\kumo\system\Commands\Server\rewrite.php(43): require_once('D:\\kumo\\public\\...')
#10 {main}
CRITICAL - 2022-09-22 06:15:10 --> Undefined variable $orders
#0 D:\kumo\app\Views\track-order.php(185): CodeIgniter\Debug\Exceptions->errorHandler(2, 'Undefined varia...', 'D:\\kumo\\app\\Vie...', 185)
#1 D:\kumo\system\View\View.php(210): include('D:\\kumo\\app\\Vie...')
#2 D:\kumo\system\View\View.php(213): CodeIgniter\View\View->CodeIgniter\View\{closure}()
#3 D:\kumo\system\Common.php(1089): CodeIgniter\View\View->render('track-order', Array, true)
#4 D:\kumo\app\Controllers\Home.php(262): view('track-order', Array)
#5 D:\kumo\system\CodeIgniter.php(832): App\Controllers\Home->track_order('2')
#6 D:\kumo\system\CodeIgniter.php(419): CodeIgniter\CodeIgniter->runController(Object(App\Controllers\Home))
#7 D:\kumo\system\CodeIgniter.php(326): CodeIgniter\CodeIgniter->handleRequest(NULL, Object(Config\Cache), false)
#8 D:\kumo\public\index.php(37): CodeIgniter\CodeIgniter->run()
#9 D:\kumo\system\Commands\Server\rewrite.php(43): require_once('D:\\kumo\\public\\...')
#10 {main}
CRITICAL - 2022-09-22 06:44:10 --> foreach() argument must be of type array|object, null given
#0 D:\kumo\app\Views\shipping_address.php(35): CodeIgniter\Debug\Exceptions->errorHandler(2, 'foreach() argum...', 'D:\\kumo\\app\\Vie...', 35)
#1 D:\kumo\system\View\View.php(210): include('D:\\kumo\\app\\Vie...')
#2 D:\kumo\system\View\View.php(213): CodeIgniter\View\View->CodeIgniter\View\{closure}()
#3 D:\kumo\system\Common.php(1089): CodeIgniter\View\View->render('shipping_addres...', Array, true)
#4 D:\kumo\app\Controllers\Home.php(229): view('shipping_addres...')
#5 D:\kumo\system\CodeIgniter.php(832): App\Controllers\Home->address()
#6 D:\kumo\system\CodeIgniter.php(419): CodeIgniter\CodeIgniter->runController(Object(App\Controllers\Home))
#7 D:\kumo\system\CodeIgniter.php(326): CodeIgniter\CodeIgniter->handleRequest(NULL, Object(Config\Cache), false)
#8 D:\kumo\public\index.php(37): CodeIgniter\CodeIgniter->run()
#9 D:\kumo\system\Commands\Server\rewrite.php(43): require_once('D:\\kumo\\public\\...')
#10 {main}
CRITICAL - 2022-09-22 06:44:52 --> foreach() argument must be of type array|object, null given
#0 D:\kumo\app\Views\shipping_address.php(35): CodeIgniter\Debug\Exceptions->errorHandler(2, 'foreach() argum...', 'D:\\kumo\\app\\Vie...', 35)
#1 D:\kumo\system\View\View.php(210): include('D:\\kumo\\app\\Vie...')
#2 D:\kumo\system\View\View.php(213): CodeIgniter\View\View->CodeIgniter\View\{closure}()
#3 D:\kumo\system\Common.php(1089): CodeIgniter\View\View->render('shipping_addres...', Array, true)
#4 D:\kumo\app\Controllers\Home.php(234): view('shipping_addres...')
#5 D:\kumo\system\CodeIgniter.php(832): App\Controllers\Home->address()
#6 D:\kumo\system\CodeIgniter.php(419): CodeIgniter\CodeIgniter->runController(Object(App\Controllers\Home))
#7 D:\kumo\system\CodeIgniter.php(326): CodeIgniter\CodeIgniter->handleRequest(NULL, Object(Config\Cache), false)
#8 D:\kumo\public\index.php(37): CodeIgniter\CodeIgniter->run()
#9 D:\kumo\system\Commands\Server\rewrite.php(43): require_once('D:\\kumo\\public\\...')
#10 {main}
CRITICAL - 2022-09-22 06:45:11 --> foreach() argument must be of type array|object, null given
#0 D:\kumo\app\Views\shipping_address.php(35): CodeIgniter\Debug\Exceptions->errorHandler(2, 'foreach() argum...', 'D:\\kumo\\app\\Vie...', 35)
#1 D:\kumo\system\View\View.php(210): include('D:\\kumo\\app\\Vie...')
#2 D:\kumo\system\View\View.php(213): CodeIgniter\View\View->CodeIgniter\View\{closure}()
#3 D:\kumo\system\Common.php(1089): CodeIgniter\View\View->render('shipping_addres...', Array, true)
#4 D:\kumo\app\Controllers\Home.php(177): view('shipping_addres...')
#5 D:\kumo\system\CodeIgniter.php(832): App\Controllers\Home->shipping_address()
#6 D:\kumo\system\CodeIgniter.php(419): CodeIgniter\CodeIgniter->runController(Object(App\Controllers\Home))
#7 D:\kumo\system\CodeIgniter.php(326): CodeIgniter\CodeIgniter->handleRequest(NULL, Object(Config\Cache), false)
#8 D:\kumo\public\index.php(37): CodeIgniter\CodeIgniter->run()
#9 D:\kumo\system\Commands\Server\rewrite.php(43): require_once('D:\\kumo\\public\\...')
#10 {main}
CRITICAL - 2022-09-22 06:45:13 --> foreach() argument must be of type array|object, null given
#0 D:\kumo\app\Views\shipping_address.php(35): CodeIgniter\Debug\Exceptions->errorHandler(2, 'foreach() argum...', 'D:\\kumo\\app\\Vie...', 35)
#1 D:\kumo\system\View\View.php(210): include('D:\\kumo\\app\\Vie...')
#2 D:\kumo\system\View\View.php(213): CodeIgniter\View\View->CodeIgniter\View\{closure}()
#3 D:\kumo\system\Common.php(1089): CodeIgniter\View\View->render('shipping_addres...', Array, true)
#4 D:\kumo\app\Controllers\Home.php(177): view('shipping_addres...')
#5 D:\kumo\system\CodeIgniter.php(832): App\Controllers\Home->shipping_address()
#6 D:\kumo\system\CodeIgniter.php(419): CodeIgniter\CodeIgniter->runController(Object(App\Controllers\Home))
#7 D:\kumo\system\CodeIgniter.php(326): CodeIgniter\CodeIgniter->handleRequest(NULL, Object(Config\Cache), false)
#8 D:\kumo\public\index.php(37): CodeIgniter\CodeIgniter->run()
#9 D:\kumo\system\Commands\Server\rewrite.php(43): require_once('D:\\kumo\\public\\...')
#10 {main}
CRITICAL - 2022-09-22 06:45:45 --> View themes, no current section.
#0 D:\kumo\app\Views\shipping_address.php(213): CodeIgniter\View\View->endSection()
#1 D:\kumo\system\View\View.php(210): include('D:\\kumo\\app\\Vie...')
#2 D:\kumo\system\View\View.php(213): CodeIgniter\View\View->CodeIgniter\View\{closure}()
#3 D:\kumo\system\Common.php(1089): CodeIgniter\View\View->render('shipping_addres...', Array, true)
#4 D:\kumo\app\Controllers\Home.php(179): view('shipping_addres...', Array)
#5 D:\kumo\system\CodeIgniter.php(832): App\Controllers\Home->shipping_address()
#6 D:\kumo\system\CodeIgniter.php(419): CodeIgniter\CodeIgniter->runController(Object(App\Controllers\Home))
#7 D:\kumo\system\CodeIgniter.php(326): CodeIgniter\CodeIgniter->handleRequest(NULL, Object(Config\Cache), false)
#8 D:\kumo\public\index.php(37): CodeIgniter\CodeIgniter->run()
#9 D:\kumo\system\Commands\Server\rewrite.php(43): require_once('D:\\kumo\\public\\...')
#10 {main}
ERROR - 2022-09-22 06:49:49 --> Table 'kumo.users' doesn't exist
CRITICAL - 2022-09-22 06:49:49 --> Table 'kumo.users' doesn't exist
#0 D:\kumo\system\Database\MySQLi\Connection.php(292): mysqli->query('SELECT *, "defa...', 0)
#1 D:\kumo\system\Database\BaseConnection.php(670): CodeIgniter\Database\MySQLi\Connection->execute('SELECT *, "defa...')
#2 D:\kumo\system\Database\BaseConnection.php(598): CodeIgniter\Database\BaseConnection->simpleQuery('SELECT *, "defa...')
#3 D:\kumo\system\Database\BaseBuilder.php(1455): CodeIgniter\Database\BaseConnection->query('SELECT *, "defa...', Array, false)
#4 D:\kumo\app\Models\HomeModel.php(550): CodeIgniter\Database\BaseBuilder->get()
#5 D:\kumo\app\Controllers\Home.php(179): App\Models\HomeModel->get_master_data('address', '1')
#6 D:\kumo\system\CodeIgniter.php(832): App\Controllers\Home->shipping_address()
#7 D:\kumo\system\CodeIgniter.php(419): CodeIgniter\CodeIgniter->runController(Object(App\Controllers\Home))
#8 D:\kumo\system\CodeIgniter.php(326): CodeIgniter\CodeIgniter->handleRequest(NULL, Object(Config\Cache), false)
#9 D:\kumo\public\index.php(37): CodeIgniter\CodeIgniter->run()
#10 D:\kumo\system\Commands\Server\rewrite.php(43): require_once('D:\\kumo\\public\\...')
#11 {main}
ERROR - 2022-09-22 06:49:52 --> Table 'kumo.users' doesn't exist
CRITICAL - 2022-09-22 06:49:52 --> Table 'kumo.users' doesn't exist
#0 D:\kumo\system\Database\MySQLi\Connection.php(292): mysqli->query('SELECT *, "defa...', 0)
#1 D:\kumo\system\Database\BaseConnection.php(670): CodeIgniter\Database\MySQLi\Connection->execute('SELECT *, "defa...')
#2 D:\kumo\system\Database\BaseConnection.php(598): CodeIgniter\Database\BaseConnection->simpleQuery('SELECT *, "defa...')
#3 D:\kumo\system\Database\BaseBuilder.php(1455): CodeIgniter\Database\BaseConnection->query('SELECT *, "defa...', Array, false)
#4 D:\kumo\app\Models\HomeModel.php(550): CodeIgniter\Database\BaseBuilder->get()
#5 D:\kumo\app\Controllers\Home.php(179): App\Models\HomeModel->get_master_data('address', '1')
#6 D:\kumo\system\CodeIgniter.php(832): App\Controllers\Home->shipping_address()
#7 D:\kumo\system\CodeIgniter.php(419): CodeIgniter\CodeIgniter->runController(Object(App\Controllers\Home))
#8 D:\kumo\system\CodeIgniter.php(326): CodeIgniter\CodeIgniter->handleRequest(NULL, Object(Config\Cache), false)
#9 D:\kumo\public\index.php(37): CodeIgniter\CodeIgniter->run()
#10 D:\kumo\system\Commands\Server\rewrite.php(43): require_once('D:\\kumo\\public\\...')
#11 {main}
CRITICAL - 2022-09-22 06:50:13 --> Undefined variable $id
#0 D:\kumo\app\Controllers\Home.php(179): CodeIgniter\Debug\Exceptions->errorHandler(2, 'Undefined varia...', 'D:\\kumo\\app\\Con...', 179)
#1 D:\kumo\system\CodeIgniter.php(832): App\Controllers\Home->shipping_address()
#2 D:\kumo\system\CodeIgniter.php(419): CodeIgniter\CodeIgniter->runController(Object(App\Controllers\Home))
#3 D:\kumo\system\CodeIgniter.php(326): CodeIgniter\CodeIgniter->handleRequest(NULL, Object(Config\Cache), false)
#4 D:\kumo\public\index.php(37): CodeIgniter\CodeIgniter->run()
#5 D:\kumo\system\Commands\Server\rewrite.php(43): require_once('D:\\kumo\\public\\...')
#6 {main}
CRITICAL - 2022-09-22 06:50:14 --> Undefined variable $id
#0 D:\kumo\app\Controllers\Home.php(179): CodeIgniter\Debug\Exceptions->errorHandler(2, 'Undefined varia...', 'D:\\kumo\\app\\Con...', 179)
#1 D:\kumo\system\CodeIgniter.php(832): App\Controllers\Home->shipping_address()
#2 D:\kumo\system\CodeIgniter.php(419): CodeIgniter\CodeIgniter->runController(Object(App\Controllers\Home))
#3 D:\kumo\system\CodeIgniter.php(326): CodeIgniter\CodeIgniter->handleRequest(NULL, Object(Config\Cache), false)
#4 D:\kumo\public\index.php(37): CodeIgniter\CodeIgniter->run()
#5 D:\kumo\system\Commands\Server\rewrite.php(43): require_once('D:\\kumo\\public\\...')
#6 {main}
CRITICAL - 2022-09-22 06:50:30 --> Too few arguments to function App\Models\HomeModel::get_master_data(), 1 passed in D:\kumo\app\Controllers\Home.php on line 179 and exactly 2 expected
#0 D:\kumo\app\Controllers\Home.php(179): App\Models\HomeModel->get_master_data('address')
#1 D:\kumo\system\CodeIgniter.php(832): App\Controllers\Home->shipping_address()
#2 D:\kumo\system\CodeIgniter.php(419): CodeIgniter\CodeIgniter->runController(Object(App\Controllers\Home))
#3 D:\kumo\system\CodeIgniter.php(326): CodeIgniter\CodeIgniter->handleRequest(NULL, Object(Config\Cache), false)
#4 D:\kumo\public\index.php(37): CodeIgniter\CodeIgniter->run()
#5 D:\kumo\system\Commands\Server\rewrite.php(43): require_once('D:\\kumo\\public\\...')
#6 {main}
CRITICAL - 2022-09-22 06:50:31 --> Too few arguments to function App\Models\HomeModel::get_master_data(), 1 passed in D:\kumo\app\Controllers\Home.php on line 179 and exactly 2 expected
#0 D:\kumo\app\Controllers\Home.php(179): App\Models\HomeModel->get_master_data('address')
#1 D:\kumo\system\CodeIgniter.php(832): App\Controllers\Home->shipping_address()
#2 D:\kumo\system\CodeIgniter.php(419): CodeIgniter\CodeIgniter->runController(Object(App\Controllers\Home))
#3 D:\kumo\system\CodeIgniter.php(326): CodeIgniter\CodeIgniter->handleRequest(NULL, Object(Config\Cache), false)
#4 D:\kumo\public\index.php(37): CodeIgniter\CodeIgniter->run()
#5 D:\kumo\system\Commands\Server\rewrite.php(43): require_once('D:\\kumo\\public\\...')
#6 {main}
CRITICAL - 2022-09-22 06:50:31 --> Too few arguments to function App\Models\HomeModel::get_master_data(), 1 passed in D:\kumo\app\Controllers\Home.php on line 179 and exactly 2 expected
#0 D:\kumo\app\Controllers\Home.php(179): App\Models\HomeModel->get_master_data('address')
#1 D:\kumo\system\CodeIgniter.php(832): App\Controllers\Home->shipping_address()
#2 D:\kumo\system\CodeIgniter.php(419): CodeIgniter\CodeIgniter->runController(Object(App\Controllers\Home))
#3 D:\kumo\system\CodeIgniter.php(326): CodeIgniter\CodeIgniter->handleRequest(NULL, Object(Config\Cache), false)
#4 D:\kumo\public\index.php(37): CodeIgniter\CodeIgniter->run()
#5 D:\kumo\system\Commands\Server\rewrite.php(43): require_once('D:\\kumo\\public\\...')
#6 {main}
ERROR - 2022-09-22 06:51:38 --> Table 'kumo.users' doesn't exist
CRITICAL - 2022-09-22 06:51:38 --> Table 'kumo.users' doesn't exist
#0 D:\kumo\system\Database\MySQLi\Connection.php(292): mysqli->query('SELECT *, "defa...', 0)
#1 D:\kumo\system\Database\BaseConnection.php(670): CodeIgniter\Database\MySQLi\Connection->execute('SELECT *, "defa...')
#2 D:\kumo\system\Database\BaseConnection.php(598): CodeIgniter\Database\BaseConnection->simpleQuery('SELECT *, "defa...')
#3 D:\kumo\system\Database\BaseBuilder.php(1455): CodeIgniter\Database\BaseConnection->query('SELECT *, "defa...', Array, false)
#4 D:\kumo\app\Models\HomeModel.php(550): CodeIgniter\Database\BaseBuilder->get()
#5 D:\kumo\app\Controllers\Home.php(175): App\Models\HomeModel->get_master_data('address', '1')
#6 D:\kumo\system\CodeIgniter.php(832): App\Controllers\Home->address()
#7 D:\kumo\system\CodeIgniter.php(419): CodeIgniter\CodeIgniter->runController(Object(App\Controllers\Home))
#8 D:\kumo\system\CodeIgniter.php(326): CodeIgniter\CodeIgniter->handleRequest(NULL, Object(Config\Cache), false)
#9 D:\kumo\public\index.php(37): CodeIgniter\CodeIgniter->run()
#10 D:\kumo\system\Commands\Server\rewrite.php(43): require_once('D:\\kumo\\public\\...')
#11 {main}
ERROR - 2022-09-22 06:51:39 --> Table 'kumo.users' doesn't exist
CRITICAL - 2022-09-22 06:51:39 --> Table 'kumo.users' doesn't exist
#0 D:\kumo\system\Database\MySQLi\Connection.php(292): mysqli->query('SELECT *, "defa...', 0)
#1 D:\kumo\system\Database\BaseConnection.php(670): CodeIgniter\Database\MySQLi\Connection->execute('SELECT *, "defa...')
#2 D:\kumo\system\Database\BaseConnection.php(598): CodeIgniter\Database\BaseConnection->simpleQuery('SELECT *, "defa...')
#3 D:\kumo\system\Database\BaseBuilder.php(1455): CodeIgniter\Database\BaseConnection->query('SELECT *, "defa...', Array, false)
#4 D:\kumo\app\Models\HomeModel.php(550): CodeIgniter\Database\BaseBuilder->get()
#5 D:\kumo\app\Controllers\Home.php(175): App\Models\HomeModel->get_master_data('address', '1')
#6 D:\kumo\system\CodeIgniter.php(832): App\Controllers\Home->address()
#7 D:\kumo\system\CodeIgniter.php(419): CodeIgniter\CodeIgniter->runController(Object(App\Controllers\Home))
#8 D:\kumo\system\CodeIgniter.php(326): CodeIgniter\CodeIgniter->handleRequest(NULL, Object(Config\Cache), false)
#9 D:\kumo\public\index.php(37): CodeIgniter\CodeIgniter->run()
#10 D:\kumo\system\Commands\Server\rewrite.php(43): require_once('D:\\kumo\\public\\...')
#11 {main}
CRITICAL - 2022-09-22 06:52:24 --> Undefined array key "name"
#0 D:\kumo\app\Views\shipping_address.php(43): CodeIgniter\Debug\Exceptions->errorHandler(2, 'Undefined array...', 'D:\\kumo\\app\\Vie...', 43)
#1 D:\kumo\system\View\View.php(210): include('D:\\kumo\\app\\Vie...')
#2 D:\kumo\system\View\View.php(213): CodeIgniter\View\View->CodeIgniter\View\{closure}()
#3 D:\kumo\system\Common.php(1089): CodeIgniter\View\View->render('shipping_addres...', Array, true)
#4 D:\kumo\app\Controllers\Home.php(180): view('shipping_addres...', Array)
#5 D:\kumo\system\CodeIgniter.php(832): App\Controllers\Home->address()
#6 D:\kumo\system\CodeIgniter.php(419): CodeIgniter\CodeIgniter->runController(Object(App\Controllers\Home))
#7 D:\kumo\system\CodeIgniter.php(326): CodeIgniter\CodeIgniter->handleRequest(NULL, Object(Config\Cache), false)
#8 D:\kumo\public\index.php(37): CodeIgniter\CodeIgniter->run()
#9 D:\kumo\system\Commands\Server\rewrite.php(43): require_once('D:\\kumo\\public\\...')
#10 {main}
CRITICAL - 2022-09-22 06:52:54 --> Undefined array key "name"
#0 D:\kumo\app\Views\shipping_address.php(43): CodeIgniter\Debug\Exceptions->errorHandler(2, 'Undefined array...', 'D:\\kumo\\app\\Vie...', 43)
#1 D:\kumo\system\View\View.php(210): include('D:\\kumo\\app\\Vie...')
#2 D:\kumo\system\View\View.php(213): CodeIgniter\View\View->CodeIgniter\View\{closure}()
#3 D:\kumo\system\Common.php(1089): CodeIgniter\View\View->render('shipping_addres...', Array, true)
#4 D:\kumo\app\Controllers\Home.php(180): view('shipping_addres...', Array)
#5 D:\kumo\system\CodeIgniter.php(832): App\Controllers\Home->address()
#6 D:\kumo\system\CodeIgniter.php(419): CodeIgniter\CodeIgniter->runController(Object(App\Controllers\Home))
#7 D:\kumo\system\CodeIgniter.php(326): CodeIgniter\CodeIgniter->handleRequest(NULL, Object(Config\Cache), false)
#8 D:\kumo\public\index.php(37): CodeIgniter\CodeIgniter->run()
#9 D:\kumo\system\Commands\Server\rewrite.php(43): require_once('D:\\kumo\\public\\...')
#10 {main}
CRITICAL - 2022-09-22 06:52:55 --> Undefined array key "name"
#0 D:\kumo\app\Views\shipping_address.php(43): CodeIgniter\Debug\Exceptions->errorHandler(2, 'Undefined array...', 'D:\\kumo\\app\\Vie...', 43)
#1 D:\kumo\system\View\View.php(210): include('D:\\kumo\\app\\Vie...')
#2 D:\kumo\system\View\View.php(213): CodeIgniter\View\View->CodeIgniter\View\{closure}()
#3 D:\kumo\system\Common.php(1089): CodeIgniter\View\View->render('shipping_addres...', Array, true)
#4 D:\kumo\app\Controllers\Home.php(180): view('shipping_addres...', Array)
#5 D:\kumo\system\CodeIgniter.php(832): App\Controllers\Home->address()
#6 D:\kumo\system\CodeIgniter.php(419): CodeIgniter\CodeIgniter->runController(Object(App\Controllers\Home))
#7 D:\kumo\system\CodeIgniter.php(326): CodeIgniter\CodeIgniter->handleRequest(NULL, Object(Config\Cache), false)
#8 D:\kumo\public\index.php(37): CodeIgniter\CodeIgniter->run()
#9 D:\kumo\system\Commands\Server\rewrite.php(43): require_once('D:\\kumo\\public\\...')
#10 {main}
CRITICAL - 2022-09-22 06:55:07 --> Undefined array key "name"
#0 D:\kumo\app\Views\shipping_address.php(43): CodeIgniter\Debug\Exceptions->errorHandler(2, 'Undefined array...', 'D:\\kumo\\app\\Vie...', 43)
#1 D:\kumo\system\View\View.php(210): include('D:\\kumo\\app\\Vie...')
#2 D:\kumo\system\View\View.php(213): CodeIgniter\View\View->CodeIgniter\View\{closure}()
#3 D:\kumo\system\Common.php(1089): CodeIgniter\View\View->render('shipping_addres...', Array, true)
#4 D:\kumo\app\Controllers\Home.php(180): view('shipping_addres...', Array)
#5 D:\kumo\system\CodeIgniter.php(832): App\Controllers\Home->address()
#6 D:\kumo\system\CodeIgniter.php(419): CodeIgniter\CodeIgniter->runController(Object(App\Controllers\Home))
#7 D:\kumo\system\CodeIgniter.php(326): CodeIgniter\CodeIgniter->handleRequest(NULL, Object(Config\Cache), false)
#8 D:\kumo\public\index.php(37): CodeIgniter\CodeIgniter->run()
#9 D:\kumo\system\Commands\Server\rewrite.php(43): require_once('D:\\kumo\\public\\...')
#10 {main}
CRITICAL - 2022-09-22 06:57:26 --> Undefined array key "name"
#0 D:\kumo\app\Views\shipping_address.php(43): CodeIgniter\Debug\Exceptions->errorHandler(2, 'Undefined array...', 'D:\\kumo\\app\\Vie...', 43)
#1 D:\kumo\system\View\View.php(210): include('D:\\kumo\\app\\Vie...')
#2 D:\kumo\system\View\View.php(213): CodeIgniter\View\View->CodeIgniter\View\{closure}()
#3 D:\kumo\system\Common.php(1089): CodeIgniter\View\View->render('shipping_addres...', Array, true)
#4 D:\kumo\app\Controllers\Home.php(180): view('shipping_addres...', Array)
#5 D:\kumo\system\CodeIgniter.php(832): App\Controllers\Home->address()
#6 D:\kumo\system\CodeIgniter.php(419): CodeIgniter\CodeIgniter->runController(Object(App\Controllers\Home))
#7 D:\kumo\system\CodeIgniter.php(326): CodeIgniter\CodeIgniter->handleRequest(NULL, Object(Config\Cache), false)
#8 D:\kumo\public\index.php(37): CodeIgniter\CodeIgniter->run()
#9 D:\kumo\system\Commands\Server\rewrite.php(43): require_once('D:\\kumo\\public\\...')
#10 {main}
CRITICAL - 2022-09-22 06:57:28 --> Undefined array key "name"
#0 D:\kumo\app\Views\shipping_address.php(43): CodeIgniter\Debug\Exceptions->errorHandler(2, 'Undefined array...', 'D:\\kumo\\app\\Vie...', 43)
#1 D:\kumo\system\View\View.php(210): include('D:\\kumo\\app\\Vie...')
#2 D:\kumo\system\View\View.php(213): CodeIgniter\View\View->CodeIgniter\View\{closure}()
#3 D:\kumo\system\Common.php(1089): CodeIgniter\View\View->render('shipping_addres...', Array, true)
#4 D:\kumo\app\Controllers\Home.php(180): view('shipping_addres...', Array)
#5 D:\kumo\system\CodeIgniter.php(832): App\Controllers\Home->address()
#6 D:\kumo\system\CodeIgniter.php(419): CodeIgniter\CodeIgniter->runController(Object(App\Controllers\Home))
#7 D:\kumo\system\CodeIgniter.php(326): CodeIgniter\CodeIgniter->handleRequest(NULL, Object(Config\Cache), false)
#8 D:\kumo\public\index.php(37): CodeIgniter\CodeIgniter->run()
#9 D:\kumo\system\Commands\Server\rewrite.php(43): require_once('D:\\kumo\\public\\...')
#10 {main}
CRITICAL - 2022-09-22 06:57:56 --> Undefined array key "name"
#0 D:\kumo\app\Views\shipping_address.php(43): CodeIgniter\Debug\Exceptions->errorHandler(2, 'Undefined array...', 'D:\\kumo\\app\\Vie...', 43)
#1 D:\kumo\system\View\View.php(210): include('D:\\kumo\\app\\Vie...')
#2 D:\kumo\system\View\View.php(213): CodeIgniter\View\View->CodeIgniter\View\{closure}()
#3 D:\kumo\system\Common.php(1089): CodeIgniter\View\View->render('shipping_addres...', Array, true)
#4 D:\kumo\app\Controllers\Home.php(180): view('shipping_addres...', Array)
#5 D:\kumo\system\CodeIgniter.php(832): App\Controllers\Home->address()
#6 D:\kumo\system\CodeIgniter.php(419): CodeIgniter\CodeIgniter->runController(Object(App\Controllers\Home))
#7 D:\kumo\system\CodeIgniter.php(326): CodeIgniter\CodeIgniter->handleRequest(NULL, Object(Config\Cache), false)
#8 D:\kumo\public\index.php(37): CodeIgniter\CodeIgniter->run()
#9 D:\kumo\system\Commands\Server\rewrite.php(43): require_once('D:\\kumo\\public\\...')
#10 {main}
CRITICAL - 2022-09-22 06:59:27 --> Undefined array key "name"
#0 D:\kumo\app\Views\shipping_address.php(43): CodeIgniter\Debug\Exceptions->errorHandler(2, 'Undefined array...', 'D:\\kumo\\app\\Vie...', 43)
#1 D:\kumo\system\View\View.php(210): include('D:\\kumo\\app\\Vie...')
#2 D:\kumo\system\View\View.php(213): CodeIgniter\View\View->CodeIgniter\View\{closure}()
#3 D:\kumo\system\Common.php(1089): CodeIgniter\View\View->render('shipping_addres...', Array, true)
#4 D:\kumo\app\Controllers\Home.php(180): view('shipping_addres...', Array)
#5 D:\kumo\system\CodeIgniter.php(832): App\Controllers\Home->address()
#6 D:\kumo\system\CodeIgniter.php(419): CodeIgniter\CodeIgniter->runController(Object(App\Controllers\Home))
#7 D:\kumo\system\CodeIgniter.php(326): CodeIgniter\CodeIgniter->handleRequest(NULL, Object(Config\Cache), false)
#8 D:\kumo\public\index.php(37): CodeIgniter\CodeIgniter->run()
#9 D:\kumo\system\Commands\Server\rewrite.php(43): require_once('D:\\kumo\\public\\...')
#10 {main}
CRITICAL - 2022-09-22 06:59:41 --> Undefined array key "name"
#0 D:\kumo\app\Views\shipping_address.php(43): CodeIgniter\Debug\Exceptions->errorHandler(2, 'Undefined array...', 'D:\\kumo\\app\\Vie...', 43)
#1 D:\kumo\system\View\View.php(210): include('D:\\kumo\\app\\Vie...')
#2 D:\kumo\system\View\View.php(213): CodeIgniter\View\View->CodeIgniter\View\{closure}()
#3 D:\kumo\system\Common.php(1089): CodeIgniter\View\View->render('shipping_addres...', Array, true)
#4 D:\kumo\app\Controllers\Home.php(180): view('shipping_addres...', Array)
#5 D:\kumo\system\CodeIgniter.php(832): App\Controllers\Home->address()
#6 D:\kumo\system\CodeIgniter.php(419): CodeIgniter\CodeIgniter->runController(Object(App\Controllers\Home))
#7 D:\kumo\system\CodeIgniter.php(326): CodeIgniter\CodeIgniter->handleRequest(NULL, Object(Config\Cache), false)
#8 D:\kumo\public\index.php(37): CodeIgniter\CodeIgniter->run()
#9 D:\kumo\system\Commands\Server\rewrite.php(43): require_once('D:\\kumo\\public\\...')
#10 {main}
CRITICAL - 2022-09-22 06:59:42 --> Undefined array key "name"
#0 D:\kumo\app\Views\shipping_address.php(43): CodeIgniter\Debug\Exceptions->errorHandler(2, 'Undefined array...', 'D:\\kumo\\app\\Vie...', 43)
#1 D:\kumo\system\View\View.php(210): include('D:\\kumo\\app\\Vie...')
#2 D:\kumo\system\View\View.php(213): CodeIgniter\View\View->CodeIgniter\View\{closure}()
#3 D:\kumo\system\Common.php(1089): CodeIgniter\View\View->render('shipping_addres...', Array, true)
#4 D:\kumo\app\Controllers\Home.php(180): view('shipping_addres...', Array)
#5 D:\kumo\system\CodeIgniter.php(832): App\Controllers\Home->address()
#6 D:\kumo\system\CodeIgniter.php(419): CodeIgniter\CodeIgniter->runController(Object(App\Controllers\Home))
#7 D:\kumo\system\CodeIgniter.php(326): CodeIgniter\CodeIgniter->handleRequest(NULL, Object(Config\Cache), false)
#8 D:\kumo\public\index.php(37): CodeIgniter\CodeIgniter->run()
#9 D:\kumo\system\Commands\Server\rewrite.php(43): require_once('D:\\kumo\\public\\...')
#10 {main}
CRITICAL - 2022-09-22 06:59:59 --> Undefined array key "name"
#0 D:\kumo\app\Views\shipping_address.php(43): CodeIgniter\Debug\Exceptions->errorHandler(2, 'Undefined array...', 'D:\\kumo\\app\\Vie...', 43)
#1 D:\kumo\system\View\View.php(210): include('D:\\kumo\\app\\Vie...')
#2 D:\kumo\system\View\View.php(213): CodeIgniter\View\View->CodeIgniter\View\{closure}()
#3 D:\kumo\system\Common.php(1089): CodeIgniter\View\View->render('shipping_addres...', Array, true)
#4 D:\kumo\app\Controllers\Home.php(180): view('shipping_addres...', Array)
#5 D:\kumo\system\CodeIgniter.php(832): App\Controllers\Home->address()
#6 D:\kumo\system\CodeIgniter.php(419): CodeIgniter\CodeIgniter->runController(Object(App\Controllers\Home))
#7 D:\kumo\system\CodeIgniter.php(326): CodeIgniter\CodeIgniter->handleRequest(NULL, Object(Config\Cache), false)
#8 D:\kumo\public\index.php(37): CodeIgniter\CodeIgniter->run()
#9 D:\kumo\system\Commands\Server\rewrite.php(43): require_once('D:\\kumo\\public\\...')
#10 {main}
CRITICAL - 2022-09-22 07:01:34 --> Undefined array key "name"
#0 D:\kumo\app\Views\shipping_address.php(43): CodeIgniter\Debug\Exceptions->errorHandler(2, 'Undefined array...', 'D:\\kumo\\app\\Vie...', 43)
#1 D:\kumo\system\View\View.php(210): include('D:\\kumo\\app\\Vie...')
#2 D:\kumo\system\View\View.php(213): CodeIgniter\View\View->CodeIgniter\View\{closure}()
#3 D:\kumo\system\Common.php(1089): CodeIgniter\View\View->render('shipping_addres...', Array, true)
#4 D:\kumo\app\Controllers\Home.php(180): view('shipping_addres...', Array)
#5 D:\kumo\system\CodeIgniter.php(832): App\Controllers\Home->address()
#6 D:\kumo\system\CodeIgniter.php(419): CodeIgniter\CodeIgniter->runController(Object(App\Controllers\Home))
#7 D:\kumo\system\CodeIgniter.php(326): CodeIgniter\CodeIgniter->handleRequest(NULL, Object(Config\Cache), false)
#8 D:\kumo\public\index.php(37): CodeIgniter\CodeIgniter->run()
#9 D:\kumo\system\Commands\Server\rewrite.php(43): require_once('D:\\kumo\\public\\...')
#10 {main}
CRITICAL - 2022-09-22 07:03:36 --> View themes, no current section.
#0 D:\kumo\app\Views\shipping_address.php(213): CodeIgniter\View\View->endSection()
#1 D:\kumo\system\View\View.php(210): include('D:\\kumo\\app\\Vie...')
#2 D:\kumo\system\View\View.php(213): CodeIgniter\View\View->CodeIgniter\View\{closure}()
#3 D:\kumo\system\Common.php(1089): CodeIgniter\View\View->render('shipping_addres...', Array, true)
#4 D:\kumo\app\Controllers\Home.php(180): view('shipping_addres...', Array)
#5 D:\kumo\system\CodeIgniter.php(832): App\Controllers\Home->address()
#6 D:\kumo\system\CodeIgniter.php(419): CodeIgniter\CodeIgniter->runController(Object(App\Controllers\Home))
#7 D:\kumo\system\CodeIgniter.php(326): CodeIgniter\CodeIgniter->handleRequest(NULL, Object(Config\Cache), false)
#8 D:\kumo\public\index.php(37): CodeIgniter\CodeIgniter->run()
#9 D:\kumo\system\Commands\Server\rewrite.php(43): require_once('D:\\kumo\\public\\...')
#10 {main}
CRITICAL - 2022-09-22 07:06:27 --> View themes, no current section.
#0 D:\kumo\app\Views\shipping_address.php(214): CodeIgniter\View\View->endSection()
#1 D:\kumo\system\View\View.php(210): include('D:\\kumo\\app\\Vie...')
#2 D:\kumo\system\View\View.php(213): CodeIgniter\View\View->CodeIgniter\View\{closure}()
#3 D:\kumo\system\Common.php(1089): CodeIgniter\View\View->render('shipping_addres...', Array, true)
#4 D:\kumo\app\Controllers\Home.php(180): view('shipping_addres...', Array)
#5 D:\kumo\system\CodeIgniter.php(832): App\Controllers\Home->address()
#6 D:\kumo\system\CodeIgniter.php(419): CodeIgniter\CodeIgniter->runController(Object(App\Controllers\Home))
#7 D:\kumo\system\CodeIgniter.php(326): CodeIgniter\CodeIgniter->handleRequest(NULL, Object(Config\Cache), false)
#8 D:\kumo\public\index.php(37): CodeIgniter\CodeIgniter->run()
#9 D:\kumo\system\Commands\Server\rewrite.php(43): require_once('D:\\kumo\\public\\...')
#10 {main}
