CRITICAL - 2022-09-05 07:44:25 --> Trying to access array offset on value of type null
#0 D:\Ecommerce\app\Models\HomeModel.php(585): CodeIgniter\Debug\Exceptions->errorHandler(2, 'Trying to acces...', 'D:\\Ecommerce\\ap...', 585)
#1 D:\Ecommerce\app\Controllers\Home.php(128): App\Models\HomeModel->get_product_data('img')
#2 D:\Ecommerce\system\CodeIgniter.php(832): App\Controllers\Home->productdetail('img', 'payments.png')
#3 D:\Ecommerce\system\CodeIgniter.php(419): CodeIgniter\CodeIgniter->runController(Object(App\Controllers\Home))
#4 D:\Ecommerce\system\CodeIgniter.php(326): CodeIgniter\CodeIgniter->handleRequest(NULL, Object(Config\Cache), false)
#5 D:\Ecommerce\public\index.php(37): CodeIgniter\CodeIgniter->run()
#6 D:\Ecommerce\system\Commands\Server\rewrite.php(43): require_once('D:\\Ecommerce\\pu...')
#7 {main}
CRITICAL - 2022-09-05 07:45:03 --> Trying to access array offset on value of type null
#0 D:\Ecommerce\app\Models\HomeModel.php(585): CodeIgniter\Debug\Exceptions->errorHandler(2, 'Trying to acces...', 'D:\\Ecommerce\\ap...', 585)
#1 D:\Ecommerce\app\Controllers\Home.php(128): App\Models\HomeModel->get_product_data('img')
#2 D:\Ecommerce\system\CodeIgniter.php(832): App\Controllers\Home->productdetail('img', 'payments.png')
#3 D:\Ecommerce\system\CodeIgniter.php(419): CodeIgniter\CodeIgniter->runController(Object(App\Controllers\Home))
#4 D:\Ecommerce\system\CodeIgniter.php(326): CodeIgniter\CodeIgniter->handleRequest(NULL, Object(Config\Cache), false)
#5 D:\Ecommerce\public\index.php(37): CodeIgniter\CodeIgniter->run()
#6 D:\Ecommerce\system\Commands\Server\rewrite.php(43): require_once('D:\\Ecommerce\\pu...')
#7 {main}
CRITICAL - 2022-09-05 07:45:09 --> Trying to access array offset on value of type null
#0 D:\Ecommerce\app\Models\HomeModel.php(585): CodeIgniter\Debug\Exceptions->errorHandler(2, 'Trying to acces...', 'D:\\Ecommerce\\ap...', 585)
#1 D:\Ecommerce\app\Controllers\Home.php(128): App\Models\HomeModel->get_product_data('img')
#2 D:\Ecommerce\system\CodeIgniter.php(832): App\Controllers\Home->productdetail('img', 'payments.png')
#3 D:\Ecommerce\system\CodeIgniter.php(419): CodeIgniter\CodeIgniter->runController(Object(App\Controllers\Home))
#4 D:\Ecommerce\system\CodeIgniter.php(326): CodeIgniter\CodeIgniter->handleRequest(NULL, Object(Config\Cache), false)
#5 D:\Ecommerce\public\index.php(37): CodeIgniter\CodeIgniter->run()
#6 D:\Ecommerce\system\Commands\Server\rewrite.php(43): require_once('D:\\Ecommerce\\pu...')
#7 {main}
