CRITICAL - 2022-09-23 00:45:34 --> View themes, no current section.
#0 D:\kumo\app\Views\shipping_address.php(214): CodeIgniter\View\View->endSection()
#1 D:\kumo\system\View\View.php(210): include('D:\\kumo\\app\\Vie...')
#2 D:\kumo\system\View\View.php(213): CodeIgniter\View\View->CodeIgniter\View\{closure}()
#3 D:\kumo\system\Common.php(1089): CodeIgniter\View\View->render('shipping_addres...', Array, true)
#4 D:\kumo\app\Controllers\Home.php(180): view('shipping_addres...', Array)
#5 D:\kumo\system\CodeIgniter.php(832): App\Controllers\Home->address()
#6 D:\kumo\system\CodeIgniter.php(419): CodeIgniter\CodeIgniter->runController(Object(App\Controllers\Home))
#7 D:\kumo\system\CodeIgniter.php(326): CodeIgniter\CodeIgniter->handleRequest(NULL, Object(Config\Cache), false)
#8 D:\kumo\public\index.php(37): CodeIgniter\CodeIgniter->run()
#9 D:\kumo\system\Commands\Server\rewrite.php(43): require_once('D:\\kumo\\public\\...')
#10 {main}
CRITICAL - 2022-09-23 00:48:11 --> View themes, no current section.
#0 D:\kumo\app\Views\shipping_address.php(214): CodeIgniter\View\View->endSection()
#1 D:\kumo\system\View\View.php(210): include('D:\\kumo\\app\\Vie...')
#2 D:\kumo\system\View\View.php(213): CodeIgniter\View\View->CodeIgniter\View\{closure}()
#3 D:\kumo\system\Common.php(1089): CodeIgniter\View\View->render('shipping_addres...', Array, true)
#4 D:\kumo\app\Controllers\Home.php(180): view('shipping_addres...', Array)
#5 D:\kumo\system\CodeIgniter.php(832): App\Controllers\Home->address()
#6 D:\kumo\system\CodeIgniter.php(419): CodeIgniter\CodeIgniter->runController(Object(App\Controllers\Home))
#7 D:\kumo\system\CodeIgniter.php(326): CodeIgniter\CodeIgniter->handleRequest(NULL, Object(Config\Cache), false)
#8 D:\kumo\public\index.php(37): CodeIgniter\CodeIgniter->run()
#9 D:\kumo\system\Commands\Server\rewrite.php(43): require_once('D:\\kumo\\public\\...')
#10 {main}
CRITICAL - 2022-09-23 00:48:23 --> Undefined variable $row
#0 D:\kumo\app\Views\shipping_address.php(44): CodeIgniter\Debug\Exceptions->errorHandler(2, 'Undefined varia...', 'D:\\kumo\\app\\Vie...', 44)
#1 D:\kumo\system\View\View.php(210): include('D:\\kumo\\app\\Vie...')
#2 D:\kumo\system\View\View.php(213): CodeIgniter\View\View->CodeIgniter\View\{closure}()
#3 D:\kumo\system\Common.php(1089): CodeIgniter\View\View->render('shipping_addres...', Array, true)
#4 D:\kumo\app\Controllers\Home.php(180): view('shipping_addres...', Array)
#5 D:\kumo\system\CodeIgniter.php(832): App\Controllers\Home->address()
#6 D:\kumo\system\CodeIgniter.php(419): CodeIgniter\CodeIgniter->runController(Object(App\Controllers\Home))
#7 D:\kumo\system\CodeIgniter.php(326): CodeIgniter\CodeIgniter->handleRequest(NULL, Object(Config\Cache), false)
#8 D:\kumo\public\index.php(37): CodeIgniter\CodeIgniter->run()
#9 D:\kumo\system\Commands\Server\rewrite.php(43): require_once('D:\\kumo\\public\\...')
#10 {main}
CRITICAL - 2022-09-23 00:48:43 --> Undefined variable $row
#0 D:\kumo\app\Views\shipping_address.php(44): CodeIgniter\Debug\Exceptions->errorHandler(2, 'Undefined varia...', 'D:\\kumo\\app\\Vie...', 44)
#1 D:\kumo\system\View\View.php(210): include('D:\\kumo\\app\\Vie...')
#2 D:\kumo\system\View\View.php(213): CodeIgniter\View\View->CodeIgniter\View\{closure}()
#3 D:\kumo\system\Common.php(1089): CodeIgniter\View\View->render('shipping_addres...', Array, true)
#4 D:\kumo\app\Controllers\Home.php(180): view('shipping_addres...', Array)
#5 D:\kumo\system\CodeIgniter.php(832): App\Controllers\Home->address()
#6 D:\kumo\system\CodeIgniter.php(419): CodeIgniter\CodeIgniter->runController(Object(App\Controllers\Home))
#7 D:\kumo\system\CodeIgniter.php(326): CodeIgniter\CodeIgniter->handleRequest(NULL, Object(Config\Cache), false)
#8 D:\kumo\public\index.php(37): CodeIgniter\CodeIgniter->run()
#9 D:\kumo\system\Commands\Server\rewrite.php(43): require_once('D:\\kumo\\public\\...')
#10 {main}
CRITICAL - 2022-09-23 00:49:06 --> Undefined variable $row
#0 D:\kumo\app\Views\shipping_address.php(44): CodeIgniter\Debug\Exceptions->errorHandler(2, 'Undefined varia...', 'D:\\kumo\\app\\Vie...', 44)
#1 D:\kumo\system\View\View.php(210): include('D:\\kumo\\app\\Vie...')
#2 D:\kumo\system\View\View.php(213): CodeIgniter\View\View->CodeIgniter\View\{closure}()
#3 D:\kumo\system\Common.php(1089): CodeIgniter\View\View->render('shipping_addres...', Array, true)
#4 D:\kumo\app\Controllers\Home.php(180): view('shipping_addres...', Array)
#5 D:\kumo\system\CodeIgniter.php(832): App\Controllers\Home->address()
#6 D:\kumo\system\CodeIgniter.php(419): CodeIgniter\CodeIgniter->runController(Object(App\Controllers\Home))
#7 D:\kumo\system\CodeIgniter.php(326): CodeIgniter\CodeIgniter->handleRequest(NULL, Object(Config\Cache), false)
#8 D:\kumo\public\index.php(37): CodeIgniter\CodeIgniter->run()
#9 D:\kumo\system\Commands\Server\rewrite.php(43): require_once('D:\\kumo\\public\\...')
#10 {main}
CRITICAL - 2022-09-23 00:49:21 --> View themes, no current section.
#0 D:\kumo\app\Views\shipping_address.php(214): CodeIgniter\View\View->endSection()
#1 D:\kumo\system\View\View.php(210): include('D:\\kumo\\app\\Vie...')
#2 D:\kumo\system\View\View.php(213): CodeIgniter\View\View->CodeIgniter\View\{closure}()
#3 D:\kumo\system\Common.php(1089): CodeIgniter\View\View->render('shipping_addres...', Array, true)
#4 D:\kumo\app\Controllers\Home.php(180): view('shipping_addres...', Array)
#5 D:\kumo\system\CodeIgniter.php(832): App\Controllers\Home->address()
#6 D:\kumo\system\CodeIgniter.php(419): CodeIgniter\CodeIgniter->runController(Object(App\Controllers\Home))
#7 D:\kumo\system\CodeIgniter.php(326): CodeIgniter\CodeIgniter->handleRequest(NULL, Object(Config\Cache), false)
#8 D:\kumo\public\index.php(37): CodeIgniter\CodeIgniter->run()
#9 D:\kumo\system\Commands\Server\rewrite.php(43): require_once('D:\\kumo\\public\\...')
#10 {main}
CRITICAL - 2022-09-23 00:49:37 --> Unmatched '}'
#0 D:\kumo\system\View\View.php(213): CodeIgniter\View\View->CodeIgniter\View\{closure}()
#1 D:\kumo\system\Common.php(1089): CodeIgniter\View\View->render('shipping_addres...', Array, true)
#2 D:\kumo\app\Controllers\Home.php(180): view('shipping_addres...', Array)
#3 D:\kumo\system\CodeIgniter.php(832): App\Controllers\Home->address()
#4 D:\kumo\system\CodeIgniter.php(419): CodeIgniter\CodeIgniter->runController(Object(App\Controllers\Home))
#5 D:\kumo\system\CodeIgniter.php(326): CodeIgniter\CodeIgniter->handleRequest(NULL, Object(Config\Cache), false)
#6 D:\kumo\public\index.php(37): CodeIgniter\CodeIgniter->run()
#7 D:\kumo\system\Commands\Server\rewrite.php(43): require_once('D:\\kumo\\public\\...')
#8 {main}
CRITICAL - 2022-09-23 00:49:42 --> Undefined array key "fname"
#0 D:\kumo\app\Views\shipping_address.php(44): CodeIgniter\Debug\Exceptions->errorHandler(2, 'Undefined array...', 'D:\\kumo\\app\\Vie...', 44)
#1 D:\kumo\system\View\View.php(210): include('D:\\kumo\\app\\Vie...')
#2 D:\kumo\system\View\View.php(213): CodeIgniter\View\View->CodeIgniter\View\{closure}()
#3 D:\kumo\system\Common.php(1089): CodeIgniter\View\View->render('shipping_addres...', Array, true)
#4 D:\kumo\app\Controllers\Home.php(180): view('shipping_addres...', Array)
#5 D:\kumo\system\CodeIgniter.php(832): App\Controllers\Home->address()
#6 D:\kumo\system\CodeIgniter.php(419): CodeIgniter\CodeIgniter->runController(Object(App\Controllers\Home))
#7 D:\kumo\system\CodeIgniter.php(326): CodeIgniter\CodeIgniter->handleRequest(NULL, Object(Config\Cache), false)
#8 D:\kumo\public\index.php(37): CodeIgniter\CodeIgniter->run()
#9 D:\kumo\system\Commands\Server\rewrite.php(43): require_once('D:\\kumo\\public\\...')
#10 {main}
CRITICAL - 2022-09-23 00:52:22 --> View themes, no current section.
#0 D:\kumo\app\Views\shipping_address.php(214): CodeIgniter\View\View->endSection()
#1 D:\kumo\system\View\View.php(210): include('D:\\kumo\\app\\Vie...')
#2 D:\kumo\system\View\View.php(213): CodeIgniter\View\View->CodeIgniter\View\{closure}()
#3 D:\kumo\system\Common.php(1089): CodeIgniter\View\View->render('shipping_addres...', Array, true)
#4 D:\kumo\app\Controllers\Home.php(180): view('shipping_addres...', Array)
#5 D:\kumo\system\CodeIgniter.php(832): App\Controllers\Home->address()
#6 D:\kumo\system\CodeIgniter.php(419): CodeIgniter\CodeIgniter->runController(Object(App\Controllers\Home))
#7 D:\kumo\system\CodeIgniter.php(326): CodeIgniter\CodeIgniter->handleRequest(NULL, Object(Config\Cache), false)
#8 D:\kumo\public\index.php(37): CodeIgniter\CodeIgniter->run()
#9 D:\kumo\system\Commands\Server\rewrite.php(43): require_once('D:\\kumo\\public\\...')
#10 {main}
CRITICAL - 2022-09-23 00:53:30 --> View themes, no current section.
#0 D:\kumo\app\Views\shipping_address.php(214): CodeIgniter\View\View->endSection()
#1 D:\kumo\system\View\View.php(210): include('D:\\kumo\\app\\Vie...')
#2 D:\kumo\system\View\View.php(213): CodeIgniter\View\View->CodeIgniter\View\{closure}()
#3 D:\kumo\system\Common.php(1089): CodeIgniter\View\View->render('shipping_addres...', Array, true)
#4 D:\kumo\app\Controllers\Home.php(180): view('shipping_addres...', Array)
#5 D:\kumo\system\CodeIgniter.php(832): App\Controllers\Home->address()
#6 D:\kumo\system\CodeIgniter.php(419): CodeIgniter\CodeIgniter->runController(Object(App\Controllers\Home))
#7 D:\kumo\system\CodeIgniter.php(326): CodeIgniter\CodeIgniter->handleRequest(NULL, Object(Config\Cache), false)
#8 D:\kumo\public\index.php(37): CodeIgniter\CodeIgniter->run()
#9 D:\kumo\system\Commands\Server\rewrite.php(43): require_once('D:\\kumo\\public\\...')
#10 {main}
CRITICAL - 2022-09-23 00:53:32 --> View themes, no current section.
#0 D:\kumo\app\Views\shipping_address.php(214): CodeIgniter\View\View->endSection()
#1 D:\kumo\system\View\View.php(210): include('D:\\kumo\\app\\Vie...')
#2 D:\kumo\system\View\View.php(213): CodeIgniter\View\View->CodeIgniter\View\{closure}()
#3 D:\kumo\system\Common.php(1089): CodeIgniter\View\View->render('shipping_addres...', Array, true)
#4 D:\kumo\app\Controllers\Home.php(180): view('shipping_addres...', Array)
#5 D:\kumo\system\CodeIgniter.php(832): App\Controllers\Home->address()
#6 D:\kumo\system\CodeIgniter.php(419): CodeIgniter\CodeIgniter->runController(Object(App\Controllers\Home))
#7 D:\kumo\system\CodeIgniter.php(326): CodeIgniter\CodeIgniter->handleRequest(NULL, Object(Config\Cache), false)
#8 D:\kumo\public\index.php(37): CodeIgniter\CodeIgniter->run()
#9 D:\kumo\system\Commands\Server\rewrite.php(43): require_once('D:\\kumo\\public\\...')
#10 {main}
CRITICAL - 2022-09-23 00:53:33 --> View themes, no current section.
#0 D:\kumo\app\Views\shipping_address.php(214): CodeIgniter\View\View->endSection()
#1 D:\kumo\system\View\View.php(210): include('D:\\kumo\\app\\Vie...')
#2 D:\kumo\system\View\View.php(213): CodeIgniter\View\View->CodeIgniter\View\{closure}()
#3 D:\kumo\system\Common.php(1089): CodeIgniter\View\View->render('shipping_addres...', Array, true)
#4 D:\kumo\app\Controllers\Home.php(180): view('shipping_addres...', Array)
#5 D:\kumo\system\CodeIgniter.php(832): App\Controllers\Home->address()
#6 D:\kumo\system\CodeIgniter.php(419): CodeIgniter\CodeIgniter->runController(Object(App\Controllers\Home))
#7 D:\kumo\system\CodeIgniter.php(326): CodeIgniter\CodeIgniter->handleRequest(NULL, Object(Config\Cache), false)
#8 D:\kumo\public\index.php(37): CodeIgniter\CodeIgniter->run()
#9 D:\kumo\system\Commands\Server\rewrite.php(43): require_once('D:\\kumo\\public\\...')
#10 {main}
CRITICAL - 2022-09-23 00:53:33 --> View themes, no current section.
#0 D:\kumo\app\Views\shipping_address.php(214): CodeIgniter\View\View->endSection()
#1 D:\kumo\system\View\View.php(210): include('D:\\kumo\\app\\Vie...')
#2 D:\kumo\system\View\View.php(213): CodeIgniter\View\View->CodeIgniter\View\{closure}()
#3 D:\kumo\system\Common.php(1089): CodeIgniter\View\View->render('shipping_addres...', Array, true)
#4 D:\kumo\app\Controllers\Home.php(180): view('shipping_addres...', Array)
#5 D:\kumo\system\CodeIgniter.php(832): App\Controllers\Home->address()
#6 D:\kumo\system\CodeIgniter.php(419): CodeIgniter\CodeIgniter->runController(Object(App\Controllers\Home))
#7 D:\kumo\system\CodeIgniter.php(326): CodeIgniter\CodeIgniter->handleRequest(NULL, Object(Config\Cache), false)
#8 D:\kumo\public\index.php(37): CodeIgniter\CodeIgniter->run()
#9 D:\kumo\system\Commands\Server\rewrite.php(43): require_once('D:\\kumo\\public\\...')
#10 {main}
CRITICAL - 2022-09-23 00:53:33 --> View themes, no current section.
#0 D:\kumo\app\Views\shipping_address.php(214): CodeIgniter\View\View->endSection()
#1 D:\kumo\system\View\View.php(210): include('D:\\kumo\\app\\Vie...')
#2 D:\kumo\system\View\View.php(213): CodeIgniter\View\View->CodeIgniter\View\{closure}()
#3 D:\kumo\system\Common.php(1089): CodeIgniter\View\View->render('shipping_addres...', Array, true)
#4 D:\kumo\app\Controllers\Home.php(180): view('shipping_addres...', Array)
#5 D:\kumo\system\CodeIgniter.php(832): App\Controllers\Home->address()
#6 D:\kumo\system\CodeIgniter.php(419): CodeIgniter\CodeIgniter->runController(Object(App\Controllers\Home))
#7 D:\kumo\system\CodeIgniter.php(326): CodeIgniter\CodeIgniter->handleRequest(NULL, Object(Config\Cache), false)
#8 D:\kumo\public\index.php(37): CodeIgniter\CodeIgniter->run()
#9 D:\kumo\system\Commands\Server\rewrite.php(43): require_once('D:\\kumo\\public\\...')
#10 {main}
CRITICAL - 2022-09-23 00:53:56 --> View themes, no current section.
#0 D:\kumo\app\Views\shipping_address.php(214): CodeIgniter\View\View->endSection()
#1 D:\kumo\system\View\View.php(210): include('D:\\kumo\\app\\Vie...')
#2 D:\kumo\system\View\View.php(213): CodeIgniter\View\View->CodeIgniter\View\{closure}()
#3 D:\kumo\system\Common.php(1089): CodeIgniter\View\View->render('shipping_addres...', Array, true)
#4 D:\kumo\app\Controllers\Home.php(180): view('shipping_addres...', Array)
#5 D:\kumo\system\CodeIgniter.php(832): App\Controllers\Home->address()
#6 D:\kumo\system\CodeIgniter.php(419): CodeIgniter\CodeIgniter->runController(Object(App\Controllers\Home))
#7 D:\kumo\system\CodeIgniter.php(326): CodeIgniter\CodeIgniter->handleRequest(NULL, Object(Config\Cache), false)
#8 D:\kumo\public\index.php(37): CodeIgniter\CodeIgniter->run()
#9 D:\kumo\system\Commands\Server\rewrite.php(43): require_once('D:\\kumo\\public\\...')
#10 {main}
CRITICAL - 2022-09-23 00:53:57 --> View themes, no current section.
#0 D:\kumo\app\Views\shipping_address.php(214): CodeIgniter\View\View->endSection()
#1 D:\kumo\system\View\View.php(210): include('D:\\kumo\\app\\Vie...')
#2 D:\kumo\system\View\View.php(213): CodeIgniter\View\View->CodeIgniter\View\{closure}()
#3 D:\kumo\system\Common.php(1089): CodeIgniter\View\View->render('shipping_addres...', Array, true)
#4 D:\kumo\app\Controllers\Home.php(180): view('shipping_addres...', Array)
#5 D:\kumo\system\CodeIgniter.php(832): App\Controllers\Home->address()
#6 D:\kumo\system\CodeIgniter.php(419): CodeIgniter\CodeIgniter->runController(Object(App\Controllers\Home))
#7 D:\kumo\system\CodeIgniter.php(326): CodeIgniter\CodeIgniter->handleRequest(NULL, Object(Config\Cache), false)
#8 D:\kumo\public\index.php(37): CodeIgniter\CodeIgniter->run()
#9 D:\kumo\system\Commands\Server\rewrite.php(43): require_once('D:\\kumo\\public\\...')
#10 {main}
CRITICAL - 2022-09-23 00:53:58 --> View themes, no current section.
#0 D:\kumo\app\Views\shipping_address.php(214): CodeIgniter\View\View->endSection()
#1 D:\kumo\system\View\View.php(210): include('D:\\kumo\\app\\Vie...')
#2 D:\kumo\system\View\View.php(213): CodeIgniter\View\View->CodeIgniter\View\{closure}()
#3 D:\kumo\system\Common.php(1089): CodeIgniter\View\View->render('shipping_addres...', Array, true)
#4 D:\kumo\app\Controllers\Home.php(180): view('shipping_addres...', Array)
#5 D:\kumo\system\CodeIgniter.php(832): App\Controllers\Home->address()
#6 D:\kumo\system\CodeIgniter.php(419): CodeIgniter\CodeIgniter->runController(Object(App\Controllers\Home))
#7 D:\kumo\system\CodeIgniter.php(326): CodeIgniter\CodeIgniter->handleRequest(NULL, Object(Config\Cache), false)
#8 D:\kumo\public\index.php(37): CodeIgniter\CodeIgniter->run()
#9 D:\kumo\system\Commands\Server\rewrite.php(43): require_once('D:\\kumo\\public\\...')
#10 {main}
CRITICAL - 2022-09-23 00:53:59 --> View themes, no current section.
#0 D:\kumo\app\Views\shipping_address.php(214): CodeIgniter\View\View->endSection()
#1 D:\kumo\system\View\View.php(210): include('D:\\kumo\\app\\Vie...')
#2 D:\kumo\system\View\View.php(213): CodeIgniter\View\View->CodeIgniter\View\{closure}()
#3 D:\kumo\system\Common.php(1089): CodeIgniter\View\View->render('shipping_addres...', Array, true)
#4 D:\kumo\app\Controllers\Home.php(180): view('shipping_addres...', Array)
#5 D:\kumo\system\CodeIgniter.php(832): App\Controllers\Home->address()
#6 D:\kumo\system\CodeIgniter.php(419): CodeIgniter\CodeIgniter->runController(Object(App\Controllers\Home))
#7 D:\kumo\system\CodeIgniter.php(326): CodeIgniter\CodeIgniter->handleRequest(NULL, Object(Config\Cache), false)
#8 D:\kumo\public\index.php(37): CodeIgniter\CodeIgniter->run()
#9 D:\kumo\system\Commands\Server\rewrite.php(43): require_once('D:\\kumo\\public\\...')
#10 {main}
CRITICAL - 2022-09-23 00:54:31 --> View themes, no current section.
#0 D:\kumo\app\Views\shipping_address.php(160): CodeIgniter\View\View->endSection()
#1 D:\kumo\system\View\View.php(210): include('D:\\kumo\\app\\Vie...')
#2 D:\kumo\system\View\View.php(213): CodeIgniter\View\View->CodeIgniter\View\{closure}()
#3 D:\kumo\system\Common.php(1089): CodeIgniter\View\View->render('shipping_addres...', Array, true)
#4 D:\kumo\app\Controllers\Home.php(180): view('shipping_addres...', Array)
#5 D:\kumo\system\CodeIgniter.php(832): App\Controllers\Home->address()
#6 D:\kumo\system\CodeIgniter.php(419): CodeIgniter\CodeIgniter->runController(Object(App\Controllers\Home))
#7 D:\kumo\system\CodeIgniter.php(326): CodeIgniter\CodeIgniter->handleRequest(NULL, Object(Config\Cache), false)
#8 D:\kumo\public\index.php(37): CodeIgniter\CodeIgniter->run()
#9 D:\kumo\system\Commands\Server\rewrite.php(43): require_once('D:\\kumo\\public\\...')
#10 {main}
CRITICAL - 2022-09-23 00:55:17 --> View themes, no current section.
#0 D:\kumo\app\Views\shipping_address.php(161): CodeIgniter\View\View->endSection()
#1 D:\kumo\system\View\View.php(210): include('D:\\kumo\\app\\Vie...')
#2 D:\kumo\system\View\View.php(213): CodeIgniter\View\View->CodeIgniter\View\{closure}()
#3 D:\kumo\system\Common.php(1089): CodeIgniter\View\View->render('shipping_addres...', Array, true)
#4 D:\kumo\app\Controllers\Home.php(180): view('shipping_addres...', Array)
#5 D:\kumo\system\CodeIgniter.php(832): App\Controllers\Home->address()
#6 D:\kumo\system\CodeIgniter.php(419): CodeIgniter\CodeIgniter->runController(Object(App\Controllers\Home))
#7 D:\kumo\system\CodeIgniter.php(326): CodeIgniter\CodeIgniter->handleRequest(NULL, Object(Config\Cache), false)
#8 D:\kumo\public\index.php(37): CodeIgniter\CodeIgniter->run()
#9 D:\kumo\system\Commands\Server\rewrite.php(43): require_once('D:\\kumo\\public\\...')
#10 {main}
CRITICAL - 2022-09-23 00:55:18 --> View themes, no current section.
#0 D:\kumo\app\Views\shipping_address.php(161): CodeIgniter\View\View->endSection()
#1 D:\kumo\system\View\View.php(210): include('D:\\kumo\\app\\Vie...')
#2 D:\kumo\system\View\View.php(213): CodeIgniter\View\View->CodeIgniter\View\{closure}()
#3 D:\kumo\system\Common.php(1089): CodeIgniter\View\View->render('shipping_addres...', Array, true)
#4 D:\kumo\app\Controllers\Home.php(180): view('shipping_addres...', Array)
#5 D:\kumo\system\CodeIgniter.php(832): App\Controllers\Home->address()
#6 D:\kumo\system\CodeIgniter.php(419): CodeIgniter\CodeIgniter->runController(Object(App\Controllers\Home))
#7 D:\kumo\system\CodeIgniter.php(326): CodeIgniter\CodeIgniter->handleRequest(NULL, Object(Config\Cache), false)
#8 D:\kumo\public\index.php(37): CodeIgniter\CodeIgniter->run()
#9 D:\kumo\system\Commands\Server\rewrite.php(43): require_once('D:\\kumo\\public\\...')
#10 {main}
