CRITICAL - 2022-07-13 00:13:55 --> foreach() argument must be of type array|object, null given
#0 D:\Ecommerce\app\Views\block\navbar.php(18): CodeIgniter\Debug\Exceptions->errorHandler(2, 'foreach() argum...', 'D:\\Ecommerce\\ap...', 18)
#1 D:\Ecommerce\system\View\View.php(210): include('D:\\Ecommerce\\ap...')
#2 D:\Ecommerce\system\View\View.php(213): CodeIgniter\View\View->CodeIgniter\View\{closure}()
#3 D:\Ecommerce\system\View\View.php(424): CodeIgniter\View\View->render('block/navbar', NULL, true)
#4 D:\Ecommerce\app\Views\template.php(48): CodeIgniter\View\View->include('block/navbar')
#5 D:\Ecommerce\system\View\View.php(210): include('D:\\Ecommerce\\ap...')
#6 D:\Ecommerce\system\View\View.php(213): CodeIgniter\View\View->CodeIgniter\View\{closure}()
#7 D:\Ecommerce\system\View\View.php(226): CodeIgniter\View\View->render('template', Array, true)
#8 D:\Ecommerce\system\Common.php(1089): CodeIgniter\View\View->render('index', Array, true)
#9 D:\Ecommerce\app\Controllers\Home.php(22): view('index', Array)
#10 D:\Ecommerce\system\CodeIgniter.php(832): App\Controllers\Home->index()
#11 D:\Ecommerce\system\CodeIgniter.php(419): CodeIgniter\CodeIgniter->runController(Object(App\Controllers\Home))
#12 D:\Ecommerce\system\CodeIgniter.php(326): CodeIgniter\CodeIgniter->handleRequest(NULL, Object(Config\Cache), false)
#13 D:\Ecommerce\public\index.php(37): CodeIgniter\CodeIgniter->run()
#14 D:\Ecommerce\system\Commands\Server\rewrite.php(43): require_once('D:\\Ecommerce\\pu...')
#15 {main}
CRITICAL - 2022-07-13 00:14:31 --> foreach() argument must be of type array|object, null given
#0 D:\Ecommerce\app\Views\block\navbar.php(18): CodeIgniter\Debug\Exceptions->errorHandler(2, 'foreach() argum...', 'D:\\Ecommerce\\ap...', 18)
#1 D:\Ecommerce\system\View\View.php(210): include('D:\\Ecommerce\\ap...')
#2 D:\Ecommerce\system\View\View.php(213): CodeIgniter\View\View->CodeIgniter\View\{closure}()
#3 D:\Ecommerce\system\View\View.php(424): CodeIgniter\View\View->render('block/navbar', NULL, true)
#4 D:\Ecommerce\app\Views\template.php(48): CodeIgniter\View\View->include('block/navbar')
#5 D:\Ecommerce\system\View\View.php(210): include('D:\\Ecommerce\\ap...')
#6 D:\Ecommerce\system\View\View.php(213): CodeIgniter\View\View->CodeIgniter\View\{closure}()
#7 D:\Ecommerce\system\View\View.php(226): CodeIgniter\View\View->render('template', Array, true)
#8 D:\Ecommerce\system\Common.php(1089): CodeIgniter\View\View->render('index', Array, true)
#9 D:\Ecommerce\app\Controllers\Home.php(22): view('index', Array)
#10 D:\Ecommerce\system\CodeIgniter.php(832): App\Controllers\Home->index()
#11 D:\Ecommerce\system\CodeIgniter.php(419): CodeIgniter\CodeIgniter->runController(Object(App\Controllers\Home))
#12 D:\Ecommerce\system\CodeIgniter.php(326): CodeIgniter\CodeIgniter->handleRequest(NULL, Object(Config\Cache), false)
#13 D:\Ecommerce\public\index.php(37): CodeIgniter\CodeIgniter->run()
#14 D:\Ecommerce\system\Commands\Server\rewrite.php(43): require_once('D:\\Ecommerce\\pu...')
#15 {main}
CRITICAL - 2022-07-13 00:14:55 --> foreach() argument must be of type array|object, null given
#0 D:\Ecommerce\app\Views\block\navbar.php(18): CodeIgniter\Debug\Exceptions->errorHandler(2, 'foreach() argum...', 'D:\\Ecommerce\\ap...', 18)
#1 D:\Ecommerce\system\View\View.php(210): include('D:\\Ecommerce\\ap...')
#2 D:\Ecommerce\system\View\View.php(213): CodeIgniter\View\View->CodeIgniter\View\{closure}()
#3 D:\Ecommerce\system\View\View.php(424): CodeIgniter\View\View->render('block/navbar', NULL, true)
#4 D:\Ecommerce\app\Views\template.php(48): CodeIgniter\View\View->include('block/navbar')
#5 D:\Ecommerce\system\View\View.php(210): include('D:\\Ecommerce\\ap...')
#6 D:\Ecommerce\system\View\View.php(213): CodeIgniter\View\View->CodeIgniter\View\{closure}()
#7 D:\Ecommerce\system\View\View.php(226): CodeIgniter\View\View->render('template', Array, true)
#8 D:\Ecommerce\system\Common.php(1089): CodeIgniter\View\View->render('index', Array, true)
#9 D:\Ecommerce\app\Controllers\Home.php(22): view('index', Array)
#10 D:\Ecommerce\system\CodeIgniter.php(832): App\Controllers\Home->index()
#11 D:\Ecommerce\system\CodeIgniter.php(419): CodeIgniter\CodeIgniter->runController(Object(App\Controllers\Home))
#12 D:\Ecommerce\system\CodeIgniter.php(326): CodeIgniter\CodeIgniter->handleRequest(NULL, Object(Config\Cache), false)
#13 D:\Ecommerce\public\index.php(37): CodeIgniter\CodeIgniter->run()
#14 D:\Ecommerce\system\Commands\Server\rewrite.php(43): require_once('D:\\Ecommerce\\pu...')
#15 {main}
CRITICAL - 2022-07-13 00:17:02 --> foreach() argument must be of type array|object, null given
#0 D:\Ecommerce\app\Views\block\navbar.php(9): CodeIgniter\Debug\Exceptions->errorHandler(2, 'foreach() argum...', 'D:\\Ecommerce\\ap...', 9)
#1 D:\Ecommerce\system\View\View.php(210): include('D:\\Ecommerce\\ap...')
#2 D:\Ecommerce\system\View\View.php(213): CodeIgniter\View\View->CodeIgniter\View\{closure}()
#3 D:\Ecommerce\system\View\View.php(424): CodeIgniter\View\View->render('block/navbar', NULL, true)
#4 D:\Ecommerce\app\Views\template.php(48): CodeIgniter\View\View->include('block/navbar')
#5 D:\Ecommerce\system\View\View.php(210): include('D:\\Ecommerce\\ap...')
#6 D:\Ecommerce\system\View\View.php(213): CodeIgniter\View\View->CodeIgniter\View\{closure}()
#7 D:\Ecommerce\system\View\View.php(226): CodeIgniter\View\View->render('template', Array, true)
#8 D:\Ecommerce\system\Common.php(1089): CodeIgniter\View\View->render('index', Array, true)
#9 D:\Ecommerce\app\Controllers\Home.php(22): view('index', Array)
#10 D:\Ecommerce\system\CodeIgniter.php(832): App\Controllers\Home->index()
#11 D:\Ecommerce\system\CodeIgniter.php(419): CodeIgniter\CodeIgniter->runController(Object(App\Controllers\Home))
#12 D:\Ecommerce\system\CodeIgniter.php(326): CodeIgniter\CodeIgniter->handleRequest(NULL, Object(Config\Cache), false)
#13 D:\Ecommerce\public\index.php(37): CodeIgniter\CodeIgniter->run()
#14 D:\Ecommerce\system\Commands\Server\rewrite.php(43): require_once('D:\\Ecommerce\\pu...')
#15 {main}
CRITICAL - 2022-07-13 00:17:54 --> Undefined variable $brand_item
#0 D:\Ecommerce\app\Views\block\navbar.php(18): CodeIgniter\Debug\Exceptions->errorHandler(2, 'Undefined varia...', 'D:\\Ecommerce\\ap...', 18)
#1 D:\Ecommerce\system\View\View.php(210): include('D:\\Ecommerce\\ap...')
#2 D:\Ecommerce\system\View\View.php(213): CodeIgniter\View\View->CodeIgniter\View\{closure}()
#3 D:\Ecommerce\system\View\View.php(424): CodeIgniter\View\View->render('block/navbar', NULL, true)
#4 D:\Ecommerce\app\Views\template.php(48): CodeIgniter\View\View->include('block/navbar')
#5 D:\Ecommerce\system\View\View.php(210): include('D:\\Ecommerce\\ap...')
#6 D:\Ecommerce\system\View\View.php(213): CodeIgniter\View\View->CodeIgniter\View\{closure}()
#7 D:\Ecommerce\system\View\View.php(226): CodeIgniter\View\View->render('template', Array, true)
#8 D:\Ecommerce\system\Common.php(1089): CodeIgniter\View\View->render('index', Array, true)
#9 D:\Ecommerce\app\Controllers\Home.php(22): view('index', Array)
#10 D:\Ecommerce\system\CodeIgniter.php(832): App\Controllers\Home->index()
#11 D:\Ecommerce\system\CodeIgniter.php(419): CodeIgniter\CodeIgniter->runController(Object(App\Controllers\Home))
#12 D:\Ecommerce\system\CodeIgniter.php(326): CodeIgniter\CodeIgniter->handleRequest(NULL, Object(Config\Cache), false)
#13 D:\Ecommerce\public\index.php(37): CodeIgniter\CodeIgniter->run()
#14 D:\Ecommerce\system\Commands\Server\rewrite.php(43): require_once('D:\\Ecommerce\\pu...')
#15 {main}
CRITICAL - 2022-07-13 00:18:43 --> Undefined variable $brand_item
#0 D:\Ecommerce\app\Views\block\navbar.php(18): CodeIgniter\Debug\Exceptions->errorHandler(2, 'Undefined varia...', 'D:\\Ecommerce\\ap...', 18)
#1 D:\Ecommerce\system\View\View.php(210): include('D:\\Ecommerce\\ap...')
#2 D:\Ecommerce\system\View\View.php(213): CodeIgniter\View\View->CodeIgniter\View\{closure}()
#3 D:\Ecommerce\system\View\View.php(424): CodeIgniter\View\View->render('block/navbar', NULL, true)
#4 D:\Ecommerce\app\Views\template.php(48): CodeIgniter\View\View->include('block/navbar')
#5 D:\Ecommerce\system\View\View.php(210): include('D:\\Ecommerce\\ap...')
#6 D:\Ecommerce\system\View\View.php(213): CodeIgniter\View\View->CodeIgniter\View\{closure}()
#7 D:\Ecommerce\system\View\View.php(226): CodeIgniter\View\View->render('template', Array, true)
#8 D:\Ecommerce\system\Common.php(1089): CodeIgniter\View\View->render('index', Array, true)
#9 D:\Ecommerce\app\Controllers\Home.php(22): view('index', Array)
#10 D:\Ecommerce\system\CodeIgniter.php(832): App\Controllers\Home->index()
#11 D:\Ecommerce\system\CodeIgniter.php(419): CodeIgniter\CodeIgniter->runController(Object(App\Controllers\Home))
#12 D:\Ecommerce\system\CodeIgniter.php(326): CodeIgniter\CodeIgniter->handleRequest(NULL, Object(Config\Cache), false)
#13 D:\Ecommerce\public\index.php(37): CodeIgniter\CodeIgniter->run()
#14 D:\Ecommerce\system\Commands\Server\rewrite.php(43): require_once('D:\\Ecommerce\\pu...')
#15 {main}
CRITICAL - 2022-07-13 00:19:47 --> Undefined variable $brand_item
#0 D:\Ecommerce\app\Views\block\navbar.php(18): CodeIgniter\Debug\Exceptions->errorHandler(2, 'Undefined varia...', 'D:\\Ecommerce\\ap...', 18)
#1 D:\Ecommerce\system\View\View.php(210): include('D:\\Ecommerce\\ap...')
#2 D:\Ecommerce\system\View\View.php(213): CodeIgniter\View\View->CodeIgniter\View\{closure}()
#3 D:\Ecommerce\system\View\View.php(424): CodeIgniter\View\View->render('block/navbar', NULL, true)
#4 D:\Ecommerce\app\Views\template.php(48): CodeIgniter\View\View->include('block/navbar')
#5 D:\Ecommerce\system\View\View.php(210): include('D:\\Ecommerce\\ap...')
#6 D:\Ecommerce\system\View\View.php(213): CodeIgniter\View\View->CodeIgniter\View\{closure}()
#7 D:\Ecommerce\system\View\View.php(226): CodeIgniter\View\View->render('template', Array, true)
#8 D:\Ecommerce\system\Common.php(1089): CodeIgniter\View\View->render('index', Array, true)
#9 D:\Ecommerce\app\Controllers\Home.php(22): view('index', Array)
#10 D:\Ecommerce\system\CodeIgniter.php(832): App\Controllers\Home->index()
#11 D:\Ecommerce\system\CodeIgniter.php(419): CodeIgniter\CodeIgniter->runController(Object(App\Controllers\Home))
#12 D:\Ecommerce\system\CodeIgniter.php(326): CodeIgniter\CodeIgniter->handleRequest(NULL, Object(Config\Cache), false)
#13 D:\Ecommerce\public\index.php(37): CodeIgniter\CodeIgniter->run()
#14 D:\Ecommerce\system\Commands\Server\rewrite.php(43): require_once('D:\\Ecommerce\\pu...')
#15 {main}
CRITICAL - 2022-07-13 00:20:01 --> Undefined variable $brand_item
#0 D:\Ecommerce\app\Views\block\navbar.php(18): CodeIgniter\Debug\Exceptions->errorHandler(2, 'Undefined varia...', 'D:\\Ecommerce\\ap...', 18)
#1 D:\Ecommerce\system\View\View.php(210): include('D:\\Ecommerce\\ap...')
#2 D:\Ecommerce\system\View\View.php(213): CodeIgniter\View\View->CodeIgniter\View\{closure}()
#3 D:\Ecommerce\system\View\View.php(424): CodeIgniter\View\View->render('block/navbar', NULL, true)
#4 D:\Ecommerce\app\Views\template.php(48): CodeIgniter\View\View->include('block/navbar')
#5 D:\Ecommerce\system\View\View.php(210): include('D:\\Ecommerce\\ap...')
#6 D:\Ecommerce\system\View\View.php(213): CodeIgniter\View\View->CodeIgniter\View\{closure}()
#7 D:\Ecommerce\system\View\View.php(226): CodeIgniter\View\View->render('template', Array, true)
#8 D:\Ecommerce\system\Common.php(1089): CodeIgniter\View\View->render('index', Array, true)
#9 D:\Ecommerce\app\Controllers\Home.php(22): view('index', Array)
#10 D:\Ecommerce\system\CodeIgniter.php(832): App\Controllers\Home->index()
#11 D:\Ecommerce\system\CodeIgniter.php(419): CodeIgniter\CodeIgniter->runController(Object(App\Controllers\Home))
#12 D:\Ecommerce\system\CodeIgniter.php(326): CodeIgniter\CodeIgniter->handleRequest(NULL, Object(Config\Cache), false)
#13 D:\Ecommerce\public\index.php(37): CodeIgniter\CodeIgniter->run()
#14 D:\Ecommerce\system\Commands\Server\rewrite.php(43): require_once('D:\\Ecommerce\\pu...')
#15 {main}
CRITICAL - 2022-07-13 00:20:08 --> Undefined variable $brand_item
#0 D:\Ecommerce\app\Views\block\navbar.php(18): CodeIgniter\Debug\Exceptions->errorHandler(2, 'Undefined varia...', 'D:\\Ecommerce\\ap...', 18)
#1 D:\Ecommerce\system\View\View.php(210): include('D:\\Ecommerce\\ap...')
#2 D:\Ecommerce\system\View\View.php(213): CodeIgniter\View\View->CodeIgniter\View\{closure}()
#3 D:\Ecommerce\system\View\View.php(424): CodeIgniter\View\View->render('block/navbar', NULL, true)
#4 D:\Ecommerce\app\Views\template.php(48): CodeIgniter\View\View->include('block/navbar')
#5 D:\Ecommerce\system\View\View.php(210): include('D:\\Ecommerce\\ap...')
#6 D:\Ecommerce\system\View\View.php(213): CodeIgniter\View\View->CodeIgniter\View\{closure}()
#7 D:\Ecommerce\system\View\View.php(226): CodeIgniter\View\View->render('template', Array, true)
#8 D:\Ecommerce\system\Common.php(1089): CodeIgniter\View\View->render('index', Array, true)
#9 D:\Ecommerce\app\Controllers\Home.php(22): view('index', Array)
#10 D:\Ecommerce\system\CodeIgniter.php(832): App\Controllers\Home->index()
#11 D:\Ecommerce\system\CodeIgniter.php(419): CodeIgniter\CodeIgniter->runController(Object(App\Controllers\Home))
#12 D:\Ecommerce\system\CodeIgniter.php(326): CodeIgniter\CodeIgniter->handleRequest(NULL, Object(Config\Cache), false)
#13 D:\Ecommerce\public\index.php(37): CodeIgniter\CodeIgniter->run()
#14 D:\Ecommerce\system\Commands\Server\rewrite.php(43): require_once('D:\\Ecommerce\\pu...')
#15 {main}
CRITICAL - 2022-07-13 00:20:53 --> Undefined variable $brand_item
#0 D:\Ecommerce\app\Views\block\navbar.php(18): CodeIgniter\Debug\Exceptions->errorHandler(2, 'Undefined varia...', 'D:\\Ecommerce\\ap...', 18)
#1 D:\Ecommerce\system\View\View.php(210): include('D:\\Ecommerce\\ap...')
#2 D:\Ecommerce\system\View\View.php(213): CodeIgniter\View\View->CodeIgniter\View\{closure}()
#3 D:\Ecommerce\system\View\View.php(424): CodeIgniter\View\View->render('block/navbar', NULL, true)
#4 D:\Ecommerce\app\Views\template.php(48): CodeIgniter\View\View->include('block/navbar')
#5 D:\Ecommerce\system\View\View.php(210): include('D:\\Ecommerce\\ap...')
#6 D:\Ecommerce\system\View\View.php(213): CodeIgniter\View\View->CodeIgniter\View\{closure}()
#7 D:\Ecommerce\system\View\View.php(226): CodeIgniter\View\View->render('template', Array, true)
#8 D:\Ecommerce\system\Common.php(1089): CodeIgniter\View\View->render('index', Array, true)
#9 D:\Ecommerce\app\Controllers\Home.php(22): view('index', Array)
#10 D:\Ecommerce\system\CodeIgniter.php(832): App\Controllers\Home->index()
#11 D:\Ecommerce\system\CodeIgniter.php(419): CodeIgniter\CodeIgniter->runController(Object(App\Controllers\Home))
#12 D:\Ecommerce\system\CodeIgniter.php(326): CodeIgniter\CodeIgniter->handleRequest(NULL, Object(Config\Cache), false)
#13 D:\Ecommerce\public\index.php(37): CodeIgniter\CodeIgniter->run()
#14 D:\Ecommerce\system\Commands\Server\rewrite.php(43): require_once('D:\\Ecommerce\\pu...')
#15 {main}
CRITICAL - 2022-07-13 00:21:24 --> Undefined variable $brand_item
#0 D:\Ecommerce\app\Views\block\navbar.php(18): CodeIgniter\Debug\Exceptions->errorHandler(2, 'Undefined varia...', 'D:\\Ecommerce\\ap...', 18)
#1 D:\Ecommerce\system\View\View.php(210): include('D:\\Ecommerce\\ap...')
#2 D:\Ecommerce\system\View\View.php(213): CodeIgniter\View\View->CodeIgniter\View\{closure}()
#3 D:\Ecommerce\system\View\View.php(424): CodeIgniter\View\View->render('block/navbar', NULL, true)
#4 D:\Ecommerce\app\Views\template.php(48): CodeIgniter\View\View->include('block/navbar')
#5 D:\Ecommerce\system\View\View.php(210): include('D:\\Ecommerce\\ap...')
#6 D:\Ecommerce\system\View\View.php(213): CodeIgniter\View\View->CodeIgniter\View\{closure}()
#7 D:\Ecommerce\system\View\View.php(226): CodeIgniter\View\View->render('template', Array, true)
#8 D:\Ecommerce\system\Common.php(1089): CodeIgniter\View\View->render('index', Array, true)
#9 D:\Ecommerce\app\Controllers\Home.php(22): view('index', Array)
#10 D:\Ecommerce\system\CodeIgniter.php(832): App\Controllers\Home->index()
#11 D:\Ecommerce\system\CodeIgniter.php(419): CodeIgniter\CodeIgniter->runController(Object(App\Controllers\Home))
#12 D:\Ecommerce\system\CodeIgniter.php(326): CodeIgniter\CodeIgniter->handleRequest(NULL, Object(Config\Cache), false)
#13 D:\Ecommerce\public\index.php(37): CodeIgniter\CodeIgniter->run()
#14 D:\Ecommerce\system\Commands\Server\rewrite.php(43): require_once('D:\\Ecommerce\\pu...')
#15 {main}
CRITICAL - 2022-07-13 00:21:33 --> Undefined variable $brand_item
#0 D:\Ecommerce\app\Views\block\navbar.php(18): CodeIgniter\Debug\Exceptions->errorHandler(2, 'Undefined varia...', 'D:\\Ecommerce\\ap...', 18)
#1 D:\Ecommerce\system\View\View.php(210): include('D:\\Ecommerce\\ap...')
#2 D:\Ecommerce\system\View\View.php(213): CodeIgniter\View\View->CodeIgniter\View\{closure}()
#3 D:\Ecommerce\system\View\View.php(424): CodeIgniter\View\View->render('block/navbar', NULL, true)
#4 D:\Ecommerce\app\Views\template.php(48): CodeIgniter\View\View->include('block/navbar')
#5 D:\Ecommerce\system\View\View.php(210): include('D:\\Ecommerce\\ap...')
#6 D:\Ecommerce\system\View\View.php(213): CodeIgniter\View\View->CodeIgniter\View\{closure}()
#7 D:\Ecommerce\system\View\View.php(226): CodeIgniter\View\View->render('template', Array, true)
#8 D:\Ecommerce\system\Common.php(1089): CodeIgniter\View\View->render('index', Array, true)
#9 D:\Ecommerce\app\Controllers\Home.php(22): view('index', Array)
#10 D:\Ecommerce\system\CodeIgniter.php(832): App\Controllers\Home->index()
#11 D:\Ecommerce\system\CodeIgniter.php(419): CodeIgniter\CodeIgniter->runController(Object(App\Controllers\Home))
#12 D:\Ecommerce\system\CodeIgniter.php(326): CodeIgniter\CodeIgniter->handleRequest(NULL, Object(Config\Cache), false)
#13 D:\Ecommerce\public\index.php(37): CodeIgniter\CodeIgniter->run()
#14 D:\Ecommerce\system\Commands\Server\rewrite.php(43): require_once('D:\\Ecommerce\\pu...')
#15 {main}
CRITICAL - 2022-07-13 00:22:43 --> Undefined variable $brand_item
#0 D:\Ecommerce\app\Views\block\navbar.php(18): CodeIgniter\Debug\Exceptions->errorHandler(2, 'Undefined varia...', 'D:\\Ecommerce\\ap...', 18)
#1 D:\Ecommerce\system\View\View.php(210): include('D:\\Ecommerce\\ap...')
#2 D:\Ecommerce\system\View\View.php(213): CodeIgniter\View\View->CodeIgniter\View\{closure}()
#3 D:\Ecommerce\system\View\View.php(424): CodeIgniter\View\View->render('block/navbar', NULL, true)
#4 D:\Ecommerce\app\Views\template.php(48): CodeIgniter\View\View->include('block/navbar')
#5 D:\Ecommerce\system\View\View.php(210): include('D:\\Ecommerce\\ap...')
#6 D:\Ecommerce\system\View\View.php(213): CodeIgniter\View\View->CodeIgniter\View\{closure}()
#7 D:\Ecommerce\system\View\View.php(226): CodeIgniter\View\View->render('template', Array, true)
#8 D:\Ecommerce\system\Common.php(1089): CodeIgniter\View\View->render('index', Array, true)
#9 D:\Ecommerce\app\Controllers\Home.php(22): view('index', Array)
#10 D:\Ecommerce\system\CodeIgniter.php(832): App\Controllers\Home->index()
#11 D:\Ecommerce\system\CodeIgniter.php(419): CodeIgniter\CodeIgniter->runController(Object(App\Controllers\Home))
#12 D:\Ecommerce\system\CodeIgniter.php(326): CodeIgniter\CodeIgniter->handleRequest(NULL, Object(Config\Cache), false)
#13 D:\Ecommerce\public\index.php(37): CodeIgniter\CodeIgniter->run()
#14 D:\Ecommerce\system\Commands\Server\rewrite.php(43): require_once('D:\\Ecommerce\\pu...')
#15 {main}
CRITICAL - 2022-07-13 00:24:52 --> foreach() argument must be of type array|object, null given
#0 D:\Ecommerce\app\Views\block\navbar.php(19): CodeIgniter\Debug\Exceptions->errorHandler(2, 'foreach() argum...', 'D:\\Ecommerce\\ap...', 19)
#1 D:\Ecommerce\system\View\View.php(210): include('D:\\Ecommerce\\ap...')
#2 D:\Ecommerce\system\View\View.php(213): CodeIgniter\View\View->CodeIgniter\View\{closure}()
#3 D:\Ecommerce\system\View\View.php(424): CodeIgniter\View\View->render('block/navbar', NULL, true)
#4 D:\Ecommerce\app\Views\template.php(48): CodeIgniter\View\View->include('block/navbar')
#5 D:\Ecommerce\system\View\View.php(210): include('D:\\Ecommerce\\ap...')
#6 D:\Ecommerce\system\View\View.php(213): CodeIgniter\View\View->CodeIgniter\View\{closure}()
#7 D:\Ecommerce\system\View\View.php(226): CodeIgniter\View\View->render('template', Array, true)
#8 D:\Ecommerce\system\Common.php(1089): CodeIgniter\View\View->render('productlist', Array, true)
#9 D:\Ecommerce\app\Controllers\Home.php(32): view('productlist', Array)
#10 D:\Ecommerce\system\CodeIgniter.php(832): App\Controllers\Home->productlist()
#11 D:\Ecommerce\system\CodeIgniter.php(419): CodeIgniter\CodeIgniter->runController(Object(App\Controllers\Home))
#12 D:\Ecommerce\system\CodeIgniter.php(326): CodeIgniter\CodeIgniter->handleRequest(NULL, Object(Config\Cache), false)
#13 D:\Ecommerce\public\index.php(37): CodeIgniter\CodeIgniter->run()
#14 D:\Ecommerce\system\Commands\Server\rewrite.php(43): require_once('D:\\Ecommerce\\pu...')
#15 {main}
CRITICAL - 2022-07-13 00:27:19 --> foreach() argument must be of type array|object, null given
#0 D:\Ecommerce\app\Views\block\navbar.php(11): CodeIgniter\Debug\Exceptions->errorHandler(2, 'foreach() argum...', 'D:\\Ecommerce\\ap...', 11)
#1 D:\Ecommerce\system\View\View.php(210): include('D:\\Ecommerce\\ap...')
#2 D:\Ecommerce\system\View\View.php(213): CodeIgniter\View\View->CodeIgniter\View\{closure}()
#3 D:\Ecommerce\system\View\View.php(424): CodeIgniter\View\View->render('block/navbar', NULL, true)
#4 D:\Ecommerce\app\Views\template.php(48): CodeIgniter\View\View->include('block/navbar')
#5 D:\Ecommerce\system\View\View.php(210): include('D:\\Ecommerce\\ap...')
#6 D:\Ecommerce\system\View\View.php(213): CodeIgniter\View\View->CodeIgniter\View\{closure}()
#7 D:\Ecommerce\system\View\View.php(226): CodeIgniter\View\View->render('template', Array, true)
#8 D:\Ecommerce\system\Common.php(1089): CodeIgniter\View\View->render('productlist', Array, true)
#9 D:\Ecommerce\app\Controllers\Home.php(32): view('productlist', Array)
#10 D:\Ecommerce\system\CodeIgniter.php(832): App\Controllers\Home->productlist()
#11 D:\Ecommerce\system\CodeIgniter.php(419): CodeIgniter\CodeIgniter->runController(Object(App\Controllers\Home))
#12 D:\Ecommerce\system\CodeIgniter.php(326): CodeIgniter\CodeIgniter->handleRequest(NULL, Object(Config\Cache), false)
#13 D:\Ecommerce\public\index.php(37): CodeIgniter\CodeIgniter->run()
#14 D:\Ecommerce\system\Commands\Server\rewrite.php(43): require_once('D:\\Ecommerce\\pu...')
#15 {main}
CRITICAL - 2022-07-13 00:28:03 --> foreach() argument must be of type array|object, null given
#0 D:\Ecommerce\app\Views\block\navbar.php(10): CodeIgniter\Debug\Exceptions->errorHandler(2, 'foreach() argum...', 'D:\\Ecommerce\\ap...', 10)
#1 D:\Ecommerce\system\View\View.php(210): include('D:\\Ecommerce\\ap...')
#2 D:\Ecommerce\system\View\View.php(213): CodeIgniter\View\View->CodeIgniter\View\{closure}()
#3 D:\Ecommerce\system\View\View.php(424): CodeIgniter\View\View->render('block/navbar', NULL, true)
#4 D:\Ecommerce\app\Views\template.php(48): CodeIgniter\View\View->include('block/navbar')
#5 D:\Ecommerce\system\View\View.php(210): include('D:\\Ecommerce\\ap...')
#6 D:\Ecommerce\system\View\View.php(213): CodeIgniter\View\View->CodeIgniter\View\{closure}()
#7 D:\Ecommerce\system\View\View.php(226): CodeIgniter\View\View->render('template', Array, true)
#8 D:\Ecommerce\system\Common.php(1089): CodeIgniter\View\View->render('productlist', Array, true)
#9 D:\Ecommerce\app\Controllers\Home.php(32): view('productlist', Array)
#10 D:\Ecommerce\system\CodeIgniter.php(832): App\Controllers\Home->productlist()
#11 D:\Ecommerce\system\CodeIgniter.php(419): CodeIgniter\CodeIgniter->runController(Object(App\Controllers\Home))
#12 D:\Ecommerce\system\CodeIgniter.php(326): CodeIgniter\CodeIgniter->handleRequest(NULL, Object(Config\Cache), false)
#13 D:\Ecommerce\public\index.php(37): CodeIgniter\CodeIgniter->run()
#14 D:\Ecommerce\system\Commands\Server\rewrite.php(43): require_once('D:\\Ecommerce\\pu...')
#15 {main}
CRITICAL - 2022-07-13 00:30:55 --> foreach() argument must be of type array|object, null given
#0 D:\Ecommerce\app\Views\block\navbar.php(10): CodeIgniter\Debug\Exceptions->errorHandler(2, 'foreach() argum...', 'D:\\Ecommerce\\ap...', 10)
#1 D:\Ecommerce\system\View\View.php(210): include('D:\\Ecommerce\\ap...')
#2 D:\Ecommerce\system\View\View.php(213): CodeIgniter\View\View->CodeIgniter\View\{closure}()
#3 D:\Ecommerce\system\View\View.php(424): CodeIgniter\View\View->render('block/navbar', NULL, true)
#4 D:\Ecommerce\app\Views\template.php(48): CodeIgniter\View\View->include('block/navbar')
#5 D:\Ecommerce\system\View\View.php(210): include('D:\\Ecommerce\\ap...')
#6 D:\Ecommerce\system\View\View.php(213): CodeIgniter\View\View->CodeIgniter\View\{closure}()
#7 D:\Ecommerce\system\View\View.php(226): CodeIgniter\View\View->render('template', Array, true)
#8 D:\Ecommerce\system\Common.php(1089): CodeIgniter\View\View->render('productlist', Array, true)
#9 D:\Ecommerce\app\Controllers\Home.php(32): view('productlist', Array)
#10 D:\Ecommerce\system\CodeIgniter.php(832): App\Controllers\Home->productlist()
#11 D:\Ecommerce\system\CodeIgniter.php(419): CodeIgniter\CodeIgniter->runController(Object(App\Controllers\Home))
#12 D:\Ecommerce\system\CodeIgniter.php(326): CodeIgniter\CodeIgniter->handleRequest(NULL, Object(Config\Cache), false)
#13 D:\Ecommerce\public\index.php(37): CodeIgniter\CodeIgniter->run()
#14 D:\Ecommerce\system\Commands\Server\rewrite.php(43): require_once('D:\\Ecommerce\\pu...')
#15 {main}
CRITICAL - 2022-07-13 00:32:22 --> foreach() argument must be of type array|object, null given
#0 D:\Ecommerce\app\Views\block\navbar.php(10): CodeIgniter\Debug\Exceptions->errorHandler(2, 'foreach() argum...', 'D:\\Ecommerce\\ap...', 10)
#1 D:\Ecommerce\system\View\View.php(210): include('D:\\Ecommerce\\ap...')
#2 D:\Ecommerce\system\View\View.php(213): CodeIgniter\View\View->CodeIgniter\View\{closure}()
#3 D:\Ecommerce\system\View\View.php(424): CodeIgniter\View\View->render('block/navbar', NULL, true)
#4 D:\Ecommerce\app\Views\template.php(48): CodeIgniter\View\View->include('block/navbar')
#5 D:\Ecommerce\system\View\View.php(210): include('D:\\Ecommerce\\ap...')
#6 D:\Ecommerce\system\View\View.php(213): CodeIgniter\View\View->CodeIgniter\View\{closure}()
#7 D:\Ecommerce\system\View\View.php(226): CodeIgniter\View\View->render('template', Array, true)
#8 D:\Ecommerce\system\Common.php(1089): CodeIgniter\View\View->render('productlist', Array, true)
#9 D:\Ecommerce\app\Controllers\Home.php(32): view('productlist', Array)
#10 D:\Ecommerce\system\CodeIgniter.php(832): App\Controllers\Home->productlist()
#11 D:\Ecommerce\system\CodeIgniter.php(419): CodeIgniter\CodeIgniter->runController(Object(App\Controllers\Home))
#12 D:\Ecommerce\system\CodeIgniter.php(326): CodeIgniter\CodeIgniter->handleRequest(NULL, Object(Config\Cache), false)
#13 D:\Ecommerce\public\index.php(37): CodeIgniter\CodeIgniter->run()
#14 D:\Ecommerce\system\Commands\Server\rewrite.php(43): require_once('D:\\Ecommerce\\pu...')
#15 {main}
CRITICAL - 2022-07-13 00:32:54 --> foreach() argument must be of type array|object, null given
#0 D:\Ecommerce\app\Views\block\navbar.php(10): CodeIgniter\Debug\Exceptions->errorHandler(2, 'foreach() argum...', 'D:\\Ecommerce\\ap...', 10)
#1 D:\Ecommerce\system\View\View.php(210): include('D:\\Ecommerce\\ap...')
#2 D:\Ecommerce\system\View\View.php(213): CodeIgniter\View\View->CodeIgniter\View\{closure}()
#3 D:\Ecommerce\system\View\View.php(424): CodeIgniter\View\View->render('block/navbar', NULL, true)
#4 D:\Ecommerce\app\Views\template.php(48): CodeIgniter\View\View->include('block/navbar')
#5 D:\Ecommerce\system\View\View.php(210): include('D:\\Ecommerce\\ap...')
#6 D:\Ecommerce\system\View\View.php(213): CodeIgniter\View\View->CodeIgniter\View\{closure}()
#7 D:\Ecommerce\system\View\View.php(226): CodeIgniter\View\View->render('template', Array, true)
#8 D:\Ecommerce\system\Common.php(1089): CodeIgniter\View\View->render('productlist', Array, true)
#9 D:\Ecommerce\app\Controllers\Home.php(32): view('productlist', Array)
#10 D:\Ecommerce\system\CodeIgniter.php(832): App\Controllers\Home->productlist()
#11 D:\Ecommerce\system\CodeIgniter.php(419): CodeIgniter\CodeIgniter->runController(Object(App\Controllers\Home))
#12 D:\Ecommerce\system\CodeIgniter.php(326): CodeIgniter\CodeIgniter->handleRequest(NULL, Object(Config\Cache), false)
#13 D:\Ecommerce\public\index.php(37): CodeIgniter\CodeIgniter->run()
#14 D:\Ecommerce\system\Commands\Server\rewrite.php(43): require_once('D:\\Ecommerce\\pu...')
#15 {main}
CRITICAL - 2022-07-13 00:33:41 --> Undefined variable $brand_item
#0 D:\Ecommerce\app\Views\block\navbar.php(10): CodeIgniter\Debug\Exceptions->errorHandler(2, 'Undefined varia...', 'D:\\Ecommerce\\ap...', 10)
#1 D:\Ecommerce\system\View\View.php(210): include('D:\\Ecommerce\\ap...')
#2 D:\Ecommerce\system\View\View.php(213): CodeIgniter\View\View->CodeIgniter\View\{closure}()
#3 D:\Ecommerce\system\View\View.php(424): CodeIgniter\View\View->render('block/navbar', NULL, true)
#4 D:\Ecommerce\app\Views\template.php(48): CodeIgniter\View\View->include('block/navbar')
#5 D:\Ecommerce\system\View\View.php(210): include('D:\\Ecommerce\\ap...')
#6 D:\Ecommerce\system\View\View.php(213): CodeIgniter\View\View->CodeIgniter\View\{closure}()
#7 D:\Ecommerce\system\View\View.php(226): CodeIgniter\View\View->render('template', Array, true)
#8 D:\Ecommerce\system\Common.php(1089): CodeIgniter\View\View->render('productlist', Array, true)
#9 D:\Ecommerce\app\Controllers\Home.php(32): view('productlist', Array)
#10 D:\Ecommerce\system\CodeIgniter.php(832): App\Controllers\Home->productlist()
#11 D:\Ecommerce\system\CodeIgniter.php(419): CodeIgniter\CodeIgniter->runController(Object(App\Controllers\Home))
#12 D:\Ecommerce\system\CodeIgniter.php(326): CodeIgniter\CodeIgniter->handleRequest(NULL, Object(Config\Cache), false)
#13 D:\Ecommerce\public\index.php(37): CodeIgniter\CodeIgniter->run()
#14 D:\Ecommerce\system\Commands\Server\rewrite.php(43): require_once('D:\\Ecommerce\\pu...')
#15 {main}
CRITICAL - 2022-07-13 00:33:51 --> Undefined variable $brand_item
#0 D:\Ecommerce\app\Views\block\navbar.php(10): CodeIgniter\Debug\Exceptions->errorHandler(2, 'Undefined varia...', 'D:\\Ecommerce\\ap...', 10)
#1 D:\Ecommerce\system\View\View.php(210): include('D:\\Ecommerce\\ap...')
#2 D:\Ecommerce\system\View\View.php(213): CodeIgniter\View\View->CodeIgniter\View\{closure}()
#3 D:\Ecommerce\system\View\View.php(424): CodeIgniter\View\View->render('block/navbar', NULL, true)
#4 D:\Ecommerce\app\Views\template.php(48): CodeIgniter\View\View->include('block/navbar')
#5 D:\Ecommerce\system\View\View.php(210): include('D:\\Ecommerce\\ap...')
#6 D:\Ecommerce\system\View\View.php(213): CodeIgniter\View\View->CodeIgniter\View\{closure}()
#7 D:\Ecommerce\system\View\View.php(226): CodeIgniter\View\View->render('template', Array, true)
#8 D:\Ecommerce\system\Common.php(1089): CodeIgniter\View\View->render('productlist', Array, true)
#9 D:\Ecommerce\app\Controllers\Home.php(32): view('productlist', Array)
#10 D:\Ecommerce\system\CodeIgniter.php(832): App\Controllers\Home->productlist()
#11 D:\Ecommerce\system\CodeIgniter.php(419): CodeIgniter\CodeIgniter->runController(Object(App\Controllers\Home))
#12 D:\Ecommerce\system\CodeIgniter.php(326): CodeIgniter\CodeIgniter->handleRequest(NULL, Object(Config\Cache), false)
#13 D:\Ecommerce\public\index.php(37): CodeIgniter\CodeIgniter->run()
#14 D:\Ecommerce\system\Commands\Server\rewrite.php(43): require_once('D:\\Ecommerce\\pu...')
#15 {main}
CRITICAL - 2022-07-13 00:38:23 --> Trying to access array offset on value of type null
#0 D:\Ecommerce\app\Models\UserModel.php(205): CodeIgniter\Debug\Exceptions->errorHandler(2, 'Trying to acces...', 'D:\\Ecommerce\\ap...', 205)
#1 D:\Ecommerce\app\Controllers\Home.php(79): App\Models\UserModel->get_product_data('img')
#2 D:\Ecommerce\system\CodeIgniter.php(832): App\Controllers\Home->productdetail('img', 'user.jpg')
#3 D:\Ecommerce\system\CodeIgniter.php(419): CodeIgniter\CodeIgniter->runController(Object(App\Controllers\Home))
#4 D:\Ecommerce\system\CodeIgniter.php(326): CodeIgniter\CodeIgniter->handleRequest(NULL, Object(Config\Cache), false)
#5 D:\Ecommerce\public\index.php(37): CodeIgniter\CodeIgniter->run()
#6 D:\Ecommerce\system\Commands\Server\rewrite.php(43): require_once('D:\\Ecommerce\\pu...')
#7 {main}
CRITICAL - 2022-07-13 00:38:23 --> Trying to access array offset on value of type null
#0 D:\Ecommerce\app\Models\UserModel.php(205): CodeIgniter\Debug\Exceptions->errorHandler(2, 'Trying to acces...', 'D:\\Ecommerce\\ap...', 205)
#1 D:\Ecommerce\app\Controllers\Home.php(79): App\Models\UserModel->get_product_data('img')
#2 D:\Ecommerce\system\CodeIgniter.php(832): App\Controllers\Home->productdetail('img', 'payments.png')
#3 D:\Ecommerce\system\CodeIgniter.php(419): CodeIgniter\CodeIgniter->runController(Object(App\Controllers\Home))
#4 D:\Ecommerce\system\CodeIgniter.php(326): CodeIgniter\CodeIgniter->handleRequest(NULL, Object(Config\Cache), false)
#5 D:\Ecommerce\public\index.php(37): CodeIgniter\CodeIgniter->run()
#6 D:\Ecommerce\system\Commands\Server\rewrite.php(43): require_once('D:\\Ecommerce\\pu...')
#7 {main}
CRITICAL - 2022-07-13 00:58:36 --> Trying to access array offset on value of type null
#0 D:\Ecommerce\app\Models\UserModel.php(205): CodeIgniter\Debug\Exceptions->errorHandler(2, 'Trying to acces...', 'D:\\Ecommerce\\ap...', 205)
#1 D:\Ecommerce\app\Controllers\Home.php(79): App\Models\UserModel->get_product_data('img')
#2 D:\Ecommerce\system\CodeIgniter.php(832): App\Controllers\Home->productdetail('img', 'user.jpg')
#3 D:\Ecommerce\system\CodeIgniter.php(419): CodeIgniter\CodeIgniter->runController(Object(App\Controllers\Home))
#4 D:\Ecommerce\system\CodeIgniter.php(326): CodeIgniter\CodeIgniter->handleRequest(NULL, Object(Config\Cache), false)
#5 D:\Ecommerce\public\index.php(37): CodeIgniter\CodeIgniter->run()
#6 D:\Ecommerce\system\Commands\Server\rewrite.php(43): require_once('D:\\Ecommerce\\pu...')
#7 {main}
CRITICAL - 2022-07-13 00:58:36 --> Trying to access array offset on value of type null
#0 D:\Ecommerce\app\Models\UserModel.php(205): CodeIgniter\Debug\Exceptions->errorHandler(2, 'Trying to acces...', 'D:\\Ecommerce\\ap...', 205)
#1 D:\Ecommerce\app\Controllers\Home.php(79): App\Models\UserModel->get_product_data('img')
#2 D:\Ecommerce\system\CodeIgniter.php(832): App\Controllers\Home->productdetail('img', 'payments.png')
#3 D:\Ecommerce\system\CodeIgniter.php(419): CodeIgniter\CodeIgniter->runController(Object(App\Controllers\Home))
#4 D:\Ecommerce\system\CodeIgniter.php(326): CodeIgniter\CodeIgniter->handleRequest(NULL, Object(Config\Cache), false)
#5 D:\Ecommerce\public\index.php(37): CodeIgniter\CodeIgniter->run()
#6 D:\Ecommerce\system\Commands\Server\rewrite.php(43): require_once('D:\\Ecommerce\\pu...')
#7 {main}
ERROR - 2022-07-13 02:44:35 --> You have an error in your SQL syntax; check the manual that corresponds to your MariaDB server version for the right syntax to use near ')
AND `is_delete` = '0'
ORDER BY RAND()
 LIMIT 8' at line 3
CRITICAL - 2022-07-13 02:44:35 --> You have an error in your SQL syntax; check the manual that corresponds to your MariaDB server version for the right syntax to use near ')
AND `is_delete` = '0'
ORDER BY RAND()
 LIMIT 8' at line 3
#0 D:\Ecommerce\system\Database\MySQLi\Connection.php(292): mysqli->query('SELECT *\nFROM `...', 0)
#1 D:\Ecommerce\system\Database\BaseConnection.php(670): CodeIgniter\Database\MySQLi\Connection->execute('SELECT *\nFROM `...')
#2 D:\Ecommerce\system\Database\BaseConnection.php(598): CodeIgniter\Database\BaseConnection->simpleQuery('SELECT *\nFROM `...')
#3 D:\Ecommerce\system\Database\BaseBuilder.php(1455): CodeIgniter\Database\BaseConnection->query('SELECT *\nFROM `...', Array, false)
#4 D:\Ecommerce\app\Models\UserModel.php(163): CodeIgniter\Database\BaseBuilder->get()
#5 D:\Ecommerce\app\Controllers\Home.php(32): App\Models\UserModel->get_randomitem_data(Array)
#6 D:\Ecommerce\system\CodeIgniter.php(832): App\Controllers\Home->productlist(Array)
#7 D:\Ecommerce\system\CodeIgniter.php(419): CodeIgniter\CodeIgniter->runController(Object(App\Controllers\Home))
#8 D:\Ecommerce\system\CodeIgniter.php(326): CodeIgniter\CodeIgniter->handleRequest(NULL, Object(Config\Cache), false)
#9 D:\Ecommerce\public\index.php(37): CodeIgniter\CodeIgniter->run()
#10 D:\Ecommerce\system\Commands\Server\rewrite.php(43): require_once('D:\\Ecommerce\\pu...')
#11 {main}
ERROR - 2022-07-13 02:46:19 --> You have an error in your SQL syntax; check the manual that corresponds to your MariaDB server version for the right syntax to use near ')
AND `is_delete` = '0'
ORDER BY RAND()
 LIMIT 8' at line 3
CRITICAL - 2022-07-13 02:46:19 --> You have an error in your SQL syntax; check the manual that corresponds to your MariaDB server version for the right syntax to use near ')
AND `is_delete` = '0'
ORDER BY RAND()
 LIMIT 8' at line 3
#0 D:\Ecommerce\system\Database\MySQLi\Connection.php(292): mysqli->query('SELECT *\nFROM `...', 0)
#1 D:\Ecommerce\system\Database\BaseConnection.php(670): CodeIgniter\Database\MySQLi\Connection->execute('SELECT *\nFROM `...')
#2 D:\Ecommerce\system\Database\BaseConnection.php(598): CodeIgniter\Database\BaseConnection->simpleQuery('SELECT *\nFROM `...')
#3 D:\Ecommerce\system\Database\BaseBuilder.php(1455): CodeIgniter\Database\BaseConnection->query('SELECT *\nFROM `...', Array, false)
#4 D:\Ecommerce\app\Models\UserModel.php(163): CodeIgniter\Database\BaseBuilder->get()
#5 D:\Ecommerce\app\Controllers\Home.php(32): App\Models\UserModel->get_randomitem_data(Array)
#6 D:\Ecommerce\system\CodeIgniter.php(832): App\Controllers\Home->productlist(Array)
#7 D:\Ecommerce\system\CodeIgniter.php(419): CodeIgniter\CodeIgniter->runController(Object(App\Controllers\Home))
#8 D:\Ecommerce\system\CodeIgniter.php(326): CodeIgniter\CodeIgniter->handleRequest(NULL, Object(Config\Cache), false)
#9 D:\Ecommerce\public\index.php(37): CodeIgniter\CodeIgniter->run()
#10 D:\Ecommerce\system\Commands\Server\rewrite.php(43): require_once('D:\\Ecommerce\\pu...')
#11 {main}
ERROR - 2022-07-13 02:46:20 --> You have an error in your SQL syntax; check the manual that corresponds to your MariaDB server version for the right syntax to use near ')
AND `is_delete` = '0'
ORDER BY RAND()
 LIMIT 8' at line 3
CRITICAL - 2022-07-13 02:46:20 --> You have an error in your SQL syntax; check the manual that corresponds to your MariaDB server version for the right syntax to use near ')
AND `is_delete` = '0'
ORDER BY RAND()
 LIMIT 8' at line 3
#0 D:\Ecommerce\system\Database\MySQLi\Connection.php(292): mysqli->query('SELECT *\nFROM `...', 0)
#1 D:\Ecommerce\system\Database\BaseConnection.php(670): CodeIgniter\Database\MySQLi\Connection->execute('SELECT *\nFROM `...')
#2 D:\Ecommerce\system\Database\BaseConnection.php(598): CodeIgniter\Database\BaseConnection->simpleQuery('SELECT *\nFROM `...')
#3 D:\Ecommerce\system\Database\BaseBuilder.php(1455): CodeIgniter\Database\BaseConnection->query('SELECT *\nFROM `...', Array, false)
#4 D:\Ecommerce\app\Models\UserModel.php(163): CodeIgniter\Database\BaseBuilder->get()
#5 D:\Ecommerce\app\Controllers\Home.php(32): App\Models\UserModel->get_randomitem_data(Array)
#6 D:\Ecommerce\system\CodeIgniter.php(832): App\Controllers\Home->productlist(Array)
#7 D:\Ecommerce\system\CodeIgniter.php(419): CodeIgniter\CodeIgniter->runController(Object(App\Controllers\Home))
#8 D:\Ecommerce\system\CodeIgniter.php(326): CodeIgniter\CodeIgniter->handleRequest(NULL, Object(Config\Cache), false)
#9 D:\Ecommerce\public\index.php(37): CodeIgniter\CodeIgniter->run()
#10 D:\Ecommerce\system\Commands\Server\rewrite.php(43): require_once('D:\\Ecommerce\\pu...')
#11 {main}
ERROR - 2022-07-13 02:46:21 --> You have an error in your SQL syntax; check the manual that corresponds to your MariaDB server version for the right syntax to use near ')
AND `is_delete` = '0'
ORDER BY RAND()
 LIMIT 8' at line 3
CRITICAL - 2022-07-13 02:46:21 --> You have an error in your SQL syntax; check the manual that corresponds to your MariaDB server version for the right syntax to use near ')
AND `is_delete` = '0'
ORDER BY RAND()
 LIMIT 8' at line 3
#0 D:\Ecommerce\system\Database\MySQLi\Connection.php(292): mysqli->query('SELECT *\nFROM `...', 0)
#1 D:\Ecommerce\system\Database\BaseConnection.php(670): CodeIgniter\Database\MySQLi\Connection->execute('SELECT *\nFROM `...')
#2 D:\Ecommerce\system\Database\BaseConnection.php(598): CodeIgniter\Database\BaseConnection->simpleQuery('SELECT *\nFROM `...')
#3 D:\Ecommerce\system\Database\BaseBuilder.php(1455): CodeIgniter\Database\BaseConnection->query('SELECT *\nFROM `...', Array, false)
#4 D:\Ecommerce\app\Models\UserModel.php(163): CodeIgniter\Database\BaseBuilder->get()
#5 D:\Ecommerce\app\Controllers\Home.php(32): App\Models\UserModel->get_randomitem_data(Array)
#6 D:\Ecommerce\system\CodeIgniter.php(832): App\Controllers\Home->productlist(Array)
#7 D:\Ecommerce\system\CodeIgniter.php(419): CodeIgniter\CodeIgniter->runController(Object(App\Controllers\Home))
#8 D:\Ecommerce\system\CodeIgniter.php(326): CodeIgniter\CodeIgniter->handleRequest(NULL, Object(Config\Cache), false)
#9 D:\Ecommerce\public\index.php(37): CodeIgniter\CodeIgniter->run()
#10 D:\Ecommerce\system\Commands\Server\rewrite.php(43): require_once('D:\\Ecommerce\\pu...')
#11 {main}
ERROR - 2022-07-13 02:46:23 --> You have an error in your SQL syntax; check the manual that corresponds to your MariaDB server version for the right syntax to use near ')
AND `is_delete` = '0'
ORDER BY RAND()
 LIMIT 8' at line 3
CRITICAL - 2022-07-13 02:46:23 --> You have an error in your SQL syntax; check the manual that corresponds to your MariaDB server version for the right syntax to use near ')
AND `is_delete` = '0'
ORDER BY RAND()
 LIMIT 8' at line 3
#0 D:\Ecommerce\system\Database\MySQLi\Connection.php(292): mysqli->query('SELECT *\nFROM `...', 0)
#1 D:\Ecommerce\system\Database\BaseConnection.php(670): CodeIgniter\Database\MySQLi\Connection->execute('SELECT *\nFROM `...')
#2 D:\Ecommerce\system\Database\BaseConnection.php(598): CodeIgniter\Database\BaseConnection->simpleQuery('SELECT *\nFROM `...')
#3 D:\Ecommerce\system\Database\BaseBuilder.php(1455): CodeIgniter\Database\BaseConnection->query('SELECT *\nFROM `...', Array, false)
#4 D:\Ecommerce\app\Models\UserModel.php(163): CodeIgniter\Database\BaseBuilder->get()
#5 D:\Ecommerce\app\Controllers\Home.php(32): App\Models\UserModel->get_randomitem_data(Array)
#6 D:\Ecommerce\system\CodeIgniter.php(832): App\Controllers\Home->productlist()
#7 D:\Ecommerce\system\CodeIgniter.php(419): CodeIgniter\CodeIgniter->runController(Object(App\Controllers\Home))
#8 D:\Ecommerce\system\CodeIgniter.php(326): CodeIgniter\CodeIgniter->handleRequest(NULL, Object(Config\Cache), false)
#9 D:\Ecommerce\public\index.php(37): CodeIgniter\CodeIgniter->run()
#10 D:\Ecommerce\system\Commands\Server\rewrite.php(43): require_once('D:\\Ecommerce\\pu...')
#11 {main}
CRITICAL - 2022-07-13 02:46:24 --> Too few arguments to function App\Models\UserModel::get_randomitem_data(), 0 passed in D:\Ecommerce\app\Controllers\Home.php on line 20 and exactly 1 expected
#0 D:\Ecommerce\app\Controllers\Home.php(20): App\Models\UserModel->get_randomitem_data()
#1 D:\Ecommerce\system\CodeIgniter.php(832): App\Controllers\Home->index()
#2 D:\Ecommerce\system\CodeIgniter.php(419): CodeIgniter\CodeIgniter->runController(Object(App\Controllers\Home))
#3 D:\Ecommerce\system\CodeIgniter.php(326): CodeIgniter\CodeIgniter->handleRequest(NULL, Object(Config\Cache), false)
#4 D:\Ecommerce\public\index.php(37): CodeIgniter\CodeIgniter->run()
#5 D:\Ecommerce\system\Commands\Server\rewrite.php(43): require_once('D:\\Ecommerce\\pu...')
#6 {main}
CRITICAL - 2022-07-13 02:46:28 --> Too few arguments to function App\Models\UserModel::get_randomitem_data(), 0 passed in D:\Ecommerce\app\Controllers\Home.php on line 20 and exactly 1 expected
#0 D:\Ecommerce\app\Controllers\Home.php(20): App\Models\UserModel->get_randomitem_data()
#1 D:\Ecommerce\system\CodeIgniter.php(832): App\Controllers\Home->index()
#2 D:\Ecommerce\system\CodeIgniter.php(419): CodeIgniter\CodeIgniter->runController(Object(App\Controllers\Home))
#3 D:\Ecommerce\system\CodeIgniter.php(326): CodeIgniter\CodeIgniter->handleRequest(NULL, Object(Config\Cache), false)
#4 D:\Ecommerce\public\index.php(37): CodeIgniter\CodeIgniter->run()
#5 D:\Ecommerce\system\Commands\Server\rewrite.php(43): require_once('D:\\Ecommerce\\pu...')
#6 {main}
CRITICAL - 2022-07-13 02:46:37 --> Too few arguments to function App\Models\UserModel::get_randomitem_data(), 0 passed in D:\Ecommerce\app\Controllers\Home.php on line 20 and exactly 1 expected
#0 D:\Ecommerce\app\Controllers\Home.php(20): App\Models\UserModel->get_randomitem_data()
#1 D:\Ecommerce\system\CodeIgniter.php(832): App\Controllers\Home->index()
#2 D:\Ecommerce\system\CodeIgniter.php(419): CodeIgniter\CodeIgniter->runController(Object(App\Controllers\Home))
#3 D:\Ecommerce\system\CodeIgniter.php(326): CodeIgniter\CodeIgniter->handleRequest(NULL, Object(Config\Cache), false)
#4 D:\Ecommerce\public\index.php(37): CodeIgniter\CodeIgniter->run()
#5 D:\Ecommerce\system\Commands\Server\rewrite.php(43): require_once('D:\\Ecommerce\\pu...')
#6 {main}
ERROR - 2022-07-13 02:48:04 --> You have an error in your SQL syntax; check the manual that corresponds to your MariaDB server version for the right syntax to use near ')
AND `is_delete` = '0'
ORDER BY RAND()
 LIMIT 8' at line 3
CRITICAL - 2022-07-13 02:48:04 --> You have an error in your SQL syntax; check the manual that corresponds to your MariaDB server version for the right syntax to use near ')
AND `is_delete` = '0'
ORDER BY RAND()
 LIMIT 8' at line 3
#0 D:\Ecommerce\system\Database\MySQLi\Connection.php(292): mysqli->query('SELECT *\nFROM `...', 0)
#1 D:\Ecommerce\system\Database\BaseConnection.php(670): CodeIgniter\Database\MySQLi\Connection->execute('SELECT *\nFROM `...')
#2 D:\Ecommerce\system\Database\BaseConnection.php(598): CodeIgniter\Database\BaseConnection->simpleQuery('SELECT *\nFROM `...')
#3 D:\Ecommerce\system\Database\BaseBuilder.php(1455): CodeIgniter\Database\BaseConnection->query('SELECT *\nFROM `...', Array, false)
#4 D:\Ecommerce\app\Models\UserModel.php(163): CodeIgniter\Database\BaseBuilder->get()
#5 D:\Ecommerce\app\Controllers\Home.php(32): App\Models\UserModel->get_randomcategory_data(Array)
#6 D:\Ecommerce\system\CodeIgniter.php(832): App\Controllers\Home->productlist(Array)
#7 D:\Ecommerce\system\CodeIgniter.php(419): CodeIgniter\CodeIgniter->runController(Object(App\Controllers\Home))
#8 D:\Ecommerce\system\CodeIgniter.php(326): CodeIgniter\CodeIgniter->handleRequest(NULL, Object(Config\Cache), false)
#9 D:\Ecommerce\public\index.php(37): CodeIgniter\CodeIgniter->run()
#10 D:\Ecommerce\system\Commands\Server\rewrite.php(43): require_once('D:\\Ecommerce\\pu...')
#11 {main}
CRITICAL - 2022-07-13 04:00:20 --> Trying to access array offset on value of type null
#0 D:\Ecommerce\app\Models\UserModel.php(222): CodeIgniter\Debug\Exceptions->errorHandler(2, 'Trying to acces...', 'D:\\Ecommerce\\ap...', 222)
#1 D:\Ecommerce\app\Controllers\Home.php(79): App\Models\UserModel->get_product_data('img')
#2 D:\Ecommerce\system\CodeIgniter.php(832): App\Controllers\Home->productdetail('img', 'user.jpg')
#3 D:\Ecommerce\system\CodeIgniter.php(419): CodeIgniter\CodeIgniter->runController(Object(App\Controllers\Home))
#4 D:\Ecommerce\system\CodeIgniter.php(326): CodeIgniter\CodeIgniter->handleRequest(NULL, Object(Config\Cache), false)
#5 D:\Ecommerce\public\index.php(37): CodeIgniter\CodeIgniter->run()
#6 D:\Ecommerce\system\Commands\Server\rewrite.php(43): require_once('D:\\Ecommerce\\pu...')
#7 {main}
CRITICAL - 2022-07-13 04:00:20 --> Trying to access array offset on value of type null
#0 D:\Ecommerce\app\Models\UserModel.php(222): CodeIgniter\Debug\Exceptions->errorHandler(2, 'Trying to acces...', 'D:\\Ecommerce\\ap...', 222)
#1 D:\Ecommerce\app\Controllers\Home.php(79): App\Models\UserModel->get_product_data('img')
#2 D:\Ecommerce\system\CodeIgniter.php(832): App\Controllers\Home->productdetail('img', 'payments.png')
#3 D:\Ecommerce\system\CodeIgniter.php(419): CodeIgniter\CodeIgniter->runController(Object(App\Controllers\Home))
#4 D:\Ecommerce\system\CodeIgniter.php(326): CodeIgniter\CodeIgniter->handleRequest(NULL, Object(Config\Cache), false)
#5 D:\Ecommerce\public\index.php(37): CodeIgniter\CodeIgniter->run()
#6 D:\Ecommerce\system\Commands\Server\rewrite.php(43): require_once('D:\\Ecommerce\\pu...')
#7 {main}
CRITICAL - 2022-07-13 04:56:54 --> Too few arguments to function App\Controllers\Home::test(), 0 passed in D:\Ecommerce\system\CodeIgniter.php on line 832 and exactly 1 expected
#0 D:\Ecommerce\system\CodeIgniter.php(832): App\Controllers\Home->test()
#1 D:\Ecommerce\system\CodeIgniter.php(419): CodeIgniter\CodeIgniter->runController(Object(App\Controllers\Home))
#2 D:\Ecommerce\system\CodeIgniter.php(326): CodeIgniter\CodeIgniter->handleRequest(NULL, Object(Config\Cache), false)
#3 D:\Ecommerce\public\index.php(37): CodeIgniter\CodeIgniter->run()
#4 D:\Ecommerce\system\Commands\Server\rewrite.php(43): require_once('D:\\Ecommerce\\pu...')
#5 {main}
CRITICAL - 2022-07-13 04:58:38 --> Too few arguments to function App\Controllers\Home::test(), 0 passed in D:\Ecommerce\system\CodeIgniter.php on line 832 and exactly 1 expected
#0 D:\Ecommerce\system\CodeIgniter.php(832): App\Controllers\Home->test()
#1 D:\Ecommerce\system\CodeIgniter.php(419): CodeIgniter\CodeIgniter->runController(Object(App\Controllers\Home))
#2 D:\Ecommerce\system\CodeIgniter.php(326): CodeIgniter\CodeIgniter->handleRequest(NULL, Object(Config\Cache), false)
#3 D:\Ecommerce\public\index.php(37): CodeIgniter\CodeIgniter->run()
#4 D:\Ecommerce\system\Commands\Server\rewrite.php(43): require_once('D:\\Ecommerce\\pu...')
#5 {main}
CRITICAL - 2022-07-13 06:38:18 --> Optional parameter $id declared before required parameter $post is implicitly treated as a required parameter
#0 D:\Ecommerce\system\Router\Router.php(518): CodeIgniter\Debug\Exceptions->errorHandler(8192, 'Optional parame...', 'D:\\Ecommerce\\ap...', 30)
#1 D:\Ecommerce\system\Router\Router.php(518): include_once()
#2 D:\Ecommerce\system\Router\Router.php(175): CodeIgniter\Router\Router->autoRoute('Home/productlis...')
#3 D:\Ecommerce\system\CodeIgniter.php(726): CodeIgniter\Router\Router->handle('Home/productlis...')
#4 D:\Ecommerce\system\CodeIgniter.php(368): CodeIgniter\CodeIgniter->tryToRouteIt(Object(CodeIgniter\Router\RouteCollection))
#5 D:\Ecommerce\system\CodeIgniter.php(326): CodeIgniter\CodeIgniter->handleRequest(NULL, Object(Config\Cache), false)
#6 D:\Ecommerce\public\index.php(37): CodeIgniter\CodeIgniter->run()
#7 D:\Ecommerce\system\Commands\Server\rewrite.php(43): require_once('D:\\Ecommerce\\pu...')
#8 {main}
CRITICAL - 2022-07-13 06:38:23 --> Optional parameter $id declared before required parameter $post is implicitly treated as a required parameter
#0 D:\Ecommerce\system\Router\Router.php(518): CodeIgniter\Debug\Exceptions->errorHandler(8192, 'Optional parame...', 'D:\\Ecommerce\\ap...', 30)
#1 D:\Ecommerce\system\Router\Router.php(518): include_once()
#2 D:\Ecommerce\system\Router\Router.php(175): CodeIgniter\Router\Router->autoRoute('Home/productlis...')
#3 D:\Ecommerce\system\CodeIgniter.php(726): CodeIgniter\Router\Router->handle('Home/productlis...')
#4 D:\Ecommerce\system\CodeIgniter.php(368): CodeIgniter\CodeIgniter->tryToRouteIt(Object(CodeIgniter\Router\RouteCollection))
#5 D:\Ecommerce\system\CodeIgniter.php(326): CodeIgniter\CodeIgniter->handleRequest(NULL, Object(Config\Cache), false)
#6 D:\Ecommerce\public\index.php(37): CodeIgniter\CodeIgniter->run()
#7 D:\Ecommerce\system\Commands\Server\rewrite.php(43): require_once('D:\\Ecommerce\\pu...')
#8 {main}
CRITICAL - 2022-07-13 06:38:24 --> Optional parameter $id declared before required parameter $post is implicitly treated as a required parameter
#0 D:\Ecommerce\system\Router\Router.php(518): CodeIgniter\Debug\Exceptions->errorHandler(8192, 'Optional parame...', 'D:\\Ecommerce\\ap...', 30)
#1 D:\Ecommerce\system\Router\Router.php(518): include_once()
#2 D:\Ecommerce\system\Router\Router.php(175): CodeIgniter\Router\Router->autoRoute('Home/productlis...')
#3 D:\Ecommerce\system\CodeIgniter.php(726): CodeIgniter\Router\Router->handle('Home/productlis...')
#4 D:\Ecommerce\system\CodeIgniter.php(368): CodeIgniter\CodeIgniter->tryToRouteIt(Object(CodeIgniter\Router\RouteCollection))
#5 D:\Ecommerce\system\CodeIgniter.php(326): CodeIgniter\CodeIgniter->handleRequest(NULL, Object(Config\Cache), false)
#6 D:\Ecommerce\public\index.php(37): CodeIgniter\CodeIgniter->run()
#7 D:\Ecommerce\system\Commands\Server\rewrite.php(43): require_once('D:\\Ecommerce\\pu...')
#8 {main}
CRITICAL - 2022-07-13 06:38:49 --> Too few arguments to function App\Models\UserModel::get_randomcategory_data(), 1 passed in D:\Ecommerce\app\Controllers\Home.php on line 39 and exactly 2 expected
#0 D:\Ecommerce\app\Controllers\Home.php(39): App\Models\UserModel->get_randomcategory_data('')
#1 D:\Ecommerce\system\CodeIgniter.php(832): App\Controllers\Home->productlist()
#2 D:\Ecommerce\system\CodeIgniter.php(419): CodeIgniter\CodeIgniter->runController(Object(App\Controllers\Home))
#3 D:\Ecommerce\system\CodeIgniter.php(326): CodeIgniter\CodeIgniter->handleRequest(NULL, Object(Config\Cache), false)
#4 D:\Ecommerce\public\index.php(37): CodeIgniter\CodeIgniter->run()
#5 D:\Ecommerce\system\Commands\Server\rewrite.php(43): require_once('D:\\Ecommerce\\pu...')
#6 {main}
CRITICAL - 2022-07-13 06:38:55 --> Too few arguments to function App\Models\UserModel::get_randomcategory_data(), 1 passed in D:\Ecommerce\app\Controllers\Home.php on line 39 and exactly 2 expected
#0 D:\Ecommerce\app\Controllers\Home.php(39): App\Models\UserModel->get_randomcategory_data('')
#1 D:\Ecommerce\system\CodeIgniter.php(832): App\Controllers\Home->productlist()
#2 D:\Ecommerce\system\CodeIgniter.php(419): CodeIgniter\CodeIgniter->runController(Object(App\Controllers\Home))
#3 D:\Ecommerce\system\CodeIgniter.php(326): CodeIgniter\CodeIgniter->handleRequest(NULL, Object(Config\Cache), false)
#4 D:\Ecommerce\public\index.php(37): CodeIgniter\CodeIgniter->run()
#5 D:\Ecommerce\system\Commands\Server\rewrite.php(43): require_once('D:\\Ecommerce\\pu...')
#6 {main}
CRITICAL - 2022-07-13 06:39:39 --> Too few arguments to function App\Models\UserModel::get_randomcategory_data(), 1 passed in D:\Ecommerce\app\Controllers\Home.php on line 39 and exactly 2 expected
#0 D:\Ecommerce\app\Controllers\Home.php(39): App\Models\UserModel->get_randomcategory_data('')
#1 D:\Ecommerce\system\CodeIgniter.php(832): App\Controllers\Home->productlist()
#2 D:\Ecommerce\system\CodeIgniter.php(419): CodeIgniter\CodeIgniter->runController(Object(App\Controllers\Home))
#3 D:\Ecommerce\system\CodeIgniter.php(326): CodeIgniter\CodeIgniter->handleRequest(NULL, Object(Config\Cache), false)
#4 D:\Ecommerce\public\index.php(37): CodeIgniter\CodeIgniter->run()
#5 D:\Ecommerce\system\Commands\Server\rewrite.php(43): require_once('D:\\Ecommerce\\pu...')
#6 {main}
CRITICAL - 2022-07-13 06:39:41 --> Too few arguments to function App\Models\UserModel::get_randomcategory_data(), 1 passed in D:\Ecommerce\app\Controllers\Home.php on line 39 and exactly 2 expected
#0 D:\Ecommerce\app\Controllers\Home.php(39): App\Models\UserModel->get_randomcategory_data('')
#1 D:\Ecommerce\system\CodeIgniter.php(832): App\Controllers\Home->productlist()
#2 D:\Ecommerce\system\CodeIgniter.php(419): CodeIgniter\CodeIgniter->runController(Object(App\Controllers\Home))
#3 D:\Ecommerce\system\CodeIgniter.php(326): CodeIgniter\CodeIgniter->handleRequest(NULL, Object(Config\Cache), false)
#4 D:\Ecommerce\public\index.php(37): CodeIgniter\CodeIgniter->run()
#5 D:\Ecommerce\system\Commands\Server\rewrite.php(43): require_once('D:\\Ecommerce\\pu...')
#6 {main}
CRITICAL - 2022-07-13 06:39:43 --> Too few arguments to function App\Models\UserModel::get_randomcategory_data(), 1 passed in D:\Ecommerce\app\Controllers\Home.php on line 39 and exactly 2 expected
#0 D:\Ecommerce\app\Controllers\Home.php(39): App\Models\UserModel->get_randomcategory_data('')
#1 D:\Ecommerce\system\CodeIgniter.php(832): App\Controllers\Home->productlist()
#2 D:\Ecommerce\system\CodeIgniter.php(419): CodeIgniter\CodeIgniter->runController(Object(App\Controllers\Home))
#3 D:\Ecommerce\system\CodeIgniter.php(326): CodeIgniter\CodeIgniter->handleRequest(NULL, Object(Config\Cache), false)
#4 D:\Ecommerce\public\index.php(37): CodeIgniter\CodeIgniter->run()
#5 D:\Ecommerce\system\Commands\Server\rewrite.php(43): require_once('D:\\Ecommerce\\pu...')
#6 {main}
CRITICAL - 2022-07-13 06:39:48 --> Too few arguments to function App\Models\UserModel::get_randomcategory_data(), 1 passed in D:\Ecommerce\app\Controllers\Home.php on line 39 and exactly 2 expected
#0 D:\Ecommerce\app\Controllers\Home.php(39): App\Models\UserModel->get_randomcategory_data('1')
#1 D:\Ecommerce\system\CodeIgniter.php(832): App\Controllers\Home->productlist('1')
#2 D:\Ecommerce\system\CodeIgniter.php(419): CodeIgniter\CodeIgniter->runController(Object(App\Controllers\Home))
#3 D:\Ecommerce\system\CodeIgniter.php(326): CodeIgniter\CodeIgniter->handleRequest(NULL, Object(Config\Cache), false)
#4 D:\Ecommerce\public\index.php(37): CodeIgniter\CodeIgniter->run()
#5 D:\Ecommerce\system\Commands\Server\rewrite.php(43): require_once('D:\\Ecommerce\\pu...')
#6 {main}
CRITICAL - 2022-07-13 06:46:45 --> Too few arguments to function App\Models\UserModel::get_randomcategory_data(), 1 passed in D:\Ecommerce\app\Controllers\Home.php on line 39 and exactly 2 expected
#0 D:\Ecommerce\app\Controllers\Home.php(39): App\Models\UserModel->get_randomcategory_data('')
#1 D:\Ecommerce\system\CodeIgniter.php(832): App\Controllers\Home->productlist()
#2 D:\Ecommerce\system\CodeIgniter.php(419): CodeIgniter\CodeIgniter->runController(Object(App\Controllers\Home))
#3 D:\Ecommerce\system\CodeIgniter.php(326): CodeIgniter\CodeIgniter->handleRequest(NULL, Object(Config\Cache), false)
#4 D:\Ecommerce\public\index.php(37): CodeIgniter\CodeIgniter->run()
#5 D:\Ecommerce\system\Commands\Server\rewrite.php(43): require_once('D:\\Ecommerce\\pu...')
#6 {main}
CRITICAL - 2022-07-13 06:48:19 --> Too few arguments to function App\Models\UserModel::get_randomcategory_data(), 1 passed in D:\Ecommerce\app\Controllers\Home.php on line 39 and exactly 2 expected
#0 D:\Ecommerce\app\Controllers\Home.php(39): App\Models\UserModel->get_randomcategory_data('')
#1 D:\Ecommerce\system\CodeIgniter.php(832): App\Controllers\Home->productlist()
#2 D:\Ecommerce\system\CodeIgniter.php(419): CodeIgniter\CodeIgniter->runController(Object(App\Controllers\Home))
#3 D:\Ecommerce\system\CodeIgniter.php(326): CodeIgniter\CodeIgniter->handleRequest(NULL, Object(Config\Cache), false)
#4 D:\Ecommerce\public\index.php(37): CodeIgniter\CodeIgniter->run()
#5 D:\Ecommerce\system\Commands\Server\rewrite.php(43): require_once('D:\\Ecommerce\\pu...')
#6 {main}
CRITICAL - 2022-07-13 06:48:58 --> Undefined array key "lowtohigh"
#0 D:\Ecommerce\app\Models\UserModel.php(164): CodeIgniter\Debug\Exceptions->errorHandler(2, 'Undefined array...', 'D:\\Ecommerce\\ap...', 164)
#1 D:\Ecommerce\app\Controllers\Home.php(39): App\Models\UserModel->get_randomcategory_data(Array, '')
#2 D:\Ecommerce\system\CodeIgniter.php(832): App\Controllers\Home->productlist()
#3 D:\Ecommerce\system\CodeIgniter.php(419): CodeIgniter\CodeIgniter->runController(Object(App\Controllers\Home))
#4 D:\Ecommerce\system\CodeIgniter.php(326): CodeIgniter\CodeIgniter->handleRequest(NULL, Object(Config\Cache), false)
#5 D:\Ecommerce\public\index.php(37): CodeIgniter\CodeIgniter->run()
#6 D:\Ecommerce\system\Commands\Server\rewrite.php(43): require_once('D:\\Ecommerce\\pu...')
#7 {main}
CRITICAL - 2022-07-13 06:49:52 --> Undefined array key "lowtohigh"
#0 D:\Ecommerce\app\Models\UserModel.php(164): CodeIgniter\Debug\Exceptions->errorHandler(2, 'Undefined array...', 'D:\\Ecommerce\\ap...', 164)
#1 D:\Ecommerce\app\Controllers\Home.php(39): App\Models\UserModel->get_randomcategory_data(Array, '')
#2 D:\Ecommerce\system\CodeIgniter.php(832): App\Controllers\Home->productlist()
#3 D:\Ecommerce\system\CodeIgniter.php(419): CodeIgniter\CodeIgniter->runController(Object(App\Controllers\Home))
#4 D:\Ecommerce\system\CodeIgniter.php(326): CodeIgniter\CodeIgniter->handleRequest(NULL, Object(Config\Cache), false)
#5 D:\Ecommerce\public\index.php(37): CodeIgniter\CodeIgniter->run()
#6 D:\Ecommerce\system\Commands\Server\rewrite.php(43): require_once('D:\\Ecommerce\\pu...')
#7 {main}
CRITICAL - 2022-07-13 06:50:41 --> Undefined array key "lowtohigh"
#0 D:\Ecommerce\app\Models\UserModel.php(164): CodeIgniter\Debug\Exceptions->errorHandler(2, 'Undefined array...', 'D:\\Ecommerce\\ap...', 164)
#1 D:\Ecommerce\app\Controllers\Home.php(39): App\Models\UserModel->get_randomcategory_data(Array, '')
#2 D:\Ecommerce\system\CodeIgniter.php(832): App\Controllers\Home->productlist()
#3 D:\Ecommerce\system\CodeIgniter.php(419): CodeIgniter\CodeIgniter->runController(Object(App\Controllers\Home))
#4 D:\Ecommerce\system\CodeIgniter.php(326): CodeIgniter\CodeIgniter->handleRequest(NULL, Object(Config\Cache), false)
#5 D:\Ecommerce\public\index.php(37): CodeIgniter\CodeIgniter->run()
#6 D:\Ecommerce\system\Commands\Server\rewrite.php(43): require_once('D:\\Ecommerce\\pu...')
#7 {main}
CRITICAL - 2022-07-13 06:50:52 --> Undefined array key "lowtohigh"
#0 D:\Ecommerce\app\Models\UserModel.php(164): CodeIgniter\Debug\Exceptions->errorHandler(2, 'Undefined array...', 'D:\\Ecommerce\\ap...', 164)
#1 D:\Ecommerce\app\Controllers\Home.php(39): App\Models\UserModel->get_randomcategory_data(Array, '')
#2 D:\Ecommerce\system\CodeIgniter.php(832): App\Controllers\Home->productlist()
#3 D:\Ecommerce\system\CodeIgniter.php(419): CodeIgniter\CodeIgniter->runController(Object(App\Controllers\Home))
#4 D:\Ecommerce\system\CodeIgniter.php(326): CodeIgniter\CodeIgniter->handleRequest(NULL, Object(Config\Cache), false)
#5 D:\Ecommerce\public\index.php(37): CodeIgniter\CodeIgniter->run()
#6 D:\Ecommerce\system\Commands\Server\rewrite.php(43): require_once('D:\\Ecommerce\\pu...')
#7 {main}
CRITICAL - 2022-07-13 06:56:23 --> Undefined array key "lowtohigh"
#0 D:\Ecommerce\app\Models\UserModel.php(164): CodeIgniter\Debug\Exceptions->errorHandler(2, 'Undefined array...', 'D:\\Ecommerce\\ap...', 164)
#1 D:\Ecommerce\app\Controllers\Home.php(39): App\Models\UserModel->get_randomcategory_data(Array, '')
#2 D:\Ecommerce\system\CodeIgniter.php(832): App\Controllers\Home->productlist()
#3 D:\Ecommerce\system\CodeIgniter.php(419): CodeIgniter\CodeIgniter->runController(Object(App\Controllers\Home))
#4 D:\Ecommerce\system\CodeIgniter.php(326): CodeIgniter\CodeIgniter->handleRequest(NULL, Object(Config\Cache), false)
#5 D:\Ecommerce\public\index.php(37): CodeIgniter\CodeIgniter->run()
#6 D:\Ecommerce\system\Commands\Server\rewrite.php(43): require_once('D:\\Ecommerce\\pu...')
#7 {main}
CRITICAL - 2022-07-13 06:57:26 --> Too few arguments to function App\Controllers\Home::productlist(), 0 passed in D:\Ecommerce\system\CodeIgniter.php on line 832 and at least 1 expected
#0 D:\Ecommerce\system\CodeIgniter.php(832): App\Controllers\Home->productlist()
#1 D:\Ecommerce\system\CodeIgniter.php(419): CodeIgniter\CodeIgniter->runController(Object(App\Controllers\Home))
#2 D:\Ecommerce\system\CodeIgniter.php(326): CodeIgniter\CodeIgniter->handleRequest(NULL, Object(Config\Cache), false)
#3 D:\Ecommerce\public\index.php(37): CodeIgniter\CodeIgniter->run()
#4 D:\Ecommerce\system\Commands\Server\rewrite.php(43): require_once('D:\\Ecommerce\\pu...')
#5 {main}
CRITICAL - 2022-07-13 07:00:14 --> Undefined array key "lowtohigh"
#0 D:\Ecommerce\app\Models\UserModel.php(164): CodeIgniter\Debug\Exceptions->errorHandler(2, 'Undefined array...', 'D:\\Ecommerce\\ap...', 164)
#1 D:\Ecommerce\app\Controllers\Home.php(39): App\Models\UserModel->get_randomcategory_data(Array, '')
#2 D:\Ecommerce\system\CodeIgniter.php(832): App\Controllers\Home->productlist()
#3 D:\Ecommerce\system\CodeIgniter.php(419): CodeIgniter\CodeIgniter->runController(Object(App\Controllers\Home))
#4 D:\Ecommerce\system\CodeIgniter.php(326): CodeIgniter\CodeIgniter->handleRequest(NULL, Object(Config\Cache), false)
#5 D:\Ecommerce\public\index.php(37): CodeIgniter\CodeIgniter->run()
#6 D:\Ecommerce\system\Commands\Server\rewrite.php(43): require_once('D:\\Ecommerce\\pu...')
#7 {main}
CRITICAL - 2022-07-13 07:00:47 --> Undefined array key "lowtohigh"
#0 D:\Ecommerce\app\Models\UserModel.php(164): CodeIgniter\Debug\Exceptions->errorHandler(2, 'Undefined array...', 'D:\\Ecommerce\\ap...', 164)
#1 D:\Ecommerce\app\Controllers\Home.php(39): App\Models\UserModel->get_randomcategory_data(Array, '')
#2 D:\Ecommerce\system\CodeIgniter.php(832): App\Controllers\Home->productlist()
#3 D:\Ecommerce\system\CodeIgniter.php(419): CodeIgniter\CodeIgniter->runController(Object(App\Controllers\Home))
#4 D:\Ecommerce\system\CodeIgniter.php(326): CodeIgniter\CodeIgniter->handleRequest(NULL, Object(Config\Cache), false)
#5 D:\Ecommerce\public\index.php(37): CodeIgniter\CodeIgniter->run()
#6 D:\Ecommerce\system\Commands\Server\rewrite.php(43): require_once('D:\\Ecommerce\\pu...')
#7 {main}
CRITICAL - 2022-07-13 07:24:05 --> Cannot access offset of type string on string
#0 D:\Ecommerce\app\Controllers\Home.php(39): App\Models\UserModel->get_randomcategory_data('', '')
#1 D:\Ecommerce\system\CodeIgniter.php(832): App\Controllers\Home->productlist()
#2 D:\Ecommerce\system\CodeIgniter.php(419): CodeIgniter\CodeIgniter->runController(Object(App\Controllers\Home))
#3 D:\Ecommerce\system\CodeIgniter.php(326): CodeIgniter\CodeIgniter->handleRequest(NULL, Object(Config\Cache), false)
#4 D:\Ecommerce\public\index.php(37): CodeIgniter\CodeIgniter->run()
#5 D:\Ecommerce\system\Commands\Server\rewrite.php(43): require_once('D:\\Ecommerce\\pu...')
#6 {main}
CRITICAL - 2022-07-13 07:24:22 --> Cannot access offset of type string on string
#0 D:\Ecommerce\app\Controllers\Home.php(39): App\Models\UserModel->get_randomcategory_data('', '')
#1 D:\Ecommerce\system\CodeIgniter.php(832): App\Controllers\Home->productlist()
#2 D:\Ecommerce\system\CodeIgniter.php(419): CodeIgniter\CodeIgniter->runController(Object(App\Controllers\Home))
#3 D:\Ecommerce\system\CodeIgniter.php(326): CodeIgniter\CodeIgniter->handleRequest(NULL, Object(Config\Cache), false)
#4 D:\Ecommerce\public\index.php(37): CodeIgniter\CodeIgniter->run()
#5 D:\Ecommerce\system\Commands\Server\rewrite.php(43): require_once('D:\\Ecommerce\\pu...')
#6 {main}
