CRITICAL - 2022-06-27 00:01:01 --> Trying to access array offset on value of type null
#0 C:\Ecommerce\app\Controllers\Home.php(31): CodeIgniter\Debug\Exceptions->errorHandler(2, 'Trying to acces...', 'C:\\Ecommerce\\ap...', 31)
#1 C:\Ecommerce\system\CodeIgniter.php(832): App\Controllers\Home->login()
#2 C:\Ecommerce\system\CodeIgniter.php(419): CodeIgniter\CodeIgniter->runController(Object(App\Controllers\Home))
#3 C:\Ecommerce\system\CodeIgniter.php(326): CodeIgniter\CodeIgniter->handleRequest(NULL, Object(Config\Cache), false)
#4 C:\Ecommerce\public\index.php(37): CodeIgniter\CodeIgniter->run()
#5 C:\Ecommerce\system\Commands\Server\rewrite.php(43): require_once('C:\\Ecommerce\\pu...')
#6 {main}
CRITICAL - 2022-06-27 00:02:04 --> Trying to access array offset on value of type null
#0 C:\Ecommerce\app\Controllers\Home.php(31): CodeIgniter\Debug\Exceptions->errorHandler(2, 'Trying to acces...', 'C:\\Ecommerce\\ap...', 31)
#1 C:\Ecommerce\system\CodeIgniter.php(832): App\Controllers\Home->login()
#2 C:\Ecommerce\system\CodeIgniter.php(419): CodeIgniter\CodeIgniter->runController(Object(App\Controllers\Home))
#3 C:\Ecommerce\system\CodeIgniter.php(326): CodeIgniter\CodeIgniter->handleRequest(NULL, Object(Config\Cache), false)
#4 C:\Ecommerce\public\index.php(37): CodeIgniter\CodeIgniter->run()
#5 C:\Ecommerce\system\Commands\Server\rewrite.php(43): require_once('C:\\Ecommerce\\pu...')
#6 {main}
CRITICAL - 2022-06-27 00:04:36 --> Trying to access array offset on value of type null
#0 C:\Ecommerce\app\Controllers\Home.php(31): CodeIgniter\Debug\Exceptions->errorHandler(2, 'Trying to acces...', 'C:\\Ecommerce\\ap...', 31)
#1 C:\Ecommerce\system\CodeIgniter.php(832): App\Controllers\Home->login()
#2 C:\Ecommerce\system\CodeIgniter.php(419): CodeIgniter\CodeIgniter->runController(Object(App\Controllers\Home))
#3 C:\Ecommerce\system\CodeIgniter.php(326): CodeIgniter\CodeIgniter->handleRequest(NULL, Object(Config\Cache), false)
#4 C:\Ecommerce\public\index.php(37): CodeIgniter\CodeIgniter->run()
#5 C:\Ecommerce\system\Commands\Server\rewrite.php(43): require_once('C:\\Ecommerce\\pu...')
#6 {main}
CRITICAL - 2022-06-27 00:27:30 --> Undefined variable $data
#0 C:\Ecommerce\app\Controllers\Home.php(55): CodeIgniter\Debug\Exceptions->errorHandler(2, 'Undefined varia...', 'C:\\Ecommerce\\ap...', 55)
#1 C:\Ecommerce\system\CodeIgniter.php(832): App\Controllers\Home->register()
#2 C:\Ecommerce\system\CodeIgniter.php(419): CodeIgniter\CodeIgniter->runController(Object(App\Controllers\Home))
#3 C:\Ecommerce\system\CodeIgniter.php(326): CodeIgniter\CodeIgniter->handleRequest(NULL, Object(Config\Cache), false)
#4 C:\Ecommerce\public\index.php(37): CodeIgniter\CodeIgniter->run()
#5 C:\Ecommerce\system\Commands\Server\rewrite.php(43): require_once('C:\\Ecommerce\\pu...')
#6 {main}
CRITICAL - 2022-06-27 00:39:48 --> Trying to access array offset on value of type null
#0 C:\Ecommerce\app\Controllers\Home.php(32): CodeIgniter\Debug\Exceptions->errorHandler(2, 'Trying to acces...', 'C:\\Ecommerce\\ap...', 32)
#1 C:\Ecommerce\system\CodeIgniter.php(832): App\Controllers\Home->login()
#2 C:\Ecommerce\system\CodeIgniter.php(419): CodeIgniter\CodeIgniter->runController(Object(App\Controllers\Home))
#3 C:\Ecommerce\system\CodeIgniter.php(326): CodeIgniter\CodeIgniter->handleRequest(NULL, Object(Config\Cache), false)
#4 C:\Ecommerce\public\index.php(37): CodeIgniter\CodeIgniter->run()
#5 C:\Ecommerce\system\Commands\Server\rewrite.php(43): require_once('C:\\Ecommerce\\pu...')
#6 {main}
CRITICAL - 2022-06-27 00:50:51 --> Invalid file: admin/brand.php
#0 C:\Ecommerce\system\View\View.php(198): CodeIgniter\Exceptions\FrameworkException::forInvalidFile('admin/brand.php')
#1 C:\Ecommerce\system\Common.php(1089): CodeIgniter\View\View->render('admin/brand', Array, true)
#2 C:\Ecommerce\app\Controllers\admin\Master.php(16): view('admin/brand')
#3 C:\Ecommerce\system\CodeIgniter.php(832): App\Controllers\admin\Master->brand()
#4 C:\Ecommerce\system\CodeIgniter.php(419): CodeIgniter\CodeIgniter->runController(Object(App\Controllers\admin\Master))
#5 C:\Ecommerce\system\CodeIgniter.php(326): CodeIgniter\CodeIgniter->handleRequest(NULL, Object(Config\Cache), false)
#6 C:\Ecommerce\public\index.php(37): CodeIgniter\CodeIgniter->run()
#7 C:\Ecommerce\system\Commands\Server\rewrite.php(43): require_once('C:\\Ecommerce\\pu...')
#8 {main}
CRITICAL - 2022-06-27 00:51:00 --> Invalid file: admin/brand.php
#0 C:\Ecommerce\system\View\View.php(198): CodeIgniter\Exceptions\FrameworkException::forInvalidFile('admin/brand.php')
#1 C:\Ecommerce\system\Common.php(1089): CodeIgniter\View\View->render('admin/brand', Array, true)
#2 C:\Ecommerce\app\Controllers\admin\Master.php(16): view('admin/brand')
#3 C:\Ecommerce\system\CodeIgniter.php(832): App\Controllers\admin\Master->brand()
#4 C:\Ecommerce\system\CodeIgniter.php(419): CodeIgniter\CodeIgniter->runController(Object(App\Controllers\admin\Master))
#5 C:\Ecommerce\system\CodeIgniter.php(326): CodeIgniter\CodeIgniter->handleRequest(NULL, Object(Config\Cache), false)
#6 C:\Ecommerce\public\index.php(37): CodeIgniter\CodeIgniter->run()
#7 C:\Ecommerce\system\Commands\Server\rewrite.php(43): require_once('C:\\Ecommerce\\pu...')
#8 {main}
CRITICAL - 2022-06-27 01:05:25 --> Undefined variable $msg
#0 C:\Ecommerce\app\Controllers\admin\Master.php(44): CodeIgniter\Debug\Exceptions->errorHandler(2, 'Undefined varia...', 'C:\\Ecommerce\\ap...', 44)
#1 C:\Ecommerce\system\CodeIgniter.php(832): App\Controllers\admin\Master->Getdata('slider')
#2 C:\Ecommerce\system\CodeIgniter.php(419): CodeIgniter\CodeIgniter->runController(Object(App\Controllers\admin\Master))
#3 C:\Ecommerce\system\CodeIgniter.php(326): CodeIgniter\CodeIgniter->handleRequest(NULL, Object(Config\Cache), false)
#4 C:\Ecommerce\public\index.php(37): CodeIgniter\CodeIgniter->run()
#5 C:\Ecommerce\system\Commands\Server\rewrite.php(43): require_once('C:\\Ecommerce\\pu...')
#6 {main}
CRITICAL - 2022-06-27 01:06:03 --> Undefined variable $msg
#0 C:\Ecommerce\app\Controllers\admin\Master.php(44): CodeIgniter\Debug\Exceptions->errorHandler(2, 'Undefined varia...', 'C:\\Ecommerce\\ap...', 44)
#1 C:\Ecommerce\system\CodeIgniter.php(832): App\Controllers\admin\Master->Getdata('slider')
#2 C:\Ecommerce\system\CodeIgniter.php(419): CodeIgniter\CodeIgniter->runController(Object(App\Controllers\admin\Master))
#3 C:\Ecommerce\system\CodeIgniter.php(326): CodeIgniter\CodeIgniter->handleRequest(NULL, Object(Config\Cache), false)
#4 C:\Ecommerce\public\index.php(37): CodeIgniter\CodeIgniter->run()
#5 C:\Ecommerce\system\Commands\Server\rewrite.php(43): require_once('C:\\Ecommerce\\pu...')
#6 {main}
CRITICAL - 2022-06-27 01:06:10 --> Undefined variable $msg
#0 C:\Ecommerce\app\Controllers\admin\Master.php(44): CodeIgniter\Debug\Exceptions->errorHandler(2, 'Undefined varia...', 'C:\\Ecommerce\\ap...', 44)
#1 C:\Ecommerce\system\CodeIgniter.php(832): App\Controllers\admin\Master->Getdata('slider')
#2 C:\Ecommerce\system\CodeIgniter.php(419): CodeIgniter\CodeIgniter->runController(Object(App\Controllers\admin\Master))
#3 C:\Ecommerce\system\CodeIgniter.php(326): CodeIgniter\CodeIgniter->handleRequest(NULL, Object(Config\Cache), false)
#4 C:\Ecommerce\public\index.php(37): CodeIgniter\CodeIgniter->run()
#5 C:\Ecommerce\system\Commands\Server\rewrite.php(43): require_once('C:\\Ecommerce\\pu...')
#6 {main}
CRITICAL - 2022-06-27 01:06:14 --> Invalid file: admin/createbrand.php
#0 C:\Ecommerce\system\View\View.php(198): CodeIgniter\Exceptions\FrameworkException::forInvalidFile('admin/createbra...')
#1 C:\Ecommerce\system\Common.php(1089): CodeIgniter\View\View->render('admin/createbra...', Array, true)
#2 C:\Ecommerce\app\Controllers\admin\Master.php(76): view('admin/createbra...', Array)
#3 C:\Ecommerce\system\CodeIgniter.php(832): App\Controllers\admin\Master->createslider()
#4 C:\Ecommerce\system\CodeIgniter.php(419): CodeIgniter\CodeIgniter->runController(Object(App\Controllers\admin\Master))
#5 C:\Ecommerce\system\CodeIgniter.php(326): CodeIgniter\CodeIgniter->handleRequest(NULL, Object(Config\Cache), false)
#6 C:\Ecommerce\public\index.php(37): CodeIgniter\CodeIgniter->run()
#7 C:\Ecommerce\system\Commands\Server\rewrite.php(43): require_once('C:\\Ecommerce\\pu...')
#8 {main}
CRITICAL - 2022-06-27 01:07:24 --> Undefined variable $msg
#0 C:\Ecommerce\app\Controllers\admin\Master.php(44): CodeIgniter\Debug\Exceptions->errorHandler(2, 'Undefined varia...', 'C:\\Ecommerce\\ap...', 44)
#1 C:\Ecommerce\system\CodeIgniter.php(832): App\Controllers\admin\Master->Getdata('slider')
#2 C:\Ecommerce\system\CodeIgniter.php(419): CodeIgniter\CodeIgniter->runController(Object(App\Controllers\admin\Master))
#3 C:\Ecommerce\system\CodeIgniter.php(326): CodeIgniter\CodeIgniter->handleRequest(NULL, Object(Config\Cache), false)
#4 C:\Ecommerce\public\index.php(37): CodeIgniter\CodeIgniter->run()
#5 C:\Ecommerce\system\Commands\Server\rewrite.php(43): require_once('C:\\Ecommerce\\pu...')
#6 {main}
CRITICAL - 2022-06-27 01:07:27 --> Invalid file: admin/createslider.php
#0 C:\Ecommerce\system\View\View.php(198): CodeIgniter\Exceptions\FrameworkException::forInvalidFile('admin/createsli...')
#1 C:\Ecommerce\system\Common.php(1089): CodeIgniter\View\View->render('admin/createsli...', Array, true)
#2 C:\Ecommerce\app\Controllers\admin\Master.php(76): view('admin/createsli...', Array)
#3 C:\Ecommerce\system\CodeIgniter.php(832): App\Controllers\admin\Master->createslider()
#4 C:\Ecommerce\system\CodeIgniter.php(419): CodeIgniter\CodeIgniter->runController(Object(App\Controllers\admin\Master))
#5 C:\Ecommerce\system\CodeIgniter.php(326): CodeIgniter\CodeIgniter->handleRequest(NULL, Object(Config\Cache), false)
#6 C:\Ecommerce\public\index.php(37): CodeIgniter\CodeIgniter->run()
#7 C:\Ecommerce\system\Commands\Server\rewrite.php(43): require_once('C:\\Ecommerce\\pu...')
#8 {main}
CRITICAL - 2022-06-27 01:07:41 --> Undefined variable $msg
#0 C:\Ecommerce\app\Controllers\admin\Master.php(44): CodeIgniter\Debug\Exceptions->errorHandler(2, 'Undefined varia...', 'C:\\Ecommerce\\ap...', 44)
#1 C:\Ecommerce\system\CodeIgniter.php(832): App\Controllers\admin\Master->Getdata('slider')
#2 C:\Ecommerce\system\CodeIgniter.php(419): CodeIgniter\CodeIgniter->runController(Object(App\Controllers\admin\Master))
#3 C:\Ecommerce\system\CodeIgniter.php(326): CodeIgniter\CodeIgniter->handleRequest(NULL, Object(Config\Cache), false)
#4 C:\Ecommerce\public\index.php(37): CodeIgniter\CodeIgniter->run()
#5 C:\Ecommerce\system\Commands\Server\rewrite.php(43): require_once('C:\\Ecommerce\\pu...')
#6 {main}
CRITICAL - 2022-06-27 01:07:45 --> Invalid file: admin/createslider.php
#0 C:\Ecommerce\system\View\View.php(198): CodeIgniter\Exceptions\FrameworkException::forInvalidFile('admin/createsli...')
#1 C:\Ecommerce\system\Common.php(1089): CodeIgniter\View\View->render('admin/createsli...', Array, true)
#2 C:\Ecommerce\app\Controllers\admin\Master.php(76): view('admin/createsli...', Array)
#3 C:\Ecommerce\system\CodeIgniter.php(832): App\Controllers\admin\Master->createslider()
#4 C:\Ecommerce\system\CodeIgniter.php(419): CodeIgniter\CodeIgniter->runController(Object(App\Controllers\admin\Master))
#5 C:\Ecommerce\system\CodeIgniter.php(326): CodeIgniter\CodeIgniter->handleRequest(NULL, Object(Config\Cache), false)
#6 C:\Ecommerce\public\index.php(37): CodeIgniter\CodeIgniter->run()
#7 C:\Ecommerce\system\Commands\Server\rewrite.php(43): require_once('C:\\Ecommerce\\pu...')
#8 {main}
CRITICAL - 2022-06-27 01:09:30 --> Undefined variable $msg
#0 C:\Ecommerce\app\Controllers\admin\Master.php(44): CodeIgniter\Debug\Exceptions->errorHandler(2, 'Undefined varia...', 'C:\\Ecommerce\\ap...', 44)
#1 C:\Ecommerce\system\CodeIgniter.php(832): App\Controllers\admin\Master->Getdata('slider')
#2 C:\Ecommerce\system\CodeIgniter.php(419): CodeIgniter\CodeIgniter->runController(Object(App\Controllers\admin\Master))
#3 C:\Ecommerce\system\CodeIgniter.php(326): CodeIgniter\CodeIgniter->handleRequest(NULL, Object(Config\Cache), false)
#4 C:\Ecommerce\public\index.php(37): CodeIgniter\CodeIgniter->run()
#5 C:\Ecommerce\system\Commands\Server\rewrite.php(43): require_once('C:\\Ecommerce\\pu...')
#6 {main}
CRITICAL - 2022-06-27 01:10:35 --> Undefined variable $msg
#0 C:\Ecommerce\app\Controllers\admin\Master.php(44): CodeIgniter\Debug\Exceptions->errorHandler(2, 'Undefined varia...', 'C:\\Ecommerce\\ap...', 44)
#1 C:\Ecommerce\system\CodeIgniter.php(832): App\Controllers\admin\Master->Getdata('slider')
#2 C:\Ecommerce\system\CodeIgniter.php(419): CodeIgniter\CodeIgniter->runController(Object(App\Controllers\admin\Master))
#3 C:\Ecommerce\system\CodeIgniter.php(326): CodeIgniter\CodeIgniter->handleRequest(NULL, Object(Config\Cache), false)
#4 C:\Ecommerce\public\index.php(37): CodeIgniter\CodeIgniter->run()
#5 C:\Ecommerce\system\Commands\Server\rewrite.php(43): require_once('C:\\Ecommerce\\pu...')
#6 {main}
CRITICAL - 2022-06-27 01:10:39 --> Invalid file: admin/createslider.php
#0 C:\Ecommerce\system\View\View.php(198): CodeIgniter\Exceptions\FrameworkException::forInvalidFile('admin/createsli...')
#1 C:\Ecommerce\system\Common.php(1089): CodeIgniter\View\View->render('admin/createsli...', Array, true)
#2 C:\Ecommerce\app\Controllers\admin\Master.php(77): view('admin/createsli...')
#3 C:\Ecommerce\system\CodeIgniter.php(832): App\Controllers\admin\Master->createslider()
#4 C:\Ecommerce\system\CodeIgniter.php(419): CodeIgniter\CodeIgniter->runController(Object(App\Controllers\admin\Master))
#5 C:\Ecommerce\system\CodeIgniter.php(326): CodeIgniter\CodeIgniter->handleRequest(NULL, Object(Config\Cache), false)
#6 C:\Ecommerce\public\index.php(37): CodeIgniter\CodeIgniter->run()
#7 C:\Ecommerce\system\Commands\Server\rewrite.php(43): require_once('C:\\Ecommerce\\pu...')
#8 {main}
CRITICAL - 2022-06-27 01:12:25 --> Undefined variable $msg
#0 C:\Ecommerce\app\Controllers\admin\Master.php(44): CodeIgniter\Debug\Exceptions->errorHandler(2, 'Undefined varia...', 'C:\\Ecommerce\\ap...', 44)
#1 C:\Ecommerce\system\CodeIgniter.php(832): App\Controllers\admin\Master->Getdata('slider')
#2 C:\Ecommerce\system\CodeIgniter.php(419): CodeIgniter\CodeIgniter->runController(Object(App\Controllers\admin\Master))
#3 C:\Ecommerce\system\CodeIgniter.php(326): CodeIgniter\CodeIgniter->handleRequest(NULL, Object(Config\Cache), false)
#4 C:\Ecommerce\public\index.php(37): CodeIgniter\CodeIgniter->run()
#5 C:\Ecommerce\system\Commands\Server\rewrite.php(43): require_once('C:\\Ecommerce\\pu...')
#6 {main}
CRITICAL - 2022-06-27 01:12:29 --> Invalid file: admin/createslider.php
#0 C:\Ecommerce\system\View\View.php(198): CodeIgniter\Exceptions\FrameworkException::forInvalidFile('admin/createsli...')
#1 C:\Ecommerce\system\Common.php(1089): CodeIgniter\View\View->render('admin/createsli...', Array, true)
#2 C:\Ecommerce\app\Controllers\admin\Master.php(77): view('admin/createsli...')
#3 C:\Ecommerce\system\CodeIgniter.php(832): App\Controllers\admin\Master->createslider()
#4 C:\Ecommerce\system\CodeIgniter.php(419): CodeIgniter\CodeIgniter->runController(Object(App\Controllers\admin\Master))
#5 C:\Ecommerce\system\CodeIgniter.php(326): CodeIgniter\CodeIgniter->handleRequest(NULL, Object(Config\Cache), false)
#6 C:\Ecommerce\public\index.php(37): CodeIgniter\CodeIgniter->run()
#7 C:\Ecommerce\system\Commands\Server\rewrite.php(43): require_once('C:\\Ecommerce\\pu...')
#8 {main}
CRITICAL - 2022-06-27 01:15:55 --> Invalid file: admin/createslider.php
#0 C:\Ecommerce\system\View\View.php(198): CodeIgniter\Exceptions\FrameworkException::forInvalidFile('admin/createsli...')
#1 C:\Ecommerce\system\Common.php(1089): CodeIgniter\View\View->render('admin/createsli...', Array, true)
#2 C:\Ecommerce\app\Controllers\admin\Master.php(77): view('admin/createsli...')
#3 C:\Ecommerce\system\CodeIgniter.php(832): App\Controllers\admin\Master->createslider()
#4 C:\Ecommerce\system\CodeIgniter.php(419): CodeIgniter\CodeIgniter->runController(Object(App\Controllers\admin\Master))
#5 C:\Ecommerce\system\CodeIgniter.php(326): CodeIgniter\CodeIgniter->handleRequest(NULL, Object(Config\Cache), false)
#6 C:\Ecommerce\public\index.php(37): CodeIgniter\CodeIgniter->run()
#7 C:\Ecommerce\system\Commands\Server\rewrite.php(43): require_once('C:\\Ecommerce\\pu...')
#8 {main}
CRITICAL - 2022-06-27 01:17:17 --> Invalid file: admin/createslider.php
#0 C:\Ecommerce\system\View\View.php(198): CodeIgniter\Exceptions\FrameworkException::forInvalidFile('admin/createsli...')
#1 C:\Ecommerce\system\Common.php(1089): CodeIgniter\View\View->render('admin/createsli...', Array, true)
#2 C:\Ecommerce\app\Controllers\admin\Master.php(77): view('admin/createsli...')
#3 C:\Ecommerce\system\CodeIgniter.php(832): App\Controllers\admin\Master->createslider()
#4 C:\Ecommerce\system\CodeIgniter.php(419): CodeIgniter\CodeIgniter->runController(Object(App\Controllers\admin\Master))
#5 C:\Ecommerce\system\CodeIgniter.php(326): CodeIgniter\CodeIgniter->handleRequest(NULL, Object(Config\Cache), false)
#6 C:\Ecommerce\public\index.php(37): CodeIgniter\CodeIgniter->run()
#7 C:\Ecommerce\system\Commands\Server\rewrite.php(43): require_once('C:\\Ecommerce\\pu...')
#8 {main}
ERROR - 2022-06-27 01:21:43 --> Unknown column 'slider' in 'field list'
CRITICAL - 2022-06-27 01:21:43 --> Unknown column 'slider' in 'field list'
#0 C:\Ecommerce\system\Database\MySQLi\Connection.php(292): mysqli->query('INSERT INTO `sl...', 0)
#1 C:\Ecommerce\system\Database\BaseConnection.php(670): CodeIgniter\Database\MySQLi\Connection->execute('INSERT INTO `sl...')
#2 C:\Ecommerce\system\Database\BaseConnection.php(598): CodeIgniter\Database\BaseConnection->simpleQuery('INSERT INTO `sl...')
#3 C:\Ecommerce\system\Database\BaseBuilder.php(1771): CodeIgniter\Database\BaseConnection->query('INSERT INTO `sl...', Array, false)
#4 C:\Ecommerce\app\Models\admin\MasterModel.php(146): CodeIgniter\Database\BaseBuilder->insert(Array)
#5 C:\Ecommerce\app\Controllers\admin\Master.php(66): App\Models\admin\MasterModel->insert_slider(Array, Object(CodeIgniter\HTTP\Files\UploadedFile))
#6 C:\Ecommerce\system\CodeIgniter.php(832): App\Controllers\admin\Master->createslider()
#7 C:\Ecommerce\system\CodeIgniter.php(419): CodeIgniter\CodeIgniter->runController(Object(App\Controllers\admin\Master))
#8 C:\Ecommerce\system\CodeIgniter.php(326): CodeIgniter\CodeIgniter->handleRequest(NULL, Object(Config\Cache), false)
#9 C:\Ecommerce\public\index.php(37): CodeIgniter\CodeIgniter->run()
#10 C:\Ecommerce\system\Commands\Server\rewrite.php(43): require_once('C:\\Ecommerce\\pu...')
#11 {main}
CRITICAL - 2022-06-27 01:22:44 --> Undefined array key "name"
#0 C:\Ecommerce\app\Models\admin\MasterModel.php(116): CodeIgniter\Debug\Exceptions->errorHandler(2, 'Undefined array...', 'C:\\Ecommerce\\ap...', 116)
#1 C:\Ecommerce\app\Controllers\admin\Master.php(66): App\Models\admin\MasterModel->insert_slider(Array, Object(CodeIgniter\HTTP\Files\UploadedFile))
#2 C:\Ecommerce\system\CodeIgniter.php(832): App\Controllers\admin\Master->createslider()
#3 C:\Ecommerce\system\CodeIgniter.php(419): CodeIgniter\CodeIgniter->runController(Object(App\Controllers\admin\Master))
#4 C:\Ecommerce\system\CodeIgniter.php(326): CodeIgniter\CodeIgniter->handleRequest(NULL, Object(Config\Cache), false)
#5 C:\Ecommerce\public\index.php(37): CodeIgniter\CodeIgniter->run()
#6 C:\Ecommerce\system\Commands\Server\rewrite.php(43): require_once('C:\\Ecommerce\\pu...')
#7 {main}
ERROR - 2022-06-27 01:28:18 --> Unknown column 'is_delete' in 'where clause'
CRITICAL - 2022-06-27 01:28:18 --> Unknown column 'is_delete' in 'where clause'
#0 C:\Ecommerce\system\Database\MySQLi\Connection.php(292): mysqli->query('SELECT COUNT(*)...', 0)
#1 C:\Ecommerce\system\Database\BaseConnection.php(670): CodeIgniter\Database\MySQLi\Connection->execute('SELECT COUNT(*)...')
#2 C:\Ecommerce\system\Database\BaseConnection.php(598): CodeIgniter\Database\BaseConnection->simpleQuery('SELECT COUNT(*)...')
#3 C:\Ecommerce\system\Database\BaseBuilder.php(1539): CodeIgniter\Database\BaseConnection->query('SELECT COUNT(*)...', Array, false)
#4 C:\Ecommerce\vendor\hermawan\codeigniter4-datatables\src\DataTableQuery.php(53): CodeIgniter\Database\BaseBuilder->countAllResults()
#5 C:\Ecommerce\vendor\hermawan\codeigniter4-datatables\src\DataTable.php(174): Hermawan\DataTables\DataTableQuery->countAll()
#6 C:\Ecommerce\app\Models\admin\MasterModel.php(192): Hermawan\DataTables\DataTable->toJson()
#7 C:\Ecommerce\app\Controllers\admin\Master.php(84): App\Models\admin\MasterModel->get_sliderdata()
#8 C:\Ecommerce\system\CodeIgniter.php(832): App\Controllers\admin\Master->Getslider('slider')
#9 C:\Ecommerce\system\CodeIgniter.php(419): CodeIgniter\CodeIgniter->runController(Object(App\Controllers\admin\Master))
#10 C:\Ecommerce\system\CodeIgniter.php(326): CodeIgniter\CodeIgniter->handleRequest(NULL, Object(Config\Cache), false)
#11 C:\Ecommerce\public\index.php(37): CodeIgniter\CodeIgniter->run()
#12 C:\Ecommerce\system\Commands\Server\rewrite.php(43): require_once('C:\\Ecommerce\\pu...')
#13 {main}
CRITICAL - 2022-06-27 01:34:34 --> Undefined property: stdClass::$brand
#0 C:\Ecommerce\app\Models\admin\MasterModel.php(187): CodeIgniter\Debug\Exceptions->errorHandler(2, 'Undefined prope...', 'C:\\Ecommerce\\ap...', 187)
#1 C:\Ecommerce\vendor\hermawan\codeigniter4-datatables\src\DataTableQuery.php(91): App\Models\admin\MasterModel->App\Models\admin\{closure}(Object(stdClass))
#2 C:\Ecommerce\vendor\hermawan\codeigniter4-datatables\src\DataTable.php(176): Hermawan\DataTables\DataTableQuery->getDataResult()
#3 C:\Ecommerce\app\Models\admin\MasterModel.php(192): Hermawan\DataTables\DataTable->toJson()
#4 C:\Ecommerce\app\Controllers\admin\Master.php(84): App\Models\admin\MasterModel->get_sliderdata()
#5 C:\Ecommerce\system\CodeIgniter.php(832): App\Controllers\admin\Master->Getslider('slider')
#6 C:\Ecommerce\system\CodeIgniter.php(419): CodeIgniter\CodeIgniter->runController(Object(App\Controllers\admin\Master))
#7 C:\Ecommerce\system\CodeIgniter.php(326): CodeIgniter\CodeIgniter->handleRequest(NULL, Object(Config\Cache), false)
#8 C:\Ecommerce\public\index.php(37): CodeIgniter\CodeIgniter->run()
#9 C:\Ecommerce\system\Commands\Server\rewrite.php(43): require_once('C:\\Ecommerce\\pu...')
#10 {main}
CRITICAL - 2022-06-27 01:52:05 --> Invalid file: admin/createbrand.php
#0 C:\Ecommerce\system\View\View.php(198): CodeIgniter\Exceptions\FrameworkException::forInvalidFile('admin/createbra...')
#1 C:\Ecommerce\system\Common.php(1089): CodeIgniter\View\View->render('admin/createbra...', Array, true)
#2 C:\Ecommerce\app\Controllers\admin\Master.php(35): view('admin/createbra...', Array)
#3 C:\Ecommerce\system\CodeIgniter.php(832): App\Controllers\admin\Master->createbrand('3')
#4 C:\Ecommerce\system\CodeIgniter.php(419): CodeIgniter\CodeIgniter->runController(Object(App\Controllers\admin\Master))
#5 C:\Ecommerce\system\CodeIgniter.php(326): CodeIgniter\CodeIgniter->handleRequest(NULL, Object(Config\Cache), false)
#6 C:\Ecommerce\public\index.php(37): CodeIgniter\CodeIgniter->run()
#7 C:\Ecommerce\system\Commands\Server\rewrite.php(43): require_once('C:\\Ecommerce\\pu...')
#8 {main}
CRITICAL - 2022-06-27 01:56:36 --> Undefined variable $slider
#0 C:\Ecommerce\app\Views\admin\slider\createslider.php(8): CodeIgniter\Debug\Exceptions->errorHandler(2, 'Undefined varia...', 'C:\\Ecommerce\\ap...', 8)
#1 C:\Ecommerce\system\View\View.php(210): include('C:\\Ecommerce\\ap...')
#2 C:\Ecommerce\system\View\View.php(213): CodeIgniter\View\View->CodeIgniter\View\{closure}()
#3 C:\Ecommerce\system\Common.php(1089): CodeIgniter\View\View->render('admin/slider/cr...', Array, true)
#4 C:\Ecommerce\app\Controllers\admin\Master.php(77): view('admin/slider/cr...', Array)
#5 C:\Ecommerce\system\CodeIgniter.php(832): App\Controllers\admin\Master->createslider('1')
#6 C:\Ecommerce\system\CodeIgniter.php(419): CodeIgniter\CodeIgniter->runController(Object(App\Controllers\admin\Master))
#7 C:\Ecommerce\system\CodeIgniter.php(326): CodeIgniter\CodeIgniter->handleRequest(NULL, Object(Config\Cache), false)
#8 C:\Ecommerce\public\index.php(37): CodeIgniter\CodeIgniter->run()
#9 C:\Ecommerce\system\Commands\Server\rewrite.php(43): require_once('C:\\Ecommerce\\pu...')
#10 {main}
CRITICAL - 2022-06-27 01:57:54 --> Undefined variable $slider
#0 C:\Ecommerce\app\Views\admin\slider\createslider.php(8): CodeIgniter\Debug\Exceptions->errorHandler(2, 'Undefined varia...', 'C:\\Ecommerce\\ap...', 8)
#1 C:\Ecommerce\system\View\View.php(210): include('C:\\Ecommerce\\ap...')
#2 C:\Ecommerce\system\View\View.php(213): CodeIgniter\View\View->CodeIgniter\View\{closure}()
#3 C:\Ecommerce\system\Common.php(1089): CodeIgniter\View\View->render('admin/slider/cr...', Array, true)
#4 C:\Ecommerce\app\Controllers\admin\Master.php(77): view('admin/slider/cr...', Array)
#5 C:\Ecommerce\system\CodeIgniter.php(832): App\Controllers\admin\Master->createslider('3')
#6 C:\Ecommerce\system\CodeIgniter.php(419): CodeIgniter\CodeIgniter->runController(Object(App\Controllers\admin\Master))
#7 C:\Ecommerce\system\CodeIgniter.php(326): CodeIgniter\CodeIgniter->handleRequest(NULL, Object(Config\Cache), false)
#8 C:\Ecommerce\public\index.php(37): CodeIgniter\CodeIgniter->run()
#9 C:\Ecommerce\system\Commands\Server\rewrite.php(43): require_once('C:\\Ecommerce\\pu...')
#10 {main}
CRITICAL - 2022-06-27 01:59:21 --> Too few arguments to function App\Models\admin\MasterModel::get_slider(), 1 passed in C:\Ecommerce\app\Controllers\admin\Master.php on line 73 and exactly 2 expected
#0 C:\Ecommerce\app\Controllers\admin\Master.php(73): App\Models\admin\MasterModel->get_slider('2')
#1 C:\Ecommerce\system\CodeIgniter.php(832): App\Controllers\admin\Master->createslider('2')
#2 C:\Ecommerce\system\CodeIgniter.php(419): CodeIgniter\CodeIgniter->runController(Object(App\Controllers\admin\Master))
#3 C:\Ecommerce\system\CodeIgniter.php(326): CodeIgniter\CodeIgniter->handleRequest(NULL, Object(Config\Cache), false)
#4 C:\Ecommerce\public\index.php(37): CodeIgniter\CodeIgniter->run()
#5 C:\Ecommerce\system\Commands\Server\rewrite.php(43): require_once('C:\\Ecommerce\\pu...')
#6 {main}
CRITICAL - 2022-06-27 02:00:14 --> Undefined variable $slider
#0 C:\Ecommerce\app\Views\admin\slider\createslider.php(8): CodeIgniter\Debug\Exceptions->errorHandler(2, 'Undefined varia...', 'C:\\Ecommerce\\ap...', 8)
#1 C:\Ecommerce\system\View\View.php(210): include('C:\\Ecommerce\\ap...')
#2 C:\Ecommerce\system\View\View.php(213): CodeIgniter\View\View->CodeIgniter\View\{closure}()
#3 C:\Ecommerce\system\Common.php(1089): CodeIgniter\View\View->render('admin/slider/cr...', Array, true)
#4 C:\Ecommerce\app\Controllers\admin\Master.php(77): view('admin/slider/cr...', Array)
#5 C:\Ecommerce\system\CodeIgniter.php(832): App\Controllers\admin\Master->createslider('2')
#6 C:\Ecommerce\system\CodeIgniter.php(419): CodeIgniter\CodeIgniter->runController(Object(App\Controllers\admin\Master))
#7 C:\Ecommerce\system\CodeIgniter.php(326): CodeIgniter\CodeIgniter->handleRequest(NULL, Object(Config\Cache), false)
#8 C:\Ecommerce\public\index.php(37): CodeIgniter\CodeIgniter->run()
#9 C:\Ecommerce\system\Commands\Server\rewrite.php(43): require_once('C:\\Ecommerce\\pu...')
#10 {main}
CRITICAL - 2022-06-27 02:01:10 --> Undefined variable $slider
#0 C:\Ecommerce\app\Views\admin\slider\createslider.php(8): CodeIgniter\Debug\Exceptions->errorHandler(2, 'Undefined varia...', 'C:\\Ecommerce\\ap...', 8)
#1 C:\Ecommerce\system\View\View.php(210): include('C:\\Ecommerce\\ap...')
#2 C:\Ecommerce\system\View\View.php(213): CodeIgniter\View\View->CodeIgniter\View\{closure}()
#3 C:\Ecommerce\system\Common.php(1089): CodeIgniter\View\View->render('admin/slider/cr...', Array, true)
#4 C:\Ecommerce\app\Controllers\admin\Master.php(77): view('admin/slider/cr...', Array)
#5 C:\Ecommerce\system\CodeIgniter.php(832): App\Controllers\admin\Master->createslider('1')
#6 C:\Ecommerce\system\CodeIgniter.php(419): CodeIgniter\CodeIgniter->runController(Object(App\Controllers\admin\Master))
#7 C:\Ecommerce\system\CodeIgniter.php(326): CodeIgniter\CodeIgniter->handleRequest(NULL, Object(Config\Cache), false)
#8 C:\Ecommerce\public\index.php(37): CodeIgniter\CodeIgniter->run()
#9 C:\Ecommerce\system\Commands\Server\rewrite.php(43): require_once('C:\\Ecommerce\\pu...')
#10 {main}
CRITICAL - 2022-06-27 02:02:33 --> Undefined array key "id"
#0 C:\Ecommerce\app\Controllers\admin\Master.php(76): CodeIgniter\Debug\Exceptions->errorHandler(2, 'Undefined array...', 'C:\\Ecommerce\\ap...', 76)
#1 C:\Ecommerce\system\CodeIgniter.php(832): App\Controllers\admin\Master->createslider('1')
#2 C:\Ecommerce\system\CodeIgniter.php(419): CodeIgniter\CodeIgniter->runController(Object(App\Controllers\admin\Master))
#3 C:\Ecommerce\system\CodeIgniter.php(326): CodeIgniter\CodeIgniter->handleRequest(NULL, Object(Config\Cache), false)
#4 C:\Ecommerce\public\index.php(37): CodeIgniter\CodeIgniter->run()
#5 C:\Ecommerce\system\Commands\Server\rewrite.php(43): require_once('C:\\Ecommerce\\pu...')
#6 {main}
CRITICAL - 2022-06-27 02:03:31 --> Undefined variable $slider
#0 C:\Ecommerce\app\Views\admin\slider\createslider.php(8): CodeIgniter\Debug\Exceptions->errorHandler(2, 'Undefined varia...', 'C:\\Ecommerce\\ap...', 8)
#1 C:\Ecommerce\system\View\View.php(210): include('C:\\Ecommerce\\ap...')
#2 C:\Ecommerce\system\View\View.php(213): CodeIgniter\View\View->CodeIgniter\View\{closure}()
#3 C:\Ecommerce\system\Common.php(1089): CodeIgniter\View\View->render('admin/slider/cr...', Array, true)
#4 C:\Ecommerce\app\Controllers\admin\Master.php(78): view('admin/slider/cr...', Array)
#5 C:\Ecommerce\system\CodeIgniter.php(832): App\Controllers\admin\Master->createslider('1')
#6 C:\Ecommerce\system\CodeIgniter.php(419): CodeIgniter\CodeIgniter->runController(Object(App\Controllers\admin\Master))
#7 C:\Ecommerce\system\CodeIgniter.php(326): CodeIgniter\CodeIgniter->handleRequest(NULL, Object(Config\Cache), false)
#8 C:\Ecommerce\public\index.php(37): CodeIgniter\CodeIgniter->run()
#9 C:\Ecommerce\system\Commands\Server\rewrite.php(43): require_once('C:\\Ecommerce\\pu...')
#10 {main}
CRITICAL - 2022-06-27 02:04:00 --> Undefined variable $slider
#0 C:\Ecommerce\app\Views\admin\slider\createslider.php(8): CodeIgniter\Debug\Exceptions->errorHandler(2, 'Undefined varia...', 'C:\\Ecommerce\\ap...', 8)
#1 C:\Ecommerce\system\View\View.php(210): include('C:\\Ecommerce\\ap...')
#2 C:\Ecommerce\system\View\View.php(213): CodeIgniter\View\View->CodeIgniter\View\{closure}()
#3 C:\Ecommerce\system\Common.php(1089): CodeIgniter\View\View->render('admin/slider/cr...', Array, true)
#4 C:\Ecommerce\app\Controllers\admin\Master.php(78): view('admin/slider/cr...', Array)
#5 C:\Ecommerce\system\CodeIgniter.php(832): App\Controllers\admin\Master->createslider('2')
#6 C:\Ecommerce\system\CodeIgniter.php(419): CodeIgniter\CodeIgniter->runController(Object(App\Controllers\admin\Master))
#7 C:\Ecommerce\system\CodeIgniter.php(326): CodeIgniter\CodeIgniter->handleRequest(NULL, Object(Config\Cache), false)
#8 C:\Ecommerce\public\index.php(37): CodeIgniter\CodeIgniter->run()
#9 C:\Ecommerce\system\Commands\Server\rewrite.php(43): require_once('C:\\Ecommerce\\pu...')
#10 {main}
CRITICAL - 2022-06-27 02:04:09 --> Undefined variable $slider
#0 C:\Ecommerce\app\Views\admin\slider\createslider.php(8): CodeIgniter\Debug\Exceptions->errorHandler(2, 'Undefined varia...', 'C:\\Ecommerce\\ap...', 8)
#1 C:\Ecommerce\system\View\View.php(210): include('C:\\Ecommerce\\ap...')
#2 C:\Ecommerce\system\View\View.php(213): CodeIgniter\View\View->CodeIgniter\View\{closure}()
#3 C:\Ecommerce\system\Common.php(1089): CodeIgniter\View\View->render('admin/slider/cr...', Array, true)
#4 C:\Ecommerce\app\Controllers\admin\Master.php(78): view('admin/slider/cr...', Array)
#5 C:\Ecommerce\system\CodeIgniter.php(832): App\Controllers\admin\Master->createslider()
#6 C:\Ecommerce\system\CodeIgniter.php(419): CodeIgniter\CodeIgniter->runController(Object(App\Controllers\admin\Master))
#7 C:\Ecommerce\system\CodeIgniter.php(326): CodeIgniter\CodeIgniter->handleRequest(NULL, Object(Config\Cache), false)
#8 C:\Ecommerce\public\index.php(37): CodeIgniter\CodeIgniter->run()
#9 C:\Ecommerce\system\Commands\Server\rewrite.php(43): require_once('C:\\Ecommerce\\pu...')
#10 {main}
ERROR - 2022-06-27 02:04:59 --> Table 'ecommerce.slidr' doesn't exist
CRITICAL - 2022-06-27 02:04:59 --> Table 'ecommerce.slidr' doesn't exist
#0 C:\Ecommerce\system\Database\MySQLi\Connection.php(292): mysqli->query('UPDATE `slidr` ...', 0)
#1 C:\Ecommerce\system\Database\BaseConnection.php(670): CodeIgniter\Database\MySQLi\Connection->execute('UPDATE `slidr` ...')
#2 C:\Ecommerce\system\Database\BaseConnection.php(598): CodeIgniter\Database\BaseConnection->simpleQuery('UPDATE `slidr` ...')
#3 C:\Ecommerce\system\Database\BaseBuilder.php(1913): CodeIgniter\Database\BaseConnection->query('UPDATE `slidr` ...', Array, false)
#4 C:\Ecommerce\app\Models\admin\MasterModel.php(204): CodeIgniter\Database\BaseBuilder->update(Array)
#5 C:\Ecommerce\app\Controllers\admin\Master.php(94): App\Models\admin\MasterModel->Deleteslider(Array)
#6 C:\Ecommerce\system\CodeIgniter.php(832): App\Controllers\admin\Master->sliderdelete('Delete')
#7 C:\Ecommerce\system\CodeIgniter.php(419): CodeIgniter\CodeIgniter->runController(Object(App\Controllers\admin\Master))
#8 C:\Ecommerce\system\CodeIgniter.php(326): CodeIgniter\CodeIgniter->handleRequest(NULL, Object(Config\Cache), false)
#9 C:\Ecommerce\public\index.php(37): CodeIgniter\CodeIgniter->run()
#10 C:\Ecommerce\system\Commands\Server\rewrite.php(43): require_once('C:\\Ecommerce\\pu...')
#11 {main}
CRITICAL - 2022-06-27 02:22:01 --> Undefined variable $slider
#0 C:\Ecommerce\app\Views\admin\slider\createslider.php(8): CodeIgniter\Debug\Exceptions->errorHandler(2, 'Undefined varia...', 'C:\\Ecommerce\\ap...', 8)
#1 C:\Ecommerce\system\View\View.php(210): include('C:\\Ecommerce\\ap...')
#2 C:\Ecommerce\system\View\View.php(213): CodeIgniter\View\View->CodeIgniter\View\{closure}()
#3 C:\Ecommerce\system\Common.php(1089): CodeIgniter\View\View->render('admin/slider/cr...', Array, true)
#4 C:\Ecommerce\app\Controllers\admin\Master.php(78): view('admin/slider/cr...', Array)
#5 C:\Ecommerce\system\CodeIgniter.php(832): App\Controllers\admin\Master->createslider('4')
#6 C:\Ecommerce\system\CodeIgniter.php(419): CodeIgniter\CodeIgniter->runController(Object(App\Controllers\admin\Master))
#7 C:\Ecommerce\system\CodeIgniter.php(326): CodeIgniter\CodeIgniter->handleRequest(NULL, Object(Config\Cache), false)
#8 C:\Ecommerce\public\index.php(37): CodeIgniter\CodeIgniter->run()
#9 C:\Ecommerce\system\Commands\Server\rewrite.php(43): require_once('C:\\Ecommerce\\pu...')
#10 {main}
CRITICAL - 2022-06-27 02:22:28 --> Undefined variable $slider
#0 C:\Ecommerce\app\Views\admin\slider\createslider.php(8): CodeIgniter\Debug\Exceptions->errorHandler(2, 'Undefined varia...', 'C:\\Ecommerce\\ap...', 8)
#1 C:\Ecommerce\system\View\View.php(210): include('C:\\Ecommerce\\ap...')
#2 C:\Ecommerce\system\View\View.php(213): CodeIgniter\View\View->CodeIgniter\View\{closure}()
#3 C:\Ecommerce\system\Common.php(1089): CodeIgniter\View\View->render('admin/slider/cr...', Array, true)
#4 C:\Ecommerce\app\Controllers\admin\Master.php(78): view('admin/slider/cr...', Array)
#5 C:\Ecommerce\system\CodeIgniter.php(832): App\Controllers\admin\Master->createslider('4')
#6 C:\Ecommerce\system\CodeIgniter.php(419): CodeIgniter\CodeIgniter->runController(Object(App\Controllers\admin\Master))
#7 C:\Ecommerce\system\CodeIgniter.php(326): CodeIgniter\CodeIgniter->handleRequest(NULL, Object(Config\Cache), false)
#8 C:\Ecommerce\public\index.php(37): CodeIgniter\CodeIgniter->run()
#9 C:\Ecommerce\system\Commands\Server\rewrite.php(43): require_once('C:\\Ecommerce\\pu...')
#10 {main}
CRITICAL - 2022-06-27 02:24:35 --> Undefined variable $slider
#0 C:\Ecommerce\app\Views\admin\slider\createslider.php(8): CodeIgniter\Debug\Exceptions->errorHandler(2, 'Undefined varia...', 'C:\\Ecommerce\\ap...', 8)
#1 C:\Ecommerce\system\View\View.php(210): include('C:\\Ecommerce\\ap...')
#2 C:\Ecommerce\system\View\View.php(213): CodeIgniter\View\View->CodeIgniter\View\{closure}()
#3 C:\Ecommerce\system\Common.php(1089): CodeIgniter\View\View->render('admin/slider/cr...', Array, true)
#4 C:\Ecommerce\app\Controllers\admin\Master.php(78): view('admin/slider/cr...', Array)
#5 C:\Ecommerce\system\CodeIgniter.php(832): App\Controllers\admin\Master->createslider('4')
#6 C:\Ecommerce\system\CodeIgniter.php(419): CodeIgniter\CodeIgniter->runController(Object(App\Controllers\admin\Master))
#7 C:\Ecommerce\system\CodeIgniter.php(326): CodeIgniter\CodeIgniter->handleRequest(NULL, Object(Config\Cache), false)
#8 C:\Ecommerce\public\index.php(37): CodeIgniter\CodeIgniter->run()
#9 C:\Ecommerce\system\Commands\Server\rewrite.php(43): require_once('C:\\Ecommerce\\pu...')
#10 {main}
CRITICAL - 2022-06-27 02:26:03 --> Undefined variable $slider
#0 C:\Ecommerce\app\Views\admin\slider\createslider.php(12): CodeIgniter\Debug\Exceptions->errorHandler(2, 'Undefined varia...', 'C:\\Ecommerce\\ap...', 12)
#1 C:\Ecommerce\system\View\View.php(210): include('C:\\Ecommerce\\ap...')
#2 C:\Ecommerce\system\View\View.php(213): CodeIgniter\View\View->CodeIgniter\View\{closure}()
#3 C:\Ecommerce\system\Common.php(1089): CodeIgniter\View\View->render('admin/slider/cr...', Array, true)
#4 C:\Ecommerce\app\Controllers\admin\Master.php(78): view('admin/slider/cr...', Array)
#5 C:\Ecommerce\system\CodeIgniter.php(832): App\Controllers\admin\Master->createslider('3')
#6 C:\Ecommerce\system\CodeIgniter.php(419): CodeIgniter\CodeIgniter->runController(Object(App\Controllers\admin\Master))
#7 C:\Ecommerce\system\CodeIgniter.php(326): CodeIgniter\CodeIgniter->handleRequest(NULL, Object(Config\Cache), false)
#8 C:\Ecommerce\public\index.php(37): CodeIgniter\CodeIgniter->run()
#9 C:\Ecommerce\system\Commands\Server\rewrite.php(43): require_once('C:\\Ecommerce\\pu...')
#10 {main}
CRITICAL - 2022-06-27 02:26:26 --> Undefined variable $slider
#0 C:\Ecommerce\app\Views\admin\slider\createslider.php(12): CodeIgniter\Debug\Exceptions->errorHandler(2, 'Undefined varia...', 'C:\\Ecommerce\\ap...', 12)
#1 C:\Ecommerce\system\View\View.php(210): include('C:\\Ecommerce\\ap...')
#2 C:\Ecommerce\system\View\View.php(213): CodeIgniter\View\View->CodeIgniter\View\{closure}()
#3 C:\Ecommerce\system\Common.php(1089): CodeIgniter\View\View->render('admin/slider/cr...', Array, true)
#4 C:\Ecommerce\app\Controllers\admin\Master.php(78): view('admin/slider/cr...', Array)
#5 C:\Ecommerce\system\CodeIgniter.php(832): App\Controllers\admin\Master->createslider('4')
#6 C:\Ecommerce\system\CodeIgniter.php(419): CodeIgniter\CodeIgniter->runController(Object(App\Controllers\admin\Master))
#7 C:\Ecommerce\system\CodeIgniter.php(326): CodeIgniter\CodeIgniter->handleRequest(NULL, Object(Config\Cache), false)
#8 C:\Ecommerce\public\index.php(37): CodeIgniter\CodeIgniter->run()
#9 C:\Ecommerce\system\Commands\Server\rewrite.php(43): require_once('C:\\Ecommerce\\pu...')
#10 {main}
CRITICAL - 2022-06-27 02:27:37 --> Undefined array key "id"
#0 C:\Ecommerce\app\Controllers\admin\Master.php(74): CodeIgniter\Debug\Exceptions->errorHandler(2, 'Undefined array...', 'C:\\Ecommerce\\ap...', 74)
#1 C:\Ecommerce\system\CodeIgniter.php(832): App\Controllers\admin\Master->createslider('3')
#2 C:\Ecommerce\system\CodeIgniter.php(419): CodeIgniter\CodeIgniter->runController(Object(App\Controllers\admin\Master))
#3 C:\Ecommerce\system\CodeIgniter.php(326): CodeIgniter\CodeIgniter->handleRequest(NULL, Object(Config\Cache), false)
#4 C:\Ecommerce\public\index.php(37): CodeIgniter\CodeIgniter->run()
#5 C:\Ecommerce\system\Commands\Server\rewrite.php(43): require_once('C:\\Ecommerce\\pu...')
#6 {main}
CRITICAL - 2022-06-27 02:28:03 --> Undefined array key "id"
#0 C:\Ecommerce\app\Controllers\admin\Master.php(75): CodeIgniter\Debug\Exceptions->errorHandler(2, 'Undefined array...', 'C:\\Ecommerce\\ap...', 75)
#1 C:\Ecommerce\system\CodeIgniter.php(832): App\Controllers\admin\Master->createslider('2')
#2 C:\Ecommerce\system\CodeIgniter.php(419): CodeIgniter\CodeIgniter->runController(Object(App\Controllers\admin\Master))
#3 C:\Ecommerce\system\CodeIgniter.php(326): CodeIgniter\CodeIgniter->handleRequest(NULL, Object(Config\Cache), false)
#4 C:\Ecommerce\public\index.php(37): CodeIgniter\CodeIgniter->run()
#5 C:\Ecommerce\system\Commands\Server\rewrite.php(43): require_once('C:\\Ecommerce\\pu...')
#6 {main}
CRITICAL - 2022-06-27 02:29:32 --> Too few arguments to function App\Models\admin\MasterModel::get_slider(), 1 passed in C:\Ecommerce\app\Controllers\admin\Master.php on line 73 and exactly 2 expected
#0 C:\Ecommerce\app\Controllers\admin\Master.php(73): App\Models\admin\MasterModel->get_slider('3')
#1 C:\Ecommerce\system\CodeIgniter.php(832): App\Controllers\admin\Master->createslider('3')
#2 C:\Ecommerce\system\CodeIgniter.php(419): CodeIgniter\CodeIgniter->runController(Object(App\Controllers\admin\Master))
#3 C:\Ecommerce\system\CodeIgniter.php(326): CodeIgniter\CodeIgniter->handleRequest(NULL, Object(Config\Cache), false)
#4 C:\Ecommerce\public\index.php(37): CodeIgniter\CodeIgniter->run()
#5 C:\Ecommerce\system\Commands\Server\rewrite.php(43): require_once('C:\\Ecommerce\\pu...')
#6 {main}
CRITICAL - 2022-06-27 04:06:51 --> Undefined array key "id"
#0 C:\Ecommerce\app\Controllers\admin\Master.php(75): CodeIgniter\Debug\Exceptions->errorHandler(2, 'Undefined array...', 'C:\\Ecommerce\\ap...', 75)
#1 C:\Ecommerce\system\CodeIgniter.php(832): App\Controllers\admin\Master->createslider('2')
#2 C:\Ecommerce\system\CodeIgniter.php(419): CodeIgniter\CodeIgniter->runController(Object(App\Controllers\admin\Master))
#3 C:\Ecommerce\system\CodeIgniter.php(326): CodeIgniter\CodeIgniter->handleRequest(NULL, Object(Config\Cache), false)
#4 C:\Ecommerce\public\index.php(37): CodeIgniter\CodeIgniter->run()
#5 C:\Ecommerce\system\Commands\Server\rewrite.php(43): require_once('C:\\Ecommerce\\pu...')
#6 {main}
CRITICAL - 2022-06-27 04:19:06 --> Undefined variable $slider
#0 C:\Ecommerce\app\Views\admin\slider\createslider.php(12): CodeIgniter\Debug\Exceptions->errorHandler(2, 'Undefined varia...', 'C:\\Ecommerce\\ap...', 12)
#1 C:\Ecommerce\system\View\View.php(210): include('C:\\Ecommerce\\ap...')
#2 C:\Ecommerce\system\View\View.php(213): CodeIgniter\View\View->CodeIgniter\View\{closure}()
#3 C:\Ecommerce\system\Common.php(1089): CodeIgniter\View\View->render('admin/slider/cr...', Array, true)
#4 C:\Ecommerce\app\Controllers\admin\Master.php(77): view('admin/slider/cr...', Array)
#5 C:\Ecommerce\system\CodeIgniter.php(832): App\Controllers\admin\Master->createslider('3')
#6 C:\Ecommerce\system\CodeIgniter.php(419): CodeIgniter\CodeIgniter->runController(Object(App\Controllers\admin\Master))
#7 C:\Ecommerce\system\CodeIgniter.php(326): CodeIgniter\CodeIgniter->handleRequest(NULL, Object(Config\Cache), false)
#8 C:\Ecommerce\public\index.php(37): CodeIgniter\CodeIgniter->run()
#9 C:\Ecommerce\system\Commands\Server\rewrite.php(43): require_once('C:\\Ecommerce\\pu...')
#10 {main}
CRITICAL - 2022-06-27 04:19:55 --> Undefined variable $slider
#0 C:\Ecommerce\app\Views\admin\slider\createslider.php(12): CodeIgniter\Debug\Exceptions->errorHandler(2, 'Undefined varia...', 'C:\\Ecommerce\\ap...', 12)
#1 C:\Ecommerce\system\View\View.php(210): include('C:\\Ecommerce\\ap...')
#2 C:\Ecommerce\system\View\View.php(213): CodeIgniter\View\View->CodeIgniter\View\{closure}()
#3 C:\Ecommerce\system\Common.php(1089): CodeIgniter\View\View->render('admin/slider/cr...', Array, true)
#4 C:\Ecommerce\app\Controllers\admin\Master.php(77): view('admin/slider/cr...', Array)
#5 C:\Ecommerce\system\CodeIgniter.php(832): App\Controllers\admin\Master->createslider('3')
#6 C:\Ecommerce\system\CodeIgniter.php(419): CodeIgniter\CodeIgniter->runController(Object(App\Controllers\admin\Master))
#7 C:\Ecommerce\system\CodeIgniter.php(326): CodeIgniter\CodeIgniter->handleRequest(NULL, Object(Config\Cache), false)
#8 C:\Ecommerce\public\index.php(37): CodeIgniter\CodeIgniter->run()
#9 C:\Ecommerce\system\Commands\Server\rewrite.php(43): require_once('C:\\Ecommerce\\pu...')
#10 {main}
CRITICAL - 2022-06-27 04:20:19 --> Undefined variable $slider
#0 C:\Ecommerce\app\Views\admin\slider\createslider.php(12): CodeIgniter\Debug\Exceptions->errorHandler(2, 'Undefined varia...', 'C:\\Ecommerce\\ap...', 12)
#1 C:\Ecommerce\system\View\View.php(210): include('C:\\Ecommerce\\ap...')
#2 C:\Ecommerce\system\View\View.php(213): CodeIgniter\View\View->CodeIgniter\View\{closure}()
#3 C:\Ecommerce\system\Common.php(1089): CodeIgniter\View\View->render('admin/slider/cr...', Array, true)
#4 C:\Ecommerce\app\Controllers\admin\Master.php(77): view('admin/slider/cr...', Array)
#5 C:\Ecommerce\system\CodeIgniter.php(832): App\Controllers\admin\Master->createslider('4')
#6 C:\Ecommerce\system\CodeIgniter.php(419): CodeIgniter\CodeIgniter->runController(Object(App\Controllers\admin\Master))
#7 C:\Ecommerce\system\CodeIgniter.php(326): CodeIgniter\CodeIgniter->handleRequest(NULL, Object(Config\Cache), false)
#8 C:\Ecommerce\public\index.php(37): CodeIgniter\CodeIgniter->run()
#9 C:\Ecommerce\system\Commands\Server\rewrite.php(43): require_once('C:\\Ecommerce\\pu...')
#10 {main}
CRITICAL - 2022-06-27 04:21:00 --> view(): Argument #2 ($data) must be of type array, null given, called in C:\Ecommerce\app\Controllers\admin\Master.php on line 77
#0 C:\Ecommerce\app\Controllers\admin\Master.php(77): view('admin/slider/cr...', NULL)
#1 C:\Ecommerce\system\CodeIgniter.php(832): App\Controllers\admin\Master->createslider()
#2 C:\Ecommerce\system\CodeIgniter.php(419): CodeIgniter\CodeIgniter->runController(Object(App\Controllers\admin\Master))
#3 C:\Ecommerce\system\CodeIgniter.php(326): CodeIgniter\CodeIgniter->handleRequest(NULL, Object(Config\Cache), false)
#4 C:\Ecommerce\public\index.php(37): CodeIgniter\CodeIgniter->run()
#5 C:\Ecommerce\system\Commands\Server\rewrite.php(43): require_once('C:\\Ecommerce\\pu...')
#6 {main}
CRITICAL - 2022-06-27 04:21:07 --> Undefined variable $slider
#0 C:\Ecommerce\app\Views\admin\slider\createslider.php(12): CodeIgniter\Debug\Exceptions->errorHandler(2, 'Undefined varia...', 'C:\\Ecommerce\\ap...', 12)
#1 C:\Ecommerce\system\View\View.php(210): include('C:\\Ecommerce\\ap...')
#2 C:\Ecommerce\system\View\View.php(213): CodeIgniter\View\View->CodeIgniter\View\{closure}()
#3 C:\Ecommerce\system\Common.php(1089): CodeIgniter\View\View->render('admin/slider/cr...', Array, true)
#4 C:\Ecommerce\app\Controllers\admin\Master.php(77): view('admin/slider/cr...', Array)
#5 C:\Ecommerce\system\CodeIgniter.php(832): App\Controllers\admin\Master->createslider('4')
#6 C:\Ecommerce\system\CodeIgniter.php(419): CodeIgniter\CodeIgniter->runController(Object(App\Controllers\admin\Master))
#7 C:\Ecommerce\system\CodeIgniter.php(326): CodeIgniter\CodeIgniter->handleRequest(NULL, Object(Config\Cache), false)
#8 C:\Ecommerce\public\index.php(37): CodeIgniter\CodeIgniter->run()
#9 C:\Ecommerce\system\Commands\Server\rewrite.php(43): require_once('C:\\Ecommerce\\pu...')
#10 {main}
CRITICAL - 2022-06-27 04:21:39 --> view(): Argument #2 ($data) must be of type array, null given, called in C:\Ecommerce\app\Controllers\admin\Master.php on line 77
#0 C:\Ecommerce\app\Controllers\admin\Master.php(77): view('admin/slider/cr...', NULL)
#1 C:\Ecommerce\system\CodeIgniter.php(832): App\Controllers\admin\Master->createslider()
#2 C:\Ecommerce\system\CodeIgniter.php(419): CodeIgniter\CodeIgniter->runController(Object(App\Controllers\admin\Master))
#3 C:\Ecommerce\system\CodeIgniter.php(326): CodeIgniter\CodeIgniter->handleRequest(NULL, Object(Config\Cache), false)
#4 C:\Ecommerce\public\index.php(37): CodeIgniter\CodeIgniter->run()
#5 C:\Ecommerce\system\Commands\Server\rewrite.php(43): require_once('C:\\Ecommerce\\pu...')
#6 {main}
CRITICAL - 2022-06-27 04:22:11 --> Undefined variable $slider
#0 C:\Ecommerce\app\Views\admin\slider\createslider.php(12): CodeIgniter\Debug\Exceptions->errorHandler(2, 'Undefined varia...', 'C:\\Ecommerce\\ap...', 12)
#1 C:\Ecommerce\system\View\View.php(210): include('C:\\Ecommerce\\ap...')
#2 C:\Ecommerce\system\View\View.php(213): CodeIgniter\View\View->CodeIgniter\View\{closure}()
#3 C:\Ecommerce\system\Common.php(1089): CodeIgniter\View\View->render('admin/slider/cr...', Array, true)
#4 C:\Ecommerce\app\Controllers\admin\Master.php(77): view('admin/slider/cr...', Array)
#5 C:\Ecommerce\system\CodeIgniter.php(832): App\Controllers\admin\Master->createslider('4')
#6 C:\Ecommerce\system\CodeIgniter.php(419): CodeIgniter\CodeIgniter->runController(Object(App\Controllers\admin\Master))
#7 C:\Ecommerce\system\CodeIgniter.php(326): CodeIgniter\CodeIgniter->handleRequest(NULL, Object(Config\Cache), false)
#8 C:\Ecommerce\public\index.php(37): CodeIgniter\CodeIgniter->run()
#9 C:\Ecommerce\system\Commands\Server\rewrite.php(43): require_once('C:\\Ecommerce\\pu...')
#10 {main}
CRITICAL - 2022-06-27 04:23:11 --> Undefined variable $slider
#0 C:\Ecommerce\app\Views\admin\slider\createslider.php(4): CodeIgniter\Debug\Exceptions->errorHandler(2, 'Undefined varia...', 'C:\\Ecommerce\\ap...', 4)
#1 C:\Ecommerce\system\View\View.php(210): include('C:\\Ecommerce\\ap...')
#2 C:\Ecommerce\system\View\View.php(213): CodeIgniter\View\View->CodeIgniter\View\{closure}()
#3 C:\Ecommerce\system\Common.php(1089): CodeIgniter\View\View->render('admin/slider/cr...', Array, true)
#4 C:\Ecommerce\app\Controllers\admin\Master.php(77): view('admin/slider/cr...', Array)
#5 C:\Ecommerce\system\CodeIgniter.php(832): App\Controllers\admin\Master->createslider('4')
#6 C:\Ecommerce\system\CodeIgniter.php(419): CodeIgniter\CodeIgniter->runController(Object(App\Controllers\admin\Master))
#7 C:\Ecommerce\system\CodeIgniter.php(326): CodeIgniter\CodeIgniter->handleRequest(NULL, Object(Config\Cache), false)
#8 C:\Ecommerce\public\index.php(37): CodeIgniter\CodeIgniter->run()
#9 C:\Ecommerce\system\Commands\Server\rewrite.php(43): require_once('C:\\Ecommerce\\pu...')
#10 {main}
CRITICAL - 2022-06-27 04:23:35 --> Undefined variable $slider
#0 C:\Ecommerce\app\Views\admin\slider\createslider.php(4): CodeIgniter\Debug\Exceptions->errorHandler(2, 'Undefined varia...', 'C:\\Ecommerce\\ap...', 4)
#1 C:\Ecommerce\system\View\View.php(210): include('C:\\Ecommerce\\ap...')
#2 C:\Ecommerce\system\View\View.php(213): CodeIgniter\View\View->CodeIgniter\View\{closure}()
#3 C:\Ecommerce\system\Common.php(1089): CodeIgniter\View\View->render('admin/slider/cr...', Array, true)
#4 C:\Ecommerce\app\Controllers\admin\Master.php(77): view('admin/slider/cr...', Array)
#5 C:\Ecommerce\system\CodeIgniter.php(832): App\Controllers\admin\Master->createslider('4')
#6 C:\Ecommerce\system\CodeIgniter.php(419): CodeIgniter\CodeIgniter->runController(Object(App\Controllers\admin\Master))
#7 C:\Ecommerce\system\CodeIgniter.php(326): CodeIgniter\CodeIgniter->handleRequest(NULL, Object(Config\Cache), false)
#8 C:\Ecommerce\public\index.php(37): CodeIgniter\CodeIgniter->run()
#9 C:\Ecommerce\system\Commands\Server\rewrite.php(43): require_once('C:\\Ecommerce\\pu...')
#10 {main}
CRITICAL - 2022-06-27 04:24:17 --> Undefined variable $slider
#0 C:\Ecommerce\app\Views\admin\slider\createslider.php(4): CodeIgniter\Debug\Exceptions->errorHandler(2, 'Undefined varia...', 'C:\\Ecommerce\\ap...', 4)
#1 C:\Ecommerce\system\View\View.php(210): include('C:\\Ecommerce\\ap...')
#2 C:\Ecommerce\system\View\View.php(213): CodeIgniter\View\View->CodeIgniter\View\{closure}()
#3 C:\Ecommerce\system\Common.php(1089): CodeIgniter\View\View->render('admin/slider/cr...', Array, true)
#4 C:\Ecommerce\app\Controllers\admin\Master.php(77): view('admin/slider/cr...', Array)
#5 C:\Ecommerce\system\CodeIgniter.php(832): App\Controllers\admin\Master->createslider('3')
#6 C:\Ecommerce\system\CodeIgniter.php(419): CodeIgniter\CodeIgniter->runController(Object(App\Controllers\admin\Master))
#7 C:\Ecommerce\system\CodeIgniter.php(326): CodeIgniter\CodeIgniter->handleRequest(NULL, Object(Config\Cache), false)
#8 C:\Ecommerce\public\index.php(37): CodeIgniter\CodeIgniter->run()
#9 C:\Ecommerce\system\Commands\Server\rewrite.php(43): require_once('C:\\Ecommerce\\pu...')
#10 {main}
CRITICAL - 2022-06-27 04:27:50 --> Undefined variable $slider
#0 C:\Ecommerce\app\Views\admin\slider\createslider.php(4): CodeIgniter\Debug\Exceptions->errorHandler(2, 'Undefined varia...', 'C:\\Ecommerce\\ap...', 4)
#1 C:\Ecommerce\system\View\View.php(210): include('C:\\Ecommerce\\ap...')
#2 C:\Ecommerce\system\View\View.php(213): CodeIgniter\View\View->CodeIgniter\View\{closure}()
#3 C:\Ecommerce\system\Common.php(1089): CodeIgniter\View\View->render('admin/slider/cr...', Array, true)
#4 C:\Ecommerce\app\Controllers\admin\Master.php(77): view('admin/slider/cr...', Array)
#5 C:\Ecommerce\system\CodeIgniter.php(832): App\Controllers\admin\Master->createslider('4')
#6 C:\Ecommerce\system\CodeIgniter.php(419): CodeIgniter\CodeIgniter->runController(Object(App\Controllers\admin\Master))
#7 C:\Ecommerce\system\CodeIgniter.php(326): CodeIgniter\CodeIgniter->handleRequest(NULL, Object(Config\Cache), false)
#8 C:\Ecommerce\public\index.php(37): CodeIgniter\CodeIgniter->run()
#9 C:\Ecommerce\system\Commands\Server\rewrite.php(43): require_once('C:\\Ecommerce\\pu...')
#10 {main}
CRITICAL - 2022-06-27 04:30:38 --> Undefined variable $slider
#0 C:\Ecommerce\app\Views\admin\slider\createslider.php(4): CodeIgniter\Debug\Exceptions->errorHandler(2, 'Undefined varia...', 'C:\\Ecommerce\\ap...', 4)
#1 C:\Ecommerce\system\View\View.php(210): include('C:\\Ecommerce\\ap...')
#2 C:\Ecommerce\system\View\View.php(213): CodeIgniter\View\View->CodeIgniter\View\{closure}()
#3 C:\Ecommerce\system\Common.php(1089): CodeIgniter\View\View->render('admin/slider/cr...', Array, true)
#4 C:\Ecommerce\app\Controllers\admin\Master.php(77): view('admin/slider/cr...', Array)
#5 C:\Ecommerce\system\CodeIgniter.php(832): App\Controllers\admin\Master->createslider('4')
#6 C:\Ecommerce\system\CodeIgniter.php(419): CodeIgniter\CodeIgniter->runController(Object(App\Controllers\admin\Master))
#7 C:\Ecommerce\system\CodeIgniter.php(326): CodeIgniter\CodeIgniter->handleRequest(NULL, Object(Config\Cache), false)
#8 C:\Ecommerce\public\index.php(37): CodeIgniter\CodeIgniter->run()
#9 C:\Ecommerce\system\Commands\Server\rewrite.php(43): require_once('C:\\Ecommerce\\pu...')
#10 {main}
CRITICAL - 2022-06-27 04:48:14 --> view(): Argument #2 ($data) must be of type array, null given, called in C:\Ecommerce\app\Controllers\admin\Master.php on line 77
#0 C:\Ecommerce\app\Controllers\admin\Master.php(77): view('admin/slider/cr...', NULL)
#1 C:\Ecommerce\system\CodeIgniter.php(832): App\Controllers\admin\Master->createslider()
#2 C:\Ecommerce\system\CodeIgniter.php(419): CodeIgniter\CodeIgniter->runController(Object(App\Controllers\admin\Master))
#3 C:\Ecommerce\system\CodeIgniter.php(326): CodeIgniter\CodeIgniter->handleRequest(NULL, Object(Config\Cache), false)
#4 C:\Ecommerce\public\index.php(37): CodeIgniter\CodeIgniter->run()
#5 C:\Ecommerce\system\Commands\Server\rewrite.php(43): require_once('C:\\Ecommerce\\pu...')
#6 {main}
CRITICAL - 2022-06-27 05:13:37 --> Undefined variable $slider
#0 C:\Ecommerce\app\Views\admin\slider\createslider.php(6): CodeIgniter\Debug\Exceptions->errorHandler(2, 'Undefined varia...', 'C:\\Ecommerce\\ap...', 6)
#1 C:\Ecommerce\system\View\View.php(210): include('C:\\Ecommerce\\ap...')
#2 C:\Ecommerce\system\View\View.php(213): CodeIgniter\View\View->CodeIgniter\View\{closure}()
#3 C:\Ecommerce\system\Common.php(1089): CodeIgniter\View\View->render('admin/slider/cr...', Array, true)
#4 C:\Ecommerce\app\Controllers\admin\Master.php(77): view('admin/slider/cr...', Array)
#5 C:\Ecommerce\system\CodeIgniter.php(832): App\Controllers\admin\Master->createslider('3')
#6 C:\Ecommerce\system\CodeIgniter.php(419): CodeIgniter\CodeIgniter->runController(Object(App\Controllers\admin\Master))
#7 C:\Ecommerce\system\CodeIgniter.php(326): CodeIgniter\CodeIgniter->handleRequest(NULL, Object(Config\Cache), false)
#8 C:\Ecommerce\public\index.php(37): CodeIgniter\CodeIgniter->run()
#9 C:\Ecommerce\system\Commands\Server\rewrite.php(43): require_once('C:\\Ecommerce\\pu...')
#10 {main}
CRITICAL - 2022-06-27 05:14:16 --> Undefined variable $slider
#0 C:\Ecommerce\app\Views\admin\slider\createslider.php(6): CodeIgniter\Debug\Exceptions->errorHandler(2, 'Undefined varia...', 'C:\\Ecommerce\\ap...', 6)
#1 C:\Ecommerce\system\View\View.php(210): include('C:\\Ecommerce\\ap...')
#2 C:\Ecommerce\system\View\View.php(213): CodeIgniter\View\View->CodeIgniter\View\{closure}()
#3 C:\Ecommerce\system\Common.php(1089): CodeIgniter\View\View->render('admin/slider/cr...', Array, true)
#4 C:\Ecommerce\app\Controllers\admin\Master.php(77): view('admin/slider/cr...', Array)
#5 C:\Ecommerce\system\CodeIgniter.php(832): App\Controllers\admin\Master->createslider('3')
#6 C:\Ecommerce\system\CodeIgniter.php(419): CodeIgniter\CodeIgniter->runController(Object(App\Controllers\admin\Master))
#7 C:\Ecommerce\system\CodeIgniter.php(326): CodeIgniter\CodeIgniter->handleRequest(NULL, Object(Config\Cache), false)
#8 C:\Ecommerce\public\index.php(37): CodeIgniter\CodeIgniter->run()
#9 C:\Ecommerce\system\Commands\Server\rewrite.php(43): require_once('C:\\Ecommerce\\pu...')
#10 {main}
CRITICAL - 2022-06-27 05:14:55 --> Undefined variable $slider
#0 C:\Ecommerce\app\Views\admin\slider\createslider.php(6): CodeIgniter\Debug\Exceptions->errorHandler(2, 'Undefined varia...', 'C:\\Ecommerce\\ap...', 6)
#1 C:\Ecommerce\system\View\View.php(210): include('C:\\Ecommerce\\ap...')
#2 C:\Ecommerce\system\View\View.php(213): CodeIgniter\View\View->CodeIgniter\View\{closure}()
#3 C:\Ecommerce\system\Common.php(1089): CodeIgniter\View\View->render('admin/slider/cr...', Array, true)
#4 C:\Ecommerce\app\Controllers\admin\Master.php(77): view('admin/slider/cr...', Array)
#5 C:\Ecommerce\system\CodeIgniter.php(832): App\Controllers\admin\Master->createslider()
#6 C:\Ecommerce\system\CodeIgniter.php(419): CodeIgniter\CodeIgniter->runController(Object(App\Controllers\admin\Master))
#7 C:\Ecommerce\system\CodeIgniter.php(326): CodeIgniter\CodeIgniter->handleRequest(NULL, Object(Config\Cache), false)
#8 C:\Ecommerce\public\index.php(37): CodeIgniter\CodeIgniter->run()
#9 C:\Ecommerce\system\Commands\Server\rewrite.php(43): require_once('C:\\Ecommerce\\pu...')
#10 {main}
CRITICAL - 2022-06-27 05:22:53 --> Undefined variable $slider
#0 C:\Ecommerce\app\Views\admin\slider\createslider.php(6): CodeIgniter\Debug\Exceptions->errorHandler(2, 'Undefined varia...', 'C:\\Ecommerce\\ap...', 6)
#1 C:\Ecommerce\system\View\View.php(210): include('C:\\Ecommerce\\ap...')
#2 C:\Ecommerce\system\View\View.php(213): CodeIgniter\View\View->CodeIgniter\View\{closure}()
#3 C:\Ecommerce\system\Common.php(1089): CodeIgniter\View\View->render('admin/slider/cr...', Array, true)
#4 C:\Ecommerce\app\Controllers\admin\Master.php(74): view('admin/slider/cr...', Array)
#5 C:\Ecommerce\system\CodeIgniter.php(832): App\Controllers\admin\Master->createslider('4')
#6 C:\Ecommerce\system\CodeIgniter.php(419): CodeIgniter\CodeIgniter->runController(Object(App\Controllers\admin\Master))
#7 C:\Ecommerce\system\CodeIgniter.php(326): CodeIgniter\CodeIgniter->handleRequest(NULL, Object(Config\Cache), false)
#8 C:\Ecommerce\public\index.php(37): CodeIgniter\CodeIgniter->run()
#9 C:\Ecommerce\system\Commands\Server\rewrite.php(43): require_once('C:\\Ecommerce\\pu...')
#10 {main}
CRITICAL - 2022-06-27 05:23:11 --> Invalid file: admin/createbrand.php
#0 C:\Ecommerce\system\View\View.php(198): CodeIgniter\Exceptions\FrameworkException::forInvalidFile('admin/createbra...')
#1 C:\Ecommerce\system\Common.php(1089): CodeIgniter\View\View->render('admin/createbra...', Array, true)
#2 C:\Ecommerce\app\Controllers\admin\Master.php(35): view('admin/createbra...', Array)
#3 C:\Ecommerce\system\CodeIgniter.php(832): App\Controllers\admin\Master->createbrand('7')
#4 C:\Ecommerce\system\CodeIgniter.php(419): CodeIgniter\CodeIgniter->runController(Object(App\Controllers\admin\Master))
#5 C:\Ecommerce\system\CodeIgniter.php(326): CodeIgniter\CodeIgniter->handleRequest(NULL, Object(Config\Cache), false)
#6 C:\Ecommerce\public\index.php(37): CodeIgniter\CodeIgniter->run()
#7 C:\Ecommerce\system\Commands\Server\rewrite.php(43): require_once('C:\\Ecommerce\\pu...')
#8 {main}
CRITICAL - 2022-06-27 05:24:55 --> Invalid file: admin/createbrand.php
#0 C:\Ecommerce\system\View\View.php(198): CodeIgniter\Exceptions\FrameworkException::forInvalidFile('admin/createbra...')
#1 C:\Ecommerce\system\Common.php(1089): CodeIgniter\View\View->render('admin/createbra...', Array, true)
#2 C:\Ecommerce\app\Controllers\admin\Master.php(35): view('admin/createbra...', Array)
#3 C:\Ecommerce\system\CodeIgniter.php(832): App\Controllers\admin\Master->createbrand('7')
#4 C:\Ecommerce\system\CodeIgniter.php(419): CodeIgniter\CodeIgniter->runController(Object(App\Controllers\admin\Master))
#5 C:\Ecommerce\system\CodeIgniter.php(326): CodeIgniter\CodeIgniter->handleRequest(NULL, Object(Config\Cache), false)
#6 C:\Ecommerce\public\index.php(37): CodeIgniter\CodeIgniter->run()
#7 C:\Ecommerce\system\Commands\Server\rewrite.php(43): require_once('C:\\Ecommerce\\pu...')
#8 {main}
CRITICAL - 2022-06-27 05:25:20 --> Invalid file: admin/createbrand.php
#0 C:\Ecommerce\system\View\View.php(198): CodeIgniter\Exceptions\FrameworkException::forInvalidFile('admin/createbra...')
#1 C:\Ecommerce\system\Common.php(1089): CodeIgniter\View\View->render('admin/createbra...', Array, true)
#2 C:\Ecommerce\app\Controllers\admin\Master.php(35): view('admin/createbra...', Array)
#3 C:\Ecommerce\system\CodeIgniter.php(832): App\Controllers\admin\Master->createbrand()
#4 C:\Ecommerce\system\CodeIgniter.php(419): CodeIgniter\CodeIgniter->runController(Object(App\Controllers\admin\Master))
#5 C:\Ecommerce\system\CodeIgniter.php(326): CodeIgniter\CodeIgniter->handleRequest(NULL, Object(Config\Cache), false)
#6 C:\Ecommerce\public\index.php(37): CodeIgniter\CodeIgniter->run()
#7 C:\Ecommerce\system\Commands\Server\rewrite.php(43): require_once('C:\\Ecommerce\\pu...')
#8 {main}
CRITICAL - 2022-06-27 05:29:00 --> Undefined variable $slider
#0 C:\Ecommerce\app\Views\admin\slider\createslider.php(6): CodeIgniter\Debug\Exceptions->errorHandler(2, 'Undefined varia...', 'C:\\Ecommerce\\ap...', 6)
#1 C:\Ecommerce\system\View\View.php(210): include('C:\\Ecommerce\\ap...')
#2 C:\Ecommerce\system\View\View.php(213): CodeIgniter\View\View->CodeIgniter\View\{closure}()
#3 C:\Ecommerce\system\Common.php(1089): CodeIgniter\View\View->render('admin/slider/cr...', Array, true)
#4 C:\Ecommerce\app\Controllers\admin\Master.php(74): view('admin/slider/cr...', Array)
#5 C:\Ecommerce\system\CodeIgniter.php(832): App\Controllers\admin\Master->createslider('3')
#6 C:\Ecommerce\system\CodeIgniter.php(419): CodeIgniter\CodeIgniter->runController(Object(App\Controllers\admin\Master))
#7 C:\Ecommerce\system\CodeIgniter.php(326): CodeIgniter\CodeIgniter->handleRequest(NULL, Object(Config\Cache), false)
#8 C:\Ecommerce\public\index.php(37): CodeIgniter\CodeIgniter->run()
#9 C:\Ecommerce\system\Commands\Server\rewrite.php(43): require_once('C:\\Ecommerce\\pu...')
#10 {main}
CRITICAL - 2022-06-27 05:32:50 --> Undefined variable $slider
#0 C:\Ecommerce\app\Views\admin\slider\createslider.php(6): CodeIgniter\Debug\Exceptions->errorHandler(2, 'Undefined varia...', 'C:\\Ecommerce\\ap...', 6)
#1 C:\Ecommerce\system\View\View.php(210): include('C:\\Ecommerce\\ap...')
#2 C:\Ecommerce\system\View\View.php(213): CodeIgniter\View\View->CodeIgniter\View\{closure}()
#3 C:\Ecommerce\system\Common.php(1089): CodeIgniter\View\View->render('admin/slider/cr...', Array, true)
#4 C:\Ecommerce\app\Controllers\admin\Master.php(74): view('admin/slider/cr...', Array)
#5 C:\Ecommerce\system\CodeIgniter.php(832): App\Controllers\admin\Master->createslider('4')
#6 C:\Ecommerce\system\CodeIgniter.php(419): CodeIgniter\CodeIgniter->runController(Object(App\Controllers\admin\Master))
#7 C:\Ecommerce\system\CodeIgniter.php(326): CodeIgniter\CodeIgniter->handleRequest(NULL, Object(Config\Cache), false)
#8 C:\Ecommerce\public\index.php(37): CodeIgniter\CodeIgniter->run()
#9 C:\Ecommerce\system\Commands\Server\rewrite.php(43): require_once('C:\\Ecommerce\\pu...')
#10 {main}
CRITICAL - 2022-06-27 05:34:03 --> Undefined variable $slider
#0 C:\Ecommerce\app\Views\admin\slider\createslider.php(6): CodeIgniter\Debug\Exceptions->errorHandler(2, 'Undefined varia...', 'C:\\Ecommerce\\ap...', 6)
#1 C:\Ecommerce\system\View\View.php(210): include('C:\\Ecommerce\\ap...')
#2 C:\Ecommerce\system\View\View.php(213): CodeIgniter\View\View->CodeIgniter\View\{closure}()
#3 C:\Ecommerce\system\Common.php(1089): CodeIgniter\View\View->render('admin/slider/cr...', Array, true)
#4 C:\Ecommerce\app\Controllers\admin\Master.php(74): view('admin/slider/cr...', Array)
#5 C:\Ecommerce\system\CodeIgniter.php(832): App\Controllers\admin\Master->createslider('3')
#6 C:\Ecommerce\system\CodeIgniter.php(419): CodeIgniter\CodeIgniter->runController(Object(App\Controllers\admin\Master))
#7 C:\Ecommerce\system\CodeIgniter.php(326): CodeIgniter\CodeIgniter->handleRequest(NULL, Object(Config\Cache), false)
#8 C:\Ecommerce\public\index.php(37): CodeIgniter\CodeIgniter->run()
#9 C:\Ecommerce\system\Commands\Server\rewrite.php(43): require_once('C:\\Ecommerce\\pu...')
#10 {main}
CRITICAL - 2022-06-27 05:44:52 --> Invalid file: admin/createbrand.php
#0 C:\Ecommerce\system\View\View.php(198): CodeIgniter\Exceptions\FrameworkException::forInvalidFile('admin/createbra...')
#1 C:\Ecommerce\system\Common.php(1089): CodeIgniter\View\View->render('admin/createbra...', Array, true)
#2 C:\Ecommerce\app\Controllers\admin\Master.php(35): view('admin/createbra...', Array)
#3 C:\Ecommerce\system\CodeIgniter.php(832): App\Controllers\admin\Master->createbrand()
#4 C:\Ecommerce\system\CodeIgniter.php(419): CodeIgniter\CodeIgniter->runController(Object(App\Controllers\admin\Master))
#5 C:\Ecommerce\system\CodeIgniter.php(326): CodeIgniter\CodeIgniter->handleRequest(NULL, Object(Config\Cache), false)
#6 C:\Ecommerce\public\index.php(37): CodeIgniter\CodeIgniter->run()
#7 C:\Ecommerce\system\Commands\Server\rewrite.php(43): require_once('C:\\Ecommerce\\pu...')
#8 {main}
CRITICAL - 2022-06-27 05:46:38 --> Invalid file: admin/createbrand.php
#0 C:\Ecommerce\system\View\View.php(198): CodeIgniter\Exceptions\FrameworkException::forInvalidFile('admin/createbra...')
#1 C:\Ecommerce\system\Common.php(1089): CodeIgniter\View\View->render('admin/createbra...', Array, true)
#2 C:\Ecommerce\app\Controllers\admin\Master.php(35): view('admin/createbra...', Array)
#3 C:\Ecommerce\system\CodeIgniter.php(832): App\Controllers\admin\Master->createbrand()
#4 C:\Ecommerce\system\CodeIgniter.php(419): CodeIgniter\CodeIgniter->runController(Object(App\Controllers\admin\Master))
#5 C:\Ecommerce\system\CodeIgniter.php(326): CodeIgniter\CodeIgniter->handleRequest(NULL, Object(Config\Cache), false)
#6 C:\Ecommerce\public\index.php(37): CodeIgniter\CodeIgniter->run()
#7 C:\Ecommerce\system\Commands\Server\rewrite.php(43): require_once('C:\\Ecommerce\\pu...')
#8 {main}
CRITICAL - 2022-06-27 05:48:00 --> Invalid file: admin/createbrand.php
#0 C:\Ecommerce\system\View\View.php(198): CodeIgniter\Exceptions\FrameworkException::forInvalidFile('admin/createbra...')
#1 C:\Ecommerce\system\Common.php(1089): CodeIgniter\View\View->render('admin/createbra...', Array, true)
#2 C:\Ecommerce\app\Controllers\admin\Master.php(35): view('admin/createbra...', Array)
#3 C:\Ecommerce\system\CodeIgniter.php(832): App\Controllers\admin\Master->createbrand()
#4 C:\Ecommerce\system\CodeIgniter.php(419): CodeIgniter\CodeIgniter->runController(Object(App\Controllers\admin\Master))
#5 C:\Ecommerce\system\CodeIgniter.php(326): CodeIgniter\CodeIgniter->handleRequest(NULL, Object(Config\Cache), false)
#6 C:\Ecommerce\public\index.php(37): CodeIgniter\CodeIgniter->run()
#7 C:\Ecommerce\system\Commands\Server\rewrite.php(43): require_once('C:\\Ecommerce\\pu...')
#8 {main}
CRITICAL - 2022-06-27 05:57:01 --> Invalid file: admin/createbrand.php
#0 C:\Ecommerce\system\View\View.php(198): CodeIgniter\Exceptions\FrameworkException::forInvalidFile('admin/createbra...')
#1 C:\Ecommerce\system\Common.php(1089): CodeIgniter\View\View->render('admin/createbra...', Array, true)
#2 C:\Ecommerce\app\Controllers\admin\Master.php(35): view('admin/createbra...', Array)
#3 C:\Ecommerce\system\CodeIgniter.php(832): App\Controllers\admin\Master->createbrand()
#4 C:\Ecommerce\system\CodeIgniter.php(419): CodeIgniter\CodeIgniter->runController(Object(App\Controllers\admin\Master))
#5 C:\Ecommerce\system\CodeIgniter.php(326): CodeIgniter\CodeIgniter->handleRequest(NULL, Object(Config\Cache), false)
#6 C:\Ecommerce\public\index.php(37): CodeIgniter\CodeIgniter->run()
#7 C:\Ecommerce\system\Commands\Server\rewrite.php(43): require_once('C:\\Ecommerce\\pu...')
#8 {main}
CRITICAL - 2022-06-27 06:02:53 --> Invalid file: admin/createbrand.php
#0 C:\Ecommerce\system\View\View.php(198): CodeIgniter\Exceptions\FrameworkException::forInvalidFile('admin/createbra...')
#1 C:\Ecommerce\system\Common.php(1089): CodeIgniter\View\View->render('admin/createbra...', Array, true)
#2 C:\Ecommerce\app\Controllers\admin\Master.php(35): view('admin/createbra...', Array)
#3 C:\Ecommerce\system\CodeIgniter.php(832): App\Controllers\admin\Master->createbrand()
#4 C:\Ecommerce\system\CodeIgniter.php(419): CodeIgniter\CodeIgniter->runController(Object(App\Controllers\admin\Master))
#5 C:\Ecommerce\system\CodeIgniter.php(326): CodeIgniter\CodeIgniter->handleRequest(NULL, Object(Config\Cache), false)
#6 C:\Ecommerce\public\index.php(37): CodeIgniter\CodeIgniter->run()
#7 C:\Ecommerce\system\Commands\Server\rewrite.php(43): require_once('C:\\Ecommerce\\pu...')
#8 {main}
CRITICAL - 2022-06-27 06:06:57 --> Invalid file: admin/createbrand.php
#0 C:\Ecommerce\system\View\View.php(198): CodeIgniter\Exceptions\FrameworkException::forInvalidFile('admin/createbra...')
#1 C:\Ecommerce\system\Common.php(1089): CodeIgniter\View\View->render('admin/createbra...', Array, true)
#2 C:\Ecommerce\app\Controllers\admin\Master.php(35): view('admin/createbra...', Array)
#3 C:\Ecommerce\system\CodeIgniter.php(832): App\Controllers\admin\Master->createbrand('7')
#4 C:\Ecommerce\system\CodeIgniter.php(419): CodeIgniter\CodeIgniter->runController(Object(App\Controllers\admin\Master))
#5 C:\Ecommerce\system\CodeIgniter.php(326): CodeIgniter\CodeIgniter->handleRequest(NULL, Object(Config\Cache), false)
#6 C:\Ecommerce\public\index.php(37): CodeIgniter\CodeIgniter->run()
#7 C:\Ecommerce\system\Commands\Server\rewrite.php(43): require_once('C:\\Ecommerce\\pu...')
#8 {main}
CRITICAL - 2022-06-27 06:07:01 --> Invalid file: admin/createbrand.php
#0 C:\Ecommerce\system\View\View.php(198): CodeIgniter\Exceptions\FrameworkException::forInvalidFile('admin/createbra...')
#1 C:\Ecommerce\system\Common.php(1089): CodeIgniter\View\View->render('admin/createbra...', Array, true)
#2 C:\Ecommerce\app\Controllers\admin\Master.php(35): view('admin/createbra...', Array)
#3 C:\Ecommerce\system\CodeIgniter.php(832): App\Controllers\admin\Master->createbrand()
#4 C:\Ecommerce\system\CodeIgniter.php(419): CodeIgniter\CodeIgniter->runController(Object(App\Controllers\admin\Master))
#5 C:\Ecommerce\system\CodeIgniter.php(326): CodeIgniter\CodeIgniter->handleRequest(NULL, Object(Config\Cache), false)
#6 C:\Ecommerce\public\index.php(37): CodeIgniter\CodeIgniter->run()
#7 C:\Ecommerce\system\Commands\Server\rewrite.php(43): require_once('C:\\Ecommerce\\pu...')
#8 {main}
CRITICAL - 2022-06-27 06:07:45 --> Invalid file: admin/createbrand.php
#0 C:\Ecommerce\system\View\View.php(198): CodeIgniter\Exceptions\FrameworkException::forInvalidFile('admin/createbra...')
#1 C:\Ecommerce\system\Common.php(1089): CodeIgniter\View\View->render('admin/createbra...', Array, true)
#2 C:\Ecommerce\app\Controllers\admin\Master.php(35): view('admin/createbra...')
#3 C:\Ecommerce\system\CodeIgniter.php(832): App\Controllers\admin\Master->createbrand()
#4 C:\Ecommerce\system\CodeIgniter.php(419): CodeIgniter\CodeIgniter->runController(Object(App\Controllers\admin\Master))
#5 C:\Ecommerce\system\CodeIgniter.php(326): CodeIgniter\CodeIgniter->handleRequest(NULL, Object(Config\Cache), false)
#6 C:\Ecommerce\public\index.php(37): CodeIgniter\CodeIgniter->run()
#7 C:\Ecommerce\system\Commands\Server\rewrite.php(43): require_once('C:\\Ecommerce\\pu...')
#8 {main}
CRITICAL - 2022-06-27 06:07:54 --> Invalid file: admin/createbrand.php
#0 C:\Ecommerce\system\View\View.php(198): CodeIgniter\Exceptions\FrameworkException::forInvalidFile('admin/createbra...')
#1 C:\Ecommerce\system\Common.php(1089): CodeIgniter\View\View->render('admin/createbra...', Array, true)
#2 C:\Ecommerce\app\Controllers\admin\Master.php(35): view('admin/createbra...')
#3 C:\Ecommerce\system\CodeIgniter.php(832): App\Controllers\admin\Master->createbrand()
#4 C:\Ecommerce\system\CodeIgniter.php(419): CodeIgniter\CodeIgniter->runController(Object(App\Controllers\admin\Master))
#5 C:\Ecommerce\system\CodeIgniter.php(326): CodeIgniter\CodeIgniter->handleRequest(NULL, Object(Config\Cache), false)
#6 C:\Ecommerce\public\index.php(37): CodeIgniter\CodeIgniter->run()
#7 C:\Ecommerce\system\Commands\Server\rewrite.php(43): require_once('C:\\Ecommerce\\pu...')
#8 {main}
CRITICAL - 2022-06-27 06:19:53 --> Invalid file: /admin/admin/form.php
#0 C:\Ecommerce\system\View\View.php(198): CodeIgniter\Exceptions\FrameworkException::forInvalidFile('/admin/admin/fo...')
#1 C:\Ecommerce\system\View\View.php(226): CodeIgniter\View\View->render('/admin/admin/fo...', Array, true)
#2 C:\Ecommerce\system\Common.php(1089): CodeIgniter\View\View->render('admin/brand/cre...', Array, true)
#3 C:\Ecommerce\app\Controllers\admin\Master.php(36): view('admin/brand/cre...')
#4 C:\Ecommerce\system\CodeIgniter.php(832): App\Controllers\admin\Master->createbrand()
#5 C:\Ecommerce\system\CodeIgniter.php(419): CodeIgniter\CodeIgniter->runController(Object(App\Controllers\admin\Master))
#6 C:\Ecommerce\system\CodeIgniter.php(326): CodeIgniter\CodeIgniter->handleRequest(NULL, Object(Config\Cache), false)
#7 C:\Ecommerce\public\index.php(37): CodeIgniter\CodeIgniter->run()
#8 C:\Ecommerce\system\Commands\Server\rewrite.php(43): require_once('C:\\Ecommerce\\pu...')
#9 {main}
CRITICAL - 2022-06-27 06:21:38 --> Undefined array key "id"
#0 C:\Ecommerce\app\Models\admin\MasterModel.php(15): CodeIgniter\Debug\Exceptions->errorHandler(2, 'Undefined array...', 'C:\\Ecommerce\\ap...', 15)
#1 C:\Ecommerce\app\Controllers\admin\Master.php(25): App\Models\admin\MasterModel->insert_brand(Array, Object(CodeIgniter\HTTP\Files\UploadedFile))
#2 C:\Ecommerce\system\CodeIgniter.php(832): App\Controllers\admin\Master->createbrand()
#3 C:\Ecommerce\system\CodeIgniter.php(419): CodeIgniter\CodeIgniter->runController(Object(App\Controllers\admin\Master))
#4 C:\Ecommerce\system\CodeIgniter.php(326): CodeIgniter\CodeIgniter->handleRequest(NULL, Object(Config\Cache), false)
#5 C:\Ecommerce\public\index.php(37): CodeIgniter\CodeIgniter->run()
#6 C:\Ecommerce\system\Commands\Server\rewrite.php(43): require_once('C:\\Ecommerce\\pu...')
#7 {main}
CRITICAL - 2022-06-27 06:38:29 --> Undefined variable $data
#0 C:\Ecommerce\app\Views\admin\brand\createbrand.php(6): CodeIgniter\Debug\Exceptions->errorHandler(2, 'Undefined varia...', 'C:\\Ecommerce\\ap...', 6)
#1 C:\Ecommerce\system\View\View.php(210): include('C:\\Ecommerce\\ap...')
#2 C:\Ecommerce\system\View\View.php(213): CodeIgniter\View\View->CodeIgniter\View\{closure}()
#3 C:\Ecommerce\system\Common.php(1089): CodeIgniter\View\View->render('admin/brand/cre...', Array, true)
#4 C:\Ecommerce\app\Controllers\admin\Master.php(36): view('admin/brand/cre...')
#5 C:\Ecommerce\system\CodeIgniter.php(832): App\Controllers\admin\Master->createbrand('11')
#6 C:\Ecommerce\system\CodeIgniter.php(419): CodeIgniter\CodeIgniter->runController(Object(App\Controllers\admin\Master))
#7 C:\Ecommerce\system\CodeIgniter.php(326): CodeIgniter\CodeIgniter->handleRequest(NULL, Object(Config\Cache), false)
#8 C:\Ecommerce\public\index.php(37): CodeIgniter\CodeIgniter->run()
#9 C:\Ecommerce\system\Commands\Server\rewrite.php(43): require_once('C:\\Ecommerce\\pu...')
#10 {main}
CRITICAL - 2022-06-27 06:38:40 --> Undefined variable $data
#0 C:\Ecommerce\app\Views\admin\brand\createbrand.php(6): CodeIgniter\Debug\Exceptions->errorHandler(2, 'Undefined varia...', 'C:\\Ecommerce\\ap...', 6)
#1 C:\Ecommerce\system\View\View.php(210): include('C:\\Ecommerce\\ap...')
#2 C:\Ecommerce\system\View\View.php(213): CodeIgniter\View\View->CodeIgniter\View\{closure}()
#3 C:\Ecommerce\system\Common.php(1089): CodeIgniter\View\View->render('admin/brand/cre...', Array, true)
#4 C:\Ecommerce\app\Controllers\admin\Master.php(36): view('admin/brand/cre...')
#5 C:\Ecommerce\system\CodeIgniter.php(832): App\Controllers\admin\Master->createbrand('11')
#6 C:\Ecommerce\system\CodeIgniter.php(419): CodeIgniter\CodeIgniter->runController(Object(App\Controllers\admin\Master))
#7 C:\Ecommerce\system\CodeIgniter.php(326): CodeIgniter\CodeIgniter->handleRequest(NULL, Object(Config\Cache), false)
#8 C:\Ecommerce\public\index.php(37): CodeIgniter\CodeIgniter->run()
#9 C:\Ecommerce\system\Commands\Server\rewrite.php(43): require_once('C:\\Ecommerce\\pu...')
#10 {main}
CRITICAL - 2022-06-27 06:39:16 --> Undefined variable $data
#0 C:\Ecommerce\app\Views\admin\brand\createbrand.php(8): CodeIgniter\Debug\Exceptions->errorHandler(2, 'Undefined varia...', 'C:\\Ecommerce\\ap...', 8)
#1 C:\Ecommerce\system\View\View.php(210): include('C:\\Ecommerce\\ap...')
#2 C:\Ecommerce\system\View\View.php(213): CodeIgniter\View\View->CodeIgniter\View\{closure}()
#3 C:\Ecommerce\system\Common.php(1089): CodeIgniter\View\View->render('admin/brand/cre...', Array, true)
#4 C:\Ecommerce\app\Controllers\admin\Master.php(36): view('admin/brand/cre...')
#5 C:\Ecommerce\system\CodeIgniter.php(832): App\Controllers\admin\Master->createbrand('11')
#6 C:\Ecommerce\system\CodeIgniter.php(419): CodeIgniter\CodeIgniter->runController(Object(App\Controllers\admin\Master))
#7 C:\Ecommerce\system\CodeIgniter.php(326): CodeIgniter\CodeIgniter->handleRequest(NULL, Object(Config\Cache), false)
#8 C:\Ecommerce\public\index.php(37): CodeIgniter\CodeIgniter->run()
#9 C:\Ecommerce\system\Commands\Server\rewrite.php(43): require_once('C:\\Ecommerce\\pu...')
#10 {main}
CRITICAL - 2022-06-27 06:49:14 --> Undefined variable $data
#0 C:\Ecommerce\app\Views\admin\brand\createbrand.php(8): CodeIgniter\Debug\Exceptions->errorHandler(2, 'Undefined varia...', 'C:\\Ecommerce\\ap...', 8)
#1 C:\Ecommerce\system\View\View.php(210): include('C:\\Ecommerce\\ap...')
#2 C:\Ecommerce\system\View\View.php(213): CodeIgniter\View\View->CodeIgniter\View\{closure}()
#3 C:\Ecommerce\system\Common.php(1089): CodeIgniter\View\View->render('admin/brand/cre...', Array, true)
#4 C:\Ecommerce\app\Controllers\admin\Master.php(36): view('admin/brand/cre...')
#5 C:\Ecommerce\system\CodeIgniter.php(832): App\Controllers\admin\Master->createbrand('11')
#6 C:\Ecommerce\system\CodeIgniter.php(419): CodeIgniter\CodeIgniter->runController(Object(App\Controllers\admin\Master))
#7 C:\Ecommerce\system\CodeIgniter.php(326): CodeIgniter\CodeIgniter->handleRequest(NULL, Object(Config\Cache), false)
#8 C:\Ecommerce\public\index.php(37): CodeIgniter\CodeIgniter->run()
#9 C:\Ecommerce\system\Commands\Server\rewrite.php(43): require_once('C:\\Ecommerce\\pu...')
#10 {main}
CRITICAL - 2022-06-27 06:51:43 --> Undefined variable $data
#0 C:\Ecommerce\app\Views\admin\brand\createbrand.php(8): CodeIgniter\Debug\Exceptions->errorHandler(2, 'Undefined varia...', 'C:\\Ecommerce\\ap...', 8)
#1 C:\Ecommerce\system\View\View.php(210): include('C:\\Ecommerce\\ap...')
#2 C:\Ecommerce\system\View\View.php(213): CodeIgniter\View\View->CodeIgniter\View\{closure}()
#3 C:\Ecommerce\system\Common.php(1089): CodeIgniter\View\View->render('admin/brand/cre...', Array, true)
#4 C:\Ecommerce\app\Controllers\admin\Master.php(36): view('admin/brand/cre...')
#5 C:\Ecommerce\system\CodeIgniter.php(832): App\Controllers\admin\Master->createbrand('10')
#6 C:\Ecommerce\system\CodeIgniter.php(419): CodeIgniter\CodeIgniter->runController(Object(App\Controllers\admin\Master))
#7 C:\Ecommerce\system\CodeIgniter.php(326): CodeIgniter\CodeIgniter->handleRequest(NULL, Object(Config\Cache), false)
#8 C:\Ecommerce\public\index.php(37): CodeIgniter\CodeIgniter->run()
#9 C:\Ecommerce\system\Commands\Server\rewrite.php(43): require_once('C:\\Ecommerce\\pu...')
#10 {main}
CRITICAL - 2022-06-27 07:00:48 --> Undefined variable $data
#0 C:\Ecommerce\app\Views\admin\brand\createbrand.php(8): CodeIgniter\Debug\Exceptions->errorHandler(2, 'Undefined varia...', 'C:\\Ecommerce\\ap...', 8)
#1 C:\Ecommerce\system\View\View.php(210): include('C:\\Ecommerce\\ap...')
#2 C:\Ecommerce\system\View\View.php(213): CodeIgniter\View\View->CodeIgniter\View\{closure}()
#3 C:\Ecommerce\system\Common.php(1089): CodeIgniter\View\View->render('admin/brand/cre...', Array, true)
#4 C:\Ecommerce\app\Controllers\admin\Master.php(36): view('admin/brand/cre...')
#5 C:\Ecommerce\system\CodeIgniter.php(832): App\Controllers\admin\Master->createbrand('9')
#6 C:\Ecommerce\system\CodeIgniter.php(419): CodeIgniter\CodeIgniter->runController(Object(App\Controllers\admin\Master))
#7 C:\Ecommerce\system\CodeIgniter.php(326): CodeIgniter\CodeIgniter->handleRequest(NULL, Object(Config\Cache), false)
#8 C:\Ecommerce\public\index.php(37): CodeIgniter\CodeIgniter->run()
#9 C:\Ecommerce\system\Commands\Server\rewrite.php(43): require_once('C:\\Ecommerce\\pu...')
#10 {main}
CRITICAL - 2022-06-27 07:01:04 --> Undefined variable $data
#0 C:\Ecommerce\app\Views\admin\brand\createbrand.php(8): CodeIgniter\Debug\Exceptions->errorHandler(2, 'Undefined varia...', 'C:\\Ecommerce\\ap...', 8)
#1 C:\Ecommerce\system\View\View.php(210): include('C:\\Ecommerce\\ap...')
#2 C:\Ecommerce\system\View\View.php(213): CodeIgniter\View\View->CodeIgniter\View\{closure}()
#3 C:\Ecommerce\system\Common.php(1089): CodeIgniter\View\View->render('admin/brand/cre...', Array, true)
#4 C:\Ecommerce\app\Controllers\admin\Master.php(36): view('admin/brand/cre...')
#5 C:\Ecommerce\system\CodeIgniter.php(832): App\Controllers\admin\Master->createbrand('9')
#6 C:\Ecommerce\system\CodeIgniter.php(419): CodeIgniter\CodeIgniter->runController(Object(App\Controllers\admin\Master))
#7 C:\Ecommerce\system\CodeIgniter.php(326): CodeIgniter\CodeIgniter->handleRequest(NULL, Object(Config\Cache), false)
#8 C:\Ecommerce\public\index.php(37): CodeIgniter\CodeIgniter->run()
#9 C:\Ecommerce\system\Commands\Server\rewrite.php(43): require_once('C:\\Ecommerce\\pu...')
#10 {main}
CRITICAL - 2022-06-27 07:01:12 --> Undefined variable $data
#0 C:\Ecommerce\app\Views\admin\brand\createbrand.php(8): CodeIgniter\Debug\Exceptions->errorHandler(2, 'Undefined varia...', 'C:\\Ecommerce\\ap...', 8)
#1 C:\Ecommerce\system\View\View.php(210): include('C:\\Ecommerce\\ap...')
#2 C:\Ecommerce\system\View\View.php(213): CodeIgniter\View\View->CodeIgniter\View\{closure}()
#3 C:\Ecommerce\system\Common.php(1089): CodeIgniter\View\View->render('admin/brand/cre...', Array, true)
#4 C:\Ecommerce\app\Controllers\admin\Master.php(36): view('admin/brand/cre...')
#5 C:\Ecommerce\system\CodeIgniter.php(832): App\Controllers\admin\Master->createbrand('10')
#6 C:\Ecommerce\system\CodeIgniter.php(419): CodeIgniter\CodeIgniter->runController(Object(App\Controllers\admin\Master))
#7 C:\Ecommerce\system\CodeIgniter.php(326): CodeIgniter\CodeIgniter->handleRequest(NULL, Object(Config\Cache), false)
#8 C:\Ecommerce\public\index.php(37): CodeIgniter\CodeIgniter->run()
#9 C:\Ecommerce\system\Commands\Server\rewrite.php(43): require_once('C:\\Ecommerce\\pu...')
#10 {main}
CRITICAL - 2022-06-27 07:04:22 --> Undefined variable $data
#0 C:\Ecommerce\app\Views\admin\brand\createbrand.php(8): CodeIgniter\Debug\Exceptions->errorHandler(2, 'Undefined varia...', 'C:\\Ecommerce\\ap...', 8)
#1 C:\Ecommerce\system\View\View.php(210): include('C:\\Ecommerce\\ap...')
#2 C:\Ecommerce\system\View\View.php(213): CodeIgniter\View\View->CodeIgniter\View\{closure}()
#3 C:\Ecommerce\system\Common.php(1089): CodeIgniter\View\View->render('admin/brand/cre...', Array, true)
#4 C:\Ecommerce\app\Controllers\admin\Master.php(36): view('admin/brand/cre...')
#5 C:\Ecommerce\system\CodeIgniter.php(832): App\Controllers\admin\Master->createbrand('10')
#6 C:\Ecommerce\system\CodeIgniter.php(419): CodeIgniter\CodeIgniter->runController(Object(App\Controllers\admin\Master))
#7 C:\Ecommerce\system\CodeIgniter.php(326): CodeIgniter\CodeIgniter->handleRequest(NULL, Object(Config\Cache), false)
#8 C:\Ecommerce\public\index.php(37): CodeIgniter\CodeIgniter->run()
#9 C:\Ecommerce\system\Commands\Server\rewrite.php(43): require_once('C:\\Ecommerce\\pu...')
#10 {main}
CRITICAL - 2022-06-27 07:04:39 --> Undefined array key "data"
#0 C:\Ecommerce\app\Views\admin\brand\createbrand.php(8): CodeIgniter\Debug\Exceptions->errorHandler(2, 'Undefined array...', 'C:\\Ecommerce\\ap...', 8)
#1 C:\Ecommerce\system\View\View.php(210): include('C:\\Ecommerce\\ap...')
#2 C:\Ecommerce\system\View\View.php(213): CodeIgniter\View\View->CodeIgniter\View\{closure}()
#3 C:\Ecommerce\system\Common.php(1089): CodeIgniter\View\View->render('admin/brand/cre...', Array, true)
#4 C:\Ecommerce\app\Controllers\admin\Master.php(36): view('admin/brand/cre...', Array)
#5 C:\Ecommerce\system\CodeIgniter.php(832): App\Controllers\admin\Master->createbrand('10')
#6 C:\Ecommerce\system\CodeIgniter.php(419): CodeIgniter\CodeIgniter->runController(Object(App\Controllers\admin\Master))
#7 C:\Ecommerce\system\CodeIgniter.php(326): CodeIgniter\CodeIgniter->handleRequest(NULL, Object(Config\Cache), false)
#8 C:\Ecommerce\public\index.php(37): CodeIgniter\CodeIgniter->run()
#9 C:\Ecommerce\system\Commands\Server\rewrite.php(43): require_once('C:\\Ecommerce\\pu...')
#10 {main}
CRITICAL - 2022-06-27 07:06:58 --> You must set the database table to be used with your query.
#0 C:\Ecommerce\system\Model.php(545): CodeIgniter\Database\BaseConnection->table(NULL)
#1 C:\Ecommerce\system\Model.php(722): CodeIgniter\Model->builder()
#2 C:\Ecommerce\app\Controllers\admin\Master.php(82): CodeIgniter\Model->__call('get_sliderdata', Array)
#3 C:\Ecommerce\system\CodeIgniter.php(832): App\Controllers\admin\Master->Getslider('slider')
#4 C:\Ecommerce\system\CodeIgniter.php(419): CodeIgniter\CodeIgniter->runController(Object(App\Controllers\admin\Master))
#5 C:\Ecommerce\system\CodeIgniter.php(326): CodeIgniter\CodeIgniter->handleRequest(NULL, Object(Config\Cache), false)
#6 C:\Ecommerce\public\index.php(37): CodeIgniter\CodeIgniter->run()
#7 C:\Ecommerce\system\Commands\Server\rewrite.php(43): require_once('C:\\Ecommerce\\pu...')
#8 {main}
CRITICAL - 2022-06-27 07:07:02 --> You must set the database table to be used with your query.
#0 C:\Ecommerce\system\Model.php(545): CodeIgniter\Database\BaseConnection->table(NULL)
#1 C:\Ecommerce\system\Model.php(722): CodeIgniter\Model->builder()
#2 C:\Ecommerce\app\Controllers\admin\Master.php(70): CodeIgniter\Model->__call('get_slider', Array)
#3 C:\Ecommerce\system\CodeIgniter.php(832): App\Controllers\admin\Master->createslider()
#4 C:\Ecommerce\system\CodeIgniter.php(419): CodeIgniter\CodeIgniter->runController(Object(App\Controllers\admin\Master))
#5 C:\Ecommerce\system\CodeIgniter.php(326): CodeIgniter\CodeIgniter->handleRequest(NULL, Object(Config\Cache), false)
#6 C:\Ecommerce\public\index.php(37): CodeIgniter\CodeIgniter->run()
#7 C:\Ecommerce\system\Commands\Server\rewrite.php(43): require_once('C:\\Ecommerce\\pu...')
#8 {main}
CRITICAL - 2022-06-27 23:13:12 --> Undefined variable $row
#0 C:\Ecommerce\app\Views\index.php(291): CodeIgniter\Debug\Exceptions->errorHandler(2, 'Undefined varia...', 'C:\\Ecommerce\\ap...', 291)
#1 C:\Ecommerce\system\View\View.php(210): include('C:\\Ecommerce\\ap...')
#2 C:\Ecommerce\system\View\View.php(213): CodeIgniter\View\View->CodeIgniter\View\{closure}()
#3 C:\Ecommerce\system\Common.php(1089): CodeIgniter\View\View->render('index', Array, true)
#4 C:\Ecommerce\app\Controllers\Home.php(15): view('index')
#5 C:\Ecommerce\system\CodeIgniter.php(832): App\Controllers\Home->index()
#6 C:\Ecommerce\system\CodeIgniter.php(419): CodeIgniter\CodeIgniter->runController(Object(App\Controllers\Home))
#7 C:\Ecommerce\system\CodeIgniter.php(326): CodeIgniter\CodeIgniter->handleRequest(NULL, Object(Config\Cache), false)
#8 C:\Ecommerce\public\index.php(37): CodeIgniter\CodeIgniter->run()
#9 C:\Ecommerce\system\Commands\Server\rewrite.php(43): require_once('C:\\Ecommerce\\pu...')
#10 {main}
CRITICAL - 2022-06-27 23:27:04 --> Unclosed '{' on line 280
#0 C:\Ecommerce\system\View\View.php(213): CodeIgniter\View\View->CodeIgniter\View\{closure}()
#1 C:\Ecommerce\system\Common.php(1089): CodeIgniter\View\View->render('index', Array, true)
#2 C:\Ecommerce\app\Controllers\Home.php(16): view('index', Array)
#3 C:\Ecommerce\system\CodeIgniter.php(832): App\Controllers\Home->index()
#4 C:\Ecommerce\system\CodeIgniter.php(419): CodeIgniter\CodeIgniter->runController(Object(App\Controllers\Home))
#5 C:\Ecommerce\system\CodeIgniter.php(326): CodeIgniter\CodeIgniter->handleRequest(NULL, Object(Config\Cache), false)
#6 C:\Ecommerce\public\index.php(37): CodeIgniter\CodeIgniter->run()
#7 C:\Ecommerce\system\Commands\Server\rewrite.php(43): require_once('C:\\Ecommerce\\pu...')
#8 {main}
