CRITICAL - 2022-07-21 00:01:22 --> Trying to access array offset on value of type null
#0 D:\Ecommerce\app\Models\HomeModel.php(323): CodeIgniter\Debug\Exceptions->errorHandler(2, 'Trying to acces...', 'D:\\Ecommerce\\ap...', 323)
#1 D:\Ecommerce\app\Controllers\Home.php(119): App\Models\HomeModel->get_product_data('img')
#2 D:\Ecommerce\system\CodeIgniter.php(832): App\Controllers\Home->productdetail('img', 'payments.png')
#3 D:\Ecommerce\system\CodeIgniter.php(419): CodeIgniter\CodeIgniter->runController(Object(App\Controllers\Home))
#4 D:\Ecommerce\system\CodeIgniter.php(326): CodeIgniter\CodeIgniter->handleRequest(NULL, Object(Config\Cache), false)
#5 D:\Ecommerce\public\index.php(37): CodeIgniter\CodeIgniter->run()
#6 D:\Ecommerce\system\Commands\Server\rewrite.php(43): require_once('D:\\Ecommerce\\pu...')
#7 {main}
CRITICAL - 2022-07-21 00:02:07 --> Trying to access array offset on value of type null
#0 D:\Ecommerce\app\Models\HomeModel.php(323): CodeIgniter\Debug\Exceptions->errorHandler(2, 'Trying to acces...', 'D:\\Ecommerce\\ap...', 323)
#1 D:\Ecommerce\app\Controllers\Home.php(119): App\Models\HomeModel->get_product_data('img')
#2 D:\Ecommerce\system\CodeIgniter.php(832): App\Controllers\Home->productdetail('img', 'payments.png')
#3 D:\Ecommerce\system\CodeIgniter.php(419): CodeIgniter\CodeIgniter->runController(Object(App\Controllers\Home))
#4 D:\Ecommerce\system\CodeIgniter.php(326): CodeIgniter\CodeIgniter->handleRequest(NULL, Object(Config\Cache), false)
#5 D:\Ecommerce\public\index.php(37): CodeIgniter\CodeIgniter->run()
#6 D:\Ecommerce\system\Commands\Server\rewrite.php(43): require_once('D:\\Ecommerce\\pu...')
#7 {main}
CRITICAL - 2022-07-21 00:02:10 --> Trying to access array offset on value of type null
#0 D:\Ecommerce\app\Models\HomeModel.php(323): CodeIgniter\Debug\Exceptions->errorHandler(2, 'Trying to acces...', 'D:\\Ecommerce\\ap...', 323)
#1 D:\Ecommerce\app\Controllers\Home.php(119): App\Models\HomeModel->get_product_data('img')
#2 D:\Ecommerce\system\CodeIgniter.php(832): App\Controllers\Home->productdetail('img', 'payments.png')
#3 D:\Ecommerce\system\CodeIgniter.php(419): CodeIgniter\CodeIgniter->runController(Object(App\Controllers\Home))
#4 D:\Ecommerce\system\CodeIgniter.php(326): CodeIgniter\CodeIgniter->handleRequest(NULL, Object(Config\Cache), false)
#5 D:\Ecommerce\public\index.php(37): CodeIgniter\CodeIgniter->run()
#6 D:\Ecommerce\system\Commands\Server\rewrite.php(43): require_once('D:\\Ecommerce\\pu...')
#7 {main}
CRITICAL - 2022-07-21 00:03:05 --> Trying to access array offset on value of type null
#0 D:\Ecommerce\app\Models\HomeModel.php(323): CodeIgniter\Debug\Exceptions->errorHandler(2, 'Trying to acces...', 'D:\\Ecommerce\\ap...', 323)
#1 D:\Ecommerce\app\Controllers\Home.php(119): App\Models\HomeModel->get_product_data('img')
#2 D:\Ecommerce\system\CodeIgniter.php(832): App\Controllers\Home->productdetail('img', 'payments.png')
#3 D:\Ecommerce\system\CodeIgniter.php(419): CodeIgniter\CodeIgniter->runController(Object(App\Controllers\Home))
#4 D:\Ecommerce\system\CodeIgniter.php(326): CodeIgniter\CodeIgniter->handleRequest(NULL, Object(Config\Cache), false)
#5 D:\Ecommerce\public\index.php(37): CodeIgniter\CodeIgniter->run()
#6 D:\Ecommerce\system\Commands\Server\rewrite.php(43): require_once('D:\\Ecommerce\\pu...')
#7 {main}
CRITICAL - 2022-07-21 00:03:16 --> Trying to access array offset on value of type null
#0 D:\Ecommerce\app\Models\HomeModel.php(323): CodeIgniter\Debug\Exceptions->errorHandler(2, 'Trying to acces...', 'D:\\Ecommerce\\ap...', 323)
#1 D:\Ecommerce\app\Controllers\Home.php(119): App\Models\HomeModel->get_product_data('img')
#2 D:\Ecommerce\system\CodeIgniter.php(832): App\Controllers\Home->productdetail('img', 'payments.png')
#3 D:\Ecommerce\system\CodeIgniter.php(419): CodeIgniter\CodeIgniter->runController(Object(App\Controllers\Home))
#4 D:\Ecommerce\system\CodeIgniter.php(326): CodeIgniter\CodeIgniter->handleRequest(NULL, Object(Config\Cache), false)
#5 D:\Ecommerce\public\index.php(37): CodeIgniter\CodeIgniter->run()
#6 D:\Ecommerce\system\Commands\Server\rewrite.php(43): require_once('D:\\Ecommerce\\pu...')
#7 {main}
CRITICAL - 2022-07-21 00:04:17 --> Trying to access array offset on value of type null
#0 D:\Ecommerce\app\Models\HomeModel.php(323): CodeIgniter\Debug\Exceptions->errorHandler(2, 'Trying to acces...', 'D:\\Ecommerce\\ap...', 323)
#1 D:\Ecommerce\app\Controllers\Home.php(119): App\Models\HomeModel->get_product_data('img')
#2 D:\Ecommerce\system\CodeIgniter.php(832): App\Controllers\Home->productdetail('img', 'payments.png')
#3 D:\Ecommerce\system\CodeIgniter.php(419): CodeIgniter\CodeIgniter->runController(Object(App\Controllers\Home))
#4 D:\Ecommerce\system\CodeIgniter.php(326): CodeIgniter\CodeIgniter->handleRequest(NULL, Object(Config\Cache), false)
#5 D:\Ecommerce\public\index.php(37): CodeIgniter\CodeIgniter->run()
#6 D:\Ecommerce\system\Commands\Server\rewrite.php(43): require_once('D:\\Ecommerce\\pu...')
#7 {main}
CRITICAL - 2022-07-21 00:04:30 --> Trying to access array offset on value of type null
#0 D:\Ecommerce\app\Models\HomeModel.php(323): CodeIgniter\Debug\Exceptions->errorHandler(2, 'Trying to acces...', 'D:\\Ecommerce\\ap...', 323)
#1 D:\Ecommerce\app\Controllers\Home.php(119): App\Models\HomeModel->get_product_data('img')
#2 D:\Ecommerce\system\CodeIgniter.php(832): App\Controllers\Home->productdetail('img', 'payments.png')
#3 D:\Ecommerce\system\CodeIgniter.php(419): CodeIgniter\CodeIgniter->runController(Object(App\Controllers\Home))
#4 D:\Ecommerce\system\CodeIgniter.php(326): CodeIgniter\CodeIgniter->handleRequest(NULL, Object(Config\Cache), false)
#5 D:\Ecommerce\public\index.php(37): CodeIgniter\CodeIgniter->run()
#6 D:\Ecommerce\system\Commands\Server\rewrite.php(43): require_once('D:\\Ecommerce\\pu...')
#7 {main}
CRITICAL - 2022-07-21 00:10:10 --> Trying to access array offset on value of type null
#0 D:\Ecommerce\app\Models\HomeModel.php(323): CodeIgniter\Debug\Exceptions->errorHandler(2, 'Trying to acces...', 'D:\\Ecommerce\\ap...', 323)
#1 D:\Ecommerce\app\Controllers\Home.php(119): App\Models\HomeModel->get_product_data('img')
#2 D:\Ecommerce\system\CodeIgniter.php(832): App\Controllers\Home->productdetail('img', 'payments.png')
#3 D:\Ecommerce\system\CodeIgniter.php(419): CodeIgniter\CodeIgniter->runController(Object(App\Controllers\Home))
#4 D:\Ecommerce\system\CodeIgniter.php(326): CodeIgniter\CodeIgniter->handleRequest(NULL, Object(Config\Cache), false)
#5 D:\Ecommerce\public\index.php(37): CodeIgniter\CodeIgniter->run()
#6 D:\Ecommerce\system\Commands\Server\rewrite.php(43): require_once('D:\\Ecommerce\\pu...')
#7 {main}
CRITICAL - 2022-07-21 00:11:02 --> Trying to access array offset on value of type null
#0 D:\Ecommerce\app\Models\HomeModel.php(323): CodeIgniter\Debug\Exceptions->errorHandler(2, 'Trying to acces...', 'D:\\Ecommerce\\ap...', 323)
#1 D:\Ecommerce\app\Controllers\Home.php(119): App\Models\HomeModel->get_product_data('img')
#2 D:\Ecommerce\system\CodeIgniter.php(832): App\Controllers\Home->productdetail('img', 'payments.png')
#3 D:\Ecommerce\system\CodeIgniter.php(419): CodeIgniter\CodeIgniter->runController(Object(App\Controllers\Home))
#4 D:\Ecommerce\system\CodeIgniter.php(326): CodeIgniter\CodeIgniter->handleRequest(NULL, Object(Config\Cache), false)
#5 D:\Ecommerce\public\index.php(37): CodeIgniter\CodeIgniter->run()
#6 D:\Ecommerce\system\Commands\Server\rewrite.php(43): require_once('D:\\Ecommerce\\pu...')
#7 {main}
CRITICAL - 2022-07-21 00:11:22 --> Trying to access array offset on value of type null
#0 D:\Ecommerce\app\Models\HomeModel.php(323): CodeIgniter\Debug\Exceptions->errorHandler(2, 'Trying to acces...', 'D:\\Ecommerce\\ap...', 323)
#1 D:\Ecommerce\app\Controllers\Home.php(119): App\Models\HomeModel->get_product_data('img')
#2 D:\Ecommerce\system\CodeIgniter.php(832): App\Controllers\Home->productdetail('img', 'payments.png')
#3 D:\Ecommerce\system\CodeIgniter.php(419): CodeIgniter\CodeIgniter->runController(Object(App\Controllers\Home))
#4 D:\Ecommerce\system\CodeIgniter.php(326): CodeIgniter\CodeIgniter->handleRequest(NULL, Object(Config\Cache), false)
#5 D:\Ecommerce\public\index.php(37): CodeIgniter\CodeIgniter->run()
#6 D:\Ecommerce\system\Commands\Server\rewrite.php(43): require_once('D:\\Ecommerce\\pu...')
#7 {main}
CRITICAL - 2022-07-21 00:50:22 --> Too few arguments to function App\Models\HomeModel::get_review(), 1 passed in D:\Ecommerce\app\Controllers\Home.php on line 120 and exactly 2 expected
#0 D:\Ecommerce\app\Controllers\Home.php(120): App\Models\HomeModel->get_review('5')
#1 D:\Ecommerce\system\CodeIgniter.php(832): App\Controllers\Home->productdetail('5')
#2 D:\Ecommerce\system\CodeIgniter.php(419): CodeIgniter\CodeIgniter->runController(Object(App\Controllers\Home))
#3 D:\Ecommerce\system\CodeIgniter.php(326): CodeIgniter\CodeIgniter->handleRequest(NULL, Object(Config\Cache), false)
#4 D:\Ecommerce\public\index.php(37): CodeIgniter\CodeIgniter->run()
#5 D:\Ecommerce\system\Commands\Server\rewrite.php(43): require_once('D:\\Ecommerce\\pu...')
#6 {main}
CRITICAL - 2022-07-21 00:51:23 --> Too few arguments to function App\Models\HomeModel::get_review(), 1 passed in D:\Ecommerce\app\Controllers\Home.php on line 120 and exactly 2 expected
#0 D:\Ecommerce\app\Controllers\Home.php(120): App\Models\HomeModel->get_review('5')
#1 D:\Ecommerce\system\CodeIgniter.php(832): App\Controllers\Home->productdetail('5')
#2 D:\Ecommerce\system\CodeIgniter.php(419): CodeIgniter\CodeIgniter->runController(Object(App\Controllers\Home))
#3 D:\Ecommerce\system\CodeIgniter.php(326): CodeIgniter\CodeIgniter->handleRequest(NULL, Object(Config\Cache), false)
#4 D:\Ecommerce\public\index.php(37): CodeIgniter\CodeIgniter->run()
#5 D:\Ecommerce\system\Commands\Server\rewrite.php(43): require_once('D:\\Ecommerce\\pu...')
#6 {main}
CRITICAL - 2022-07-21 00:51:33 --> Cannot access offset of type string on string
#0 D:\Ecommerce\system\View\View.php(210): include()
#1 D:\Ecommerce\system\View\View.php(213): CodeIgniter\View\View->CodeIgniter\View\{closure}()
#2 D:\Ecommerce\system\Common.php(1089): CodeIgniter\View\View->render('productdetail', Array, true)
#3 D:\Ecommerce\app\Controllers\Home.php(122): view('productdetail', Array)
#4 D:\Ecommerce\system\CodeIgniter.php(832): App\Controllers\Home->productdetail('5')
#5 D:\Ecommerce\system\CodeIgniter.php(419): CodeIgniter\CodeIgniter->runController(Object(App\Controllers\Home))
#6 D:\Ecommerce\system\CodeIgniter.php(326): CodeIgniter\CodeIgniter->handleRequest(NULL, Object(Config\Cache), false)
#7 D:\Ecommerce\public\index.php(37): CodeIgniter\CodeIgniter->run()
#8 D:\Ecommerce\system\Commands\Server\rewrite.php(43): require_once('D:\\Ecommerce\\pu...')
#9 {main}
CRITICAL - 2022-07-21 00:52:45 --> Cannot access offset of type string on string
#0 D:\Ecommerce\system\View\View.php(210): include()
#1 D:\Ecommerce\system\View\View.php(213): CodeIgniter\View\View->CodeIgniter\View\{closure}()
#2 D:\Ecommerce\system\Common.php(1089): CodeIgniter\View\View->render('productdetail', Array, true)
#3 D:\Ecommerce\app\Controllers\Home.php(122): view('productdetail', Array)
#4 D:\Ecommerce\system\CodeIgniter.php(832): App\Controllers\Home->productdetail('5')
#5 D:\Ecommerce\system\CodeIgniter.php(419): CodeIgniter\CodeIgniter->runController(Object(App\Controllers\Home))
#6 D:\Ecommerce\system\CodeIgniter.php(326): CodeIgniter\CodeIgniter->handleRequest(NULL, Object(Config\Cache), false)
#7 D:\Ecommerce\public\index.php(37): CodeIgniter\CodeIgniter->run()
#8 D:\Ecommerce\system\Commands\Server\rewrite.php(43): require_once('D:\\Ecommerce\\pu...')
#9 {main}
CRITICAL - 2022-07-21 00:52:57 --> Cannot access offset of type string on string
#0 D:\Ecommerce\system\View\View.php(210): include()
#1 D:\Ecommerce\system\View\View.php(213): CodeIgniter\View\View->CodeIgniter\View\{closure}()
#2 D:\Ecommerce\system\Common.php(1089): CodeIgniter\View\View->render('productdetail', Array, true)
#3 D:\Ecommerce\app\Controllers\Home.php(122): view('productdetail', Array)
#4 D:\Ecommerce\system\CodeIgniter.php(832): App\Controllers\Home->productdetail('5')
#5 D:\Ecommerce\system\CodeIgniter.php(419): CodeIgniter\CodeIgniter->runController(Object(App\Controllers\Home))
#6 D:\Ecommerce\system\CodeIgniter.php(326): CodeIgniter\CodeIgniter->handleRequest(NULL, Object(Config\Cache), false)
#7 D:\Ecommerce\public\index.php(37): CodeIgniter\CodeIgniter->run()
#8 D:\Ecommerce\system\Commands\Server\rewrite.php(43): require_once('D:\\Ecommerce\\pu...')
#9 {main}
CRITICAL - 2022-07-21 00:54:04 --> Cannot access offset of type string on string
#0 D:\Ecommerce\system\View\View.php(210): include()
#1 D:\Ecommerce\system\View\View.php(213): CodeIgniter\View\View->CodeIgniter\View\{closure}()
#2 D:\Ecommerce\system\Common.php(1089): CodeIgniter\View\View->render('productdetail', Array, true)
#3 D:\Ecommerce\app\Controllers\Home.php(122): view('productdetail', Array)
#4 D:\Ecommerce\system\CodeIgniter.php(832): App\Controllers\Home->productdetail('5')
#5 D:\Ecommerce\system\CodeIgniter.php(419): CodeIgniter\CodeIgniter->runController(Object(App\Controllers\Home))
#6 D:\Ecommerce\system\CodeIgniter.php(326): CodeIgniter\CodeIgniter->handleRequest(NULL, Object(Config\Cache), false)
#7 D:\Ecommerce\public\index.php(37): CodeIgniter\CodeIgniter->run()
#8 D:\Ecommerce\system\Commands\Server\rewrite.php(43): require_once('D:\\Ecommerce\\pu...')
#9 {main}
CRITICAL - 2022-07-21 00:54:15 --> Cannot access offset of type string on string
#0 D:\Ecommerce\system\View\View.php(210): include()
#1 D:\Ecommerce\system\View\View.php(213): CodeIgniter\View\View->CodeIgniter\View\{closure}()
#2 D:\Ecommerce\system\Common.php(1089): CodeIgniter\View\View->render('productdetail', Array, true)
#3 D:\Ecommerce\app\Controllers\Home.php(122): view('productdetail', Array)
#4 D:\Ecommerce\system\CodeIgniter.php(832): App\Controllers\Home->productdetail('14')
#5 D:\Ecommerce\system\CodeIgniter.php(419): CodeIgniter\CodeIgniter->runController(Object(App\Controllers\Home))
#6 D:\Ecommerce\system\CodeIgniter.php(326): CodeIgniter\CodeIgniter->handleRequest(NULL, Object(Config\Cache), false)
#7 D:\Ecommerce\public\index.php(37): CodeIgniter\CodeIgniter->run()
#8 D:\Ecommerce\system\Commands\Server\rewrite.php(43): require_once('D:\\Ecommerce\\pu...')
#9 {main}
CRITICAL - 2022-07-21 00:55:43 --> Cannot access offset of type string on string
#0 D:\Ecommerce\system\View\View.php(210): include()
#1 D:\Ecommerce\system\View\View.php(213): CodeIgniter\View\View->CodeIgniter\View\{closure}()
#2 D:\Ecommerce\system\Common.php(1089): CodeIgniter\View\View->render('productdetail', Array, true)
#3 D:\Ecommerce\app\Controllers\Home.php(122): view('productdetail', Array)
#4 D:\Ecommerce\system\CodeIgniter.php(832): App\Controllers\Home->productdetail('14')
#5 D:\Ecommerce\system\CodeIgniter.php(419): CodeIgniter\CodeIgniter->runController(Object(App\Controllers\Home))
#6 D:\Ecommerce\system\CodeIgniter.php(326): CodeIgniter\CodeIgniter->handleRequest(NULL, Object(Config\Cache), false)
#7 D:\Ecommerce\public\index.php(37): CodeIgniter\CodeIgniter->run()
#8 D:\Ecommerce\system\Commands\Server\rewrite.php(43): require_once('D:\\Ecommerce\\pu...')
#9 {main}
CRITICAL - 2022-07-21 00:56:27 --> Trying to access array offset on value of type null
#0 D:\Ecommerce\app\Models\HomeModel.php(322): CodeIgniter\Debug\Exceptions->errorHandler(2, 'Trying to acces...', 'D:\\Ecommerce\\ap...', 322)
#1 D:\Ecommerce\app\Controllers\Home.php(119): App\Models\HomeModel->get_product_data('img')
#2 D:\Ecommerce\system\CodeIgniter.php(832): App\Controllers\Home->productdetail('img', 'favicon.ico')
#3 D:\Ecommerce\system\CodeIgniter.php(419): CodeIgniter\CodeIgniter->runController(Object(App\Controllers\Home))
#4 D:\Ecommerce\system\CodeIgniter.php(326): CodeIgniter\CodeIgniter->handleRequest(NULL, Object(Config\Cache), false)
#5 D:\Ecommerce\public\index.php(37): CodeIgniter\CodeIgniter->run()
#6 D:\Ecommerce\system\Commands\Server\rewrite.php(43): require_once('D:\\Ecommerce\\pu...')
#7 {main}
CRITICAL - 2022-07-21 00:56:29 --> Trying to access array offset on value of type null
#0 D:\Ecommerce\app\Models\HomeModel.php(322): CodeIgniter\Debug\Exceptions->errorHandler(2, 'Trying to acces...', 'D:\\Ecommerce\\ap...', 322)
#1 D:\Ecommerce\app\Controllers\Home.php(119): App\Models\HomeModel->get_product_data('img')
#2 D:\Ecommerce\system\CodeIgniter.php(832): App\Controllers\Home->productdetail('img', 'favicon.ico')
#3 D:\Ecommerce\system\CodeIgniter.php(419): CodeIgniter\CodeIgniter->runController(Object(App\Controllers\Home))
#4 D:\Ecommerce\system\CodeIgniter.php(326): CodeIgniter\CodeIgniter->handleRequest(NULL, Object(Config\Cache), false)
#5 D:\Ecommerce\public\index.php(37): CodeIgniter\CodeIgniter->run()
#6 D:\Ecommerce\system\Commands\Server\rewrite.php(43): require_once('D:\\Ecommerce\\pu...')
#7 {main}
CRITICAL - 2022-07-21 00:57:09 --> Cannot access offset of type string on string
#0 D:\Ecommerce\system\View\View.php(210): include()
#1 D:\Ecommerce\system\View\View.php(213): CodeIgniter\View\View->CodeIgniter\View\{closure}()
#2 D:\Ecommerce\system\Common.php(1089): CodeIgniter\View\View->render('productdetail', Array, true)
#3 D:\Ecommerce\app\Controllers\Home.php(122): view('productdetail', Array)
#4 D:\Ecommerce\system\CodeIgniter.php(832): App\Controllers\Home->productdetail('14')
#5 D:\Ecommerce\system\CodeIgniter.php(419): CodeIgniter\CodeIgniter->runController(Object(App\Controllers\Home))
#6 D:\Ecommerce\system\CodeIgniter.php(326): CodeIgniter\CodeIgniter->handleRequest(NULL, Object(Config\Cache), false)
#7 D:\Ecommerce\public\index.php(37): CodeIgniter\CodeIgniter->run()
#8 D:\Ecommerce\system\Commands\Server\rewrite.php(43): require_once('D:\\Ecommerce\\pu...')
#9 {main}
CRITICAL - 2022-07-21 00:57:36 --> Trying to access array offset on value of type null
#0 D:\Ecommerce\app\Models\HomeModel.php(322): CodeIgniter\Debug\Exceptions->errorHandler(2, 'Trying to acces...', 'D:\\Ecommerce\\ap...', 322)
#1 D:\Ecommerce\app\Controllers\Home.php(119): App\Models\HomeModel->get_product_data('')
#2 D:\Ecommerce\system\CodeIgniter.php(832): App\Controllers\Home->productdetail()
#3 D:\Ecommerce\system\CodeIgniter.php(419): CodeIgniter\CodeIgniter->runController(Object(App\Controllers\Home))
#4 D:\Ecommerce\system\CodeIgniter.php(326): CodeIgniter\CodeIgniter->handleRequest(NULL, Object(Config\Cache), false)
#5 D:\Ecommerce\public\index.php(37): CodeIgniter\CodeIgniter->run()
#6 D:\Ecommerce\system\Commands\Server\rewrite.php(43): require_once('D:\\Ecommerce\\pu...')
#7 {main}
CRITICAL - 2022-07-21 00:57:41 --> Trying to access array offset on value of type null
#0 D:\Ecommerce\app\Models\HomeModel.php(322): CodeIgniter\Debug\Exceptions->errorHandler(2, 'Trying to acces...', 'D:\\Ecommerce\\ap...', 322)
#1 D:\Ecommerce\app\Controllers\Home.php(119): App\Models\HomeModel->get_product_data('')
#2 D:\Ecommerce\system\CodeIgniter.php(832): App\Controllers\Home->productdetail()
#3 D:\Ecommerce\system\CodeIgniter.php(419): CodeIgniter\CodeIgniter->runController(Object(App\Controllers\Home))
#4 D:\Ecommerce\system\CodeIgniter.php(326): CodeIgniter\CodeIgniter->handleRequest(NULL, Object(Config\Cache), false)
#5 D:\Ecommerce\public\index.php(37): CodeIgniter\CodeIgniter->run()
#6 D:\Ecommerce\system\Commands\Server\rewrite.php(43): require_once('D:\\Ecommerce\\pu...')
#7 {main}
CRITICAL - 2022-07-21 00:57:50 --> Trying to access array offset on value of type null
#0 D:\Ecommerce\app\Models\HomeModel.php(322): CodeIgniter\Debug\Exceptions->errorHandler(2, 'Trying to acces...', 'D:\\Ecommerce\\ap...', 322)
#1 D:\Ecommerce\app\Controllers\Home.php(119): App\Models\HomeModel->get_product_data('img')
#2 D:\Ecommerce\system\CodeIgniter.php(832): App\Controllers\Home->productdetail('img', 'favicon.ico')
#3 D:\Ecommerce\system\CodeIgniter.php(419): CodeIgniter\CodeIgniter->runController(Object(App\Controllers\Home))
#4 D:\Ecommerce\system\CodeIgniter.php(326): CodeIgniter\CodeIgniter->handleRequest(NULL, Object(Config\Cache), false)
#5 D:\Ecommerce\public\index.php(37): CodeIgniter\CodeIgniter->run()
#6 D:\Ecommerce\system\Commands\Server\rewrite.php(43): require_once('D:\\Ecommerce\\pu...')
#7 {main}
CRITICAL - 2022-07-21 00:57:52 --> Trying to access array offset on value of type null
#0 D:\Ecommerce\app\Models\HomeModel.php(322): CodeIgniter\Debug\Exceptions->errorHandler(2, 'Trying to acces...', 'D:\\Ecommerce\\ap...', 322)
#1 D:\Ecommerce\app\Controllers\Home.php(119): App\Models\HomeModel->get_product_data('img')
#2 D:\Ecommerce\system\CodeIgniter.php(832): App\Controllers\Home->productdetail('img', 'favicon.ico')
#3 D:\Ecommerce\system\CodeIgniter.php(419): CodeIgniter\CodeIgniter->runController(Object(App\Controllers\Home))
#4 D:\Ecommerce\system\CodeIgniter.php(326): CodeIgniter\CodeIgniter->handleRequest(NULL, Object(Config\Cache), false)
#5 D:\Ecommerce\public\index.php(37): CodeIgniter\CodeIgniter->run()
#6 D:\Ecommerce\system\Commands\Server\rewrite.php(43): require_once('D:\\Ecommerce\\pu...')
#7 {main}
CRITICAL - 2022-07-21 00:58:10 --> Trying to access array offset on value of type null
#0 D:\Ecommerce\app\Models\HomeModel.php(322): CodeIgniter\Debug\Exceptions->errorHandler(2, 'Trying to acces...', 'D:\\Ecommerce\\ap...', 322)
#1 D:\Ecommerce\app\Controllers\Home.php(119): App\Models\HomeModel->get_product_data('img')
#2 D:\Ecommerce\system\CodeIgniter.php(832): App\Controllers\Home->productdetail('img', 'favicon.ico')
#3 D:\Ecommerce\system\CodeIgniter.php(419): CodeIgniter\CodeIgniter->runController(Object(App\Controllers\Home))
#4 D:\Ecommerce\system\CodeIgniter.php(326): CodeIgniter\CodeIgniter->handleRequest(NULL, Object(Config\Cache), false)
#5 D:\Ecommerce\public\index.php(37): CodeIgniter\CodeIgniter->run()
#6 D:\Ecommerce\system\Commands\Server\rewrite.php(43): require_once('D:\\Ecommerce\\pu...')
#7 {main}
CRITICAL - 2022-07-21 00:58:20 --> Trying to access array offset on value of type null
#0 D:\Ecommerce\app\Models\HomeModel.php(322): CodeIgniter\Debug\Exceptions->errorHandler(2, 'Trying to acces...', 'D:\\Ecommerce\\ap...', 322)
#1 D:\Ecommerce\app\Controllers\Home.php(119): App\Models\HomeModel->get_product_data('img')
#2 D:\Ecommerce\system\CodeIgniter.php(832): App\Controllers\Home->productdetail('img', 'favicon.ico')
#3 D:\Ecommerce\system\CodeIgniter.php(419): CodeIgniter\CodeIgniter->runController(Object(App\Controllers\Home))
#4 D:\Ecommerce\system\CodeIgniter.php(326): CodeIgniter\CodeIgniter->handleRequest(NULL, Object(Config\Cache), false)
#5 D:\Ecommerce\public\index.php(37): CodeIgniter\CodeIgniter->run()
#6 D:\Ecommerce\system\Commands\Server\rewrite.php(43): require_once('D:\\Ecommerce\\pu...')
#7 {main}
CRITICAL - 2022-07-21 00:58:27 --> Trying to access array offset on value of type null
#0 D:\Ecommerce\app\Models\HomeModel.php(322): CodeIgniter\Debug\Exceptions->errorHandler(2, 'Trying to acces...', 'D:\\Ecommerce\\ap...', 322)
#1 D:\Ecommerce\app\Controllers\Home.php(119): App\Models\HomeModel->get_product_data('img')
#2 D:\Ecommerce\system\CodeIgniter.php(832): App\Controllers\Home->productdetail('img', 'favicon.ico')
#3 D:\Ecommerce\system\CodeIgniter.php(419): CodeIgniter\CodeIgniter->runController(Object(App\Controllers\Home))
#4 D:\Ecommerce\system\CodeIgniter.php(326): CodeIgniter\CodeIgniter->handleRequest(NULL, Object(Config\Cache), false)
#5 D:\Ecommerce\public\index.php(37): CodeIgniter\CodeIgniter->run()
#6 D:\Ecommerce\system\Commands\Server\rewrite.php(43): require_once('D:\\Ecommerce\\pu...')
#7 {main}
CRITICAL - 2022-07-21 00:58:36 --> foreach() argument must be of type array|object, null given
#0 D:\Ecommerce\app\Views\productdetail.php(250): CodeIgniter\Debug\Exceptions->errorHandler(2, 'foreach() argum...', 'D:\\Ecommerce\\ap...', 250)
#1 D:\Ecommerce\system\View\View.php(210): include('D:\\Ecommerce\\ap...')
#2 D:\Ecommerce\system\View\View.php(213): CodeIgniter\View\View->CodeIgniter\View\{closure}()
#3 D:\Ecommerce\system\Common.php(1089): CodeIgniter\View\View->render('productdetail', Array, true)
#4 D:\Ecommerce\app\Controllers\Home.php(122): view('productdetail', Array)
#5 D:\Ecommerce\system\CodeIgniter.php(832): App\Controllers\Home->productdetail('7')
#6 D:\Ecommerce\system\CodeIgniter.php(419): CodeIgniter\CodeIgniter->runController(Object(App\Controllers\Home))
#7 D:\Ecommerce\system\CodeIgniter.php(326): CodeIgniter\CodeIgniter->handleRequest(NULL, Object(Config\Cache), false)
#8 D:\Ecommerce\public\index.php(37): CodeIgniter\CodeIgniter->run()
#9 D:\Ecommerce\system\Commands\Server\rewrite.php(43): require_once('D:\\Ecommerce\\pu...')
#10 {main}
CRITICAL - 2022-07-21 00:58:55 --> foreach() argument must be of type array|object, null given
#0 D:\Ecommerce\app\Views\productdetail.php(250): CodeIgniter\Debug\Exceptions->errorHandler(2, 'foreach() argum...', 'D:\\Ecommerce\\ap...', 250)
#1 D:\Ecommerce\system\View\View.php(210): include('D:\\Ecommerce\\ap...')
#2 D:\Ecommerce\system\View\View.php(213): CodeIgniter\View\View->CodeIgniter\View\{closure}()
#3 D:\Ecommerce\system\Common.php(1089): CodeIgniter\View\View->render('productdetail', Array, true)
#4 D:\Ecommerce\app\Controllers\Home.php(122): view('productdetail', Array)
#5 D:\Ecommerce\system\CodeIgniter.php(832): App\Controllers\Home->productdetail('7')
#6 D:\Ecommerce\system\CodeIgniter.php(419): CodeIgniter\CodeIgniter->runController(Object(App\Controllers\Home))
#7 D:\Ecommerce\system\CodeIgniter.php(326): CodeIgniter\CodeIgniter->handleRequest(NULL, Object(Config\Cache), false)
#8 D:\Ecommerce\public\index.php(37): CodeIgniter\CodeIgniter->run()
#9 D:\Ecommerce\system\Commands\Server\rewrite.php(43): require_once('D:\\Ecommerce\\pu...')
#10 {main}
CRITICAL - 2022-07-21 00:58:58 --> foreach() argument must be of type array|object, null given
#0 D:\Ecommerce\app\Views\productdetail.php(250): CodeIgniter\Debug\Exceptions->errorHandler(2, 'foreach() argum...', 'D:\\Ecommerce\\ap...', 250)
#1 D:\Ecommerce\system\View\View.php(210): include('D:\\Ecommerce\\ap...')
#2 D:\Ecommerce\system\View\View.php(213): CodeIgniter\View\View->CodeIgniter\View\{closure}()
#3 D:\Ecommerce\system\Common.php(1089): CodeIgniter\View\View->render('productdetail', Array, true)
#4 D:\Ecommerce\app\Controllers\Home.php(122): view('productdetail', Array)
#5 D:\Ecommerce\system\CodeIgniter.php(832): App\Controllers\Home->productdetail('7')
#6 D:\Ecommerce\system\CodeIgniter.php(419): CodeIgniter\CodeIgniter->runController(Object(App\Controllers\Home))
#7 D:\Ecommerce\system\CodeIgniter.php(326): CodeIgniter\CodeIgniter->handleRequest(NULL, Object(Config\Cache), false)
#8 D:\Ecommerce\public\index.php(37): CodeIgniter\CodeIgniter->run()
#9 D:\Ecommerce\system\Commands\Server\rewrite.php(43): require_once('D:\\Ecommerce\\pu...')
#10 {main}
CRITICAL - 2022-07-21 00:59:09 --> foreach() argument must be of type array|object, null given
#0 D:\Ecommerce\app\Views\productdetail.php(250): CodeIgniter\Debug\Exceptions->errorHandler(2, 'foreach() argum...', 'D:\\Ecommerce\\ap...', 250)
#1 D:\Ecommerce\system\View\View.php(210): include('D:\\Ecommerce\\ap...')
#2 D:\Ecommerce\system\View\View.php(213): CodeIgniter\View\View->CodeIgniter\View\{closure}()
#3 D:\Ecommerce\system\Common.php(1089): CodeIgniter\View\View->render('productdetail', Array, true)
#4 D:\Ecommerce\app\Controllers\Home.php(122): view('productdetail', Array)
#5 D:\Ecommerce\system\CodeIgniter.php(832): App\Controllers\Home->productdetail('7')
#6 D:\Ecommerce\system\CodeIgniter.php(419): CodeIgniter\CodeIgniter->runController(Object(App\Controllers\Home))
#7 D:\Ecommerce\system\CodeIgniter.php(326): CodeIgniter\CodeIgniter->handleRequest(NULL, Object(Config\Cache), false)
#8 D:\Ecommerce\public\index.php(37): CodeIgniter\CodeIgniter->run()
#9 D:\Ecommerce\system\Commands\Server\rewrite.php(43): require_once('D:\\Ecommerce\\pu...')
#10 {main}
CRITICAL - 2022-07-21 00:59:45 --> foreach() argument must be of type array|object, null given
#0 D:\Ecommerce\app\Views\productdetail.php(250): CodeIgniter\Debug\Exceptions->errorHandler(2, 'foreach() argum...', 'D:\\Ecommerce\\ap...', 250)
#1 D:\Ecommerce\system\View\View.php(210): include('D:\\Ecommerce\\ap...')
#2 D:\Ecommerce\system\View\View.php(213): CodeIgniter\View\View->CodeIgniter\View\{closure}()
#3 D:\Ecommerce\system\Common.php(1089): CodeIgniter\View\View->render('productdetail', Array, true)
#4 D:\Ecommerce\app\Controllers\Home.php(123): view('productdetail', Array)
#5 D:\Ecommerce\system\CodeIgniter.php(832): App\Controllers\Home->productdetail('7')
#6 D:\Ecommerce\system\CodeIgniter.php(419): CodeIgniter\CodeIgniter->runController(Object(App\Controllers\Home))
#7 D:\Ecommerce\system\CodeIgniter.php(326): CodeIgniter\CodeIgniter->handleRequest(NULL, Object(Config\Cache), false)
#8 D:\Ecommerce\public\index.php(37): CodeIgniter\CodeIgniter->run()
#9 D:\Ecommerce\system\Commands\Server\rewrite.php(43): require_once('D:\\Ecommerce\\pu...')
#10 {main}
CRITICAL - 2022-07-21 00:59:47 --> foreach() argument must be of type array|object, null given
#0 D:\Ecommerce\app\Views\productdetail.php(250): CodeIgniter\Debug\Exceptions->errorHandler(2, 'foreach() argum...', 'D:\\Ecommerce\\ap...', 250)
#1 D:\Ecommerce\system\View\View.php(210): include('D:\\Ecommerce\\ap...')
#2 D:\Ecommerce\system\View\View.php(213): CodeIgniter\View\View->CodeIgniter\View\{closure}()
#3 D:\Ecommerce\system\Common.php(1089): CodeIgniter\View\View->render('productdetail', Array, true)
#4 D:\Ecommerce\app\Controllers\Home.php(123): view('productdetail', Array)
#5 D:\Ecommerce\system\CodeIgniter.php(832): App\Controllers\Home->productdetail('7')
#6 D:\Ecommerce\system\CodeIgniter.php(419): CodeIgniter\CodeIgniter->runController(Object(App\Controllers\Home))
#7 D:\Ecommerce\system\CodeIgniter.php(326): CodeIgniter\CodeIgniter->handleRequest(NULL, Object(Config\Cache), false)
#8 D:\Ecommerce\public\index.php(37): CodeIgniter\CodeIgniter->run()
#9 D:\Ecommerce\system\Commands\Server\rewrite.php(43): require_once('D:\\Ecommerce\\pu...')
#10 {main}
CRITICAL - 2022-07-21 01:00:38 --> foreach() argument must be of type array|object, null given
#0 D:\Ecommerce\app\Views\productdetail.php(250): CodeIgniter\Debug\Exceptions->errorHandler(2, 'foreach() argum...', 'D:\\Ecommerce\\ap...', 250)
#1 D:\Ecommerce\system\View\View.php(210): include('D:\\Ecommerce\\ap...')
#2 D:\Ecommerce\system\View\View.php(213): CodeIgniter\View\View->CodeIgniter\View\{closure}()
#3 D:\Ecommerce\system\Common.php(1089): CodeIgniter\View\View->render('productdetail', Array, true)
#4 D:\Ecommerce\app\Controllers\Home.php(122): view('productdetail', Array)
#5 D:\Ecommerce\system\CodeIgniter.php(832): App\Controllers\Home->productdetail('7')
#6 D:\Ecommerce\system\CodeIgniter.php(419): CodeIgniter\CodeIgniter->runController(Object(App\Controllers\Home))
#7 D:\Ecommerce\system\CodeIgniter.php(326): CodeIgniter\CodeIgniter->handleRequest(NULL, Object(Config\Cache), false)
#8 D:\Ecommerce\public\index.php(37): CodeIgniter\CodeIgniter->run()
#9 D:\Ecommerce\system\Commands\Server\rewrite.php(43): require_once('D:\\Ecommerce\\pu...')
#10 {main}
CRITICAL - 2022-07-21 01:00:40 --> foreach() argument must be of type array|object, null given
#0 D:\Ecommerce\app\Views\productdetail.php(250): CodeIgniter\Debug\Exceptions->errorHandler(2, 'foreach() argum...', 'D:\\Ecommerce\\ap...', 250)
#1 D:\Ecommerce\system\View\View.php(210): include('D:\\Ecommerce\\ap...')
#2 D:\Ecommerce\system\View\View.php(213): CodeIgniter\View\View->CodeIgniter\View\{closure}()
#3 D:\Ecommerce\system\Common.php(1089): CodeIgniter\View\View->render('productdetail', Array, true)
#4 D:\Ecommerce\app\Controllers\Home.php(122): view('productdetail', Array)
#5 D:\Ecommerce\system\CodeIgniter.php(832): App\Controllers\Home->productdetail('7')
#6 D:\Ecommerce\system\CodeIgniter.php(419): CodeIgniter\CodeIgniter->runController(Object(App\Controllers\Home))
#7 D:\Ecommerce\system\CodeIgniter.php(326): CodeIgniter\CodeIgniter->handleRequest(NULL, Object(Config\Cache), false)
#8 D:\Ecommerce\public\index.php(37): CodeIgniter\CodeIgniter->run()
#9 D:\Ecommerce\system\Commands\Server\rewrite.php(43): require_once('D:\\Ecommerce\\pu...')
#10 {main}
CRITICAL - 2022-07-21 01:01:57 --> Trying to access array offset on value of type null
#0 D:\Ecommerce\app\Models\HomeModel.php(322): CodeIgniter\Debug\Exceptions->errorHandler(2, 'Trying to acces...', 'D:\\Ecommerce\\ap...', 322)
#1 D:\Ecommerce\app\Controllers\Home.php(119): App\Models\HomeModel->get_product_data('img')
#2 D:\Ecommerce\system\CodeIgniter.php(832): App\Controllers\Home->productdetail('img', 'favicon.ico')
#3 D:\Ecommerce\system\CodeIgniter.php(419): CodeIgniter\CodeIgniter->runController(Object(App\Controllers\Home))
#4 D:\Ecommerce\system\CodeIgniter.php(326): CodeIgniter\CodeIgniter->handleRequest(NULL, Object(Config\Cache), false)
#5 D:\Ecommerce\public\index.php(37): CodeIgniter\CodeIgniter->run()
#6 D:\Ecommerce\system\Commands\Server\rewrite.php(43): require_once('D:\\Ecommerce\\pu...')
#7 {main}
CRITICAL - 2022-07-21 01:02:00 --> Trying to access array offset on value of type null
#0 D:\Ecommerce\app\Models\HomeModel.php(322): CodeIgniter\Debug\Exceptions->errorHandler(2, 'Trying to acces...', 'D:\\Ecommerce\\ap...', 322)
#1 D:\Ecommerce\app\Controllers\Home.php(119): App\Models\HomeModel->get_product_data('img')
#2 D:\Ecommerce\system\CodeIgniter.php(832): App\Controllers\Home->productdetail('img', 'favicon.ico')
#3 D:\Ecommerce\system\CodeIgniter.php(419): CodeIgniter\CodeIgniter->runController(Object(App\Controllers\Home))
#4 D:\Ecommerce\system\CodeIgniter.php(326): CodeIgniter\CodeIgniter->handleRequest(NULL, Object(Config\Cache), false)
#5 D:\Ecommerce\public\index.php(37): CodeIgniter\CodeIgniter->run()
#6 D:\Ecommerce\system\Commands\Server\rewrite.php(43): require_once('D:\\Ecommerce\\pu...')
#7 {main}
CRITICAL - 2022-07-21 01:02:25 --> Trying to access array offset on value of type null
#0 D:\Ecommerce\app\Models\HomeModel.php(322): CodeIgniter\Debug\Exceptions->errorHandler(2, 'Trying to acces...', 'D:\\Ecommerce\\ap...', 322)
#1 D:\Ecommerce\app\Controllers\Home.php(119): App\Models\HomeModel->get_product_data('img')
#2 D:\Ecommerce\system\CodeIgniter.php(832): App\Controllers\Home->productdetail('img', 'favicon.ico')
#3 D:\Ecommerce\system\CodeIgniter.php(419): CodeIgniter\CodeIgniter->runController(Object(App\Controllers\Home))
#4 D:\Ecommerce\system\CodeIgniter.php(326): CodeIgniter\CodeIgniter->handleRequest(NULL, Object(Config\Cache), false)
#5 D:\Ecommerce\public\index.php(37): CodeIgniter\CodeIgniter->run()
#6 D:\Ecommerce\system\Commands\Server\rewrite.php(43): require_once('D:\\Ecommerce\\pu...')
#7 {main}
CRITICAL - 2022-07-21 01:02:29 --> Trying to access array offset on value of type null
#0 D:\Ecommerce\app\Models\HomeModel.php(322): CodeIgniter\Debug\Exceptions->errorHandler(2, 'Trying to acces...', 'D:\\Ecommerce\\ap...', 322)
#1 D:\Ecommerce\app\Controllers\Home.php(119): App\Models\HomeModel->get_product_data('img')
#2 D:\Ecommerce\system\CodeIgniter.php(832): App\Controllers\Home->productdetail('img', 'favicon.ico')
#3 D:\Ecommerce\system\CodeIgniter.php(419): CodeIgniter\CodeIgniter->runController(Object(App\Controllers\Home))
#4 D:\Ecommerce\system\CodeIgniter.php(326): CodeIgniter\CodeIgniter->handleRequest(NULL, Object(Config\Cache), false)
#5 D:\Ecommerce\public\index.php(37): CodeIgniter\CodeIgniter->run()
#6 D:\Ecommerce\system\Commands\Server\rewrite.php(43): require_once('D:\\Ecommerce\\pu...')
#7 {main}
CRITICAL - 2022-07-21 01:02:30 --> Trying to access array offset on value of type null
#0 D:\Ecommerce\app\Models\HomeModel.php(322): CodeIgniter\Debug\Exceptions->errorHandler(2, 'Trying to acces...', 'D:\\Ecommerce\\ap...', 322)
#1 D:\Ecommerce\app\Controllers\Home.php(119): App\Models\HomeModel->get_product_data('img')
#2 D:\Ecommerce\system\CodeIgniter.php(832): App\Controllers\Home->productdetail('img', 'favicon.ico')
#3 D:\Ecommerce\system\CodeIgniter.php(419): CodeIgniter\CodeIgniter->runController(Object(App\Controllers\Home))
#4 D:\Ecommerce\system\CodeIgniter.php(326): CodeIgniter\CodeIgniter->handleRequest(NULL, Object(Config\Cache), false)
#5 D:\Ecommerce\public\index.php(37): CodeIgniter\CodeIgniter->run()
#6 D:\Ecommerce\system\Commands\Server\rewrite.php(43): require_once('D:\\Ecommerce\\pu...')
#7 {main}
CRITICAL - 2022-07-21 01:02:58 --> Trying to access array offset on value of type null
#0 D:\Ecommerce\app\Models\HomeModel.php(322): CodeIgniter\Debug\Exceptions->errorHandler(2, 'Trying to acces...', 'D:\\Ecommerce\\ap...', 322)
#1 D:\Ecommerce\app\Controllers\Home.php(119): App\Models\HomeModel->get_product_data('img')
#2 D:\Ecommerce\system\CodeIgniter.php(832): App\Controllers\Home->productdetail('img', 'favicon.ico')
#3 D:\Ecommerce\system\CodeIgniter.php(419): CodeIgniter\CodeIgniter->runController(Object(App\Controllers\Home))
#4 D:\Ecommerce\system\CodeIgniter.php(326): CodeIgniter\CodeIgniter->handleRequest(NULL, Object(Config\Cache), false)
#5 D:\Ecommerce\public\index.php(37): CodeIgniter\CodeIgniter->run()
#6 D:\Ecommerce\system\Commands\Server\rewrite.php(43): require_once('D:\\Ecommerce\\pu...')
#7 {main}
CRITICAL - 2022-07-21 01:03:25 --> Trying to access array offset on value of type null
#0 D:\Ecommerce\app\Models\HomeModel.php(782): CodeIgniter\Debug\Exceptions->errorHandler(2, 'Trying to acces...', 'D:\\Ecommerce\\ap...', 782)
#1 D:\Ecommerce\app\Controllers\Home.php(54): App\Models\HomeModel->get_order_data('img')
#2 D:\Ecommerce\system\CodeIgniter.php(832): App\Controllers\Home->orderview('img', 'payments.png')
#3 D:\Ecommerce\system\CodeIgniter.php(419): CodeIgniter\CodeIgniter->runController(Object(App\Controllers\Home))
#4 D:\Ecommerce\system\CodeIgniter.php(326): CodeIgniter\CodeIgniter->handleRequest(NULL, Object(Config\Cache), false)
#5 D:\Ecommerce\public\index.php(37): CodeIgniter\CodeIgniter->run()
#6 D:\Ecommerce\system\Commands\Server\rewrite.php(43): require_once('D:\\Ecommerce\\pu...')
#7 {main}
CRITICAL - 2022-07-21 01:03:33 --> Trying to access array offset on value of type null
#0 D:\Ecommerce\app\Models\HomeModel.php(322): CodeIgniter\Debug\Exceptions->errorHandler(2, 'Trying to acces...', 'D:\\Ecommerce\\ap...', 322)
#1 D:\Ecommerce\app\Controllers\Home.php(119): App\Models\HomeModel->get_product_data('img')
#2 D:\Ecommerce\system\CodeIgniter.php(832): App\Controllers\Home->productdetail('img', 'favicon.ico')
#3 D:\Ecommerce\system\CodeIgniter.php(419): CodeIgniter\CodeIgniter->runController(Object(App\Controllers\Home))
#4 D:\Ecommerce\system\CodeIgniter.php(326): CodeIgniter\CodeIgniter->handleRequest(NULL, Object(Config\Cache), false)
#5 D:\Ecommerce\public\index.php(37): CodeIgniter\CodeIgniter->run()
#6 D:\Ecommerce\system\Commands\Server\rewrite.php(43): require_once('D:\\Ecommerce\\pu...')
#7 {main}
CRITICAL - 2022-07-21 01:03:53 --> Trying to access array offset on value of type null
#0 D:\Ecommerce\app\Models\HomeModel.php(322): CodeIgniter\Debug\Exceptions->errorHandler(2, 'Trying to acces...', 'D:\\Ecommerce\\ap...', 322)
#1 D:\Ecommerce\app\Controllers\Home.php(119): App\Models\HomeModel->get_product_data('img')
#2 D:\Ecommerce\system\CodeIgniter.php(832): App\Controllers\Home->productdetail('img', 'favicon.ico')
#3 D:\Ecommerce\system\CodeIgniter.php(419): CodeIgniter\CodeIgniter->runController(Object(App\Controllers\Home))
#4 D:\Ecommerce\system\CodeIgniter.php(326): CodeIgniter\CodeIgniter->handleRequest(NULL, Object(Config\Cache), false)
#5 D:\Ecommerce\public\index.php(37): CodeIgniter\CodeIgniter->run()
#6 D:\Ecommerce\system\Commands\Server\rewrite.php(43): require_once('D:\\Ecommerce\\pu...')
#7 {main}
CRITICAL - 2022-07-21 01:05:04 --> Cannot access offset of type string on string
#0 D:\Ecommerce\system\View\View.php(210): include()
#1 D:\Ecommerce\system\View\View.php(213): CodeIgniter\View\View->CodeIgniter\View\{closure}()
#2 D:\Ecommerce\system\Common.php(1089): CodeIgniter\View\View->render('productdetail', Array, true)
#3 D:\Ecommerce\app\Controllers\Home.php(122): view('productdetail', Array)
#4 D:\Ecommerce\system\CodeIgniter.php(832): App\Controllers\Home->productdetail('5')
#5 D:\Ecommerce\system\CodeIgniter.php(419): CodeIgniter\CodeIgniter->runController(Object(App\Controllers\Home))
#6 D:\Ecommerce\system\CodeIgniter.php(326): CodeIgniter\CodeIgniter->handleRequest(NULL, Object(Config\Cache), false)
#7 D:\Ecommerce\public\index.php(37): CodeIgniter\CodeIgniter->run()
#8 D:\Ecommerce\system\Commands\Server\rewrite.php(43): require_once('D:\\Ecommerce\\pu...')
#9 {main}
CRITICAL - 2022-07-21 01:06:14 --> Cannot access offset of type string on string
#0 D:\Ecommerce\system\View\View.php(210): include()
#1 D:\Ecommerce\system\View\View.php(213): CodeIgniter\View\View->CodeIgniter\View\{closure}()
#2 D:\Ecommerce\system\Common.php(1089): CodeIgniter\View\View->render('productdetail', Array, true)
#3 D:\Ecommerce\app\Controllers\Home.php(122): view('productdetail', Array)
#4 D:\Ecommerce\system\CodeIgniter.php(832): App\Controllers\Home->productdetail('5')
#5 D:\Ecommerce\system\CodeIgniter.php(419): CodeIgniter\CodeIgniter->runController(Object(App\Controllers\Home))
#6 D:\Ecommerce\system\CodeIgniter.php(326): CodeIgniter\CodeIgniter->handleRequest(NULL, Object(Config\Cache), false)
#7 D:\Ecommerce\public\index.php(37): CodeIgniter\CodeIgniter->run()
#8 D:\Ecommerce\system\Commands\Server\rewrite.php(43): require_once('D:\\Ecommerce\\pu...')
#9 {main}
CRITICAL - 2022-07-21 01:06:30 --> Trying to access array offset on value of type null
#0 D:\Ecommerce\app\Models\HomeModel.php(322): CodeIgniter\Debug\Exceptions->errorHandler(2, 'Trying to acces...', 'D:\\Ecommerce\\ap...', 322)
#1 D:\Ecommerce\app\Controllers\Home.php(119): App\Models\HomeModel->get_product_data('img')
#2 D:\Ecommerce\system\CodeIgniter.php(832): App\Controllers\Home->productdetail('img', 'payments.png')
#3 D:\Ecommerce\system\CodeIgniter.php(419): CodeIgniter\CodeIgniter->runController(Object(App\Controllers\Home))
#4 D:\Ecommerce\system\CodeIgniter.php(326): CodeIgniter\CodeIgniter->handleRequest(NULL, Object(Config\Cache), false)
#5 D:\Ecommerce\public\index.php(37): CodeIgniter\CodeIgniter->run()
#6 D:\Ecommerce\system\Commands\Server\rewrite.php(43): require_once('D:\\Ecommerce\\pu...')
#7 {main}
CRITICAL - 2022-07-21 01:08:28 --> Trying to access array offset on value of type null
#0 D:\Ecommerce\app\Models\HomeModel.php(322): CodeIgniter\Debug\Exceptions->errorHandler(2, 'Trying to acces...', 'D:\\Ecommerce\\ap...', 322)
#1 D:\Ecommerce\app\Controllers\Home.php(119): App\Models\HomeModel->get_product_data('img')
#2 D:\Ecommerce\system\CodeIgniter.php(832): App\Controllers\Home->productdetail('img', 'payments.png')
#3 D:\Ecommerce\system\CodeIgniter.php(419): CodeIgniter\CodeIgniter->runController(Object(App\Controllers\Home))
#4 D:\Ecommerce\system\CodeIgniter.php(326): CodeIgniter\CodeIgniter->handleRequest(NULL, Object(Config\Cache), false)
#5 D:\Ecommerce\public\index.php(37): CodeIgniter\CodeIgniter->run()
#6 D:\Ecommerce\system\Commands\Server\rewrite.php(43): require_once('D:\\Ecommerce\\pu...')
#7 {main}
CRITICAL - 2022-07-21 01:41:25 --> Uncaught TypeError: abs(): Argument #1 ($num) must be of type int|float, string given in D:\Ecommerce\system\Debug\Exceptions.php:298
Stack trace:
#0 D:\Ecommerce\system\Debug\Exceptions.php(298): abs('BAD_REQUEST_ERR...')
#1 D:\Ecommerce\system\Debug\Exceptions.php(102): CodeIgniter\Debug\Exceptions->determineCodes(Object(Razorpay\Api\Errors\BadRequestError))
#2 [internal function]: CodeIgniter\Debug\Exceptions->exceptionHandler(Object(Razorpay\Api\Errors\BadRequestError))
#3 {main}
  thrown
#0 [internal function]: CodeIgniter\Debug\Exceptions->shutdownHandler()
#1 {main}
CRITICAL - 2022-07-21 01:42:52 --> Uncaught TypeError: abs(): Argument #1 ($num) must be of type int|float, string given in D:\Ecommerce\system\Debug\Exceptions.php:298
Stack trace:
#0 D:\Ecommerce\system\Debug\Exceptions.php(298): abs('BAD_REQUEST_ERR...')
#1 D:\Ecommerce\system\Debug\Exceptions.php(102): CodeIgniter\Debug\Exceptions->determineCodes(Object(Razorpay\Api\Errors\BadRequestError))
#2 [internal function]: CodeIgniter\Debug\Exceptions->exceptionHandler(Object(Razorpay\Api\Errors\BadRequestError))
#3 {main}
  thrown
#0 [internal function]: CodeIgniter\Debug\Exceptions->shutdownHandler()
#1 {main}
CRITICAL - 2022-07-21 01:43:04 --> Uncaught TypeError: abs(): Argument #1 ($num) must be of type int|float, string given in D:\Ecommerce\system\Debug\Exceptions.php:298
Stack trace:
#0 D:\Ecommerce\system\Debug\Exceptions.php(298): abs('BAD_REQUEST_ERR...')
#1 D:\Ecommerce\system\Debug\Exceptions.php(102): CodeIgniter\Debug\Exceptions->determineCodes(Object(Razorpay\Api\Errors\BadRequestError))
#2 [internal function]: CodeIgniter\Debug\Exceptions->exceptionHandler(Object(Razorpay\Api\Errors\BadRequestError))
#3 {main}
  thrown
#0 [internal function]: CodeIgniter\Debug\Exceptions->shutdownHandler()
#1 {main}
CRITICAL - 2022-07-21 01:47:12 --> cURL error 28: Failed to connect to api.razorpay.com port 443: Timed out
#0 D:\Ecommerce\vendor\rmccue\requests\src\Transport\Curl.php(219): WpOrg\Requests\Transport\Curl->process_response('', Array)
#1 D:\Ecommerce\vendor\rmccue\requests\src\Requests.php(469): WpOrg\Requests\Transport\Curl->request('https://api.raz...', Array, Array, Array)
#2 D:\Ecommerce\vendor\razorpay\razorpay\src\Request.php(57): WpOrg\Requests\Requests::request('https://api.raz...', Array, Array, 'POST', Array)
#3 D:\Ecommerce\vendor\razorpay\razorpay\src\Entity.php(92): Razorpay\Api\Request->request('POST', 'https://api.raz...', Array)
#4 D:\Ecommerce\vendor\razorpay\razorpay\src\Entity.php(20): Razorpay\Api\Entity->request('POST', 'orders/', Array)
#5 D:\Ecommerce\vendor\razorpay\razorpay\src\Order.php(12): Razorpay\Api\Entity->create(Array)
#6 D:\Ecommerce\app\Helpers\rozorpay_helper.php(81): Razorpay\Api\Order->create(Array)
#7 D:\Ecommerce\app\Helpers\rozorpay_helper.php(23): generate_order_id_razor('0', '7e159e11f1eab2c...')
#8 D:\Ecommerce\app\Models\HomeModel.php(603): SendRazor('0', '7e159e11f1eab2c...', Array)
#9 D:\Ecommerce\app\Controllers\Home.php(158): App\Models\HomeModel->payment_data(Array)
#10 D:\Ecommerce\system\CodeIgniter.php(832): App\Controllers\Home->checkout1()
#11 D:\Ecommerce\system\CodeIgniter.php(419): CodeIgniter\CodeIgniter->runController(Object(App\Controllers\Home))
#12 D:\Ecommerce\system\CodeIgniter.php(326): CodeIgniter\CodeIgniter->handleRequest(NULL, Object(Config\Cache), false)
#13 D:\Ecommerce\public\index.php(37): CodeIgniter\CodeIgniter->run()
#14 D:\Ecommerce\system\Commands\Server\rewrite.php(43): require_once('D:\\Ecommerce\\pu...')
#15 {main}
CRITICAL - 2022-07-21 01:47:22 --> Uncaught TypeError: abs(): Argument #1 ($num) must be of type int|float, string given in D:\Ecommerce\system\Debug\Exceptions.php:298
Stack trace:
#0 D:\Ecommerce\system\Debug\Exceptions.php(298): abs('BAD_REQUEST_ERR...')
#1 D:\Ecommerce\system\Debug\Exceptions.php(102): CodeIgniter\Debug\Exceptions->determineCodes(Object(Razorpay\Api\Errors\BadRequestError))
#2 [internal function]: CodeIgniter\Debug\Exceptions->exceptionHandler(Object(Razorpay\Api\Errors\BadRequestError))
#3 {main}
  thrown
#0 [internal function]: CodeIgniter\Debug\Exceptions->shutdownHandler()
#1 {main}
CRITICAL - 2022-07-21 01:53:29 --> Uncaught TypeError: abs(): Argument #1 ($num) must be of type int|float, string given in D:\Ecommerce\system\Debug\Exceptions.php:298
Stack trace:
#0 D:\Ecommerce\system\Debug\Exceptions.php(298): abs('BAD_REQUEST_ERR...')
#1 D:\Ecommerce\system\Debug\Exceptions.php(102): CodeIgniter\Debug\Exceptions->determineCodes(Object(Razorpay\Api\Errors\BadRequestError))
#2 [internal function]: CodeIgniter\Debug\Exceptions->exceptionHandler(Object(Razorpay\Api\Errors\BadRequestError))
#3 {main}
  thrown
#0 [internal function]: CodeIgniter\Debug\Exceptions->shutdownHandler()
#1 {main}
CRITICAL - 2022-07-21 01:54:26 --> Uncaught TypeError: abs(): Argument #1 ($num) must be of type int|float, string given in D:\Ecommerce\system\Debug\Exceptions.php:298
Stack trace:
#0 D:\Ecommerce\system\Debug\Exceptions.php(298): abs('BAD_REQUEST_ERR...')
#1 D:\Ecommerce\system\Debug\Exceptions.php(102): CodeIgniter\Debug\Exceptions->determineCodes(Object(Razorpay\Api\Errors\BadRequestError))
#2 [internal function]: CodeIgniter\Debug\Exceptions->exceptionHandler(Object(Razorpay\Api\Errors\BadRequestError))
#3 {main}
  thrown
#0 [internal function]: CodeIgniter\Debug\Exceptions->shutdownHandler()
#1 {main}
CRITICAL - 2022-07-21 01:54:37 --> Uncaught TypeError: abs(): Argument #1 ($num) must be of type int|float, string given in D:\Ecommerce\system\Debug\Exceptions.php:298
Stack trace:
#0 D:\Ecommerce\system\Debug\Exceptions.php(298): abs('BAD_REQUEST_ERR...')
#1 D:\Ecommerce\system\Debug\Exceptions.php(102): CodeIgniter\Debug\Exceptions->determineCodes(Object(Razorpay\Api\Errors\BadRequestError))
#2 [internal function]: CodeIgniter\Debug\Exceptions->exceptionHandler(Object(Razorpay\Api\Errors\BadRequestError))
#3 {main}
  thrown
#0 [internal function]: CodeIgniter\Debug\Exceptions->shutdownHandler()
#1 {main}
CRITICAL - 2022-07-21 01:55:15 --> Uncaught TypeError: abs(): Argument #1 ($num) must be of type int|float, string given in D:\Ecommerce\system\Debug\Exceptions.php:298
Stack trace:
#0 D:\Ecommerce\system\Debug\Exceptions.php(298): abs('BAD_REQUEST_ERR...')
#1 D:\Ecommerce\system\Debug\Exceptions.php(102): CodeIgniter\Debug\Exceptions->determineCodes(Object(Razorpay\Api\Errors\BadRequestError))
#2 [internal function]: CodeIgniter\Debug\Exceptions->exceptionHandler(Object(Razorpay\Api\Errors\BadRequestError))
#3 {main}
  thrown
#0 [internal function]: CodeIgniter\Debug\Exceptions->shutdownHandler()
#1 {main}
CRITICAL - 2022-07-21 01:58:51 --> Uncaught TypeError: abs(): Argument #1 ($num) must be of type int|float, string given in D:\Ecommerce\system\Debug\Exceptions.php:298
Stack trace:
#0 D:\Ecommerce\system\Debug\Exceptions.php(298): abs('BAD_REQUEST_ERR...')
#1 D:\Ecommerce\system\Debug\Exceptions.php(102): CodeIgniter\Debug\Exceptions->determineCodes(Object(Razorpay\Api\Errors\BadRequestError))
#2 [internal function]: CodeIgniter\Debug\Exceptions->exceptionHandler(Object(Razorpay\Api\Errors\BadRequestError))
#3 {main}
  thrown
#0 [internal function]: CodeIgniter\Debug\Exceptions->shutdownHandler()
#1 {main}
CRITICAL - 2022-07-21 01:59:03 --> Uncaught TypeError: abs(): Argument #1 ($num) must be of type int|float, string given in D:\Ecommerce\system\Debug\Exceptions.php:298
Stack trace:
#0 D:\Ecommerce\system\Debug\Exceptions.php(298): abs('BAD_REQUEST_ERR...')
#1 D:\Ecommerce\system\Debug\Exceptions.php(102): CodeIgniter\Debug\Exceptions->determineCodes(Object(Razorpay\Api\Errors\BadRequestError))
#2 [internal function]: CodeIgniter\Debug\Exceptions->exceptionHandler(Object(Razorpay\Api\Errors\BadRequestError))
#3 {main}
  thrown
#0 [internal function]: CodeIgniter\Debug\Exceptions->shutdownHandler()
#1 {main}
CRITICAL - 2022-07-21 01:59:25 --> Uncaught TypeError: abs(): Argument #1 ($num) must be of type int|float, string given in D:\Ecommerce\system\Debug\Exceptions.php:298
Stack trace:
#0 D:\Ecommerce\system\Debug\Exceptions.php(298): abs('BAD_REQUEST_ERR...')
#1 D:\Ecommerce\system\Debug\Exceptions.php(102): CodeIgniter\Debug\Exceptions->determineCodes(Object(Razorpay\Api\Errors\BadRequestError))
#2 [internal function]: CodeIgniter\Debug\Exceptions->exceptionHandler(Object(Razorpay\Api\Errors\BadRequestError))
#3 {main}
  thrown
#0 [internal function]: CodeIgniter\Debug\Exceptions->shutdownHandler()
#1 {main}
CRITICAL - 2022-07-21 02:01:47 --> Uncaught TypeError: abs(): Argument #1 ($num) must be of type int|float, string given in D:\Ecommerce\system\Debug\Exceptions.php:298
Stack trace:
#0 D:\Ecommerce\system\Debug\Exceptions.php(298): abs('BAD_REQUEST_ERR...')
#1 D:\Ecommerce\system\Debug\Exceptions.php(102): CodeIgniter\Debug\Exceptions->determineCodes(Object(Razorpay\Api\Errors\BadRequestError))
#2 [internal function]: CodeIgniter\Debug\Exceptions->exceptionHandler(Object(Razorpay\Api\Errors\BadRequestError))
#3 {main}
  thrown
#0 [internal function]: CodeIgniter\Debug\Exceptions->shutdownHandler()
#1 {main}
CRITICAL - 2022-07-21 02:02:35 --> Uncaught TypeError: abs(): Argument #1 ($num) must be of type int|float, string given in D:\Ecommerce\system\Debug\Exceptions.php:298
Stack trace:
#0 D:\Ecommerce\system\Debug\Exceptions.php(298): abs('BAD_REQUEST_ERR...')
#1 D:\Ecommerce\system\Debug\Exceptions.php(102): CodeIgniter\Debug\Exceptions->determineCodes(Object(Razorpay\Api\Errors\BadRequestError))
#2 [internal function]: CodeIgniter\Debug\Exceptions->exceptionHandler(Object(Razorpay\Api\Errors\BadRequestError))
#3 {main}
  thrown
#0 [internal function]: CodeIgniter\Debug\Exceptions->shutdownHandler()
#1 {main}
CRITICAL - 2022-07-21 02:04:56 --> Uncaught TypeError: abs(): Argument #1 ($num) must be of type int|float, string given in D:\Ecommerce\system\Debug\Exceptions.php:298
Stack trace:
#0 D:\Ecommerce\system\Debug\Exceptions.php(298): abs('BAD_REQUEST_ERR...')
#1 D:\Ecommerce\system\Debug\Exceptions.php(102): CodeIgniter\Debug\Exceptions->determineCodes(Object(Razorpay\Api\Errors\BadRequestError))
#2 [internal function]: CodeIgniter\Debug\Exceptions->exceptionHandler(Object(Razorpay\Api\Errors\BadRequestError))
#3 {main}
  thrown
#0 [internal function]: CodeIgniter\Debug\Exceptions->shutdownHandler()
#1 {main}
CRITICAL - 2022-07-21 02:42:41 --> Array to string conversion
#0 D:\Ecommerce\app\Helpers\rozorpay_helper.php(66): CodeIgniter\Debug\Exceptions->errorHandler(2, 'Array to string...', 'D:\\Ecommerce\\ap...', 66)
#1 D:\Ecommerce\app\Models\HomeModel.php(605): SendRazor('7700', 'f4fe8256d6fe61e...', Array)
#2 D:\Ecommerce\app\Controllers\Home.php(159): App\Models\HomeModel->payment_data(Array)
#3 D:\Ecommerce\system\CodeIgniter.php(832): App\Controllers\Home->checkout1()
#4 D:\Ecommerce\system\CodeIgniter.php(419): CodeIgniter\CodeIgniter->runController(Object(App\Controllers\Home))
#5 D:\Ecommerce\system\CodeIgniter.php(326): CodeIgniter\CodeIgniter->handleRequest(NULL, Object(Config\Cache), false)
#6 D:\Ecommerce\public\index.php(37): CodeIgniter\CodeIgniter->run()
#7 D:\Ecommerce\system\Commands\Server\rewrite.php(43): require_once('D:\\Ecommerce\\pu...')
#8 {main}
CRITICAL - 2022-07-21 03:57:04 --> Undefined array key "qty"
#0 D:\Ecommerce\app\Models\HomeModel.php(555): CodeIgniter\Debug\Exceptions->errorHandler(2, 'Undefined array...', 'D:\\Ecommerce\\ap...', 555)
#1 D:\Ecommerce\app\Controllers\Home.php(159): App\Models\HomeModel->payment_data(Array)
#2 D:\Ecommerce\system\CodeIgniter.php(832): App\Controllers\Home->checkout1()
#3 D:\Ecommerce\system\CodeIgniter.php(419): CodeIgniter\CodeIgniter->runController(Object(App\Controllers\Home))
#4 D:\Ecommerce\system\CodeIgniter.php(326): CodeIgniter\CodeIgniter->handleRequest(NULL, Object(Config\Cache), false)
#5 D:\Ecommerce\public\index.php(37): CodeIgniter\CodeIgniter->run()
#6 D:\Ecommerce\system\Commands\Server\rewrite.php(43): require_once('D:\\Ecommerce\\pu...')
#7 {main}
CRITICAL - 2022-07-21 04:06:48 --> cURL error 28: Operation timed out after 10000 milliseconds with 0 out of 0 bytes received
#0 D:\Ecommerce\vendor\rmccue\requests\src\Transport\Curl.php(219): WpOrg\Requests\Transport\Curl->process_response('', Array)
#1 D:\Ecommerce\vendor\rmccue\requests\src\Requests.php(469): WpOrg\Requests\Transport\Curl->request('https://api.raz...', Array, Array, Array)
#2 D:\Ecommerce\vendor\razorpay\razorpay\src\Request.php(57): WpOrg\Requests\Requests::request('https://api.raz...', Array, Array, 'POST', Array)
#3 D:\Ecommerce\vendor\razorpay\razorpay\src\Entity.php(92): Razorpay\Api\Request->request('POST', 'https://api.raz...', Array)
#4 D:\Ecommerce\vendor\razorpay\razorpay\src\Entity.php(20): Razorpay\Api\Entity->request('POST', 'orders/', Array)
#5 D:\Ecommerce\vendor\razorpay\razorpay\src\Order.php(12): Razorpay\Api\Entity->create(Array)
#6 D:\Ecommerce\app\Helpers\rozorpay_helper.php(82): Razorpay\Api\Order->create(Array)
#7 D:\Ecommerce\app\Helpers\rozorpay_helper.php(23): generate_order_id_razor('7700', '76ea6efad73ce81...')
#8 D:\Ecommerce\app\Models\HomeModel.php(603): SendRazor('7700', '76ea6efad73ce81...', Array)
#9 D:\Ecommerce\app\Controllers\Home.php(95): App\Models\HomeModel->payment_data(Array)
#10 D:\Ecommerce\system\CodeIgniter.php(832): App\Controllers\Home->final_cart()
#11 D:\Ecommerce\system\CodeIgniter.php(419): CodeIgniter\CodeIgniter->runController(Object(App\Controllers\Home))
#12 D:\Ecommerce\system\CodeIgniter.php(326): CodeIgniter\CodeIgniter->handleRequest(NULL, Object(Config\Cache), false)
#13 D:\Ecommerce\public\index.php(37): CodeIgniter\CodeIgniter->run()
#14 D:\Ecommerce\system\Commands\Server\rewrite.php(43): require_once('D:\\Ecommerce\\pu...')
#15 {main}
CRITICAL - 2022-07-21 05:28:14 --> Undefined variable $msg
#0 D:\Ecommerce\app\Models\admin\ItemModel.php(95): CodeIgniter\Debug\Exceptions->errorHandler(2, 'Undefined varia...', 'D:\\Ecommerce\\ap...', 95)
#1 D:\Ecommerce\app\Controllers\admin\Item.php(26): App\Models\admin\ItemModel->insert_item(Array, Object(CodeIgniter\HTTP\Files\UploadedFile))
#2 D:\Ecommerce\system\CodeIgniter.php(832): App\Controllers\admin\Item->createitem()
#3 D:\Ecommerce\system\CodeIgniter.php(419): CodeIgniter\CodeIgniter->runController(Object(App\Controllers\admin\Item))
#4 D:\Ecommerce\system\CodeIgniter.php(326): CodeIgniter\CodeIgniter->handleRequest(NULL, Object(Config\Cache), false)
#5 D:\Ecommerce\public\index.php(37): CodeIgniter\CodeIgniter->run()
#6 D:\Ecommerce\system\Commands\Server\rewrite.php(43): require_once('D:\\Ecommerce\\pu...')
#7 {main}
CRITICAL - 2022-07-21 05:28:29 --> Undefined variable $msg
#0 D:\Ecommerce\app\Models\admin\ItemModel.php(95): CodeIgniter\Debug\Exceptions->errorHandler(2, 'Undefined varia...', 'D:\\Ecommerce\\ap...', 95)
#1 D:\Ecommerce\app\Controllers\admin\Item.php(26): App\Models\admin\ItemModel->insert_item(Array, Object(CodeIgniter\HTTP\Files\UploadedFile))
#2 D:\Ecommerce\system\CodeIgniter.php(832): App\Controllers\admin\Item->createitem()
#3 D:\Ecommerce\system\CodeIgniter.php(419): CodeIgniter\CodeIgniter->runController(Object(App\Controllers\admin\Item))
#4 D:\Ecommerce\system\CodeIgniter.php(326): CodeIgniter\CodeIgniter->handleRequest(NULL, Object(Config\Cache), false)
#5 D:\Ecommerce\public\index.php(37): CodeIgniter\CodeIgniter->run()
#6 D:\Ecommerce\system\Commands\Server\rewrite.php(43): require_once('D:\\Ecommerce\\pu...')
#7 {main}
CRITICAL - 2022-07-21 05:28:37 --> Undefined variable $msg
#0 D:\Ecommerce\app\Models\admin\ItemModel.php(95): CodeIgniter\Debug\Exceptions->errorHandler(2, 'Undefined varia...', 'D:\\Ecommerce\\ap...', 95)
#1 D:\Ecommerce\app\Controllers\admin\Item.php(26): App\Models\admin\ItemModel->insert_item(Array, Object(CodeIgniter\HTTP\Files\UploadedFile))
#2 D:\Ecommerce\system\CodeIgniter.php(832): App\Controllers\admin\Item->createitem()
#3 D:\Ecommerce\system\CodeIgniter.php(419): CodeIgniter\CodeIgniter->runController(Object(App\Controllers\admin\Item))
#4 D:\Ecommerce\system\CodeIgniter.php(326): CodeIgniter\CodeIgniter->handleRequest(NULL, Object(Config\Cache), false)
#5 D:\Ecommerce\public\index.php(37): CodeIgniter\CodeIgniter->run()
#6 D:\Ecommerce\system\Commands\Server\rewrite.php(43): require_once('D:\\Ecommerce\\pu...')
#7 {main}
CRITICAL - 2022-07-21 05:30:32 --> Undefined variable $msg
#0 D:\Ecommerce\app\Models\admin\ItemModel.php(110): CodeIgniter\Debug\Exceptions->errorHandler(2, 'Undefined varia...', 'D:\\Ecommerce\\ap...', 110)
#1 D:\Ecommerce\app\Controllers\admin\Item.php(26): App\Models\admin\ItemModel->insert_item(Array, Object(CodeIgniter\HTTP\Files\UploadedFile))
#2 D:\Ecommerce\system\CodeIgniter.php(832): App\Controllers\admin\Item->createitem()
#3 D:\Ecommerce\system\CodeIgniter.php(419): CodeIgniter\CodeIgniter->runController(Object(App\Controllers\admin\Item))
#4 D:\Ecommerce\system\CodeIgniter.php(326): CodeIgniter\CodeIgniter->handleRequest(NULL, Object(Config\Cache), false)
#5 D:\Ecommerce\public\index.php(37): CodeIgniter\CodeIgniter->run()
#6 D:\Ecommerce\system\Commands\Server\rewrite.php(43): require_once('D:\\Ecommerce\\pu...')
#7 {main}
CRITICAL - 2022-07-21 05:31:19 --> Undefined variable $msg
#0 D:\Ecommerce\app\Models\admin\ItemModel.php(110): CodeIgniter\Debug\Exceptions->errorHandler(2, 'Undefined varia...', 'D:\\Ecommerce\\ap...', 110)
#1 D:\Ecommerce\app\Controllers\admin\Item.php(26): App\Models\admin\ItemModel->insert_item(Array, Object(CodeIgniter\HTTP\Files\UploadedFile))
#2 D:\Ecommerce\system\CodeIgniter.php(832): App\Controllers\admin\Item->createitem()
#3 D:\Ecommerce\system\CodeIgniter.php(419): CodeIgniter\CodeIgniter->runController(Object(App\Controllers\admin\Item))
#4 D:\Ecommerce\system\CodeIgniter.php(326): CodeIgniter\CodeIgniter->handleRequest(NULL, Object(Config\Cache), false)
#5 D:\Ecommerce\public\index.php(37): CodeIgniter\CodeIgniter->run()
#6 D:\Ecommerce\system\Commands\Server\rewrite.php(43): require_once('D:\\Ecommerce\\pu...')
#7 {main}
CRITICAL - 2022-07-21 05:34:18 --> Trying to access array offset on value of type null
#0 D:\Ecommerce\app\Models\HomeModel.php(320): CodeIgniter\Debug\Exceptions->errorHandler(2, 'Trying to acces...', 'D:\\Ecommerce\\ap...', 320)
#1 D:\Ecommerce\app\Controllers\Home.php(126): App\Models\HomeModel->get_product_data('img')
#2 D:\Ecommerce\system\CodeIgniter.php(832): App\Controllers\Home->productdetail('img', 'payments.png')
#3 D:\Ecommerce\system\CodeIgniter.php(419): CodeIgniter\CodeIgniter->runController(Object(App\Controllers\Home))
#4 D:\Ecommerce\system\CodeIgniter.php(326): CodeIgniter\CodeIgniter->handleRequest(NULL, Object(Config\Cache), false)
#5 D:\Ecommerce\public\index.php(37): CodeIgniter\CodeIgniter->run()
#6 D:\Ecommerce\system\Commands\Server\rewrite.php(43): require_once('D:\\Ecommerce\\pu...')
#7 {main}
CRITICAL - 2022-07-21 06:10:38 --> Trying to access array offset on value of type null
#0 D:\Ecommerce\app\Models\HomeModel.php(320): CodeIgniter\Debug\Exceptions->errorHandler(2, 'Trying to acces...', 'D:\\Ecommerce\\ap...', 320)
#1 D:\Ecommerce\app\Controllers\Home.php(126): App\Models\HomeModel->get_product_data('img')
#2 D:\Ecommerce\system\CodeIgniter.php(832): App\Controllers\Home->productdetail('img', 'payments.png')
#3 D:\Ecommerce\system\CodeIgniter.php(419): CodeIgniter\CodeIgniter->runController(Object(App\Controllers\Home))
#4 D:\Ecommerce\system\CodeIgniter.php(326): CodeIgniter\CodeIgniter->handleRequest(NULL, Object(Config\Cache), false)
#5 D:\Ecommerce\public\index.php(37): CodeIgniter\CodeIgniter->run()
#6 D:\Ecommerce\system\Commands\Server\rewrite.php(43): require_once('D:\\Ecommerce\\pu...')
#7 {main}
CRITICAL - 2022-07-21 06:10:44 --> Trying to access array offset on value of type null
#0 D:\Ecommerce\app\Models\HomeModel.php(320): CodeIgniter\Debug\Exceptions->errorHandler(2, 'Trying to acces...', 'D:\\Ecommerce\\ap...', 320)
#1 D:\Ecommerce\app\Controllers\Home.php(126): App\Models\HomeModel->get_product_data('img')
#2 D:\Ecommerce\system\CodeIgniter.php(832): App\Controllers\Home->productdetail('img', 'payments.png')
#3 D:\Ecommerce\system\CodeIgniter.php(419): CodeIgniter\CodeIgniter->runController(Object(App\Controllers\Home))
#4 D:\Ecommerce\system\CodeIgniter.php(326): CodeIgniter\CodeIgniter->handleRequest(NULL, Object(Config\Cache), false)
#5 D:\Ecommerce\public\index.php(37): CodeIgniter\CodeIgniter->run()
#6 D:\Ecommerce\system\Commands\Server\rewrite.php(43): require_once('D:\\Ecommerce\\pu...')
#7 {main}
CRITICAL - 2022-07-21 06:10:52 --> Trying to access array offset on value of type null
#0 D:\Ecommerce\app\Models\HomeModel.php(320): CodeIgniter\Debug\Exceptions->errorHandler(2, 'Trying to acces...', 'D:\\Ecommerce\\ap...', 320)
#1 D:\Ecommerce\app\Controllers\Home.php(126): App\Models\HomeModel->get_product_data('img')
#2 D:\Ecommerce\system\CodeIgniter.php(832): App\Controllers\Home->productdetail('img', 'payments.png')
#3 D:\Ecommerce\system\CodeIgniter.php(419): CodeIgniter\CodeIgniter->runController(Object(App\Controllers\Home))
#4 D:\Ecommerce\system\CodeIgniter.php(326): CodeIgniter\CodeIgniter->handleRequest(NULL, Object(Config\Cache), false)
#5 D:\Ecommerce\public\index.php(37): CodeIgniter\CodeIgniter->run()
#6 D:\Ecommerce\system\Commands\Server\rewrite.php(43): require_once('D:\\Ecommerce\\pu...')
#7 {main}
CRITICAL - 2022-07-21 06:11:04 --> Trying to access array offset on value of type null
#0 D:\Ecommerce\app\Models\HomeModel.php(320): CodeIgniter\Debug\Exceptions->errorHandler(2, 'Trying to acces...', 'D:\\Ecommerce\\ap...', 320)
#1 D:\Ecommerce\app\Controllers\Home.php(126): App\Models\HomeModel->get_product_data('img')
#2 D:\Ecommerce\system\CodeIgniter.php(832): App\Controllers\Home->productdetail('img', 'payments.png')
#3 D:\Ecommerce\system\CodeIgniter.php(419): CodeIgniter\CodeIgniter->runController(Object(App\Controllers\Home))
#4 D:\Ecommerce\system\CodeIgniter.php(326): CodeIgniter\CodeIgniter->handleRequest(NULL, Object(Config\Cache), false)
#5 D:\Ecommerce\public\index.php(37): CodeIgniter\CodeIgniter->run()
#6 D:\Ecommerce\system\Commands\Server\rewrite.php(43): require_once('D:\\Ecommerce\\pu...')
#7 {main}
CRITICAL - 2022-07-21 06:13:46 --> Trying to access array offset on value of type null
#0 D:\Ecommerce\app\Models\HomeModel.php(320): CodeIgniter\Debug\Exceptions->errorHandler(2, 'Trying to acces...', 'D:\\Ecommerce\\ap...', 320)
#1 D:\Ecommerce\app\Controllers\Home.php(126): App\Models\HomeModel->get_product_data('img')
#2 D:\Ecommerce\system\CodeIgniter.php(832): App\Controllers\Home->productdetail('img', 'payments.png')
#3 D:\Ecommerce\system\CodeIgniter.php(419): CodeIgniter\CodeIgniter->runController(Object(App\Controllers\Home))
#4 D:\Ecommerce\system\CodeIgniter.php(326): CodeIgniter\CodeIgniter->handleRequest(NULL, Object(Config\Cache), false)
#5 D:\Ecommerce\public\index.php(37): CodeIgniter\CodeIgniter->run()
#6 D:\Ecommerce\system\Commands\Server\rewrite.php(43): require_once('D:\\Ecommerce\\pu...')
#7 {main}
CRITICAL - 2022-07-21 06:14:23 --> Trying to access array offset on value of type null
#0 D:\Ecommerce\app\Models\HomeModel.php(320): CodeIgniter\Debug\Exceptions->errorHandler(2, 'Trying to acces...', 'D:\\Ecommerce\\ap...', 320)
#1 D:\Ecommerce\app\Controllers\Home.php(126): App\Models\HomeModel->get_product_data('img')
#2 D:\Ecommerce\system\CodeIgniter.php(832): App\Controllers\Home->productdetail('img', 'payments.png')
#3 D:\Ecommerce\system\CodeIgniter.php(419): CodeIgniter\CodeIgniter->runController(Object(App\Controllers\Home))
#4 D:\Ecommerce\system\CodeIgniter.php(326): CodeIgniter\CodeIgniter->handleRequest(NULL, Object(Config\Cache), false)
#5 D:\Ecommerce\public\index.php(37): CodeIgniter\CodeIgniter->run()
#6 D:\Ecommerce\system\Commands\Server\rewrite.php(43): require_once('D:\\Ecommerce\\pu...')
#7 {main}
CRITICAL - 2022-07-21 06:21:03 --> Trying to access array offset on value of type null
#0 D:\Ecommerce\app\Models\HomeModel.php(320): CodeIgniter\Debug\Exceptions->errorHandler(2, 'Trying to acces...', 'D:\\Ecommerce\\ap...', 320)
#1 D:\Ecommerce\app\Controllers\Home.php(126): App\Models\HomeModel->get_product_data('img')
#2 D:\Ecommerce\system\CodeIgniter.php(832): App\Controllers\Home->productdetail('img', 'payments.png')
#3 D:\Ecommerce\system\CodeIgniter.php(419): CodeIgniter\CodeIgniter->runController(Object(App\Controllers\Home))
#4 D:\Ecommerce\system\CodeIgniter.php(326): CodeIgniter\CodeIgniter->handleRequest(NULL, Object(Config\Cache), false)
#5 D:\Ecommerce\public\index.php(37): CodeIgniter\CodeIgniter->run()
#6 D:\Ecommerce\system\Commands\Server\rewrite.php(43): require_once('D:\\Ecommerce\\pu...')
#7 {main}
ERROR - 2022-07-21 06:45:27 --> Unknown column 'c.is_delete' in 'where clause'
CRITICAL - 2022-07-21 06:45:27 --> Unknown column 'c.is_delete' in 'where clause'
#0 D:\Ecommerce\system\Database\MySQLi\Connection.php(292): mysqli->query('SELECT `i`.*\nFR...', 0)
#1 D:\Ecommerce\system\Database\BaseConnection.php(670): CodeIgniter\Database\MySQLi\Connection->execute('SELECT `i`.*\nFR...')
#2 D:\Ecommerce\system\Database\BaseConnection.php(598): CodeIgniter\Database\BaseConnection->simpleQuery('SELECT `i`.*\nFR...')
#3 D:\Ecommerce\system\Database\BaseBuilder.php(1455): CodeIgniter\Database\BaseConnection->query('SELECT `i`.*\nFR...', Array, false)
#4 D:\Ecommerce\app\Models\HomeModel.php(288): CodeIgniter\Database\BaseBuilder->get()
#5 D:\Ecommerce\app\Controllers\Home.php(70): App\Models\HomeModel->get_category_data('14')
#6 D:\Ecommerce\system\CodeIgniter.php(832): App\Controllers\Home->productlist('14')
#7 D:\Ecommerce\system\CodeIgniter.php(419): CodeIgniter\CodeIgniter->runController(Object(App\Controllers\Home))
#8 D:\Ecommerce\system\CodeIgniter.php(326): CodeIgniter\CodeIgniter->handleRequest(NULL, Object(Config\Cache), false)
#9 D:\Ecommerce\public\index.php(37): CodeIgniter\CodeIgniter->run()
#10 D:\Ecommerce\system\Commands\Server\rewrite.php(43): require_once('D:\\Ecommerce\\pu...')
#11 {main}
CRITICAL - 2022-07-21 07:03:48 --> foreach() argument must be of type array|object, null given
#0 D:\Ecommerce\app\Views\productlist.php(172): CodeIgniter\Debug\Exceptions->errorHandler(2, 'foreach() argum...', 'D:\\Ecommerce\\ap...', 172)
#1 D:\Ecommerce\system\View\View.php(210): include('D:\\Ecommerce\\ap...')
#2 D:\Ecommerce\system\View\View.php(213): CodeIgniter\View\View->CodeIgniter\View\{closure}()
#3 D:\Ecommerce\system\Common.php(1089): CodeIgniter\View\View->render('productlist', Array, true)
#4 D:\Ecommerce\app\Controllers\Home.php(73): view('productlist', Array)
#5 D:\Ecommerce\system\CodeIgniter.php(832): App\Controllers\Home->productlist()
#6 D:\Ecommerce\system\CodeIgniter.php(419): CodeIgniter\CodeIgniter->runController(Object(App\Controllers\Home))
#7 D:\Ecommerce\system\CodeIgniter.php(326): CodeIgniter\CodeIgniter->handleRequest(NULL, Object(Config\Cache), false)
#8 D:\Ecommerce\public\index.php(37): CodeIgniter\CodeIgniter->run()
#9 D:\Ecommerce\system\Commands\Server\rewrite.php(43): require_once('D:\\Ecommerce\\pu...')
#10 {main}
CRITICAL - 2022-07-21 07:05:43 --> foreach() argument must be of type array|object, null given
#0 D:\Ecommerce\app\Views\productlist.php(172): CodeIgniter\Debug\Exceptions->errorHandler(2, 'foreach() argum...', 'D:\\Ecommerce\\ap...', 172)
#1 D:\Ecommerce\system\View\View.php(210): include('D:\\Ecommerce\\ap...')
#2 D:\Ecommerce\system\View\View.php(213): CodeIgniter\View\View->CodeIgniter\View\{closure}()
#3 D:\Ecommerce\system\Common.php(1089): CodeIgniter\View\View->render('productlist', Array, true)
#4 D:\Ecommerce\app\Controllers\Home.php(73): view('productlist', Array)
#5 D:\Ecommerce\system\CodeIgniter.php(832): App\Controllers\Home->productlist('img', 'payments.png')
#6 D:\Ecommerce\system\CodeIgniter.php(419): CodeIgniter\CodeIgniter->runController(Object(App\Controllers\Home))
#7 D:\Ecommerce\system\CodeIgniter.php(326): CodeIgniter\CodeIgniter->handleRequest(NULL, Object(Config\Cache), false)
#8 D:\Ecommerce\public\index.php(37): CodeIgniter\CodeIgniter->run()
#9 D:\Ecommerce\system\Commands\Server\rewrite.php(43): require_once('D:\\Ecommerce\\pu...')
#10 {main}
CRITICAL - 2022-07-21 07:12:44 --> Trying to access array offset on value of type null
#0 D:\Ecommerce\app\Models\HomeModel.php(335): CodeIgniter\Debug\Exceptions->errorHandler(2, 'Trying to acces...', 'D:\\Ecommerce\\ap...', 335)
#1 D:\Ecommerce\app\Controllers\Home.php(126): App\Models\HomeModel->get_product_data('img')
#2 D:\Ecommerce\system\CodeIgniter.php(832): App\Controllers\Home->productdetail('img', 'payments.png')
#3 D:\Ecommerce\system\CodeIgniter.php(419): CodeIgniter\CodeIgniter->runController(Object(App\Controllers\Home))
#4 D:\Ecommerce\system\CodeIgniter.php(326): CodeIgniter\CodeIgniter->handleRequest(NULL, Object(Config\Cache), false)
#5 D:\Ecommerce\public\index.php(37): CodeIgniter\CodeIgniter->run()
#6 D:\Ecommerce\system\Commands\Server\rewrite.php(43): require_once('D:\\Ecommerce\\pu...')
#7 {main}
CRITICAL - 2022-07-21 07:13:10 --> Undefined variable $msg
#0 D:\Ecommerce\app\Models\admin\ItemModel.php(110): CodeIgniter\Debug\Exceptions->errorHandler(2, 'Undefined varia...', 'D:\\Ecommerce\\ap...', 110)
#1 D:\Ecommerce\app\Controllers\admin\Item.php(26): App\Models\admin\ItemModel->insert_item(Array, Object(CodeIgniter\HTTP\Files\UploadedFile))
#2 D:\Ecommerce\system\CodeIgniter.php(832): App\Controllers\admin\Item->createitem()
#3 D:\Ecommerce\system\CodeIgniter.php(419): CodeIgniter\CodeIgniter->runController(Object(App\Controllers\admin\Item))
#4 D:\Ecommerce\system\CodeIgniter.php(326): CodeIgniter\CodeIgniter->handleRequest(NULL, Object(Config\Cache), false)
#5 D:\Ecommerce\public\index.php(37): CodeIgniter\CodeIgniter->run()
#6 D:\Ecommerce\system\Commands\Server\rewrite.php(43): require_once('D:\\Ecommerce\\pu...')
#7 {main}
CRITICAL - 2022-07-21 07:38:15 --> Undefined variable $msg
#0 D:\Ecommerce\app\Models\admin\ItemModel.php(110): CodeIgniter\Debug\Exceptions->errorHandler(2, 'Undefined varia...', 'D:\\Ecommerce\\ap...', 110)
#1 D:\Ecommerce\app\Controllers\admin\Item.php(26): App\Models\admin\ItemModel->insert_item(Array, Object(CodeIgniter\HTTP\Files\UploadedFile))
#2 D:\Ecommerce\system\CodeIgniter.php(832): App\Controllers\admin\Item->createitem()
#3 D:\Ecommerce\system\CodeIgniter.php(419): CodeIgniter\CodeIgniter->runController(Object(App\Controllers\admin\Item))
#4 D:\Ecommerce\system\CodeIgniter.php(326): CodeIgniter\CodeIgniter->handleRequest(NULL, Object(Config\Cache), false)
#5 D:\Ecommerce\public\index.php(37): CodeIgniter\CodeIgniter->run()
#6 D:\Ecommerce\system\Commands\Server\rewrite.php(43): require_once('D:\\Ecommerce\\pu...')
#7 {main}
CRITICAL - 2022-07-21 07:47:06 --> Undefined variable $msg
#0 D:\Ecommerce\app\Models\admin\ItemModel.php(111): CodeIgniter\Debug\Exceptions->errorHandler(2, 'Undefined varia...', 'D:\\Ecommerce\\ap...', 111)
#1 D:\Ecommerce\app\Controllers\admin\Item.php(26): App\Models\admin\ItemModel->insert_edit_item(Array, Object(CodeIgniter\HTTP\Files\UploadedFile))
#2 D:\Ecommerce\system\CodeIgniter.php(832): App\Controllers\admin\Item->createitem()
#3 D:\Ecommerce\system\CodeIgniter.php(419): CodeIgniter\CodeIgniter->runController(Object(App\Controllers\admin\Item))
#4 D:\Ecommerce\system\CodeIgniter.php(326): CodeIgniter\CodeIgniter->handleRequest(NULL, Object(Config\Cache), false)
#5 D:\Ecommerce\public\index.php(37): CodeIgniter\CodeIgniter->run()
#6 D:\Ecommerce\system\Commands\Server\rewrite.php(43): require_once('D:\\Ecommerce\\pu...')
#7 {main}
ERROR - 2022-07-21 23:09:10 --> Error connecting to the database: No connection could be made because the target machine actively refused it
CRITICAL - 2022-07-21 23:09:10 --> Unable to connect to the database.
Main connection [MySQLi]: No connection could be made because the target machine actively refused it
#0 D:\Ecommerce\system\Database\BaseConnection.php(577): CodeIgniter\Database\BaseConnection->initialize()
#1 D:\Ecommerce\system\Database\BaseBuilder.php(1455): CodeIgniter\Database\BaseConnection->query('SELECT *\nFROM `...', Array, false)
#2 D:\Ecommerce\app\Models\HomeModel.php(257): CodeIgniter\Database\BaseBuilder->get()
#3 D:\Ecommerce\app\Controllers\Home.php(20): App\Models\HomeModel->get_randomitem_data()
#4 D:\Ecommerce\system\CodeIgniter.php(832): App\Controllers\Home->index()
#5 D:\Ecommerce\system\CodeIgniter.php(419): CodeIgniter\CodeIgniter->runController(Object(App\Controllers\Home))
#6 D:\Ecommerce\system\CodeIgniter.php(326): CodeIgniter\CodeIgniter->handleRequest(NULL, Object(Config\Cache), false)
#7 D:\Ecommerce\public\index.php(37): CodeIgniter\CodeIgniter->run()
#8 D:\Ecommerce\system\Commands\Server\rewrite.php(43): require_once('D:\\Ecommerce\\pu...')
#9 {main}
ERROR - 2022-07-21 23:37:30 --> Column 'brand' cannot be null
CRITICAL - 2022-07-21 23:37:30 --> Column 'brand' cannot be null
#0 D:\Ecommerce\system\Database\MySQLi\Connection.php(292): mysqli->query('INSERT INTO `it...', 0)
#1 D:\Ecommerce\system\Database\BaseConnection.php(670): CodeIgniter\Database\MySQLi\Connection->execute('INSERT INTO `it...')
#2 D:\Ecommerce\system\Database\BaseConnection.php(598): CodeIgniter\Database\BaseConnection->simpleQuery('INSERT INTO `it...')
#3 D:\Ecommerce\system\Database\BaseBuilder.php(1771): CodeIgniter\Database\BaseConnection->query('INSERT INTO `it...', Array, false)
#4 D:\Ecommerce\app\Models\admin\ItemModel.php(99): CodeIgniter\Database\BaseBuilder->insert(Array)
#5 D:\Ecommerce\app\Controllers\admin\Item.php(26): App\Models\admin\ItemModel->insert_edit_item(Array, Object(CodeIgniter\HTTP\Files\UploadedFile))
#6 D:\Ecommerce\system\CodeIgniter.php(832): App\Controllers\admin\Item->createitem()
#7 D:\Ecommerce\system\CodeIgniter.php(419): CodeIgniter\CodeIgniter->runController(Object(App\Controllers\admin\Item))
#8 D:\Ecommerce\system\CodeIgniter.php(326): CodeIgniter\CodeIgniter->handleRequest(NULL, Object(Config\Cache), false)
#9 D:\Ecommerce\public\index.php(37): CodeIgniter\CodeIgniter->run()
#10 D:\Ecommerce\system\Commands\Server\rewrite.php(43): require_once('D:\\Ecommerce\\pu...')
#11 {main}
