CRITICAL - 2022-07-26 00:02:01 --> Unsupported operand types: string - int
#0 D:\Ecommerce\app\Controllers\Home.php(78): App\Models\HomeModel->fetch_data(Array, 'undefined')
#1 D:\Ecommerce\system\CodeIgniter.php(832): App\Controllers\Home->fetch_data('undefined')
#2 D:\Ecommerce\system\CodeIgniter.php(419): CodeIgniter\CodeIgniter->runController(Object(App\Controllers\Home))
#3 D:\Ecommerce\system\CodeIgniter.php(326): CodeIgniter\CodeIgniter->handleRequest(NULL, Object(Config\Cache), false)
#4 D:\Ecommerce\public\index.php(37): CodeIgniter\CodeIgniter->run()
#5 D:\Ecommerce\system\Commands\Server\rewrite.php(43): require_once('D:\\Ecommerce\\pu...')
#6 {main}
CRITICAL - 2022-07-26 00:13:17 --> Unsupported operand types: string - int
#0 D:\Ecommerce\app\Controllers\Home.php(78): App\Models\HomeModel->fetch_data(Array, 'undefined')
#1 D:\Ecommerce\system\CodeIgniter.php(832): App\Controllers\Home->fetch_data('undefined')
#2 D:\Ecommerce\system\CodeIgniter.php(419): CodeIgniter\CodeIgniter->runController(Object(App\Controllers\Home))
#3 D:\Ecommerce\system\CodeIgniter.php(326): CodeIgniter\CodeIgniter->handleRequest(NULL, Object(Config\Cache), false)
#4 D:\Ecommerce\public\index.php(37): CodeIgniter\CodeIgniter->run()
#5 D:\Ecommerce\system\Commands\Server\rewrite.php(43): require_once('D:\\Ecommerce\\pu...')
#6 {main}
CRITICAL - 2022-07-26 00:13:18 --> Unsupported operand types: string - int
#0 D:\Ecommerce\app\Controllers\Home.php(78): App\Models\HomeModel->fetch_data(Array, 'undefined')
#1 D:\Ecommerce\system\CodeIgniter.php(832): App\Controllers\Home->fetch_data('undefined')
#2 D:\Ecommerce\system\CodeIgniter.php(419): CodeIgniter\CodeIgniter->runController(Object(App\Controllers\Home))
#3 D:\Ecommerce\system\CodeIgniter.php(326): CodeIgniter\CodeIgniter->handleRequest(NULL, Object(Config\Cache), false)
#4 D:\Ecommerce\public\index.php(37): CodeIgniter\CodeIgniter->run()
#5 D:\Ecommerce\system\Commands\Server\rewrite.php(43): require_once('D:\\Ecommerce\\pu...')
#6 {main}
CRITICAL - 2022-07-26 00:13:37 --> Unsupported operand types: string - int
#0 D:\Ecommerce\app\Controllers\Home.php(78): App\Models\HomeModel->fetch_data(Array, 'undefined')
#1 D:\Ecommerce\system\CodeIgniter.php(832): App\Controllers\Home->fetch_data('undefined')
#2 D:\Ecommerce\system\CodeIgniter.php(419): CodeIgniter\CodeIgniter->runController(Object(App\Controllers\Home))
#3 D:\Ecommerce\system\CodeIgniter.php(326): CodeIgniter\CodeIgniter->handleRequest(NULL, Object(Config\Cache), false)
#4 D:\Ecommerce\public\index.php(37): CodeIgniter\CodeIgniter->run()
#5 D:\Ecommerce\system\Commands\Server\rewrite.php(43): require_once('D:\\Ecommerce\\pu...')
#6 {main}
CRITICAL - 2022-07-26 00:15:08 --> Unsupported operand types: string - int
#0 D:\Ecommerce\app\Controllers\Home.php(78): App\Models\HomeModel->fetch_data(Array, 'undefined')
#1 D:\Ecommerce\system\CodeIgniter.php(832): App\Controllers\Home->fetch_data('undefined')
#2 D:\Ecommerce\system\CodeIgniter.php(419): CodeIgniter\CodeIgniter->runController(Object(App\Controllers\Home))
#3 D:\Ecommerce\system\CodeIgniter.php(326): CodeIgniter\CodeIgniter->handleRequest(NULL, Object(Config\Cache), false)
#4 D:\Ecommerce\public\index.php(37): CodeIgniter\CodeIgniter->run()
#5 D:\Ecommerce\system\Commands\Server\rewrite.php(43): require_once('D:\\Ecommerce\\pu...')
#6 {main}
CRITICAL - 2022-07-26 00:15:13 --> Unsupported operand types: string - int
#0 D:\Ecommerce\app\Controllers\Home.php(78): App\Models\HomeModel->fetch_data(Array, 'undefined')
#1 D:\Ecommerce\system\CodeIgniter.php(832): App\Controllers\Home->fetch_data('undefined')
#2 D:\Ecommerce\system\CodeIgniter.php(419): CodeIgniter\CodeIgniter->runController(Object(App\Controllers\Home))
#3 D:\Ecommerce\system\CodeIgniter.php(326): CodeIgniter\CodeIgniter->handleRequest(NULL, Object(Config\Cache), false)
#4 D:\Ecommerce\public\index.php(37): CodeIgniter\CodeIgniter->run()
#5 D:\Ecommerce\system\Commands\Server\rewrite.php(43): require_once('D:\\Ecommerce\\pu...')
#6 {main}
CRITICAL - 2022-07-26 00:15:59 --> Unsupported operand types: string - int
#0 D:\Ecommerce\app\Controllers\Home.php(78): App\Models\HomeModel->fetch_data(Array, 'undefined')
#1 D:\Ecommerce\system\CodeIgniter.php(832): App\Controllers\Home->fetch_data('undefined')
#2 D:\Ecommerce\system\CodeIgniter.php(419): CodeIgniter\CodeIgniter->runController(Object(App\Controllers\Home))
#3 D:\Ecommerce\system\CodeIgniter.php(326): CodeIgniter\CodeIgniter->handleRequest(NULL, Object(Config\Cache), false)
#4 D:\Ecommerce\public\index.php(37): CodeIgniter\CodeIgniter->run()
#5 D:\Ecommerce\system\Commands\Server\rewrite.php(43): require_once('D:\\Ecommerce\\pu...')
#6 {main}
CRITICAL - 2022-07-26 00:16:01 --> Unsupported operand types: string - int
#0 D:\Ecommerce\app\Controllers\Home.php(78): App\Models\HomeModel->fetch_data(Array, 'undefined')
#1 D:\Ecommerce\system\CodeIgniter.php(832): App\Controllers\Home->fetch_data('undefined')
#2 D:\Ecommerce\system\CodeIgniter.php(419): CodeIgniter\CodeIgniter->runController(Object(App\Controllers\Home))
#3 D:\Ecommerce\system\CodeIgniter.php(326): CodeIgniter\CodeIgniter->handleRequest(NULL, Object(Config\Cache), false)
#4 D:\Ecommerce\public\index.php(37): CodeIgniter\CodeIgniter->run()
#5 D:\Ecommerce\system\Commands\Server\rewrite.php(43): require_once('D:\\Ecommerce\\pu...')
#6 {main}
CRITICAL - 2022-07-26 00:16:03 --> Unsupported operand types: string - int
#0 D:\Ecommerce\app\Controllers\Home.php(78): App\Models\HomeModel->fetch_data(Array, 'undefined')
#1 D:\Ecommerce\system\CodeIgniter.php(832): App\Controllers\Home->fetch_data('undefined')
#2 D:\Ecommerce\system\CodeIgniter.php(419): CodeIgniter\CodeIgniter->runController(Object(App\Controllers\Home))
#3 D:\Ecommerce\system\CodeIgniter.php(326): CodeIgniter\CodeIgniter->handleRequest(NULL, Object(Config\Cache), false)
#4 D:\Ecommerce\public\index.php(37): CodeIgniter\CodeIgniter->run()
#5 D:\Ecommerce\system\Commands\Server\rewrite.php(43): require_once('D:\\Ecommerce\\pu...')
#6 {main}
CRITICAL - 2022-07-26 00:17:14 --> Unsupported operand types: string - int
#0 D:\Ecommerce\app\Controllers\Home.php(78): App\Models\HomeModel->fetch_data(Array, 'undefined')
#1 D:\Ecommerce\system\CodeIgniter.php(832): App\Controllers\Home->fetch_data('undefined')
#2 D:\Ecommerce\system\CodeIgniter.php(419): CodeIgniter\CodeIgniter->runController(Object(App\Controllers\Home))
#3 D:\Ecommerce\system\CodeIgniter.php(326): CodeIgniter\CodeIgniter->handleRequest(NULL, Object(Config\Cache), false)
#4 D:\Ecommerce\public\index.php(37): CodeIgniter\CodeIgniter->run()
#5 D:\Ecommerce\system\Commands\Server\rewrite.php(43): require_once('D:\\Ecommerce\\pu...')
#6 {main}
CRITICAL - 2022-07-26 00:17:16 --> Unsupported operand types: string - int
#0 D:\Ecommerce\app\Controllers\Home.php(78): App\Models\HomeModel->fetch_data(Array, 'undefined')
#1 D:\Ecommerce\system\CodeIgniter.php(832): App\Controllers\Home->fetch_data('undefined')
#2 D:\Ecommerce\system\CodeIgniter.php(419): CodeIgniter\CodeIgniter->runController(Object(App\Controllers\Home))
#3 D:\Ecommerce\system\CodeIgniter.php(326): CodeIgniter\CodeIgniter->handleRequest(NULL, Object(Config\Cache), false)
#4 D:\Ecommerce\public\index.php(37): CodeIgniter\CodeIgniter->run()
#5 D:\Ecommerce\system\Commands\Server\rewrite.php(43): require_once('D:\\Ecommerce\\pu...')
#6 {main}
CRITICAL - 2022-07-26 00:18:07 --> Unsupported operand types: string - int
#0 D:\Ecommerce\app\Controllers\Home.php(78): App\Models\HomeModel->fetch_data(Array, 'undefined')
#1 D:\Ecommerce\system\CodeIgniter.php(832): App\Controllers\Home->fetch_data('undefined')
#2 D:\Ecommerce\system\CodeIgniter.php(419): CodeIgniter\CodeIgniter->runController(Object(App\Controllers\Home))
#3 D:\Ecommerce\system\CodeIgniter.php(326): CodeIgniter\CodeIgniter->handleRequest(NULL, Object(Config\Cache), false)
#4 D:\Ecommerce\public\index.php(37): CodeIgniter\CodeIgniter->run()
#5 D:\Ecommerce\system\Commands\Server\rewrite.php(43): require_once('D:\\Ecommerce\\pu...')
#6 {main}
CRITICAL - 2022-07-26 00:18:16 --> Unsupported operand types: string - int
#0 D:\Ecommerce\app\Controllers\Home.php(78): App\Models\HomeModel->fetch_data(Array, 'undefined')
#1 D:\Ecommerce\system\CodeIgniter.php(832): App\Controllers\Home->fetch_data('undefined')
#2 D:\Ecommerce\system\CodeIgniter.php(419): CodeIgniter\CodeIgniter->runController(Object(App\Controllers\Home))
#3 D:\Ecommerce\system\CodeIgniter.php(326): CodeIgniter\CodeIgniter->handleRequest(NULL, Object(Config\Cache), false)
#4 D:\Ecommerce\public\index.php(37): CodeIgniter\CodeIgniter->run()
#5 D:\Ecommerce\system\Commands\Server\rewrite.php(43): require_once('D:\\Ecommerce\\pu...')
#6 {main}
CRITICAL - 2022-07-26 00:18:17 --> Unsupported operand types: string - int
#0 D:\Ecommerce\app\Controllers\Home.php(78): App\Models\HomeModel->fetch_data(Array, 'undefined')
#1 D:\Ecommerce\system\CodeIgniter.php(832): App\Controllers\Home->fetch_data('undefined')
#2 D:\Ecommerce\system\CodeIgniter.php(419): CodeIgniter\CodeIgniter->runController(Object(App\Controllers\Home))
#3 D:\Ecommerce\system\CodeIgniter.php(326): CodeIgniter\CodeIgniter->handleRequest(NULL, Object(Config\Cache), false)
#4 D:\Ecommerce\public\index.php(37): CodeIgniter\CodeIgniter->run()
#5 D:\Ecommerce\system\Commands\Server\rewrite.php(43): require_once('D:\\Ecommerce\\pu...')
#6 {main}
CRITICAL - 2022-07-26 00:20:22 --> Unsupported operand types: string - int
#0 D:\Ecommerce\app\Controllers\Home.php(78): App\Models\HomeModel->fetch_data(Array, 'undefined')
#1 D:\Ecommerce\system\CodeIgniter.php(832): App\Controllers\Home->fetch_data('undefined')
#2 D:\Ecommerce\system\CodeIgniter.php(419): CodeIgniter\CodeIgniter->runController(Object(App\Controllers\Home))
#3 D:\Ecommerce\system\CodeIgniter.php(326): CodeIgniter\CodeIgniter->handleRequest(NULL, Object(Config\Cache), false)
#4 D:\Ecommerce\public\index.php(37): CodeIgniter\CodeIgniter->run()
#5 D:\Ecommerce\system\Commands\Server\rewrite.php(43): require_once('D:\\Ecommerce\\pu...')
#6 {main}
CRITICAL - 2022-07-26 00:20:32 --> Unsupported operand types: string - int
#0 D:\Ecommerce\app\Controllers\Home.php(78): App\Models\HomeModel->fetch_data(Array, 'undefined')
#1 D:\Ecommerce\system\CodeIgniter.php(832): App\Controllers\Home->fetch_data('undefined')
#2 D:\Ecommerce\system\CodeIgniter.php(419): CodeIgniter\CodeIgniter->runController(Object(App\Controllers\Home))
#3 D:\Ecommerce\system\CodeIgniter.php(326): CodeIgniter\CodeIgniter->handleRequest(NULL, Object(Config\Cache), false)
#4 D:\Ecommerce\public\index.php(37): CodeIgniter\CodeIgniter->run()
#5 D:\Ecommerce\system\Commands\Server\rewrite.php(43): require_once('D:\\Ecommerce\\pu...')
#6 {main}
CRITICAL - 2022-07-26 00:20:35 --> Unsupported operand types: string - int
#0 D:\Ecommerce\app\Controllers\Home.php(78): App\Models\HomeModel->fetch_data(Array, 'undefined')
#1 D:\Ecommerce\system\CodeIgniter.php(832): App\Controllers\Home->fetch_data('undefined')
#2 D:\Ecommerce\system\CodeIgniter.php(419): CodeIgniter\CodeIgniter->runController(Object(App\Controllers\Home))
#3 D:\Ecommerce\system\CodeIgniter.php(326): CodeIgniter\CodeIgniter->handleRequest(NULL, Object(Config\Cache), false)
#4 D:\Ecommerce\public\index.php(37): CodeIgniter\CodeIgniter->run()
#5 D:\Ecommerce\system\Commands\Server\rewrite.php(43): require_once('D:\\Ecommerce\\pu...')
#6 {main}
CRITICAL - 2022-07-26 00:21:13 --> Unsupported operand types: string - int
#0 D:\Ecommerce\app\Controllers\Home.php(78): App\Models\HomeModel->fetch_data(Array, 'undefined')
#1 D:\Ecommerce\system\CodeIgniter.php(832): App\Controllers\Home->fetch_data('undefined')
#2 D:\Ecommerce\system\CodeIgniter.php(419): CodeIgniter\CodeIgniter->runController(Object(App\Controllers\Home))
#3 D:\Ecommerce\system\CodeIgniter.php(326): CodeIgniter\CodeIgniter->handleRequest(NULL, Object(Config\Cache), false)
#4 D:\Ecommerce\public\index.php(37): CodeIgniter\CodeIgniter->run()
#5 D:\Ecommerce\system\Commands\Server\rewrite.php(43): require_once('D:\\Ecommerce\\pu...')
#6 {main}
CRITICAL - 2022-07-26 00:21:15 --> Unsupported operand types: string - int
#0 D:\Ecommerce\app\Controllers\Home.php(78): App\Models\HomeModel->fetch_data(Array, 'undefined')
#1 D:\Ecommerce\system\CodeIgniter.php(832): App\Controllers\Home->fetch_data('undefined')
#2 D:\Ecommerce\system\CodeIgniter.php(419): CodeIgniter\CodeIgniter->runController(Object(App\Controllers\Home))
#3 D:\Ecommerce\system\CodeIgniter.php(326): CodeIgniter\CodeIgniter->handleRequest(NULL, Object(Config\Cache), false)
#4 D:\Ecommerce\public\index.php(37): CodeIgniter\CodeIgniter->run()
#5 D:\Ecommerce\system\Commands\Server\rewrite.php(43): require_once('D:\\Ecommerce\\pu...')
#6 {main}
CRITICAL - 2022-07-26 00:21:23 --> Unsupported operand types: string - int
#0 D:\Ecommerce\app\Controllers\Home.php(78): App\Models\HomeModel->fetch_data(Array, 'undefined')
#1 D:\Ecommerce\system\CodeIgniter.php(832): App\Controllers\Home->fetch_data('undefined')
#2 D:\Ecommerce\system\CodeIgniter.php(419): CodeIgniter\CodeIgniter->runController(Object(App\Controllers\Home))
#3 D:\Ecommerce\system\CodeIgniter.php(326): CodeIgniter\CodeIgniter->handleRequest(NULL, Object(Config\Cache), false)
#4 D:\Ecommerce\public\index.php(37): CodeIgniter\CodeIgniter->run()
#5 D:\Ecommerce\system\Commands\Server\rewrite.php(43): require_once('D:\\Ecommerce\\pu...')
#6 {main}
CRITICAL - 2022-07-26 00:21:26 --> Unsupported operand types: string - int
#0 D:\Ecommerce\app\Controllers\Home.php(78): App\Models\HomeModel->fetch_data(Array, 'undefined')
#1 D:\Ecommerce\system\CodeIgniter.php(832): App\Controllers\Home->fetch_data('undefined')
#2 D:\Ecommerce\system\CodeIgniter.php(419): CodeIgniter\CodeIgniter->runController(Object(App\Controllers\Home))
#3 D:\Ecommerce\system\CodeIgniter.php(326): CodeIgniter\CodeIgniter->handleRequest(NULL, Object(Config\Cache), false)
#4 D:\Ecommerce\public\index.php(37): CodeIgniter\CodeIgniter->run()
#5 D:\Ecommerce\system\Commands\Server\rewrite.php(43): require_once('D:\\Ecommerce\\pu...')
#6 {main}
CRITICAL - 2022-07-26 00:21:28 --> Unsupported operand types: string - int
#0 D:\Ecommerce\app\Controllers\Home.php(78): App\Models\HomeModel->fetch_data(Array, 'undefined')
#1 D:\Ecommerce\system\CodeIgniter.php(832): App\Controllers\Home->fetch_data('undefined')
#2 D:\Ecommerce\system\CodeIgniter.php(419): CodeIgniter\CodeIgniter->runController(Object(App\Controllers\Home))
#3 D:\Ecommerce\system\CodeIgniter.php(326): CodeIgniter\CodeIgniter->handleRequest(NULL, Object(Config\Cache), false)
#4 D:\Ecommerce\public\index.php(37): CodeIgniter\CodeIgniter->run()
#5 D:\Ecommerce\system\Commands\Server\rewrite.php(43): require_once('D:\\Ecommerce\\pu...')
#6 {main}
CRITICAL - 2022-07-26 00:22:39 --> Unsupported operand types: string - int
#0 D:\Ecommerce\app\Controllers\Home.php(78): App\Models\HomeModel->fetch_data(Array, 'undefined')
#1 D:\Ecommerce\system\CodeIgniter.php(832): App\Controllers\Home->fetch_data('undefined')
#2 D:\Ecommerce\system\CodeIgniter.php(419): CodeIgniter\CodeIgniter->runController(Object(App\Controllers\Home))
#3 D:\Ecommerce\system\CodeIgniter.php(326): CodeIgniter\CodeIgniter->handleRequest(NULL, Object(Config\Cache), false)
#4 D:\Ecommerce\public\index.php(37): CodeIgniter\CodeIgniter->run()
#5 D:\Ecommerce\system\Commands\Server\rewrite.php(43): require_once('D:\\Ecommerce\\pu...')
#6 {main}
CRITICAL - 2022-07-26 00:23:10 --> Unsupported operand types: string - int
#0 D:\Ecommerce\app\Controllers\Home.php(78): App\Models\HomeModel->fetch_data(Array, 'undefined')
#1 D:\Ecommerce\system\CodeIgniter.php(832): App\Controllers\Home->fetch_data('undefined')
#2 D:\Ecommerce\system\CodeIgniter.php(419): CodeIgniter\CodeIgniter->runController(Object(App\Controllers\Home))
#3 D:\Ecommerce\system\CodeIgniter.php(326): CodeIgniter\CodeIgniter->handleRequest(NULL, Object(Config\Cache), false)
#4 D:\Ecommerce\public\index.php(37): CodeIgniter\CodeIgniter->run()
#5 D:\Ecommerce\system\Commands\Server\rewrite.php(43): require_once('D:\\Ecommerce\\pu...')
#6 {main}
CRITICAL - 2022-07-26 00:24:43 --> Unsupported operand types: string - int
#0 D:\Ecommerce\app\Controllers\Home.php(78): App\Models\HomeModel->fetch_data(Array, 'undefined')
#1 D:\Ecommerce\system\CodeIgniter.php(832): App\Controllers\Home->fetch_data('undefined')
#2 D:\Ecommerce\system\CodeIgniter.php(419): CodeIgniter\CodeIgniter->runController(Object(App\Controllers\Home))
#3 D:\Ecommerce\system\CodeIgniter.php(326): CodeIgniter\CodeIgniter->handleRequest(NULL, Object(Config\Cache), false)
#4 D:\Ecommerce\public\index.php(37): CodeIgniter\CodeIgniter->run()
#5 D:\Ecommerce\system\Commands\Server\rewrite.php(43): require_once('D:\\Ecommerce\\pu...')
#6 {main}
CRITICAL - 2022-07-26 00:24:45 --> Unsupported operand types: string - int
#0 D:\Ecommerce\app\Controllers\Home.php(78): App\Models\HomeModel->fetch_data(Array, 'undefined')
#1 D:\Ecommerce\system\CodeIgniter.php(832): App\Controllers\Home->fetch_data('undefined')
#2 D:\Ecommerce\system\CodeIgniter.php(419): CodeIgniter\CodeIgniter->runController(Object(App\Controllers\Home))
#3 D:\Ecommerce\system\CodeIgniter.php(326): CodeIgniter\CodeIgniter->handleRequest(NULL, Object(Config\Cache), false)
#4 D:\Ecommerce\public\index.php(37): CodeIgniter\CodeIgniter->run()
#5 D:\Ecommerce\system\Commands\Server\rewrite.php(43): require_once('D:\\Ecommerce\\pu...')
#6 {main}
CRITICAL - 2022-07-26 00:24:50 --> Unsupported operand types: string - int
#0 D:\Ecommerce\app\Controllers\Home.php(78): App\Models\HomeModel->fetch_data(Array, 'undefined')
#1 D:\Ecommerce\system\CodeIgniter.php(832): App\Controllers\Home->fetch_data('undefined')
#2 D:\Ecommerce\system\CodeIgniter.php(419): CodeIgniter\CodeIgniter->runController(Object(App\Controllers\Home))
#3 D:\Ecommerce\system\CodeIgniter.php(326): CodeIgniter\CodeIgniter->handleRequest(NULL, Object(Config\Cache), false)
#4 D:\Ecommerce\public\index.php(37): CodeIgniter\CodeIgniter->run()
#5 D:\Ecommerce\system\Commands\Server\rewrite.php(43): require_once('D:\\Ecommerce\\pu...')
#6 {main}
CRITICAL - 2022-07-26 00:25:24 --> Unsupported operand types: string - int
#0 D:\Ecommerce\app\Controllers\Home.php(78): App\Models\HomeModel->fetch_data(Array, 'undefined')
#1 D:\Ecommerce\system\CodeIgniter.php(832): App\Controllers\Home->fetch_data('undefined')
#2 D:\Ecommerce\system\CodeIgniter.php(419): CodeIgniter\CodeIgniter->runController(Object(App\Controllers\Home))
#3 D:\Ecommerce\system\CodeIgniter.php(326): CodeIgniter\CodeIgniter->handleRequest(NULL, Object(Config\Cache), false)
#4 D:\Ecommerce\public\index.php(37): CodeIgniter\CodeIgniter->run()
#5 D:\Ecommerce\system\Commands\Server\rewrite.php(43): require_once('D:\\Ecommerce\\pu...')
#6 {main}
CRITICAL - 2022-07-26 00:25:38 --> Undefined array key "sort"
#0 D:\Ecommerce\app\Models\HomeModel.php(378): CodeIgniter\Debug\Exceptions->errorHandler(2, 'Undefined array...', 'D:\\Ecommerce\\ap...', 378)
#1 D:\Ecommerce\app\Controllers\Home.php(78): App\Models\HomeModel->fetch_data(Array, '1')
#2 D:\Ecommerce\system\CodeIgniter.php(832): App\Controllers\Home->fetch_data('1')
#3 D:\Ecommerce\system\CodeIgniter.php(419): CodeIgniter\CodeIgniter->runController(Object(App\Controllers\Home))
#4 D:\Ecommerce\system\CodeIgniter.php(326): CodeIgniter\CodeIgniter->handleRequest(NULL, Object(Config\Cache), false)
#5 D:\Ecommerce\public\index.php(37): CodeIgniter\CodeIgniter->run()
#6 D:\Ecommerce\system\Commands\Server\rewrite.php(43): require_once('D:\\Ecommerce\\pu...')
#7 {main}
CRITICAL - 2022-07-26 00:26:48 --> Undefined array key "price"
#0 D:\Ecommerce\app\Models\HomeModel.php(378): CodeIgniter\Debug\Exceptions->errorHandler(2, 'Undefined array...', 'D:\\Ecommerce\\ap...', 378)
#1 D:\Ecommerce\app\Controllers\Home.php(78): App\Models\HomeModel->fetch_data(Array, '1')
#2 D:\Ecommerce\system\CodeIgniter.php(832): App\Controllers\Home->fetch_data('1')
#3 D:\Ecommerce\system\CodeIgniter.php(419): CodeIgniter\CodeIgniter->runController(Object(App\Controllers\Home))
#4 D:\Ecommerce\system\CodeIgniter.php(326): CodeIgniter\CodeIgniter->handleRequest(NULL, Object(Config\Cache), false)
#5 D:\Ecommerce\public\index.php(37): CodeIgniter\CodeIgniter->run()
#6 D:\Ecommerce\system\Commands\Server\rewrite.php(43): require_once('D:\\Ecommerce\\pu...')
#7 {main}
CRITICAL - 2022-07-26 00:27:46 --> Undefined array key "price"
#0 D:\Ecommerce\app\Models\HomeModel.php(378): CodeIgniter\Debug\Exceptions->errorHandler(2, 'Undefined array...', 'D:\\Ecommerce\\ap...', 378)
#1 D:\Ecommerce\app\Controllers\Home.php(78): App\Models\HomeModel->fetch_data(Array, '1')
#2 D:\Ecommerce\system\CodeIgniter.php(832): App\Controllers\Home->fetch_data('1')
#3 D:\Ecommerce\system\CodeIgniter.php(419): CodeIgniter\CodeIgniter->runController(Object(App\Controllers\Home))
#4 D:\Ecommerce\system\CodeIgniter.php(326): CodeIgniter\CodeIgniter->handleRequest(NULL, Object(Config\Cache), false)
#5 D:\Ecommerce\public\index.php(37): CodeIgniter\CodeIgniter->run()
#6 D:\Ecommerce\system\Commands\Server\rewrite.php(43): require_once('D:\\Ecommerce\\pu...')
#7 {main}
CRITICAL - 2022-07-26 00:29:02 --> Undefined array key "price"
#0 D:\Ecommerce\app\Models\HomeModel.php(378): CodeIgniter\Debug\Exceptions->errorHandler(2, 'Undefined array...', 'D:\\Ecommerce\\ap...', 378)
#1 D:\Ecommerce\app\Controllers\Home.php(78): App\Models\HomeModel->fetch_data(Array, '1')
#2 D:\Ecommerce\system\CodeIgniter.php(832): App\Controllers\Home->fetch_data('1')
#3 D:\Ecommerce\system\CodeIgniter.php(419): CodeIgniter\CodeIgniter->runController(Object(App\Controllers\Home))
#4 D:\Ecommerce\system\CodeIgniter.php(326): CodeIgniter\CodeIgniter->handleRequest(NULL, Object(Config\Cache), false)
#5 D:\Ecommerce\public\index.php(37): CodeIgniter\CodeIgniter->run()
#6 D:\Ecommerce\system\Commands\Server\rewrite.php(43): require_once('D:\\Ecommerce\\pu...')
#7 {main}
CRITICAL - 2022-07-26 00:29:21 --> Undefined array key "price"
#0 D:\Ecommerce\app\Models\HomeModel.php(378): CodeIgniter\Debug\Exceptions->errorHandler(2, 'Undefined array...', 'D:\\Ecommerce\\ap...', 378)
#1 D:\Ecommerce\app\Controllers\Home.php(78): App\Models\HomeModel->fetch_data(Array, '1')
#2 D:\Ecommerce\system\CodeIgniter.php(832): App\Controllers\Home->fetch_data('1')
#3 D:\Ecommerce\system\CodeIgniter.php(419): CodeIgniter\CodeIgniter->runController(Object(App\Controllers\Home))
#4 D:\Ecommerce\system\CodeIgniter.php(326): CodeIgniter\CodeIgniter->handleRequest(NULL, Object(Config\Cache), false)
#5 D:\Ecommerce\public\index.php(37): CodeIgniter\CodeIgniter->run()
#6 D:\Ecommerce\system\Commands\Server\rewrite.php(43): require_once('D:\\Ecommerce\\pu...')
#7 {main}
CRITICAL - 2022-07-26 00:29:38 --> Undefined array key "price"
#0 D:\Ecommerce\app\Models\HomeModel.php(378): CodeIgniter\Debug\Exceptions->errorHandler(2, 'Undefined array...', 'D:\\Ecommerce\\ap...', 378)
#1 D:\Ecommerce\app\Controllers\Home.php(78): App\Models\HomeModel->fetch_data(Array, '1')
#2 D:\Ecommerce\system\CodeIgniter.php(832): App\Controllers\Home->fetch_data('1')
#3 D:\Ecommerce\system\CodeIgniter.php(419): CodeIgniter\CodeIgniter->runController(Object(App\Controllers\Home))
#4 D:\Ecommerce\system\CodeIgniter.php(326): CodeIgniter\CodeIgniter->handleRequest(NULL, Object(Config\Cache), false)
#5 D:\Ecommerce\public\index.php(37): CodeIgniter\CodeIgniter->run()
#6 D:\Ecommerce\system\Commands\Server\rewrite.php(43): require_once('D:\\Ecommerce\\pu...')
#7 {main}
CRITICAL - 2022-07-26 00:30:27 --> Undefined array key "price"
#0 D:\Ecommerce\app\Models\HomeModel.php(381): CodeIgniter\Debug\Exceptions->errorHandler(2, 'Undefined array...', 'D:\\Ecommerce\\ap...', 381)
#1 D:\Ecommerce\app\Controllers\Home.php(78): App\Models\HomeModel->fetch_data(Array, '1')
#2 D:\Ecommerce\system\CodeIgniter.php(832): App\Controllers\Home->fetch_data('1')
#3 D:\Ecommerce\system\CodeIgniter.php(419): CodeIgniter\CodeIgniter->runController(Object(App\Controllers\Home))
#4 D:\Ecommerce\system\CodeIgniter.php(326): CodeIgniter\CodeIgniter->handleRequest(NULL, Object(Config\Cache), false)
#5 D:\Ecommerce\public\index.php(37): CodeIgniter\CodeIgniter->run()
#6 D:\Ecommerce\system\Commands\Server\rewrite.php(43): require_once('D:\\Ecommerce\\pu...')
#7 {main}
CRITICAL - 2022-07-26 00:39:51 --> Trying to access array offset on value of type null
#0 D:\Ecommerce\app\Models\HomeModel.php(522): CodeIgniter\Debug\Exceptions->errorHandler(2, 'Trying to acces...', 'D:\\Ecommerce\\ap...', 522)
#1 D:\Ecommerce\app\Controllers\Home.php(132): App\Models\HomeModel->get_product_data('img')
#2 D:\Ecommerce\system\CodeIgniter.php(832): App\Controllers\Home->productdetail('img', 'payments.png')
#3 D:\Ecommerce\system\CodeIgniter.php(419): CodeIgniter\CodeIgniter->runController(Object(App\Controllers\Home))
#4 D:\Ecommerce\system\CodeIgniter.php(326): CodeIgniter\CodeIgniter->handleRequest(NULL, Object(Config\Cache), false)
#5 D:\Ecommerce\public\index.php(37): CodeIgniter\CodeIgniter->run()
#6 D:\Ecommerce\system\Commands\Server\rewrite.php(43): require_once('D:\\Ecommerce\\pu...')
#7 {main}
CRITICAL - 2022-07-26 00:40:38 --> Trying to access array offset on value of type null
#0 D:\Ecommerce\app\Models\HomeModel.php(522): CodeIgniter\Debug\Exceptions->errorHandler(2, 'Trying to acces...', 'D:\\Ecommerce\\ap...', 522)
#1 D:\Ecommerce\app\Controllers\Home.php(132): App\Models\HomeModel->get_product_data('img')
#2 D:\Ecommerce\system\CodeIgniter.php(832): App\Controllers\Home->productdetail('img', 'payments.png')
#3 D:\Ecommerce\system\CodeIgniter.php(419): CodeIgniter\CodeIgniter->runController(Object(App\Controllers\Home))
#4 D:\Ecommerce\system\CodeIgniter.php(326): CodeIgniter\CodeIgniter->handleRequest(NULL, Object(Config\Cache), false)
#5 D:\Ecommerce\public\index.php(37): CodeIgniter\CodeIgniter->run()
#6 D:\Ecommerce\system\Commands\Server\rewrite.php(43): require_once('D:\\Ecommerce\\pu...')
#7 {main}
CRITICAL - 2022-07-26 01:08:03 --> Trying to access array offset on value of type null
#0 D:\Ecommerce\app\Models\HomeModel.php(522): CodeIgniter\Debug\Exceptions->errorHandler(2, 'Trying to acces...', 'D:\\Ecommerce\\ap...', 522)
#1 D:\Ecommerce\app\Controllers\Home.php(132): App\Models\HomeModel->get_product_data('img')
#2 D:\Ecommerce\system\CodeIgniter.php(832): App\Controllers\Home->productdetail('img', 'payments.png')
#3 D:\Ecommerce\system\CodeIgniter.php(419): CodeIgniter\CodeIgniter->runController(Object(App\Controllers\Home))
#4 D:\Ecommerce\system\CodeIgniter.php(326): CodeIgniter\CodeIgniter->handleRequest(NULL, Object(Config\Cache), false)
#5 D:\Ecommerce\public\index.php(37): CodeIgniter\CodeIgniter->run()
#6 D:\Ecommerce\system\Commands\Server\rewrite.php(43): require_once('D:\\Ecommerce\\pu...')
#7 {main}
CRITICAL - 2022-07-26 01:15:30 --> Trying to access array offset on value of type null
#0 D:\Ecommerce\app\Models\HomeModel.php(522): CodeIgniter\Debug\Exceptions->errorHandler(2, 'Trying to acces...', 'D:\\Ecommerce\\ap...', 522)
#1 D:\Ecommerce\app\Controllers\Home.php(132): App\Models\HomeModel->get_product_data('img')
#2 D:\Ecommerce\system\CodeIgniter.php(832): App\Controllers\Home->productdetail('img', 'payments.png')
#3 D:\Ecommerce\system\CodeIgniter.php(419): CodeIgniter\CodeIgniter->runController(Object(App\Controllers\Home))
#4 D:\Ecommerce\system\CodeIgniter.php(326): CodeIgniter\CodeIgniter->handleRequest(NULL, Object(Config\Cache), false)
#5 D:\Ecommerce\public\index.php(37): CodeIgniter\CodeIgniter->run()
#6 D:\Ecommerce\system\Commands\Server\rewrite.php(43): require_once('D:\\Ecommerce\\pu...')
#7 {main}
CRITICAL - 2022-07-26 01:16:35 --> Trying to access array offset on value of type null
#0 D:\Ecommerce\app\Models\HomeModel.php(522): CodeIgniter\Debug\Exceptions->errorHandler(2, 'Trying to acces...', 'D:\\Ecommerce\\ap...', 522)
#1 D:\Ecommerce\app\Controllers\Home.php(132): App\Models\HomeModel->get_product_data('img')
#2 D:\Ecommerce\system\CodeIgniter.php(832): App\Controllers\Home->productdetail('img', 'payments.png')
#3 D:\Ecommerce\system\CodeIgniter.php(419): CodeIgniter\CodeIgniter->runController(Object(App\Controllers\Home))
#4 D:\Ecommerce\system\CodeIgniter.php(326): CodeIgniter\CodeIgniter->handleRequest(NULL, Object(Config\Cache), false)
#5 D:\Ecommerce\public\index.php(37): CodeIgniter\CodeIgniter->run()
#6 D:\Ecommerce\system\Commands\Server\rewrite.php(43): require_once('D:\\Ecommerce\\pu...')
#7 {main}
CRITICAL - 2022-07-26 01:47:52 --> Trying to access array offset on value of type null
#0 D:\Ecommerce\app\Models\HomeModel.php(522): CodeIgniter\Debug\Exceptions->errorHandler(2, 'Trying to acces...', 'D:\\Ecommerce\\ap...', 522)
#1 D:\Ecommerce\app\Controllers\Home.php(132): App\Models\HomeModel->get_product_data('img')
#2 D:\Ecommerce\system\CodeIgniter.php(832): App\Controllers\Home->productdetail('img', 'payments.png')
#3 D:\Ecommerce\system\CodeIgniter.php(419): CodeIgniter\CodeIgniter->runController(Object(App\Controllers\Home))
#4 D:\Ecommerce\system\CodeIgniter.php(326): CodeIgniter\CodeIgniter->handleRequest(NULL, Object(Config\Cache), false)
#5 D:\Ecommerce\public\index.php(37): CodeIgniter\CodeIgniter->run()
#6 D:\Ecommerce\system\Commands\Server\rewrite.php(43): require_once('D:\\Ecommerce\\pu...')
#7 {main}
CRITICAL - 2022-07-26 01:49:00 --> Trying to access array offset on value of type null
#0 D:\Ecommerce\app\Models\HomeModel.php(522): CodeIgniter\Debug\Exceptions->errorHandler(2, 'Trying to acces...', 'D:\\Ecommerce\\ap...', 522)
#1 D:\Ecommerce\app\Controllers\Home.php(132): App\Models\HomeModel->get_product_data('img')
#2 D:\Ecommerce\system\CodeIgniter.php(832): App\Controllers\Home->productdetail('img', 'payments.png')
#3 D:\Ecommerce\system\CodeIgniter.php(419): CodeIgniter\CodeIgniter->runController(Object(App\Controllers\Home))
#4 D:\Ecommerce\system\CodeIgniter.php(326): CodeIgniter\CodeIgniter->handleRequest(NULL, Object(Config\Cache), false)
#5 D:\Ecommerce\public\index.php(37): CodeIgniter\CodeIgniter->run()
#6 D:\Ecommerce\system\Commands\Server\rewrite.php(43): require_once('D:\\Ecommerce\\pu...')
#7 {main}
CRITICAL - 2022-07-26 01:49:46 --> Trying to access array offset on value of type null
#0 D:\Ecommerce\app\Models\HomeModel.php(522): CodeIgniter\Debug\Exceptions->errorHandler(2, 'Trying to acces...', 'D:\\Ecommerce\\ap...', 522)
#1 D:\Ecommerce\app\Controllers\Home.php(132): App\Models\HomeModel->get_product_data('img')
#2 D:\Ecommerce\system\CodeIgniter.php(832): App\Controllers\Home->productdetail('img', 'payments.png')
#3 D:\Ecommerce\system\CodeIgniter.php(419): CodeIgniter\CodeIgniter->runController(Object(App\Controllers\Home))
#4 D:\Ecommerce\system\CodeIgniter.php(326): CodeIgniter\CodeIgniter->handleRequest(NULL, Object(Config\Cache), false)
#5 D:\Ecommerce\public\index.php(37): CodeIgniter\CodeIgniter->run()
#6 D:\Ecommerce\system\Commands\Server\rewrite.php(43): require_once('D:\\Ecommerce\\pu...')
#7 {main}
CRITICAL - 2022-07-26 01:50:14 --> Trying to access array offset on value of type null
#0 D:\Ecommerce\app\Models\HomeModel.php(522): CodeIgniter\Debug\Exceptions->errorHandler(2, 'Trying to acces...', 'D:\\Ecommerce\\ap...', 522)
#1 D:\Ecommerce\app\Controllers\Home.php(132): App\Models\HomeModel->get_product_data('img')
#2 D:\Ecommerce\system\CodeIgniter.php(832): App\Controllers\Home->productdetail('img', 'payments.png')
#3 D:\Ecommerce\system\CodeIgniter.php(419): CodeIgniter\CodeIgniter->runController(Object(App\Controllers\Home))
#4 D:\Ecommerce\system\CodeIgniter.php(326): CodeIgniter\CodeIgniter->handleRequest(NULL, Object(Config\Cache), false)
#5 D:\Ecommerce\public\index.php(37): CodeIgniter\CodeIgniter->run()
#6 D:\Ecommerce\system\Commands\Server\rewrite.php(43): require_once('D:\\Ecommerce\\pu...')
#7 {main}
CRITICAL - 2022-07-26 01:50:49 --> Trying to access array offset on value of type null
#0 D:\Ecommerce\app\Models\HomeModel.php(522): CodeIgniter\Debug\Exceptions->errorHandler(2, 'Trying to acces...', 'D:\\Ecommerce\\ap...', 522)
#1 D:\Ecommerce\app\Controllers\Home.php(132): App\Models\HomeModel->get_product_data('img')
#2 D:\Ecommerce\system\CodeIgniter.php(832): App\Controllers\Home->productdetail('img', 'payments.png')
#3 D:\Ecommerce\system\CodeIgniter.php(419): CodeIgniter\CodeIgniter->runController(Object(App\Controllers\Home))
#4 D:\Ecommerce\system\CodeIgniter.php(326): CodeIgniter\CodeIgniter->handleRequest(NULL, Object(Config\Cache), false)
#5 D:\Ecommerce\public\index.php(37): CodeIgniter\CodeIgniter->run()
#6 D:\Ecommerce\system\Commands\Server\rewrite.php(43): require_once('D:\\Ecommerce\\pu...')
#7 {main}
CRITICAL - 2022-07-26 01:52:03 --> Trying to access array offset on value of type null
#0 D:\Ecommerce\app\Models\HomeModel.php(522): CodeIgniter\Debug\Exceptions->errorHandler(2, 'Trying to acces...', 'D:\\Ecommerce\\ap...', 522)
#1 D:\Ecommerce\app\Controllers\Home.php(131): App\Models\HomeModel->get_product_data('img')
#2 D:\Ecommerce\system\CodeIgniter.php(832): App\Controllers\Home->productdetail('img', 'payments.png')
#3 D:\Ecommerce\system\CodeIgniter.php(419): CodeIgniter\CodeIgniter->runController(Object(App\Controllers\Home))
#4 D:\Ecommerce\system\CodeIgniter.php(326): CodeIgniter\CodeIgniter->handleRequest(NULL, Object(Config\Cache), false)
#5 D:\Ecommerce\public\index.php(37): CodeIgniter\CodeIgniter->run()
#6 D:\Ecommerce\system\Commands\Server\rewrite.php(43): require_once('D:\\Ecommerce\\pu...')
#7 {main}
CRITICAL - 2022-07-26 01:54:57 --> Trying to access array offset on value of type null
#0 D:\Ecommerce\app\Models\HomeModel.php(522): CodeIgniter\Debug\Exceptions->errorHandler(2, 'Trying to acces...', 'D:\\Ecommerce\\ap...', 522)
#1 D:\Ecommerce\app\Controllers\Home.php(131): App\Models\HomeModel->get_product_data('img')
#2 D:\Ecommerce\system\CodeIgniter.php(832): App\Controllers\Home->productdetail('img', 'payments.png')
#3 D:\Ecommerce\system\CodeIgniter.php(419): CodeIgniter\CodeIgniter->runController(Object(App\Controllers\Home))
#4 D:\Ecommerce\system\CodeIgniter.php(326): CodeIgniter\CodeIgniter->handleRequest(NULL, Object(Config\Cache), false)
#5 D:\Ecommerce\public\index.php(37): CodeIgniter\CodeIgniter->run()
#6 D:\Ecommerce\system\Commands\Server\rewrite.php(43): require_once('D:\\Ecommerce\\pu...')
#7 {main}
CRITICAL - 2022-07-26 01:56:32 --> Trying to access array offset on value of type null
#0 D:\Ecommerce\app\Models\HomeModel.php(522): CodeIgniter\Debug\Exceptions->errorHandler(2, 'Trying to acces...', 'D:\\Ecommerce\\ap...', 522)
#1 D:\Ecommerce\app\Controllers\Home.php(131): App\Models\HomeModel->get_product_data('img')
#2 D:\Ecommerce\system\CodeIgniter.php(832): App\Controllers\Home->productdetail('img', 'payments.png')
#3 D:\Ecommerce\system\CodeIgniter.php(419): CodeIgniter\CodeIgniter->runController(Object(App\Controllers\Home))
#4 D:\Ecommerce\system\CodeIgniter.php(326): CodeIgniter\CodeIgniter->handleRequest(NULL, Object(Config\Cache), false)
#5 D:\Ecommerce\public\index.php(37): CodeIgniter\CodeIgniter->run()
#6 D:\Ecommerce\system\Commands\Server\rewrite.php(43): require_once('D:\\Ecommerce\\pu...')
#7 {main}
CRITICAL - 2022-07-26 01:58:59 --> Trying to access array offset on value of type null
#0 D:\Ecommerce\app\Models\HomeModel.php(522): CodeIgniter\Debug\Exceptions->errorHandler(2, 'Trying to acces...', 'D:\\Ecommerce\\ap...', 522)
#1 D:\Ecommerce\app\Controllers\Home.php(131): App\Models\HomeModel->get_product_data('img')
#2 D:\Ecommerce\system\CodeIgniter.php(832): App\Controllers\Home->productdetail('img', 'payments.png')
#3 D:\Ecommerce\system\CodeIgniter.php(419): CodeIgniter\CodeIgniter->runController(Object(App\Controllers\Home))
#4 D:\Ecommerce\system\CodeIgniter.php(326): CodeIgniter\CodeIgniter->handleRequest(NULL, Object(Config\Cache), false)
#5 D:\Ecommerce\public\index.php(37): CodeIgniter\CodeIgniter->run()
#6 D:\Ecommerce\system\Commands\Server\rewrite.php(43): require_once('D:\\Ecommerce\\pu...')
#7 {main}
CRITICAL - 2022-07-26 01:59:34 --> Trying to access array offset on value of type null
#0 D:\Ecommerce\app\Models\HomeModel.php(522): CodeIgniter\Debug\Exceptions->errorHandler(2, 'Trying to acces...', 'D:\\Ecommerce\\ap...', 522)
#1 D:\Ecommerce\app\Controllers\Home.php(131): App\Models\HomeModel->get_product_data('img')
#2 D:\Ecommerce\system\CodeIgniter.php(832): App\Controllers\Home->productdetail('img', 'payments.png')
#3 D:\Ecommerce\system\CodeIgniter.php(419): CodeIgniter\CodeIgniter->runController(Object(App\Controllers\Home))
#4 D:\Ecommerce\system\CodeIgniter.php(326): CodeIgniter\CodeIgniter->handleRequest(NULL, Object(Config\Cache), false)
#5 D:\Ecommerce\public\index.php(37): CodeIgniter\CodeIgniter->run()
#6 D:\Ecommerce\system\Commands\Server\rewrite.php(43): require_once('D:\\Ecommerce\\pu...')
#7 {main}
CRITICAL - 2022-07-26 02:00:38 --> Trying to access array offset on value of type null
#0 D:\Ecommerce\app\Models\HomeModel.php(522): CodeIgniter\Debug\Exceptions->errorHandler(2, 'Trying to acces...', 'D:\\Ecommerce\\ap...', 522)
#1 D:\Ecommerce\app\Controllers\Home.php(131): App\Models\HomeModel->get_product_data('img')
#2 D:\Ecommerce\system\CodeIgniter.php(832): App\Controllers\Home->productdetail('img', 'payments.png')
#3 D:\Ecommerce\system\CodeIgniter.php(419): CodeIgniter\CodeIgniter->runController(Object(App\Controllers\Home))
#4 D:\Ecommerce\system\CodeIgniter.php(326): CodeIgniter\CodeIgniter->handleRequest(NULL, Object(Config\Cache), false)
#5 D:\Ecommerce\public\index.php(37): CodeIgniter\CodeIgniter->run()
#6 D:\Ecommerce\system\Commands\Server\rewrite.php(43): require_once('D:\\Ecommerce\\pu...')
#7 {main}
CRITICAL - 2022-07-26 02:03:05 --> Trying to access array offset on value of type null
#0 D:\Ecommerce\app\Models\HomeModel.php(522): CodeIgniter\Debug\Exceptions->errorHandler(2, 'Trying to acces...', 'D:\\Ecommerce\\ap...', 522)
#1 D:\Ecommerce\app\Controllers\Home.php(131): App\Models\HomeModel->get_product_data('img')
#2 D:\Ecommerce\system\CodeIgniter.php(832): App\Controllers\Home->productdetail('img', 'payments.png')
#3 D:\Ecommerce\system\CodeIgniter.php(419): CodeIgniter\CodeIgniter->runController(Object(App\Controllers\Home))
#4 D:\Ecommerce\system\CodeIgniter.php(326): CodeIgniter\CodeIgniter->handleRequest(NULL, Object(Config\Cache), false)
#5 D:\Ecommerce\public\index.php(37): CodeIgniter\CodeIgniter->run()
#6 D:\Ecommerce\system\Commands\Server\rewrite.php(43): require_once('D:\\Ecommerce\\pu...')
#7 {main}
CRITICAL - 2022-07-26 02:03:26 --> Trying to access array offset on value of type null
#0 D:\Ecommerce\app\Models\HomeModel.php(522): CodeIgniter\Debug\Exceptions->errorHandler(2, 'Trying to acces...', 'D:\\Ecommerce\\ap...', 522)
#1 D:\Ecommerce\app\Controllers\Home.php(131): App\Models\HomeModel->get_product_data('img')
#2 D:\Ecommerce\system\CodeIgniter.php(832): App\Controllers\Home->productdetail('img', 'payments.png')
#3 D:\Ecommerce\system\CodeIgniter.php(419): CodeIgniter\CodeIgniter->runController(Object(App\Controllers\Home))
#4 D:\Ecommerce\system\CodeIgniter.php(326): CodeIgniter\CodeIgniter->handleRequest(NULL, Object(Config\Cache), false)
#5 D:\Ecommerce\public\index.php(37): CodeIgniter\CodeIgniter->run()
#6 D:\Ecommerce\system\Commands\Server\rewrite.php(43): require_once('D:\\Ecommerce\\pu...')
#7 {main}
CRITICAL - 2022-07-26 02:04:45 --> Trying to access array offset on value of type null
#0 D:\Ecommerce\app\Models\HomeModel.php(522): CodeIgniter\Debug\Exceptions->errorHandler(2, 'Trying to acces...', 'D:\\Ecommerce\\ap...', 522)
#1 D:\Ecommerce\app\Controllers\Home.php(131): App\Models\HomeModel->get_product_data('img')
#2 D:\Ecommerce\system\CodeIgniter.php(832): App\Controllers\Home->productdetail('img', 'payments.png')
#3 D:\Ecommerce\system\CodeIgniter.php(419): CodeIgniter\CodeIgniter->runController(Object(App\Controllers\Home))
#4 D:\Ecommerce\system\CodeIgniter.php(326): CodeIgniter\CodeIgniter->handleRequest(NULL, Object(Config\Cache), false)
#5 D:\Ecommerce\public\index.php(37): CodeIgniter\CodeIgniter->run()
#6 D:\Ecommerce\system\Commands\Server\rewrite.php(43): require_once('D:\\Ecommerce\\pu...')
#7 {main}
CRITICAL - 2022-07-26 02:06:43 --> Trying to access array offset on value of type null
#0 D:\Ecommerce\app\Models\HomeModel.php(522): CodeIgniter\Debug\Exceptions->errorHandler(2, 'Trying to acces...', 'D:\\Ecommerce\\ap...', 522)
#1 D:\Ecommerce\app\Controllers\Home.php(131): App\Models\HomeModel->get_product_data('img')
#2 D:\Ecommerce\system\CodeIgniter.php(832): App\Controllers\Home->productdetail('img', 'payments.png')
#3 D:\Ecommerce\system\CodeIgniter.php(419): CodeIgniter\CodeIgniter->runController(Object(App\Controllers\Home))
#4 D:\Ecommerce\system\CodeIgniter.php(326): CodeIgniter\CodeIgniter->handleRequest(NULL, Object(Config\Cache), false)
#5 D:\Ecommerce\public\index.php(37): CodeIgniter\CodeIgniter->run()
#6 D:\Ecommerce\system\Commands\Server\rewrite.php(43): require_once('D:\\Ecommerce\\pu...')
#7 {main}
CRITICAL - 2022-07-26 02:16:36 --> Trying to access array offset on value of type null
#0 D:\Ecommerce\app\Models\HomeModel.php(970): CodeIgniter\Debug\Exceptions->errorHandler(2, 'Trying to acces...', 'D:\\Ecommerce\\ap...', 970)
#1 D:\Ecommerce\app\Controllers\Home.php(54): App\Models\HomeModel->get_order_data('img')
#2 D:\Ecommerce\system\CodeIgniter.php(832): App\Controllers\Home->orderview('img', 'payments.png')
#3 D:\Ecommerce\system\CodeIgniter.php(419): CodeIgniter\CodeIgniter->runController(Object(App\Controllers\Home))
#4 D:\Ecommerce\system\CodeIgniter.php(326): CodeIgniter\CodeIgniter->handleRequest(NULL, Object(Config\Cache), false)
#5 D:\Ecommerce\public\index.php(37): CodeIgniter\CodeIgniter->run()
#6 D:\Ecommerce\system\Commands\Server\rewrite.php(43): require_once('D:\\Ecommerce\\pu...')
#7 {main}
CRITICAL - 2022-07-26 02:16:46 --> Trying to access array offset on value of type null
#0 D:\Ecommerce\app\Models\HomeModel.php(970): CodeIgniter\Debug\Exceptions->errorHandler(2, 'Trying to acces...', 'D:\\Ecommerce\\ap...', 970)
#1 D:\Ecommerce\app\Controllers\Home.php(54): App\Models\HomeModel->get_order_data('img')
#2 D:\Ecommerce\system\CodeIgniter.php(832): App\Controllers\Home->orderview('img', 'payments.png')
#3 D:\Ecommerce\system\CodeIgniter.php(419): CodeIgniter\CodeIgniter->runController(Object(App\Controllers\Home))
#4 D:\Ecommerce\system\CodeIgniter.php(326): CodeIgniter\CodeIgniter->handleRequest(NULL, Object(Config\Cache), false)
#5 D:\Ecommerce\public\index.php(37): CodeIgniter\CodeIgniter->run()
#6 D:\Ecommerce\system\Commands\Server\rewrite.php(43): require_once('D:\\Ecommerce\\pu...')
#7 {main}
CRITICAL - 2022-07-26 02:17:16 --> Trying to access array offset on value of type null
#0 D:\Ecommerce\app\Models\HomeModel.php(970): CodeIgniter\Debug\Exceptions->errorHandler(2, 'Trying to acces...', 'D:\\Ecommerce\\ap...', 970)
#1 D:\Ecommerce\app\Controllers\Home.php(54): App\Models\HomeModel->get_order_data('img')
#2 D:\Ecommerce\system\CodeIgniter.php(832): App\Controllers\Home->orderview('img', 'payments.png')
#3 D:\Ecommerce\system\CodeIgniter.php(419): CodeIgniter\CodeIgniter->runController(Object(App\Controllers\Home))
#4 D:\Ecommerce\system\CodeIgniter.php(326): CodeIgniter\CodeIgniter->handleRequest(NULL, Object(Config\Cache), false)
#5 D:\Ecommerce\public\index.php(37): CodeIgniter\CodeIgniter->run()
#6 D:\Ecommerce\system\Commands\Server\rewrite.php(43): require_once('D:\\Ecommerce\\pu...')
#7 {main}
CRITICAL - 2022-07-26 02:17:25 --> Trying to access array offset on value of type null
#0 D:\Ecommerce\app\Models\HomeModel.php(970): CodeIgniter\Debug\Exceptions->errorHandler(2, 'Trying to acces...', 'D:\\Ecommerce\\ap...', 970)
#1 D:\Ecommerce\app\Controllers\Home.php(54): App\Models\HomeModel->get_order_data('img')
#2 D:\Ecommerce\system\CodeIgniter.php(832): App\Controllers\Home->orderview('img', 'payments.png')
#3 D:\Ecommerce\system\CodeIgniter.php(419): CodeIgniter\CodeIgniter->runController(Object(App\Controllers\Home))
#4 D:\Ecommerce\system\CodeIgniter.php(326): CodeIgniter\CodeIgniter->handleRequest(NULL, Object(Config\Cache), false)
#5 D:\Ecommerce\public\index.php(37): CodeIgniter\CodeIgniter->run()
#6 D:\Ecommerce\system\Commands\Server\rewrite.php(43): require_once('D:\\Ecommerce\\pu...')
#7 {main}
CRITICAL - 2022-07-26 02:37:44 --> Trying to access array offset on value of type null
#0 D:\Ecommerce\app\Models\HomeModel.php(970): CodeIgniter\Debug\Exceptions->errorHandler(2, 'Trying to acces...', 'D:\\Ecommerce\\ap...', 970)
#1 D:\Ecommerce\app\Controllers\Home.php(54): App\Models\HomeModel->get_order_data('img')
#2 D:\Ecommerce\system\CodeIgniter.php(832): App\Controllers\Home->orderview('img', 'payments.png')
#3 D:\Ecommerce\system\CodeIgniter.php(419): CodeIgniter\CodeIgniter->runController(Object(App\Controllers\Home))
#4 D:\Ecommerce\system\CodeIgniter.php(326): CodeIgniter\CodeIgniter->handleRequest(NULL, Object(Config\Cache), false)
#5 D:\Ecommerce\public\index.php(37): CodeIgniter\CodeIgniter->run()
#6 D:\Ecommerce\system\Commands\Server\rewrite.php(43): require_once('D:\\Ecommerce\\pu...')
#7 {main}
CRITICAL - 2022-07-26 02:37:58 --> Trying to access array offset on value of type null
#0 D:\Ecommerce\app\Models\HomeModel.php(522): CodeIgniter\Debug\Exceptions->errorHandler(2, 'Trying to acces...', 'D:\\Ecommerce\\ap...', 522)
#1 D:\Ecommerce\app\Controllers\Home.php(131): App\Models\HomeModel->get_product_data('img')
#2 D:\Ecommerce\system\CodeIgniter.php(832): App\Controllers\Home->productdetail('img', 'payments.png')
#3 D:\Ecommerce\system\CodeIgniter.php(419): CodeIgniter\CodeIgniter->runController(Object(App\Controllers\Home))
#4 D:\Ecommerce\system\CodeIgniter.php(326): CodeIgniter\CodeIgniter->handleRequest(NULL, Object(Config\Cache), false)
#5 D:\Ecommerce\public\index.php(37): CodeIgniter\CodeIgniter->run()
#6 D:\Ecommerce\system\Commands\Server\rewrite.php(43): require_once('D:\\Ecommerce\\pu...')
#7 {main}
CRITICAL - 2022-07-26 03:02:01 --> Trying to access array offset on value of type null
#0 D:\Ecommerce\app\Models\HomeModel.php(522): CodeIgniter\Debug\Exceptions->errorHandler(2, 'Trying to acces...', 'D:\\Ecommerce\\ap...', 522)
#1 D:\Ecommerce\app\Controllers\Home.php(131): App\Models\HomeModel->get_product_data('img')
#2 D:\Ecommerce\system\CodeIgniter.php(832): App\Controllers\Home->productdetail('img', 'payments.png')
#3 D:\Ecommerce\system\CodeIgniter.php(419): CodeIgniter\CodeIgniter->runController(Object(App\Controllers\Home))
#4 D:\Ecommerce\system\CodeIgniter.php(326): CodeIgniter\CodeIgniter->handleRequest(NULL, Object(Config\Cache), false)
#5 D:\Ecommerce\public\index.php(37): CodeIgniter\CodeIgniter->run()
#6 D:\Ecommerce\system\Commands\Server\rewrite.php(43): require_once('D:\\Ecommerce\\pu...')
#7 {main}
CRITICAL - 2022-07-26 04:00:14 --> Trying to access array offset on value of type null
#0 D:\Ecommerce\app\Models\HomeModel.php(522): CodeIgniter\Debug\Exceptions->errorHandler(2, 'Trying to acces...', 'D:\\Ecommerce\\ap...', 522)
#1 D:\Ecommerce\app\Controllers\Home.php(131): App\Models\HomeModel->get_product_data('img')
#2 D:\Ecommerce\system\CodeIgniter.php(832): App\Controllers\Home->productdetail('img', 'payments.png')
#3 D:\Ecommerce\system\CodeIgniter.php(419): CodeIgniter\CodeIgniter->runController(Object(App\Controllers\Home))
#4 D:\Ecommerce\system\CodeIgniter.php(326): CodeIgniter\CodeIgniter->handleRequest(NULL, Object(Config\Cache), false)
#5 D:\Ecommerce\public\index.php(37): CodeIgniter\CodeIgniter->run()
#6 D:\Ecommerce\system\Commands\Server\rewrite.php(43): require_once('D:\\Ecommerce\\pu...')
#7 {main}
CRITICAL - 2022-07-26 04:01:16 --> Trying to access array offset on value of type null
#0 D:\Ecommerce\app\Models\HomeModel.php(522): CodeIgniter\Debug\Exceptions->errorHandler(2, 'Trying to acces...', 'D:\\Ecommerce\\ap...', 522)
#1 D:\Ecommerce\app\Controllers\Home.php(131): App\Models\HomeModel->get_product_data('img')
#2 D:\Ecommerce\system\CodeIgniter.php(832): App\Controllers\Home->productdetail('img', 'payments.png')
#3 D:\Ecommerce\system\CodeIgniter.php(419): CodeIgniter\CodeIgniter->runController(Object(App\Controllers\Home))
#4 D:\Ecommerce\system\CodeIgniter.php(326): CodeIgniter\CodeIgniter->handleRequest(NULL, Object(Config\Cache), false)
#5 D:\Ecommerce\public\index.php(37): CodeIgniter\CodeIgniter->run()
#6 D:\Ecommerce\system\Commands\Server\rewrite.php(43): require_once('D:\\Ecommerce\\pu...')
#7 {main}
CRITICAL - 2022-07-26 04:20:33 --> Trying to access array offset on value of type null
#0 D:\Ecommerce\app\Models\HomeModel.php(522): CodeIgniter\Debug\Exceptions->errorHandler(2, 'Trying to acces...', 'D:\\Ecommerce\\ap...', 522)
#1 D:\Ecommerce\app\Controllers\Home.php(131): App\Models\HomeModel->get_product_data('img')
#2 D:\Ecommerce\system\CodeIgniter.php(832): App\Controllers\Home->productdetail('img', 'payments.png')
#3 D:\Ecommerce\system\CodeIgniter.php(419): CodeIgniter\CodeIgniter->runController(Object(App\Controllers\Home))
#4 D:\Ecommerce\system\CodeIgniter.php(326): CodeIgniter\CodeIgniter->handleRequest(NULL, Object(Config\Cache), false)
#5 D:\Ecommerce\public\index.php(37): CodeIgniter\CodeIgniter->run()
#6 D:\Ecommerce\system\Commands\Server\rewrite.php(43): require_once('D:\\Ecommerce\\pu...')
#7 {main}
CRITICAL - 2022-07-26 04:20:48 --> Trying to access array offset on value of type null
#0 D:\Ecommerce\app\Models\HomeModel.php(522): CodeIgniter\Debug\Exceptions->errorHandler(2, 'Trying to acces...', 'D:\\Ecommerce\\ap...', 522)
#1 D:\Ecommerce\app\Controllers\Home.php(131): App\Models\HomeModel->get_product_data('img')
#2 D:\Ecommerce\system\CodeIgniter.php(832): App\Controllers\Home->productdetail('img', 'payments.png')
#3 D:\Ecommerce\system\CodeIgniter.php(419): CodeIgniter\CodeIgniter->runController(Object(App\Controllers\Home))
#4 D:\Ecommerce\system\CodeIgniter.php(326): CodeIgniter\CodeIgniter->handleRequest(NULL, Object(Config\Cache), false)
#5 D:\Ecommerce\public\index.php(37): CodeIgniter\CodeIgniter->run()
#6 D:\Ecommerce\system\Commands\Server\rewrite.php(43): require_once('D:\\Ecommerce\\pu...')
#7 {main}
CRITICAL - 2022-07-26 04:22:40 --> Trying to access array offset on value of type null
#0 D:\Ecommerce\app\Models\HomeModel.php(970): CodeIgniter\Debug\Exceptions->errorHandler(2, 'Trying to acces...', 'D:\\Ecommerce\\ap...', 970)
#1 D:\Ecommerce\app\Controllers\Home.php(54): App\Models\HomeModel->get_order_data('img')
#2 D:\Ecommerce\system\CodeIgniter.php(832): App\Controllers\Home->orderview('img', 'payments.png')
#3 D:\Ecommerce\system\CodeIgniter.php(419): CodeIgniter\CodeIgniter->runController(Object(App\Controllers\Home))
#4 D:\Ecommerce\system\CodeIgniter.php(326): CodeIgniter\CodeIgniter->handleRequest(NULL, Object(Config\Cache), false)
#5 D:\Ecommerce\public\index.php(37): CodeIgniter\CodeIgniter->run()
#6 D:\Ecommerce\system\Commands\Server\rewrite.php(43): require_once('D:\\Ecommerce\\pu...')
#7 {main}
CRITICAL - 2022-07-26 04:29:52 --> Undefined array key "rating"
#0 D:\Ecommerce\app\Views\productlist.php(137): CodeIgniter\Debug\Exceptions->errorHandler(2, 'Undefined array...', 'D:\\Ecommerce\\ap...', 137)
#1 D:\Ecommerce\system\View\View.php(210): include('D:\\Ecommerce\\ap...')
#2 D:\Ecommerce\system\View\View.php(213): CodeIgniter\View\View->CodeIgniter\View\{closure}()
#3 D:\Ecommerce\system\Common.php(1089): CodeIgniter\View\View->render('productlist', Array, true)
#4 D:\Ecommerce\app\Controllers\Home.php(71): view('productlist', Array)
#5 D:\Ecommerce\system\CodeIgniter.php(832): App\Controllers\Home->productlist('15')
#6 D:\Ecommerce\system\CodeIgniter.php(419): CodeIgniter\CodeIgniter->runController(Object(App\Controllers\Home))
#7 D:\Ecommerce\system\CodeIgniter.php(326): CodeIgniter\CodeIgniter->handleRequest(NULL, Object(Config\Cache), false)
#8 D:\Ecommerce\public\index.php(37): CodeIgniter\CodeIgniter->run()
#9 D:\Ecommerce\system\Commands\Server\rewrite.php(43): require_once('D:\\Ecommerce\\pu...')
#10 {main}
CRITICAL - 2022-07-26 04:38:30 --> Undefined array key "category"
#0 D:\Ecommerce\app\Views\productlist.php(118): CodeIgniter\Debug\Exceptions->errorHandler(2, 'Undefined array...', 'D:\\Ecommerce\\ap...', 118)
#1 D:\Ecommerce\system\View\View.php(210): include('D:\\Ecommerce\\ap...')
#2 D:\Ecommerce\system\View\View.php(213): CodeIgniter\View\View->CodeIgniter\View\{closure}()
#3 D:\Ecommerce\system\Common.php(1089): CodeIgniter\View\View->render('productlist', Array, true)
#4 D:\Ecommerce\app\Controllers\Home.php(71): view('productlist', Array)
#5 D:\Ecommerce\system\CodeIgniter.php(832): App\Controllers\Home->productlist('14')
#6 D:\Ecommerce\system\CodeIgniter.php(419): CodeIgniter\CodeIgniter->runController(Object(App\Controllers\Home))
#7 D:\Ecommerce\system\CodeIgniter.php(326): CodeIgniter\CodeIgniter->handleRequest(NULL, Object(Config\Cache), false)
#8 D:\Ecommerce\public\index.php(37): CodeIgniter\CodeIgniter->run()
#9 D:\Ecommerce\system\Commands\Server\rewrite.php(43): require_once('D:\\Ecommerce\\pu...')
#10 {main}
CRITICAL - 2022-07-26 04:38:54 --> Undefined variable $product
#0 D:\Ecommerce\app\Views\productlist.php(118): CodeIgniter\Debug\Exceptions->errorHandler(2, 'Undefined varia...', 'D:\\Ecommerce\\ap...', 118)
#1 D:\Ecommerce\system\View\View.php(210): include('D:\\Ecommerce\\ap...')
#2 D:\Ecommerce\system\View\View.php(213): CodeIgniter\View\View->CodeIgniter\View\{closure}()
#3 D:\Ecommerce\system\Common.php(1089): CodeIgniter\View\View->render('productlist', Array, true)
#4 D:\Ecommerce\app\Controllers\Home.php(71): view('productlist', Array)
#5 D:\Ecommerce\system\CodeIgniter.php(832): App\Controllers\Home->productlist('14')
#6 D:\Ecommerce\system\CodeIgniter.php(419): CodeIgniter\CodeIgniter->runController(Object(App\Controllers\Home))
#7 D:\Ecommerce\system\CodeIgniter.php(326): CodeIgniter\CodeIgniter->handleRequest(NULL, Object(Config\Cache), false)
#8 D:\Ecommerce\public\index.php(37): CodeIgniter\CodeIgniter->run()
#9 D:\Ecommerce\system\Commands\Server\rewrite.php(43): require_once('D:\\Ecommerce\\pu...')
#10 {main}
CRITICAL - 2022-07-26 04:39:03 --> Undefined array key 0
#0 D:\Ecommerce\app\Views\productlist.php(118): CodeIgniter\Debug\Exceptions->errorHandler(2, 'Undefined array...', 'D:\\Ecommerce\\ap...', 118)
#1 D:\Ecommerce\system\View\View.php(210): include('D:\\Ecommerce\\ap...')
#2 D:\Ecommerce\system\View\View.php(213): CodeIgniter\View\View->CodeIgniter\View\{closure}()
#3 D:\Ecommerce\system\Common.php(1089): CodeIgniter\View\View->render('productlist', Array, true)
#4 D:\Ecommerce\app\Controllers\Home.php(71): view('productlist', Array)
#5 D:\Ecommerce\system\CodeIgniter.php(832): App\Controllers\Home->productlist('img', 'payments.png')
#6 D:\Ecommerce\system\CodeIgniter.php(419): CodeIgniter\CodeIgniter->runController(Object(App\Controllers\Home))
#7 D:\Ecommerce\system\CodeIgniter.php(326): CodeIgniter\CodeIgniter->handleRequest(NULL, Object(Config\Cache), false)
#8 D:\Ecommerce\public\index.php(37): CodeIgniter\CodeIgniter->run()
#9 D:\Ecommerce\system\Commands\Server\rewrite.php(43): require_once('D:\\Ecommerce\\pu...')
#10 {main}
CRITICAL - 2022-07-26 04:39:08 --> Undefined array key 0
#0 D:\Ecommerce\app\Views\productlist.php(118): CodeIgniter\Debug\Exceptions->errorHandler(2, 'Undefined array...', 'D:\\Ecommerce\\ap...', 118)
#1 D:\Ecommerce\system\View\View.php(210): include('D:\\Ecommerce\\ap...')
#2 D:\Ecommerce\system\View\View.php(213): CodeIgniter\View\View->CodeIgniter\View\{closure}()
#3 D:\Ecommerce\system\Common.php(1089): CodeIgniter\View\View->render('productlist', Array, true)
#4 D:\Ecommerce\app\Controllers\Home.php(71): view('productlist', Array)
#5 D:\Ecommerce\system\CodeIgniter.php(832): App\Controllers\Home->productlist('img', 'payments.png')
#6 D:\Ecommerce\system\CodeIgniter.php(419): CodeIgniter\CodeIgniter->runController(Object(App\Controllers\Home))
#7 D:\Ecommerce\system\CodeIgniter.php(326): CodeIgniter\CodeIgniter->handleRequest(NULL, Object(Config\Cache), false)
#8 D:\Ecommerce\public\index.php(37): CodeIgniter\CodeIgniter->run()
#9 D:\Ecommerce\system\Commands\Server\rewrite.php(43): require_once('D:\\Ecommerce\\pu...')
#10 {main}
CRITICAL - 2022-07-26 04:39:12 --> Undefined array key 0
#0 D:\Ecommerce\app\Views\productlist.php(118): CodeIgniter\Debug\Exceptions->errorHandler(2, 'Undefined array...', 'D:\\Ecommerce\\ap...', 118)
#1 D:\Ecommerce\system\View\View.php(210): include('D:\\Ecommerce\\ap...')
#2 D:\Ecommerce\system\View\View.php(213): CodeIgniter\View\View->CodeIgniter\View\{closure}()
#3 D:\Ecommerce\system\Common.php(1089): CodeIgniter\View\View->render('productlist', Array, true)
#4 D:\Ecommerce\app\Controllers\Home.php(71): view('productlist', Array)
#5 D:\Ecommerce\system\CodeIgniter.php(832): App\Controllers\Home->productlist('img', 'payments.png')
#6 D:\Ecommerce\system\CodeIgniter.php(419): CodeIgniter\CodeIgniter->runController(Object(App\Controllers\Home))
#7 D:\Ecommerce\system\CodeIgniter.php(326): CodeIgniter\CodeIgniter->handleRequest(NULL, Object(Config\Cache), false)
#8 D:\Ecommerce\public\index.php(37): CodeIgniter\CodeIgniter->run()
#9 D:\Ecommerce\system\Commands\Server\rewrite.php(43): require_once('D:\\Ecommerce\\pu...')
#10 {main}
CRITICAL - 2022-07-26 04:39:47 --> Undefined array key 0
#0 D:\Ecommerce\app\Views\productlist.php(118): CodeIgniter\Debug\Exceptions->errorHandler(2, 'Undefined array...', 'D:\\Ecommerce\\ap...', 118)
#1 D:\Ecommerce\system\View\View.php(210): include('D:\\Ecommerce\\ap...')
#2 D:\Ecommerce\system\View\View.php(213): CodeIgniter\View\View->CodeIgniter\View\{closure}()
#3 D:\Ecommerce\system\Common.php(1089): CodeIgniter\View\View->render('productlist', Array, true)
#4 D:\Ecommerce\app\Controllers\Home.php(71): view('productlist', Array)
#5 D:\Ecommerce\system\CodeIgniter.php(832): App\Controllers\Home->productlist('img', 'payments.png')
#6 D:\Ecommerce\system\CodeIgniter.php(419): CodeIgniter\CodeIgniter->runController(Object(App\Controllers\Home))
#7 D:\Ecommerce\system\CodeIgniter.php(326): CodeIgniter\CodeIgniter->handleRequest(NULL, Object(Config\Cache), false)
#8 D:\Ecommerce\public\index.php(37): CodeIgniter\CodeIgniter->run()
#9 D:\Ecommerce\system\Commands\Server\rewrite.php(43): require_once('D:\\Ecommerce\\pu...')
#10 {main}
CRITICAL - 2022-07-26 04:39:49 --> Undefined array key 0
#0 D:\Ecommerce\app\Views\productlist.php(118): CodeIgniter\Debug\Exceptions->errorHandler(2, 'Undefined array...', 'D:\\Ecommerce\\ap...', 118)
#1 D:\Ecommerce\system\View\View.php(210): include('D:\\Ecommerce\\ap...')
#2 D:\Ecommerce\system\View\View.php(213): CodeIgniter\View\View->CodeIgniter\View\{closure}()
#3 D:\Ecommerce\system\Common.php(1089): CodeIgniter\View\View->render('productlist', Array, true)
#4 D:\Ecommerce\app\Controllers\Home.php(71): view('productlist', Array)
#5 D:\Ecommerce\system\CodeIgniter.php(832): App\Controllers\Home->productlist('img', 'payments.png')
#6 D:\Ecommerce\system\CodeIgniter.php(419): CodeIgniter\CodeIgniter->runController(Object(App\Controllers\Home))
#7 D:\Ecommerce\system\CodeIgniter.php(326): CodeIgniter\CodeIgniter->handleRequest(NULL, Object(Config\Cache), false)
#8 D:\Ecommerce\public\index.php(37): CodeIgniter\CodeIgniter->run()
#9 D:\Ecommerce\system\Commands\Server\rewrite.php(43): require_once('D:\\Ecommerce\\pu...')
#10 {main}
CRITICAL - 2022-07-26 04:40:06 --> Undefined array key 0
#0 D:\Ecommerce\app\Views\productlist.php(118): CodeIgniter\Debug\Exceptions->errorHandler(2, 'Undefined array...', 'D:\\Ecommerce\\ap...', 118)
#1 D:\Ecommerce\system\View\View.php(210): include('D:\\Ecommerce\\ap...')
#2 D:\Ecommerce\system\View\View.php(213): CodeIgniter\View\View->CodeIgniter\View\{closure}()
#3 D:\Ecommerce\system\Common.php(1089): CodeIgniter\View\View->render('productlist', Array, true)
#4 D:\Ecommerce\app\Controllers\Home.php(71): view('productlist', Array)
#5 D:\Ecommerce\system\CodeIgniter.php(832): App\Controllers\Home->productlist('img', 'payments.png')
#6 D:\Ecommerce\system\CodeIgniter.php(419): CodeIgniter\CodeIgniter->runController(Object(App\Controllers\Home))
#7 D:\Ecommerce\system\CodeIgniter.php(326): CodeIgniter\CodeIgniter->handleRequest(NULL, Object(Config\Cache), false)
#8 D:\Ecommerce\public\index.php(37): CodeIgniter\CodeIgniter->run()
#9 D:\Ecommerce\system\Commands\Server\rewrite.php(43): require_once('D:\\Ecommerce\\pu...')
#10 {main}
CRITICAL - 2022-07-26 04:40:13 --> Undefined array key 0
#0 D:\Ecommerce\app\Views\productlist.php(118): CodeIgniter\Debug\Exceptions->errorHandler(2, 'Undefined array...', 'D:\\Ecommerce\\ap...', 118)
#1 D:\Ecommerce\system\View\View.php(210): include('D:\\Ecommerce\\ap...')
#2 D:\Ecommerce\system\View\View.php(213): CodeIgniter\View\View->CodeIgniter\View\{closure}()
#3 D:\Ecommerce\system\Common.php(1089): CodeIgniter\View\View->render('productlist', Array, true)
#4 D:\Ecommerce\app\Controllers\Home.php(71): view('productlist', Array)
#5 D:\Ecommerce\system\CodeIgniter.php(832): App\Controllers\Home->productlist('img', 'payments.png')
#6 D:\Ecommerce\system\CodeIgniter.php(419): CodeIgniter\CodeIgniter->runController(Object(App\Controllers\Home))
#7 D:\Ecommerce\system\CodeIgniter.php(326): CodeIgniter\CodeIgniter->handleRequest(NULL, Object(Config\Cache), false)
#8 D:\Ecommerce\public\index.php(37): CodeIgniter\CodeIgniter->run()
#9 D:\Ecommerce\system\Commands\Server\rewrite.php(43): require_once('D:\\Ecommerce\\pu...')
#10 {main}
CRITICAL - 2022-07-26 04:43:55 --> Undefined variable $product
#0 D:\Ecommerce\app\Views\productlist.php(135): CodeIgniter\Debug\Exceptions->errorHandler(2, 'Undefined varia...', 'D:\\Ecommerce\\ap...', 135)
#1 D:\Ecommerce\system\View\View.php(210): include('D:\\Ecommerce\\ap...')
#2 D:\Ecommerce\system\View\View.php(213): CodeIgniter\View\View->CodeIgniter\View\{closure}()
#3 D:\Ecommerce\system\Common.php(1089): CodeIgniter\View\View->render('productlist', Array, true)
#4 D:\Ecommerce\app\Controllers\Home.php(71): view('productlist', Array)
#5 D:\Ecommerce\system\CodeIgniter.php(832): App\Controllers\Home->productlist()
#6 D:\Ecommerce\system\CodeIgniter.php(419): CodeIgniter\CodeIgniter->runController(Object(App\Controllers\Home))
#7 D:\Ecommerce\system\CodeIgniter.php(326): CodeIgniter\CodeIgniter->handleRequest(NULL, Object(Config\Cache), false)
#8 D:\Ecommerce\public\index.php(37): CodeIgniter\CodeIgniter->run()
#9 D:\Ecommerce\system\Commands\Server\rewrite.php(43): require_once('D:\\Ecommerce\\pu...')
#10 {main}
CRITICAL - 2022-07-26 04:44:44 --> Undefined array key 0
#0 D:\Ecommerce\app\Views\productlist.php(115): CodeIgniter\Debug\Exceptions->errorHandler(2, 'Undefined array...', 'D:\\Ecommerce\\ap...', 115)
#1 D:\Ecommerce\system\View\View.php(210): include('D:\\Ecommerce\\ap...')
#2 D:\Ecommerce\system\View\View.php(213): CodeIgniter\View\View->CodeIgniter\View\{closure}()
#3 D:\Ecommerce\system\Common.php(1089): CodeIgniter\View\View->render('productlist', Array, true)
#4 D:\Ecommerce\app\Controllers\Home.php(71): view('productlist', Array)
#5 D:\Ecommerce\system\CodeIgniter.php(832): App\Controllers\Home->productlist('img', 'payments.png')
#6 D:\Ecommerce\system\CodeIgniter.php(419): CodeIgniter\CodeIgniter->runController(Object(App\Controllers\Home))
#7 D:\Ecommerce\system\CodeIgniter.php(326): CodeIgniter\CodeIgniter->handleRequest(NULL, Object(Config\Cache), false)
#8 D:\Ecommerce\public\index.php(37): CodeIgniter\CodeIgniter->run()
#9 D:\Ecommerce\system\Commands\Server\rewrite.php(43): require_once('D:\\Ecommerce\\pu...')
#10 {main}
CRITICAL - 2022-07-26 04:45:35 --> Undefined array key 0
#0 D:\Ecommerce\app\Views\productlist.php(115): CodeIgniter\Debug\Exceptions->errorHandler(2, 'Undefined array...', 'D:\\Ecommerce\\ap...', 115)
#1 D:\Ecommerce\system\View\View.php(210): include('D:\\Ecommerce\\ap...')
#2 D:\Ecommerce\system\View\View.php(213): CodeIgniter\View\View->CodeIgniter\View\{closure}()
#3 D:\Ecommerce\system\Common.php(1089): CodeIgniter\View\View->render('productlist', Array, true)
#4 D:\Ecommerce\app\Controllers\Home.php(71): view('productlist', Array)
#5 D:\Ecommerce\system\CodeIgniter.php(832): App\Controllers\Home->productlist('img', 'payments.png')
#6 D:\Ecommerce\system\CodeIgniter.php(419): CodeIgniter\CodeIgniter->runController(Object(App\Controllers\Home))
#7 D:\Ecommerce\system\CodeIgniter.php(326): CodeIgniter\CodeIgniter->handleRequest(NULL, Object(Config\Cache), false)
#8 D:\Ecommerce\public\index.php(37): CodeIgniter\CodeIgniter->run()
#9 D:\Ecommerce\system\Commands\Server\rewrite.php(43): require_once('D:\\Ecommerce\\pu...')
#10 {main}
CRITICAL - 2022-07-26 04:45:41 --> Undefined array key 0
#0 D:\Ecommerce\app\Views\productlist.php(115): CodeIgniter\Debug\Exceptions->errorHandler(2, 'Undefined array...', 'D:\\Ecommerce\\ap...', 115)
#1 D:\Ecommerce\system\View\View.php(210): include('D:\\Ecommerce\\ap...')
#2 D:\Ecommerce\system\View\View.php(213): CodeIgniter\View\View->CodeIgniter\View\{closure}()
#3 D:\Ecommerce\system\Common.php(1089): CodeIgniter\View\View->render('productlist', Array, true)
#4 D:\Ecommerce\app\Controllers\Home.php(71): view('productlist', Array)
#5 D:\Ecommerce\system\CodeIgniter.php(832): App\Controllers\Home->productlist('img', 'payments.png')
#6 D:\Ecommerce\system\CodeIgniter.php(419): CodeIgniter\CodeIgniter->runController(Object(App\Controllers\Home))
#7 D:\Ecommerce\system\CodeIgniter.php(326): CodeIgniter\CodeIgniter->handleRequest(NULL, Object(Config\Cache), false)
#8 D:\Ecommerce\public\index.php(37): CodeIgniter\CodeIgniter->run()
#9 D:\Ecommerce\system\Commands\Server\rewrite.php(43): require_once('D:\\Ecommerce\\pu...')
#10 {main}
CRITICAL - 2022-07-26 04:45:49 --> Undefined array key 0
#0 D:\Ecommerce\app\Views\productlist.php(115): CodeIgniter\Debug\Exceptions->errorHandler(2, 'Undefined array...', 'D:\\Ecommerce\\ap...', 115)
#1 D:\Ecommerce\system\View\View.php(210): include('D:\\Ecommerce\\ap...')
#2 D:\Ecommerce\system\View\View.php(213): CodeIgniter\View\View->CodeIgniter\View\{closure}()
#3 D:\Ecommerce\system\Common.php(1089): CodeIgniter\View\View->render('productlist', Array, true)
#4 D:\Ecommerce\app\Controllers\Home.php(71): view('productlist', Array)
#5 D:\Ecommerce\system\CodeIgniter.php(832): App\Controllers\Home->productlist('img', 'payments.png')
#6 D:\Ecommerce\system\CodeIgniter.php(419): CodeIgniter\CodeIgniter->runController(Object(App\Controllers\Home))
#7 D:\Ecommerce\system\CodeIgniter.php(326): CodeIgniter\CodeIgniter->handleRequest(NULL, Object(Config\Cache), false)
#8 D:\Ecommerce\public\index.php(37): CodeIgniter\CodeIgniter->run()
#9 D:\Ecommerce\system\Commands\Server\rewrite.php(43): require_once('D:\\Ecommerce\\pu...')
#10 {main}
CRITICAL - 2022-07-26 04:46:13 --> Undefined array key 0
#0 D:\Ecommerce\app\Views\productlist.php(115): CodeIgniter\Debug\Exceptions->errorHandler(2, 'Undefined array...', 'D:\\Ecommerce\\ap...', 115)
#1 D:\Ecommerce\system\View\View.php(210): include('D:\\Ecommerce\\ap...')
#2 D:\Ecommerce\system\View\View.php(213): CodeIgniter\View\View->CodeIgniter\View\{closure}()
#3 D:\Ecommerce\system\Common.php(1089): CodeIgniter\View\View->render('productlist', Array, true)
#4 D:\Ecommerce\app\Controllers\Home.php(71): view('productlist', Array)
#5 D:\Ecommerce\system\CodeIgniter.php(832): App\Controllers\Home->productlist('img', 'payments.png')
#6 D:\Ecommerce\system\CodeIgniter.php(419): CodeIgniter\CodeIgniter->runController(Object(App\Controllers\Home))
#7 D:\Ecommerce\system\CodeIgniter.php(326): CodeIgniter\CodeIgniter->handleRequest(NULL, Object(Config\Cache), false)
#8 D:\Ecommerce\public\index.php(37): CodeIgniter\CodeIgniter->run()
#9 D:\Ecommerce\system\Commands\Server\rewrite.php(43): require_once('D:\\Ecommerce\\pu...')
#10 {main}
CRITICAL - 2022-07-26 04:46:22 --> Undefined array key 0
#0 D:\Ecommerce\app\Views\productlist.php(115): CodeIgniter\Debug\Exceptions->errorHandler(2, 'Undefined array...', 'D:\\Ecommerce\\ap...', 115)
#1 D:\Ecommerce\system\View\View.php(210): include('D:\\Ecommerce\\ap...')
#2 D:\Ecommerce\system\View\View.php(213): CodeIgniter\View\View->CodeIgniter\View\{closure}()
#3 D:\Ecommerce\system\Common.php(1089): CodeIgniter\View\View->render('productlist', Array, true)
#4 D:\Ecommerce\app\Controllers\Home.php(71): view('productlist', Array)
#5 D:\Ecommerce\system\CodeIgniter.php(832): App\Controllers\Home->productlist('img', 'payments.png')
#6 D:\Ecommerce\system\CodeIgniter.php(419): CodeIgniter\CodeIgniter->runController(Object(App\Controllers\Home))
#7 D:\Ecommerce\system\CodeIgniter.php(326): CodeIgniter\CodeIgniter->handleRequest(NULL, Object(Config\Cache), false)
#8 D:\Ecommerce\public\index.php(37): CodeIgniter\CodeIgniter->run()
#9 D:\Ecommerce\system\Commands\Server\rewrite.php(43): require_once('D:\\Ecommerce\\pu...')
#10 {main}
CRITICAL - 2022-07-26 04:46:57 --> Undefined array key 0
#0 D:\Ecommerce\app\Views\productlist.php(115): CodeIgniter\Debug\Exceptions->errorHandler(2, 'Undefined array...', 'D:\\Ecommerce\\ap...', 115)
#1 D:\Ecommerce\system\View\View.php(210): include('D:\\Ecommerce\\ap...')
#2 D:\Ecommerce\system\View\View.php(213): CodeIgniter\View\View->CodeIgniter\View\{closure}()
#3 D:\Ecommerce\system\Common.php(1089): CodeIgniter\View\View->render('productlist', Array, true)
#4 D:\Ecommerce\app\Controllers\Home.php(71): view('productlist', Array)
#5 D:\Ecommerce\system\CodeIgniter.php(832): App\Controllers\Home->productlist('img', 'payments.png')
#6 D:\Ecommerce\system\CodeIgniter.php(419): CodeIgniter\CodeIgniter->runController(Object(App\Controllers\Home))
#7 D:\Ecommerce\system\CodeIgniter.php(326): CodeIgniter\CodeIgniter->handleRequest(NULL, Object(Config\Cache), false)
#8 D:\Ecommerce\public\index.php(37): CodeIgniter\CodeIgniter->run()
#9 D:\Ecommerce\system\Commands\Server\rewrite.php(43): require_once('D:\\Ecommerce\\pu...')
#10 {main}
ERROR - 2022-07-26 06:07:25 --> Unknown column 'is_delete' in 'where clause'
CRITICAL - 2022-07-26 06:07:25 --> Unknown column 'is_delete' in 'where clause'
#0 D:\Ecommerce\system\Database\MySQLi\Connection.php(292): mysqli->query('SELECT `id`, `s...', 0)
#1 D:\Ecommerce\system\Database\BaseConnection.php(670): CodeIgniter\Database\MySQLi\Connection->execute('SELECT `id`, `s...')
#2 D:\Ecommerce\system\Database\BaseConnection.php(598): CodeIgniter\Database\BaseConnection->simpleQuery('SELECT `id`, `s...')
#3 D:\Ecommerce\system\Database\BaseBuilder.php(1455): CodeIgniter\Database\BaseConnection->query('SELECT `id`, `s...', Array, false)
#4 D:\Ecommerce\app\Models\HomeModel.php(374): CodeIgniter\Database\BaseBuilder->get()
#5 D:\Ecommerce\app\Controllers\Home.php(244): App\Models\HomeModel->get_states(Array)
#6 D:\Ecommerce\system\CodeIgniter.php(832): App\Controllers\Home->Getdata('getstate')
#7 D:\Ecommerce\system\CodeIgniter.php(419): CodeIgniter\CodeIgniter->runController(Object(App\Controllers\Home))
#8 D:\Ecommerce\system\CodeIgniter.php(326): CodeIgniter\CodeIgniter->handleRequest(NULL, Object(Config\Cache), false)
#9 D:\Ecommerce\public\index.php(37): CodeIgniter\CodeIgniter->run()
#10 D:\Ecommerce\system\Commands\Server\rewrite.php(43): require_once('D:\\Ecommerce\\pu...')
#11 {main}
CRITICAL - 2022-07-26 06:41:16 --> Cannot use isset() on the result of an expression (you can use "null !== expression" instead)
#0 [internal function]: CodeIgniter\Debug\Exceptions->shutdownHandler()
#1 {main}
CRITICAL - 2022-07-26 06:44:27 --> Undefined array key "st"
#0 D:\Ecommerce\app\Controllers\Home.php(172): CodeIgniter\Debug\Exceptions->errorHandler(2, 'Undefined array...', 'D:\\Ecommerce\\ap...', 172)
#1 D:\Ecommerce\system\CodeIgniter.php(832): App\Controllers\Home->login()
#2 D:\Ecommerce\system\CodeIgniter.php(419): CodeIgniter\CodeIgniter->runController(Object(App\Controllers\Home))
#3 D:\Ecommerce\system\CodeIgniter.php(326): CodeIgniter\CodeIgniter->handleRequest(NULL, Object(Config\Cache), false)
#4 D:\Ecommerce\public\index.php(37): CodeIgniter\CodeIgniter->run()
#5 D:\Ecommerce\system\Commands\Server\rewrite.php(43): require_once('D:\\Ecommerce\\pu...')
#6 {main}
CRITICAL - 2022-07-26 06:46:44 --> Undefined array key "st"
#0 D:\Ecommerce\app\Controllers\Home.php(172): CodeIgniter\Debug\Exceptions->errorHandler(2, 'Undefined array...', 'D:\\Ecommerce\\ap...', 172)
#1 D:\Ecommerce\system\CodeIgniter.php(832): App\Controllers\Home->login()
#2 D:\Ecommerce\system\CodeIgniter.php(419): CodeIgniter\CodeIgniter->runController(Object(App\Controllers\Home))
#3 D:\Ecommerce\system\CodeIgniter.php(326): CodeIgniter\CodeIgniter->handleRequest(NULL, Object(Config\Cache), false)
#4 D:\Ecommerce\public\index.php(37): CodeIgniter\CodeIgniter->run()
#5 D:\Ecommerce\system\Commands\Server\rewrite.php(43): require_once('D:\\Ecommerce\\pu...')
#6 {main}
ERROR - 2022-07-26 06:54:34 --> Column 'id' in where clause is ambiguous
CRITICAL - 2022-07-26 06:54:34 --> Column 'id' in where clause is ambiguous
#0 D:\Ecommerce\system\Database\MySQLi\Connection.php(292): mysqli->query('SELECT *\nFROM `...', 0)
#1 D:\Ecommerce\system\Database\BaseConnection.php(670): CodeIgniter\Database\MySQLi\Connection->execute('SELECT *\nFROM `...')
#2 D:\Ecommerce\system\Database\BaseConnection.php(598): CodeIgniter\Database\BaseConnection->simpleQuery('SELECT *\nFROM `...')
#3 D:\Ecommerce\system\Database\BaseBuilder.php(1455): CodeIgniter\Database\BaseConnection->query('SELECT *\nFROM `...', Array, false)
#4 D:\Ecommerce\app\Models\HomeModel.php(121): CodeIgniter\Database\BaseBuilder->get()
#5 D:\Ecommerce\app\Controllers\Home.php(189): App\Models\HomeModel->get_register_data('data', '')
#6 D:\Ecommerce\system\CodeIgniter.php(832): App\Controllers\Home->register()
#7 D:\Ecommerce\system\CodeIgniter.php(419): CodeIgniter\CodeIgniter->runController(Object(App\Controllers\Home))
#8 D:\Ecommerce\system\CodeIgniter.php(326): CodeIgniter\CodeIgniter->handleRequest(NULL, Object(Config\Cache), false)
#9 D:\Ecommerce\public\index.php(37): CodeIgniter\CodeIgniter->run()
#10 D:\Ecommerce\system\Commands\Server\rewrite.php(43): require_once('D:\\Ecommerce\\pu...')
#11 {main}
CRITICAL - 2022-07-26 07:21:04 --> Too few arguments to function App\Controllers\Home::insert_address(), 0 passed in D:\Ecommerce\system\CodeIgniter.php on line 832 and exactly 1 expected
#0 D:\Ecommerce\system\CodeIgniter.php(832): App\Controllers\Home->insert_address()
#1 D:\Ecommerce\system\CodeIgniter.php(419): CodeIgniter\CodeIgniter->runController(Object(App\Controllers\Home))
#2 D:\Ecommerce\system\CodeIgniter.php(326): CodeIgniter\CodeIgniter->handleRequest(NULL, Object(Config\Cache), false)
#3 D:\Ecommerce\public\index.php(37): CodeIgniter\CodeIgniter->run()
#4 D:\Ecommerce\system\Commands\Server\rewrite.php(43): require_once('D:\\Ecommerce\\pu...')
#5 {main}
CRITICAL - 2022-07-26 07:21:44 --> Too few arguments to function App\Controllers\Home::insert_address(), 0 passed in D:\Ecommerce\system\CodeIgniter.php on line 832 and exactly 1 expected
#0 D:\Ecommerce\system\CodeIgniter.php(832): App\Controllers\Home->insert_address()
#1 D:\Ecommerce\system\CodeIgniter.php(419): CodeIgniter\CodeIgniter->runController(Object(App\Controllers\Home))
#2 D:\Ecommerce\system\CodeIgniter.php(326): CodeIgniter\CodeIgniter->handleRequest(NULL, Object(Config\Cache), false)
#3 D:\Ecommerce\public\index.php(37): CodeIgniter\CodeIgniter->run()
#4 D:\Ecommerce\system\Commands\Server\rewrite.php(43): require_once('D:\\Ecommerce\\pu...')
#5 {main}
CRITICAL - 2022-07-26 07:22:59 --> Too few arguments to function App\Controllers\Home::insert_address(), 0 passed in D:\Ecommerce\system\CodeIgniter.php on line 832 and exactly 1 expected
#0 D:\Ecommerce\system\CodeIgniter.php(832): App\Controllers\Home->insert_address()
#1 D:\Ecommerce\system\CodeIgniter.php(419): CodeIgniter\CodeIgniter->runController(Object(App\Controllers\Home))
#2 D:\Ecommerce\system\CodeIgniter.php(326): CodeIgniter\CodeIgniter->handleRequest(NULL, Object(Config\Cache), false)
#3 D:\Ecommerce\public\index.php(37): CodeIgniter\CodeIgniter->run()
#4 D:\Ecommerce\system\Commands\Server\rewrite.php(43): require_once('D:\\Ecommerce\\pu...')
#5 {main}
CRITICAL - 2022-07-26 07:25:07 --> Too few arguments to function App\Controllers\Home::insert_address(), 0 passed in D:\Ecommerce\system\CodeIgniter.php on line 832 and exactly 1 expected
#0 D:\Ecommerce\system\CodeIgniter.php(832): App\Controllers\Home->insert_address()
#1 D:\Ecommerce\system\CodeIgniter.php(419): CodeIgniter\CodeIgniter->runController(Object(App\Controllers\Home))
#2 D:\Ecommerce\system\CodeIgniter.php(326): CodeIgniter\CodeIgniter->handleRequest(NULL, Object(Config\Cache), false)
#3 D:\Ecommerce\public\index.php(37): CodeIgniter\CodeIgniter->run()
#4 D:\Ecommerce\system\Commands\Server\rewrite.php(43): require_once('D:\\Ecommerce\\pu...')
#5 {main}
CRITICAL - 2022-07-26 07:26:13 --> Too few arguments to function App\Controllers\Home::insert_address(), 0 passed in D:\Ecommerce\system\CodeIgniter.php on line 832 and exactly 1 expected
#0 D:\Ecommerce\system\CodeIgniter.php(832): App\Controllers\Home->insert_address()
#1 D:\Ecommerce\system\CodeIgniter.php(419): CodeIgniter\CodeIgniter->runController(Object(App\Controllers\Home))
#2 D:\Ecommerce\system\CodeIgniter.php(326): CodeIgniter\CodeIgniter->handleRequest(NULL, Object(Config\Cache), false)
#3 D:\Ecommerce\public\index.php(37): CodeIgniter\CodeIgniter->run()
#4 D:\Ecommerce\system\Commands\Server\rewrite.php(43): require_once('D:\\Ecommerce\\pu...')
#5 {main}
CRITICAL - 2022-07-26 07:27:02 --> Too few arguments to function App\Controllers\Home::insert_address(), 0 passed in D:\Ecommerce\system\CodeIgniter.php on line 832 and exactly 1 expected
#0 D:\Ecommerce\system\CodeIgniter.php(832): App\Controllers\Home->insert_address()
#1 D:\Ecommerce\system\CodeIgniter.php(419): CodeIgniter\CodeIgniter->runController(Object(App\Controllers\Home))
#2 D:\Ecommerce\system\CodeIgniter.php(326): CodeIgniter\CodeIgniter->handleRequest(NULL, Object(Config\Cache), false)
#3 D:\Ecommerce\public\index.php(37): CodeIgniter\CodeIgniter->run()
#4 D:\Ecommerce\system\Commands\Server\rewrite.php(43): require_once('D:\\Ecommerce\\pu...')
#5 {main}
ERROR - 2022-07-26 23:05:48 --> Error connecting to the database: No connection could be made because the target machine actively refused it
CRITICAL - 2022-07-26 23:05:48 --> Unable to connect to the database.
Main connection [MySQLi]: No connection could be made because the target machine actively refused it
#0 D:\Ecommerce\system\Database\BaseConnection.php(577): CodeIgniter\Database\BaseConnection->initialize()
#1 D:\Ecommerce\system\Database\BaseBuilder.php(1455): CodeIgniter\Database\BaseConnection->query('SELECT `i`.*, `...', Array, false)
#2 D:\Ecommerce\app\Models\HomeModel.php(258): CodeIgniter\Database\BaseBuilder->get()
#3 D:\Ecommerce\app\Controllers\Home.php(20): App\Models\HomeModel->get_randomitem_data()
#4 D:\Ecommerce\system\CodeIgniter.php(832): App\Controllers\Home->index()
#5 D:\Ecommerce\system\CodeIgniter.php(419): CodeIgniter\CodeIgniter->runController(Object(App\Controllers\Home))
#6 D:\Ecommerce\system\CodeIgniter.php(326): CodeIgniter\CodeIgniter->handleRequest(NULL, Object(Config\Cache), false)
#7 D:\Ecommerce\public\index.php(37): CodeIgniter\CodeIgniter->run()
#8 D:\Ecommerce\system\Commands\Server\rewrite.php(43): require_once('D:\\Ecommerce\\pu...')
#9 {main}
CRITICAL - 2022-07-26 23:11:38 --> Too few arguments to function App\Controllers\Home::insert_address(), 0 passed in D:\Ecommerce\system\CodeIgniter.php on line 832 and exactly 1 expected
#0 D:\Ecommerce\system\CodeIgniter.php(832): App\Controllers\Home->insert_address()
#1 D:\Ecommerce\system\CodeIgniter.php(419): CodeIgniter\CodeIgniter->runController(Object(App\Controllers\Home))
#2 D:\Ecommerce\system\CodeIgniter.php(326): CodeIgniter\CodeIgniter->handleRequest(NULL, Object(Config\Cache), false)
#3 D:\Ecommerce\public\index.php(37): CodeIgniter\CodeIgniter->run()
#4 D:\Ecommerce\system\Commands\Server\rewrite.php(43): require_once('D:\\Ecommerce\\pu...')
#5 {main}
CRITICAL - 2022-07-26 23:12:11 --> Too few arguments to function App\Controllers\Home::insert_address(), 0 passed in D:\Ecommerce\system\CodeIgniter.php on line 832 and exactly 1 expected
#0 D:\Ecommerce\system\CodeIgniter.php(832): App\Controllers\Home->insert_address()
#1 D:\Ecommerce\system\CodeIgniter.php(419): CodeIgniter\CodeIgniter->runController(Object(App\Controllers\Home))
#2 D:\Ecommerce\system\CodeIgniter.php(326): CodeIgniter\CodeIgniter->handleRequest(NULL, Object(Config\Cache), false)
#3 D:\Ecommerce\public\index.php(37): CodeIgniter\CodeIgniter->run()
#4 D:\Ecommerce\system\Commands\Server\rewrite.php(43): require_once('D:\\Ecommerce\\pu...')
#5 {main}
CRITICAL - 2022-07-26 23:13:04 --> Too few arguments to function App\Controllers\Home::insert_address(), 0 passed in D:\Ecommerce\system\CodeIgniter.php on line 832 and exactly 1 expected
#0 D:\Ecommerce\system\CodeIgniter.php(832): App\Controllers\Home->insert_address()
#1 D:\Ecommerce\system\CodeIgniter.php(419): CodeIgniter\CodeIgniter->runController(Object(App\Controllers\Home))
#2 D:\Ecommerce\system\CodeIgniter.php(326): CodeIgniter\CodeIgniter->handleRequest(NULL, Object(Config\Cache), false)
#3 D:\Ecommerce\public\index.php(37): CodeIgniter\CodeIgniter->run()
#4 D:\Ecommerce\system\Commands\Server\rewrite.php(43): require_once('D:\\Ecommerce\\pu...')
#5 {main}
ERROR - 2022-07-26 23:19:35 --> Unknown column 'u.city' in 'on clause'
CRITICAL - 2022-07-26 23:19:35 --> Unknown column 'u.city' in 'on clause'
#0 D:\Ecommerce\system\Database\MySQLi\Connection.php(292): mysqli->query('SELECT `a`.*, `...', 0)
#1 D:\Ecommerce\system\Database\BaseConnection.php(670): CodeIgniter\Database\MySQLi\Connection->execute('SELECT `a`.*, `...')
#2 D:\Ecommerce\system\Database\BaseConnection.php(598): CodeIgniter\Database\BaseConnection->simpleQuery('SELECT `a`.*, `...')
#3 D:\Ecommerce\system\Database\BaseBuilder.php(1455): CodeIgniter\Database\BaseConnection->query('SELECT `a`.*, `...', Array, false)
#4 D:\Ecommerce\app\Models\HomeModel.php(970): CodeIgniter\Database\BaseBuilder->get()
#5 D:\Ecommerce\app\Controllers\Home.php(118): App\Models\HomeModel->getaddress(Array)
#6 D:\Ecommerce\system\CodeIgniter.php(832): App\Controllers\Home->getaddress()
#7 D:\Ecommerce\system\CodeIgniter.php(419): CodeIgniter\CodeIgniter->runController(Object(App\Controllers\Home))
#8 D:\Ecommerce\system\CodeIgniter.php(326): CodeIgniter\CodeIgniter->handleRequest(NULL, Object(Config\Cache), false)
#9 D:\Ecommerce\public\index.php(37): CodeIgniter\CodeIgniter->run()
#10 D:\Ecommerce\system\Commands\Server\rewrite.php(43): require_once('D:\\Ecommerce\\pu...')
#11 {main}
ERROR - 2022-07-26 23:19:37 --> Unknown column 'u.city' in 'on clause'
CRITICAL - 2022-07-26 23:19:37 --> Unknown column 'u.city' in 'on clause'
#0 D:\Ecommerce\system\Database\MySQLi\Connection.php(292): mysqli->query('SELECT `a`.*, `...', 0)
#1 D:\Ecommerce\system\Database\BaseConnection.php(670): CodeIgniter\Database\MySQLi\Connection->execute('SELECT `a`.*, `...')
#2 D:\Ecommerce\system\Database\BaseConnection.php(598): CodeIgniter\Database\BaseConnection->simpleQuery('SELECT `a`.*, `...')
#3 D:\Ecommerce\system\Database\BaseBuilder.php(1455): CodeIgniter\Database\BaseConnection->query('SELECT `a`.*, `...', Array, false)
#4 D:\Ecommerce\app\Models\HomeModel.php(970): CodeIgniter\Database\BaseBuilder->get()
#5 D:\Ecommerce\app\Controllers\Home.php(118): App\Models\HomeModel->getaddress(Array)
#6 D:\Ecommerce\system\CodeIgniter.php(832): App\Controllers\Home->getaddress()
#7 D:\Ecommerce\system\CodeIgniter.php(419): CodeIgniter\CodeIgniter->runController(Object(App\Controllers\Home))
#8 D:\Ecommerce\system\CodeIgniter.php(326): CodeIgniter\CodeIgniter->handleRequest(NULL, Object(Config\Cache), false)
#9 D:\Ecommerce\public\index.php(37): CodeIgniter\CodeIgniter->run()
#10 D:\Ecommerce\system\Commands\Server\rewrite.php(43): require_once('D:\\Ecommerce\\pu...')
#11 {main}
ERROR - 2022-07-26 23:32:40 --> Unknown table 'ecommerce.a'
CRITICAL - 2022-07-26 23:32:40 --> Unknown table 'ecommerce.a'
#0 D:\Ecommerce\system\Database\MySQLi\Connection.php(292): mysqli->query('SELECT `a`.*, `...', 0)
#1 D:\Ecommerce\system\Database\BaseConnection.php(670): CodeIgniter\Database\MySQLi\Connection->execute('SELECT `a`.*, `...')
#2 D:\Ecommerce\system\Database\BaseConnection.php(598): CodeIgniter\Database\BaseConnection->simpleQuery('SELECT `a`.*, `...')
#3 D:\Ecommerce\system\Database\BaseBuilder.php(1455): CodeIgniter\Database\BaseConnection->query('SELECT `a`.*, `...', Array, false)
#4 D:\Ecommerce\app\Models\HomeModel.php(959): CodeIgniter\Database\BaseBuilder->get()
#5 D:\Ecommerce\app\Controllers\Home.php(98): App\Models\HomeModel->get_address_data()
#6 D:\Ecommerce\system\CodeIgniter.php(832): App\Controllers\Home->final_cart()
#7 D:\Ecommerce\system\CodeIgniter.php(419): CodeIgniter\CodeIgniter->runController(Object(App\Controllers\Home))
#8 D:\Ecommerce\system\CodeIgniter.php(326): CodeIgniter\CodeIgniter->handleRequest(NULL, Object(Config\Cache), false)
#9 D:\Ecommerce\public\index.php(37): CodeIgniter\CodeIgniter->run()
#10 D:\Ecommerce\system\Commands\Server\rewrite.php(43): require_once('D:\\Ecommerce\\pu...')
#11 {main}
CRITICAL - 2022-07-26 23:48:42 --> array_merge(): Argument #1 must be of type array, null given
#0 D:\Ecommerce\app\Models\HomeModel.php(1036): array_merge(NULL, Array)
#1 D:\Ecommerce\app\Controllers\Home.php(54): App\Models\HomeModel->get_order_data('34')
#2 D:\Ecommerce\system\CodeIgniter.php(832): App\Controllers\Home->orderview('34')
#3 D:\Ecommerce\system\CodeIgniter.php(419): CodeIgniter\CodeIgniter->runController(Object(App\Controllers\Home))
#4 D:\Ecommerce\system\CodeIgniter.php(326): CodeIgniter\CodeIgniter->handleRequest(NULL, Object(Config\Cache), false)
#5 D:\Ecommerce\public\index.php(37): CodeIgniter\CodeIgniter->run()
#6 D:\Ecommerce\system\Commands\Server\rewrite.php(43): require_once('D:\\Ecommerce\\pu...')
#7 {main}
CRITICAL - 2022-07-26 23:51:51 --> Trying to access array offset on value of type null
#0 D:\Ecommerce\app\Models\HomeModel.php(1019): CodeIgniter\Debug\Exceptions->errorHandler(2, 'Trying to acces...', 'D:\\Ecommerce\\ap...', 1019)
#1 D:\Ecommerce\app\Controllers\Home.php(54): App\Models\HomeModel->get_order_data('img')
#2 D:\Ecommerce\system\CodeIgniter.php(832): App\Controllers\Home->orderview('img', 'payments.png')
#3 D:\Ecommerce\system\CodeIgniter.php(419): CodeIgniter\CodeIgniter->runController(Object(App\Controllers\Home))
#4 D:\Ecommerce\system\CodeIgniter.php(326): CodeIgniter\CodeIgniter->handleRequest(NULL, Object(Config\Cache), false)
#5 D:\Ecommerce\public\index.php(37): CodeIgniter\CodeIgniter->run()
#6 D:\Ecommerce\system\Commands\Server\rewrite.php(43): require_once('D:\\Ecommerce\\pu...')
#7 {main}
